2023-08-22 19:48:17,405 [INFO] Activator:176 - 


2023-08-22 19:48:17,419 [INFO] Activator:177 - !SESSION log4j initialized
2023-08-22 19:48:34,464 [INFO] LogOutputStream:77 - [STDOUT_REDIRECT] 
2023-08-22 19:48:43,284 [INFO] ApplicationProperties:184 - Using Application install path: C:\ST\STM32CubeIDE_1.13.0\STM32CubeIDE\plugins\com.st.stm32cube.common.mx_6.9.0.202307051724
2023-08-22 19:48:43,342 [INFO] DbMcusXml:78 - Set database path to: C:\ST\STM32CubeIDE_1.13.0\STM32CubeIDE\plugins\com.st.stm32cube.common.mx_6.9.0.202307051724\\db\/mcu/
2023-08-22 19:48:43,343 [INFO] ApiDb:274 - Set plugin database path to: C:\ST\STM32CubeIDE_1.13.0\STM32CubeIDE\plugins\com.st.stm32cube.common.mx_6.9.0.202307051724\\db\/plugins/boardmanager/
2023-08-22 19:48:43,344 [WARN] ApiDb:259 - Overriding images path with different value:  => C:\ST\STM32CubeIDE_1.13.0\STM32CubeIDE\plugins\com.st.stm32cube.common.mx_6.9.0.202307051724\\db\/plugins/mcufinder/images/
2023-08-22 19:48:43,388 [INFO] ApiDb:250 - Set database path to: C:\Users\yuhyun97\.stmcufinder\plugins\mcufinder//mcu/
2023-08-22 19:48:43,391 [INFO] DbMcusAds:125 - Set database path to: C:\Users\yuhyun97\.stmcufinder\plugins\mcufinder//mcu/
2023-08-22 19:48:43,399 [INFO] CrossReferenceDbSqlite:203 - Set database path to: C:\Users\yuhyun97\.stmcufinder\plugins\mcufinder//mcu/cs/
2023-08-22 19:48:43,647 [INFO] RulesReader:64 - Compatibility file has been processed (293 Rules)
2023-08-22 19:48:43,820 [INFO] DbMcusXml:78 - Set database path to: C:\ST\STM32CubeIDE_1.13.0\STM32CubeIDE\plugins\com.st.stm32cube.common.mx_6.9.0.202307051724\\db\/mcu/
2023-08-22 19:48:43,820 [INFO] ApiDb:274 - Set plugin database path to: C:\ST\STM32CubeIDE_1.13.0\STM32CubeIDE\plugins\com.st.stm32cube.common.mx_6.9.0.202307051724\\db\/plugins/boardmanager/
2023-08-22 19:48:43,820 [INFO] ApiDb:261 - Set plugin images path to: C:\ST\STM32CubeIDE_1.13.0\STM32CubeIDE\plugins\com.st.stm32cube.common.mx_6.9.0.202307051724\\db\/plugins/mcufinder/images/
2023-08-22 19:48:43,822 [WARN] DbFile:41 - Overriding database path with different value: C:\Users\yuhyun97\.stmcufinder\plugins\mcufinder/ => C:\Users\yuhyun97\.stmcufinder\plugins\mcufinder
2023-08-22 19:48:43,822 [INFO] ApiDb:250 - Set database path to: C:\Users\yuhyun97\.stmcufinder\plugins\mcufinder//mcu/
2023-08-22 19:48:43,822 [WARN] DbFile:41 - Overriding database path with different value: C:\Users\yuhyun97\.stmcufinder\plugins\mcufinder/ => C:\Users\yuhyun97\.stmcufinder\plugins\mcufinder
2023-08-22 19:48:43,822 [INFO] DbMcusAds:125 - Set database path to: C:\Users\yuhyun97\.stmcufinder\plugins\mcufinder//mcu/
2023-08-22 19:48:43,822 [WARN] DbFile:41 - Overriding database path with different value: C:\Users\yuhyun97\.stmcufinder\plugins\mcufinder/ => C:\Users\yuhyun97\.stmcufinder\plugins\mcufinder
2023-08-22 19:48:43,823 [WARN] DbFile:41 - Overriding database path with different value: C:\Users\yuhyun97\.stmcufinder\plugins\mcufinder/ => C:\Users\yuhyun97\.stmcufinder\plugins\mcufinder
2023-08-22 19:48:43,823 [INFO] CrossReferenceDbSqlite:203 - Set database path to: C:\Users\yuhyun97\.stmcufinder\plugins\mcufinder//mcu/cs/
2023-08-22 19:48:43,993 [INFO] MainPanel:262 - HeapMemory: 268435456
2023-08-22 19:48:44,199 [INFO] DbMcusXml:78 - Set database path to: C:\ST\STM32CubeIDE_1.13.0\STM32CubeIDE\plugins\com.st.stm32cube.common.mx_6.9.0.202307051724\\db\/mcu/
2023-08-22 19:48:44,200 [INFO] ApiDb:274 - Set plugin database path to: C:\ST\STM32CubeIDE_1.13.0\STM32CubeIDE\plugins\com.st.stm32cube.common.mx_6.9.0.202307051724\\db\/plugins/boardmanager/
2023-08-22 19:48:44,200 [INFO] ApiDb:261 - Set plugin images path to: C:\ST\STM32CubeIDE_1.13.0\STM32CubeIDE\plugins\com.st.stm32cube.common.mx_6.9.0.202307051724\\db\/plugins/mcufinder/images/
2023-08-22 19:48:44,201 [WARN] DbFile:41 - Overriding database path with different value: C:\Users\yuhyun97\.stmcufinder\plugins\mcufinder/ => C:\Users\yuhyun97\.stmcufinder\plugins\mcufinder
2023-08-22 19:48:44,202 [INFO] ApiDb:250 - Set database path to: C:\Users\yuhyun97\.stmcufinder\plugins\mcufinder//mcu/
2023-08-22 19:48:44,203 [WARN] DbFile:41 - Overriding database path with different value: C:\Users\yuhyun97\.stmcufinder\plugins\mcufinder/ => C:\Users\yuhyun97\.stmcufinder\plugins\mcufinder
2023-08-22 19:48:44,203 [INFO] DbMcusAds:125 - Set database path to: C:\Users\yuhyun97\.stmcufinder\plugins\mcufinder//mcu/
2023-08-22 19:48:44,203 [WARN] DbFile:41 - Overriding database path with different value: C:\Users\yuhyun97\.stmcufinder\plugins\mcufinder/ => C:\Users\yuhyun97\.stmcufinder\plugins\mcufinder
2023-08-22 19:48:44,203 [WARN] DbFile:41 - Overriding database path with different value: C:\Users\yuhyun97\.stmcufinder\plugins\mcufinder/ => C:\Users\yuhyun97\.stmcufinder\plugins\mcufinder
2023-08-22 19:48:44,203 [INFO] CrossReferenceDbSqlite:203 - Set database path to: C:\Users\yuhyun97\.stmcufinder\plugins\mcufinder//mcu/cs/
2023-08-22 19:48:44,250 [INFO] ApplicationProperties:184 - Using Application install path: C:\ST\STM32CubeIDE_1.13.0\STM32CubeIDE\plugins\com.st.stm32cube.common.mx_6.9.0.202307051724
2023-08-22 19:48:44,253 [INFO] PluginManage:196 - Search for loadable plugins [exclusion list=, ]
2023-08-22 19:48:44,257 [INFO] PluginManage:310 - Check plugin analytics
2023-08-22 19:48:44,670 [INFO] AnalyticsPlugin:253 - Accepted Software Licenses: 
2023-08-22 19:48:44,670 [INFO] AnalyticsPlugin:255 - Accepted CMSIS Pack Licenses: 
2023-08-22 19:48:44,671 [INFO] AnalyticsPlugin:257 - Accepted Firmware Licenses: 
2023-08-22 19:48:44,677 [INFO] PluginManage:359 - Loaded plugin analytics (category:tool,tabindex:-1)
2023-08-22 19:48:44,679 [INFO] PluginManage:310 - Check plugin cadmodel
2023-08-22 19:48:44,704 [INFO] CADModel:105 - Init CAD model plugin
2023-08-22 19:48:44,705 [INFO] PluginManage:359 - Loaded plugin cadmodel (category:power,tabindex:5)
2023-08-22 19:48:44,705 [INFO] PluginManage:310 - Check plugin clock
2023-08-22 19:48:44,743 [INFO] PluginManage:359 - Loaded plugin clock (category:base,tabindex:2)
2023-08-22 19:48:44,744 [INFO] PluginManage:310 - Check plugin ddr
2023-08-22 19:48:44,750 [INFO] PluginManage:359 - Loaded plugin ddr (category:tool,tabindex:6)
2023-08-22 19:48:44,750 [INFO] PluginManage:310 - Check plugin filemanager
2023-08-22 19:48:45,023 [INFO] PluginManage:359 - Loaded plugin filemanager (category:base,tabindex:10)
2023-08-22 19:48:45,023 [INFO] PluginManage:310 - Check plugin ipmanager
2023-08-22 19:48:45,039 [INFO] PluginManage:359 - Loaded plugin ipmanager (category:base,tabindex:5)
2023-08-22 19:48:45,039 [INFO] PluginManage:310 - Check plugin lpbam
2023-08-22 19:48:45,069 [INFO] PluginManage:359 - Loaded plugin lpbam (category:base,tabindex:0)
2023-08-22 19:48:45,069 [INFO] PluginManage:310 - Check plugin memorymap
2023-08-22 19:48:45,117 [INFO] PluginManage:359 - Loaded plugin memorymap (category:base,tabindex:4)
2023-08-22 19:48:45,117 [INFO] PluginManage:310 - Check plugin pinoutandconfiguration
2023-08-22 19:48:45,151 [INFO] PluginManage:359 - Loaded plugin pinoutandconfiguration (category:base,tabindex:1)
2023-08-22 19:48:45,151 [INFO] PluginManage:310 - Check plugin pinoutconfig
2023-08-22 19:48:45,369 [WARN] SupportedApi:132 - Cannot load RTOS API schema: s4s-elt-must-match.1: The content of 'definitions' must match (annotation?, (simpleType | complexType)?, (unique | key | keyref)*)). A problem was found starting at: attribute.
2023-08-22 19:48:45,668 [INFO] PluginManage:359 - Loaded plugin pinoutconfig (category:base,tabindex:0)
2023-08-22 19:48:45,668 [INFO] PluginManage:310 - Check plugin power
2023-08-22 19:48:45,722 [INFO] PluginManage:359 - Loaded plugin power (category:power,tabindex:4)
2023-08-22 19:48:45,722 [INFO] PluginManage:310 - Check plugin projectmanager
2023-08-22 19:48:45,760 [INFO] PluginManage:359 - Loaded plugin projectmanager (category:projectmanager,tabindex:3)
2023-08-22 19:48:45,760 [INFO] PluginManage:310 - Check plugin thirdparty
2023-08-22 19:48:46,374 [INFO] PluginManage:359 - Loaded plugin thirdparty (category:base,tabindex:-1)
2023-08-22 19:48:46,373 [WARN] IntegrityCheckThread:84 - waiting for thirdparty lock release [integrity check]
2023-08-22 19:48:46,374 [INFO] PluginManage:310 - Check plugin tools
2023-08-22 19:48:46,374 [INFO] IntegrityCheckThread:86 - entering critical section [integrity check]
2023-08-22 19:48:46,375 [INFO] ThirdPartyUpdaterWithRetryManager:70 - Updater plugin not ready yet. [1/15]
2023-08-22 19:48:46,448 [INFO] PluginManage:359 - Loaded plugin tools (category:base,tabindex:7)
2023-08-22 19:48:46,448 [INFO] PluginManage:310 - Check plugin tutovideos
2023-08-22 19:48:46,929 [INFO] PluginManage:359 - Loaded plugin tutovideos (category:base,tabindex:-1)
2023-08-22 19:48:46,930 [INFO] PluginManage:310 - Check plugin updater
2023-08-22 19:48:46,950 [INFO] PluginManage:359 - Loaded plugin updater (category:base,tabindex:12)
2023-08-22 19:48:46,951 [INFO] PluginManage:310 - Check plugin userauth
2023-08-22 19:48:46,960 [INFO] UserAuth:113 - Init User Auth plugin
2023-08-22 19:48:46,960 [INFO] PluginManage:359 - Loaded plugin userauth (category:base,tabindex:14)
2023-08-22 19:48:46,961 [INFO] PluginManage:283 - PluginManage : Loaded plugins [17]
2023-08-22 19:48:47,551 [INFO] PinOutPanel:1499 - setPackage(No Configuration,No Configuration)
2023-08-22 19:48:47,834 [INFO] CADModel:165 - CPN selected for project level
2023-08-22 19:48:47,835 [INFO] CADModel:114 - Register for checkConnection events
2023-08-22 19:48:47,895 [INFO] IPUIPlugin:80 - create IPUIPlugin
2023-08-22 19:48:47,895 [INFO] PluginManager:220 - loadIPPluginJar : add adc
2023-08-22 19:48:47,975 [INFO] IPUIPlugin:80 - create IPUIPlugin
2023-08-22 19:48:47,975 [INFO] PluginManager:220 - loadIPPluginJar : add aes
2023-08-22 19:48:48,065 [INFO] IPUIPlugin:80 - create IPUIPlugin
2023-08-22 19:48:48,065 [INFO] PluginManager:220 - loadIPPluginJar : add can
2023-08-22 19:48:48,128 [INFO] IPUIPlugin:80 - create IPUIPlugin
2023-08-22 19:48:48,129 [INFO] PluginManager:220 - loadIPPluginJar : add comp
2023-08-22 19:48:48,215 [INFO] IPUIPlugin:80 - create IPUIPlugin
2023-08-22 19:48:48,215 [INFO] PluginManager:220 - loadIPPluginJar : add cryp
2023-08-22 19:48:48,290 [INFO] IPUIPlugin:80 - create IPUIPlugin
2023-08-22 19:48:48,291 [INFO] PluginManager:220 - loadIPPluginJar : add dfsdm
2023-08-22 19:48:48,330 [INFO] IPUIPlugin:80 - create IPUIPlugin
2023-08-22 19:48:48,332 [INFO] PluginManager:220 - loadIPPluginJar : add dma
2023-08-22 19:48:48,447 [INFO] IPUIPlugin:80 - create IPUIPlugin
2023-08-22 19:48:48,447 [INFO] PluginManager:220 - loadIPPluginJar : add dma3
2023-08-22 19:48:48,498 [INFO] IPUIPlugin:80 - create IPUIPlugin
2023-08-22 19:48:48,498 [INFO] PluginManager:220 - loadIPPluginJar : add fatfs
2023-08-22 19:48:48,613 [INFO] IPUIPlugin:80 - create IPUIPlugin
2023-08-22 19:48:48,613 [INFO] PluginManager:220 - loadIPPluginJar : add fmc
2023-08-22 19:48:48,650 [INFO] IPUIPlugin:80 - create IPUIPlugin
2023-08-22 19:48:48,650 [INFO] PluginManager:220 - loadIPPluginJar : add freertos
2023-08-22 19:48:48,706 [INFO] IPUIPlugin:80 - create IPUIPlugin
2023-08-22 19:48:48,706 [INFO] PluginManager:220 - loadIPPluginJar : add genericplugin
2023-08-22 19:48:48,960 [INFO] IPUIPlugin:80 - create IPUIPlugin
2023-08-22 19:48:48,960 [INFO] PluginManager:220 - loadIPPluginJar : add gfxmmu
2023-08-22 19:48:49,278 [INFO] IPUIPlugin:80 - create IPUIPlugin
2023-08-22 19:48:49,279 [INFO] PluginManager:220 - loadIPPluginJar : add gic
2023-08-22 19:48:49,309 [INFO] IPUIPlugin:80 - create IPUIPlugin
2023-08-22 19:48:49,309 [INFO] PluginManager:220 - loadIPPluginJar : add gpio
2023-08-22 19:48:49,376 [INFO] ThirdPartyUpdaterWithRetryManager:70 - Updater plugin not ready yet. [2/15]
2023-08-22 19:48:49,520 [INFO] IPUIPlugin:80 - create IPUIPlugin
2023-08-22 19:48:49,520 [INFO] PluginManager:220 - loadIPPluginJar : add gtzc
2023-08-22 19:48:49,588 [INFO] IPUIPlugin:80 - create IPUIPlugin
2023-08-22 19:48:49,588 [INFO] PluginManager:220 - loadIPPluginJar : add hash
2023-08-22 19:48:49,725 [INFO] IPUIPlugin:80 - create IPUIPlugin
2023-08-22 19:48:49,725 [INFO] PluginManager:220 - loadIPPluginJar : add i2c
2023-08-22 19:48:49,815 [INFO] IPUIPlugin:80 - create IPUIPlugin
2023-08-22 19:48:49,815 [INFO] PluginManager:220 - loadIPPluginJar : add i2s
2023-08-22 19:48:49,907 [INFO] IPUIPlugin:80 - create IPUIPlugin
2023-08-22 19:48:49,908 [INFO] PluginManager:220 - loadIPPluginJar : add i3c
2023-08-22 19:48:50,147 [INFO] IPUIPlugin:80 - create IPUIPlugin
2023-08-22 19:48:50,147 [INFO] PluginManager:220 - loadIPPluginJar : add ipddr
2023-08-22 19:48:50,354 [INFO] IPUIPlugin:80 - create IPUIPlugin
2023-08-22 19:48:50,354 [INFO] PluginManager:220 - loadIPPluginJar : add linkedlist
2023-08-22 19:48:50,446 [INFO] IPUIPlugin:80 - create IPUIPlugin
2023-08-22 19:48:50,447 [INFO] PluginManager:220 - loadIPPluginJar : add lorawan
2023-08-22 19:48:50,535 [INFO] IPUIPlugin:80 - create IPUIPlugin
2023-08-22 19:48:50,535 [INFO] PluginManager:220 - loadIPPluginJar : add ltdc
2023-08-22 19:48:50,570 [INFO] IPUIPlugin:80 - create IPUIPlugin
2023-08-22 19:48:50,571 [INFO] PluginManager:220 - loadIPPluginJar : add mdma
2023-08-22 19:48:50,599 [INFO] IPUIPlugin:80 - create IPUIPlugin
2023-08-22 19:48:50,600 [INFO] PluginManager:220 - loadIPPluginJar : add nvic
2023-08-22 19:48:50,682 [INFO] IPUIPlugin:80 - create IPUIPlugin
2023-08-22 19:48:50,682 [INFO] PluginManager:220 - loadIPPluginJar : add opamp
2023-08-22 19:48:50,826 [INFO] IPUIPlugin:80 - create IPUIPlugin
2023-08-22 19:48:50,826 [INFO] PluginManager:220 - loadIPPluginJar : add openamp
2023-08-22 19:48:50,933 [INFO] IPUIPlugin:80 - create IPUIPlugin
2023-08-22 19:48:50,933 [INFO] PluginManager:220 - loadIPPluginJar : add pdm2pcm
2023-08-22 19:48:50,964 [INFO] IPUIPlugin:80 - create IPUIPlugin
2023-08-22 19:48:50,970 [INFO] PluginManager:220 - loadIPPluginJar : add plateformsettings
2023-08-22 19:48:51,016 [INFO] IPUIPlugin:80 - create IPUIPlugin
2023-08-22 19:48:51,017 [INFO] PluginManager:220 - loadIPPluginJar : add quadspi
2023-08-22 19:48:51,047 [INFO] IPUIPlugin:80 - create IPUIPlugin
2023-08-22 19:48:51,048 [INFO] PluginManager:220 - loadIPPluginJar : add resmgrutility
2023-08-22 19:48:51,176 [INFO] IPUIPlugin:80 - create IPUIPlugin
2023-08-22 19:48:51,177 [INFO] PluginManager:220 - loadIPPluginJar : add sai
2023-08-22 19:48:51,292 [INFO] IPUIPlugin:80 - create IPUIPlugin
2023-08-22 19:48:51,292 [INFO] PluginManager:220 - loadIPPluginJar : add spi
2023-08-22 19:48:51,451 [INFO] IPUIPlugin:80 - create IPUIPlugin
2023-08-22 19:48:51,451 [INFO] PluginManager:220 - loadIPPluginJar : add stm32_wpan
2023-08-22 19:48:51,508 [INFO] IPUIPlugin:80 - create IPUIPlugin
2023-08-22 19:48:51,508 [INFO] PluginManager:220 - loadIPPluginJar : add tim
2023-08-22 19:48:51,639 [INFO] IPUIPlugin:80 - create IPUIPlugin
2023-08-22 19:48:51,639 [INFO] PluginManager:220 - loadIPPluginJar : add touchsensing
2023-08-22 19:48:51,688 [INFO] IPUIPlugin:80 - create IPUIPlugin
2023-08-22 19:48:51,689 [INFO] PluginManager:220 - loadIPPluginJar : add tracer_emb
2023-08-22 19:48:51,742 [INFO] IPUIPlugin:80 - create IPUIPlugin
2023-08-22 19:48:51,742 [INFO] PluginManager:220 - loadIPPluginJar : add ts
2023-08-22 19:48:51,804 [INFO] IPUIPlugin:80 - create IPUIPlugin
2023-08-22 19:48:51,804 [INFO] PluginManager:220 - loadIPPluginJar : add tsc
2023-08-22 19:48:51,863 [INFO] IPUIPlugin:80 - create IPUIPlugin
2023-08-22 19:48:51,863 [INFO] PluginManager:220 - loadIPPluginJar : add ucpd
2023-08-22 19:48:51,987 [INFO] IPUIPlugin:80 - create IPUIPlugin
2023-08-22 19:48:51,987 [INFO] PluginManager:220 - loadIPPluginJar : add usart
2023-08-22 19:48:52,100 [INFO] IPUIPlugin:80 - create IPUIPlugin
2023-08-22 19:48:52,101 [INFO] PluginManager:220 - loadIPPluginJar : add usbx
2023-08-22 19:48:52,350 [INFO] CADModel:165 - CPN selected for project level
2023-08-22 19:48:52,350 [INFO] CADModel:114 - Register for checkConnection events
2023-08-22 19:48:52,351 [FATAL] Updater:308 - Updater called before beeing initialized
2023-08-22 19:48:52,351 [ERROR] CADModel:125 - Updater not yet initialized, retry later 
2023-08-22 19:48:52,379 [INFO] ThirdPartyUpdaterWithRetryManager:70 - Updater plugin not ready yet. [3/15]
2023-08-22 19:48:52,799 [INFO] CADModel:165 - CPN selected for project level
2023-08-22 19:48:52,799 [INFO] CADModel:114 - Register for checkConnection events
2023-08-22 19:48:52,799 [FATAL] Updater:308 - Updater called before beeing initialized
2023-08-22 19:48:52,800 [ERROR] CADModel:125 - Updater not yet initialized, retry later 
2023-08-22 19:48:52,810 [FATAL] Updater:308 - Updater called before beeing initialized
2023-08-22 19:48:53,184 [FATAL] Updater:308 - Updater called before beeing initialized
2023-08-22 19:48:53,210 [INFO] DbMcusAds:53 - JSON generation date=Tue Mar 07 17:50:55 KST 2023 (1678179055114)
2023-08-22 19:48:53,210 [FATAL] Updater:308 - Updater called before beeing initialized
2023-08-22 19:48:53,425 [WARN] DetailPanel:346 - Failed to get advertising image, set to default
2023-08-22 19:48:53,750 [FATAL] Updater:308 - Updater called before beeing initialized
2023-08-22 19:48:53,755 [FATAL] Updater:308 - Updater called before beeing initialized
2023-08-22 19:48:53,755 [FATAL] Updater:308 - Updater called before beeing initialized
2023-08-22 19:48:53,756 [WARN] DetailPanel:346 - Failed to get advertising image, set to default
2023-08-22 19:48:53,758 [FATAL] Updater:308 - Updater called before beeing initialized
2023-08-22 19:48:53,916 [ERROR] Updater:1120 - MainUpdater not yet initialized. External WinMGr cannot be set.
2023-08-22 19:48:53,939 [INFO] Updater:1056 - Updater Version found : 6.9.0
2023-08-22 19:48:53,991 [INFO] ApplicationProperties:184 - Using Application install path: C:\ST\STM32CubeIDE_1.13.0\STM32CubeIDE\plugins\com.st.stm32cube.common.mx_6.9.0.202307051724
2023-08-22 19:48:54,921 [INFO] MainUpdater:2868 - connection check result : 10
2023-08-22 19:48:54,924 [INFO] MainUpdater:285 - Updater Check For Update Now.
2023-08-22 19:48:54,925 [INFO] MicroXplorer:498 - Change Database Version : DB.6.0.90
2023-08-22 19:48:54,982 [INFO] McuFinderGlobals:63 - Set McuFinder mode to 2 (CubeIDE integrated)
2023-08-22 19:48:54,984 [INFO] UserAuth:179 - activating auth plugin
2023-08-22 19:48:54,995 [INFO] UserAuth:393 - Internet connection configuration mode: 1
2023-08-22 19:48:55,116 [INFO] JxBrowserEngine:151 - Initiate JxBrowser Engine with user profile folder
2023-08-22 19:48:55,380 [WARN] MainUpdater:1189 - Updater busy. Cannot search thirdparties
2023-08-22 19:48:55,381 [INFO] ThirdPartyUpdaterWithRetryManager:96 - Updater plugin is busy. [1/15]
2023-08-22 19:48:55,397 [INFO] CheckServerUpdateThread:120 - End of CheckServer Thread
2023-08-22 19:48:58,992 [WARN] PackLoader:240 - Cannot read IP mode file for STMicroelectronics.X-CUBE-GNSS1.6.0.0
2023-08-22 19:48:59,134 [WARN] PackLoader:240 - Cannot read IP mode file for STMicroelectronics.X-CUBE-AZRTOS-F4.1.1.0
2023-08-22 19:48:59,194 [WARN] PackLoader:240 - Cannot read IP mode file for STMicroelectronics.X-CUBE-SMBUS.2.1.0
2023-08-22 19:48:59,280 [WARN] PackLoader:240 - Cannot read IP mode file for STMicroelectronics.X-CUBE-AZRTOS-L5.2.0.0
2023-08-22 19:48:59,783 [WARN] PackLoader:240 - Cannot read IP mode file for STMicroelectronics.X-CUBE-AZRTOS-F7.1.1.0
2023-08-22 19:49:00,007 [WARN] PackLoader:240 - Cannot read IP mode file for STMicroelectronics.X-CUBE-MEMS1.9.6.0
2023-08-22 19:49:00,758 [WARN] PackLoader:240 - Cannot read IP mode file for STMicroelectronics.FP-SNS-MOTENV1.4.3.2
2023-08-22 19:49:00,791 [WARN] PackLoader:240 - Cannot read IP mode file for STMicroelectronics.FP-SNS-FLIGHT1.5.0.1
2023-08-22 19:49:00,821 [WARN] PackLoader:240 - Cannot read IP mode file for STMicroelectronics.X-CUBE-BLE1.6.2.4
2023-08-22 19:49:00,862 [WARN] PackLoader:240 - Cannot read IP mode file for STMicroelectronics.X-CUBE-BLEMGR.2.0.0
2023-08-22 19:49:00,895 [WARN] PackLoader:240 - Cannot read IP mode file for STMicroelectronics.FP-SNS-FLIGHT1.5.0.2
2023-08-22 19:49:00,966 [INFO] WebApp:157 - Instantiating new browser for Auth
2023-08-22 19:49:00,978 [WARN] ConditionMgr:438 - getConditionDescription Invalid condition id : UX DEVICE CLASS RTOS Condition cause : null
2023-08-22 19:49:00,978 [WARN] ConditionMgr:438 - getConditionDescription Invalid condition id : UX DEVICE CLASS RTOS Condition cause : null
2023-08-22 19:49:00,986 [WARN] PackLoader:240 - Cannot read IP mode file for STMicroelectronics.X-CUBE-AZRTOS-H7.3.1.0
2023-08-22 19:49:00,988 [WARN] ConditionMgr:1039 - genDependencies : Invalid condition id : UX DEVICE CLASS RTOS Condition cause : null
2023-08-22 19:49:00,989 [WARN] ConditionMgr:1039 - genDependencies : Invalid condition id : UX DEVICE CLASS RTOS Condition cause : null
2023-08-22 19:49:00,990 [WARN] ConditionMgr:1039 - genDependencies : Invalid condition id : UX DEVICE CLASS RTOS Condition cause : null
2023-08-22 19:49:00,991 [WARN] ConditionMgr:1039 - genDependencies : Invalid condition id : UX DEVICE CLASS RTOS Condition cause : null
2023-08-22 19:49:00,992 [WARN] ConditionMgr:1039 - genDependencies : Invalid condition id : UX DEVICE CLASS RTOS Condition cause : null
2023-08-22 19:49:01,099 [WARN] PackLoader:240 - Cannot read IP mode file for STMicroelectronics.X-CUBE-DISPLAY.3.0.0
2023-08-22 19:49:01,181 [WARN] PackLoader:240 - Cannot read IP mode file for STMicroelectronics.X-CUBE-BLE1.7.0.0
2023-08-22 19:49:01,218 [WARN] PackLoader:240 - Cannot read IP mode file for emotas.I-CUBE-CANOPEN.1.3.0
2023-08-22 19:49:01,259 [WARN] PackLoader:240 - Cannot read IP mode file for STMicroelectronics.X-CUBE-TOUCHGFX.4.22.0
2023-08-22 19:49:01,295 [WARN] PackLoader:240 - Cannot read IP mode file for STMicroelectronics.X-CUBE-NFC7.1.0.1
2023-08-22 19:49:01,333 [WARN] PackLoader:240 - Cannot read IP mode file for STMicroelectronics.X-CUBE-EEPRMA1.4.1.0
2023-08-22 19:49:01,400 [INFO] LogOutputStream:77 - [STDOUT_REDIRECT] 1 : Invalid condition id : UX_CORESTACK_Condition cause : null
2023-08-22 19:49:01,402 [INFO] LogOutputStream:77 - [STDOUT_REDIRECT] 1 : Invalid condition id : UX_CORESTACK_Condition cause : null
2023-08-22 19:49:01,408 [INFO] LogOutputStream:77 - [STDOUT_REDIRECT] 1 : Invalid condition id : UX_CORESTACK_Condition cause : null
2023-08-22 19:49:01,414 [INFO] LogOutputStream:77 - [STDOUT_REDIRECT] 1 : Invalid condition id : UX_CORESTACK_Condition cause : null
2023-08-22 19:49:01,418 [INFO] LogOutputStream:77 - [STDOUT_REDIRECT] 1 : Invalid condition id : UX_CORESTACK_Condition cause : null
2023-08-22 19:49:01,425 [WARN] PackLoader:240 - Cannot read IP mode file for STMicroelectronics.X-CUBE-AZRTOS-WL.2.0.0
2023-08-22 19:49:01,463 [WARN] PackLoader:240 - Cannot read IP mode file for STMicroelectronics.X-CUBE-AI.8.1.0
2023-08-22 19:49:01,536 [WARN] ConditionMgr:438 - getConditionDescription Invalid condition id : LAN8742 Phy interface Condition cause : null
2023-08-22 19:49:01,538 [WARN] PackLoader:240 - Cannot read IP mode file for STMicroelectronics.X-CUBE-AZRTOS-L4.2.0.0
2023-08-22 19:49:01,540 [WARN] ConditionMgr:1039 - genDependencies : Invalid condition id : LAN8742 Phy interface Condition cause : null
2023-08-22 19:49:01,541 [WARN] ConditionMgr:1039 - genDependencies : Invalid condition id : LAN8742 Phy interface Condition cause : null
2023-08-22 19:49:01,543 [WARN] ConditionMgr:1039 - genDependencies : Invalid condition id : LAN8742 Phy interface Condition cause : null
2023-08-22 19:49:01,585 [WARN] PackLoader:240 - Cannot read IP mode file for WES.I-CUBE-Cesium.1.3.0
2023-08-22 19:49:01,621 [WARN] PackLoader:240 - Cannot read IP mode file for STMicroelectronics.X-CUBE-SFXS2LP1.4.0.0
2023-08-22 19:49:01,657 [WARN] PackLoader:240 - Cannot read IP mode file for STMicroelectronics.X-CUBE-BLE2.3.3.0
2023-08-22 19:49:01,686 [WARN] PackLoader:240 - Cannot read IP mode file for STMicroelectronics.X-CUBE-ISPU.1.1.0
2023-08-22 19:49:01,750 [WARN] ConditionMgr:438 - getConditionDescription Invalid condition id : UX DEVICE CLASS RTOS Condition cause : null
2023-08-22 19:49:01,750 [WARN] ConditionMgr:438 - getConditionDescription Invalid condition id : UX DEVICE CLASS RTOS Condition cause : null
2023-08-22 19:49:01,754 [WARN] PackLoader:240 - Cannot read IP mode file for STMicroelectronics.X-CUBE-AZRTOS-WB.2.0.0
2023-08-22 19:49:01,755 [WARN] ConditionMgr:1039 - genDependencies : Invalid condition id : UX DEVICE CLASS RTOS Condition cause : null
2023-08-22 19:49:01,755 [WARN] ConditionMgr:1039 - genDependencies : Invalid condition id : UX DEVICE CLASS RTOS Condition cause : null
2023-08-22 19:49:01,757 [WARN] ConditionMgr:1039 - genDependencies : Invalid condition id : UX DEVICE CLASS RTOS Condition cause : null
2023-08-22 19:49:01,757 [WARN] ConditionMgr:1039 - genDependencies : Invalid condition id : UX DEVICE CLASS RTOS Condition cause : null
2023-08-22 19:49:01,758 [WARN] ConditionMgr:1039 - genDependencies : Invalid condition id : UX DEVICE CLASS RTOS Condition cause : null
2023-08-22 19:49:01,796 [WARN] PackLoader:240 - Cannot read IP mode file for STMicroelectronics.X-CUBE-FREERTOS.1.0.1
2023-08-22 19:49:01,830 [WARN] PackLoader:240 - Cannot read IP mode file for STMicroelectronics.X-CUBE-ALGOBUILD.1.3.0
2023-08-22 19:49:01,898 [WARN] PackLoader:240 - Cannot read IP mode file for STMicroelectronics.X-CUBE-AZRTOS-L5.1.1.0
2023-08-22 19:49:01,983 [WARN] PackLoader:240 - Cannot read IP mode file for STMicroelectronics.X-CUBE-AZRTOS-G0.1.1.0
2023-08-22 19:49:02,012 [WARN] PackLoader:240 - Cannot read IP mode file for STMicroelectronics.X-CUBE-AI.8.0.1
2023-08-22 19:49:02,056 [WARN] PackLoader:240 - Cannot read IP mode file for STMicroelectronics.X-CUBE-SUBG2.5.0.0
2023-08-22 19:49:02,101 [WARN] PackLoader:240 - Cannot read IP mode file for STMicroelectronics.X-CUBE-NFC4.3.0.0
2023-08-22 19:49:02,162 [WARN] PackLoader:240 - Cannot read IP mode file for STMicroelectronics.X-CUBE-TOF1.3.3.1
2023-08-22 19:49:02,266 [WARN] PackLoader:240 - Cannot read IP mode file for STMicroelectronics.X-CUBE-AZRTOS-G4.2.0.0
2023-08-22 19:49:02,297 [WARN] PackLoader:240 - Cannot read IP mode file for STMicroelectronics.FP-ATR-SIGFOX1.3.2.0
2023-08-22 19:49:02,329 [WARN] PackLoader:240 - Cannot read IP mode file for portGmbH.I-Cube-SoM-uGOAL.1.1.0
2023-08-22 19:49:02,355 [WARN] PackLoader:240 - Cannot read IP mode file for STMicroelectronics.X-CUBE-ALS.1.0.1
2023-08-22 19:49:02,415 [WARN] PackLoader:240 - Cannot read IP mode file for STMicroelectronics.X-CUBE-AZRTOS-WB.1.1.0
2023-08-22 19:49:02,538 [WARN] PackLoader:240 - Cannot read IP mode file for SEGGER.I-CUBE-embOS.1.3.1
2023-08-22 19:49:02,668 [WARN] PackLoader:240 - Cannot read IP mode file for STMicroelectronics.FP-ATR-ASTRA1.2.0.0
2023-08-22 19:49:02,671 [INFO] ThirdParty:978 - Integrity check success = true
2023-08-22 19:49:02,671 [INFO] IntegrityCheckThread:100 - exiting critical section [integrity check]
2023-08-22 19:49:02,671 [INFO] IntegrityCheckThread:103 - End integrity checks thread
2023-08-22 19:49:02,968 [INFO] WebApp:753 - Register for checkConnection events
2023-08-22 19:49:02,968 [INFO] WebApp:390 - Apply proxy settings
2023-08-22 19:49:02,969 [INFO] WebApp:475 - Chromium requires no authentication
2023-08-22 19:49:02,996 [INFO] WebApp:418 - Direct internet connection detected
2023-08-22 19:49:03,620 [INFO] WebApp:188 - Starting web application
2023-08-22 19:49:03,620 [INFO] WebApp:520 - Web application path used C:\ST\STM32CubeIDE_1.13.0\STM32CubeIDE\plugins\com.st.stm32cube.common.mx_6.9.0.202307051724\db\plugins\mcufinder\reactClient1\index.html
2023-08-22 19:49:26,089 [ERROR] LogOutputStream:75 - [STDERR_REDIRECT] SLF4J: Failed to load class "org.slf4j.impl.StaticLoggerBinder".
2023-08-22 19:49:26,091 [ERROR] LogOutputStream:75 - [STDERR_REDIRECT] SLF4J: Defaulting to no-operation (NOP) logger implementation
2023-08-22 19:49:26,098 [ERROR] LogOutputStream:75 - [STDERR_REDIRECT] SLF4J: See http://www.slf4j.org/codes.html#StaticLoggerBinder for further details.
2023-08-22 20:07:45,284 [INFO] McuFinderGlobals:63 - Set McuFinder mode to 2 (CubeIDE integrated)
2023-08-22 20:07:45,365 [INFO] MainUpdater:2868 - connection check result : 10
2023-08-22 20:07:45,384 [INFO] MainUpdater:2868 - connection check result : 10
2023-08-22 20:07:45,876 [INFO] MicroXplorer:468 - Change Database Path : 
2023-08-22 20:07:45,876 [INFO] MicroXplorer:498 - Change Database Version : DB.6.0.90
2023-08-22 20:07:45,886 [WARN] ThirdParty:871 - waiting for thirdparty lock release [close project]
2023-08-22 20:07:45,887 [INFO] ThirdParty:873 - entering critical section [close project]
2023-08-22 20:07:45,922 [INFO] ThirdParty:883 - exiting critical section [close project]
2023-08-22 20:07:45,926 [INFO] PinOutPanel:1499 - setPackage(No Configuration,No Configuration)
2023-08-22 20:07:45,960 [INFO] UtilMem:75 - Begin LoadConfig() Used Memory: 482428640 Bytes (905969664)
2023-08-22 20:07:45,963 [INFO] MicroXplorer:468 - Change Database Path : 
2023-08-22 20:07:45,964 [INFO] MicroXplorer:498 - Change Database Version : DB.6.0.90
2023-08-22 20:07:45,965 [INFO] OpenFileManager:308 - Change cursor
2023-08-22 20:07:46,048 [INFO] Mcu:1946 - Initializing MCU STM32F103C(8-B)Tx STM32F103C8Tx STM32F103C8T6
2023-08-22 20:07:48,141 [INFO] Context:659 - Trying to add GPIOservice into a context  which must be forbidden
2023-08-22 20:07:48,970 [INFO] RtosManager:555 - Registered RTOS mode: class=CMSIS, group=RTOS, mode=CMSIS_V1, owner=FREERTOS
2023-08-22 20:07:48,970 [INFO] RtosManager:555 - Registered RTOS mode: class=CMSIS, group=RTOS2, mode=CMSIS_V2, owner=FREERTOS
2023-08-22 20:07:48,971 [INFO] RtosManager:555 - Registered RTOS mode: class=RTOS, group=Core, mode=CMSIS_V1, owner=FREERTOS
2023-08-22 20:07:48,971 [INFO] RtosManager:555 - Registered RTOS mode: class=RTOS, group=Core, mode=CMSIS_V2, owner=FREERTOS
2023-08-22 20:07:48,971 [WARN] ModelIntegratedComponent:184 - Missing modes for component STMicroelectronics:FreeRTOS:0.0.1:STMicroelectronics:RTOS:FreeRTOS:Core:::10.2.0:
2023-08-22 20:07:48,991 [WARN] ModelIntegratedComponent:63 - No mode defined for component null
2023-08-22 20:07:48,991 [WARN] ModelIntegratedComponent:63 - No mode defined for component null
2023-08-22 20:07:48,992 [WARN] ModelIntegratedComponent:63 - No mode defined for component null
2023-08-22 20:07:48,992 [WARN] ModelIntegratedComponent:63 - No mode defined for component null
2023-08-22 20:07:48,992 [WARN] ModelIntegratedComponent:63 - No mode defined for component null
2023-08-22 20:07:48,992 [WARN] ModelIntegratedComponent:63 - No mode defined for component null
2023-08-22 20:07:48,992 [WARN] ModelIntegratedComponent:63 - No mode defined for component null
2023-08-22 20:07:48,992 [WARN] ModelIntegratedComponent:63 - No mode defined for component null
2023-08-22 20:07:48,992 [WARN] ModelIntegratedComponent:63 - No mode defined for component null
2023-08-22 20:07:48,993 [WARN] ModelIntegratedComponent:63 - No mode defined for component null
2023-08-22 20:07:48,993 [WARN] ModelIntegratedComponent:63 - No mode defined for component null
2023-08-22 20:07:48,993 [WARN] ModelIntegratedComponent:63 - No mode defined for component null
2023-08-22 20:07:48,993 [WARN] ModelIntegratedComponent:63 - No mode defined for component null
2023-08-22 20:07:48,993 [WARN] ModelIntegratedComponent:63 - No mode defined for component null
2023-08-22 20:07:48,993 [WARN] ModelIntegratedComponent:63 - No mode defined for component null
2023-08-22 20:07:48,993 [WARN] ModelIntegratedComponent:63 - No mode defined for component null
2023-08-22 20:07:48,993 [WARN] ModelIntegratedComponent:63 - No mode defined for component null
2023-08-22 20:07:48,993 [WARN] ModelIntegratedComponent:63 - No mode defined for component null
2023-08-22 20:07:48,994 [WARN] ModelIntegratedComponent:63 - No mode defined for component null
2023-08-22 20:07:48,994 [WARN] ModelIntegratedComponent:63 - No mode defined for component null
2023-08-22 20:07:48,994 [WARN] ModelIntegratedComponent:63 - No mode defined for component null
2023-08-22 20:07:48,994 [WARN] ModelIntegratedComponent:63 - No mode defined for component null
2023-08-22 20:07:48,994 [WARN] ModelIntegratedComponent:63 - No mode defined for component null
2023-08-22 20:07:48,994 [WARN] ModelIntegratedComponent:63 - No mode defined for component null
2023-08-22 20:07:48,994 [WARN] ModelIntegratedComponent:63 - No mode defined for component null
2023-08-22 20:07:48,994 [WARN] ModelIntegratedComponent:63 - No mode defined for component null
2023-08-22 20:07:48,995 [WARN] ModelIntegratedComponent:63 - No mode defined for component null
2023-08-22 20:07:48,995 [WARN] ModelIntegratedComponent:63 - No mode defined for component null
2023-08-22 20:07:48,995 [WARN] ModelIntegratedComponent:63 - No mode defined for component null
2023-08-22 20:07:48,995 [WARN] ModelIntegratedComponent:63 - No mode defined for component null
2023-08-22 20:07:48,995 [WARN] ModelIntegratedComponent:63 - No mode defined for component null
2023-08-22 20:07:48,995 [WARN] ModelIntegratedComponent:63 - No mode defined for component null
2023-08-22 20:07:48,996 [WARN] ModelIntegratedComponent:63 - No mode defined for component null
2023-08-22 20:07:49,026 [INFO] ThirdPartyModel:298 - Start build external matchings
2023-08-22 20:07:49,661 [INFO] ThirdPartyModel:316 - End build external matchings
2023-08-22 20:07:49,680 [INFO] ImportTextPane:194 - (OptionalMessage_ERROR) IP (RCC) : Parameter (ADCFreqValue) has invalid value (36000000)
2023-08-22 20:07:49,680 [INFO] ImportTextPane:194 - (OptionalMessage_ERROR) IP (RCC) : Invalid parameter (FamilyName)
2023-08-22 20:07:49,681 [INFO] ImportTextPane:194 - (OptionalMessage_ERROR) IP (RCC) : Parameter (MCOFreq_Value) has invalid value (72000000)
2023-08-22 20:07:49,681 [INFO] ImportTextPane:194 - (OptionalMessage_ERROR) IP (RCC) : Parameter (USBFreq_Value) has invalid value (72000000)
2023-08-22 20:07:50,146 [INFO] UtilMem:75 - End LoadConfig() Used Memory: 487284560 Bytes (905969664)
2023-08-22 20:07:50,383 [INFO] ApiDb:581 - Connected to CubeFinder SQLite database (C:\Users\yuhyun97\.stmcufinder\plugins\mcufinder\mcu\cube-finder-db.db)
2023-08-22 20:07:50,585 [INFO] ApiDb:668 - CubeFinder database Data Model version=2.1
2023-08-22 20:07:50,585 [INFO] ApiDb:669 - CubeFinder database Configuration version=3.0.37
2023-08-22 20:07:50,588 [INFO] ApiDb:670 - CubeFinder database generation date=2023-08-09 (1691586011)
2023-08-22 20:07:50,588 [INFO] ApiDb:671 - CubeFinder database FW Pack versions=[FP-ATR-ASTRA1_V2.0.0, FP-SNS-FLIGHT1_V5.0.1, FP-SNS-FLIGHT1_V5.0.2, FP-SNS-MOTENV1_V4.3.1, FP-SNS-MOTENV1_V4.3.2, STM32Cube_FW_C0_V1.1.0, STM32Cube_FW_F4_V1.27.1, STM32Cube_FW_F7_V1.17.0, STM32Cube_FW_G0_V1.6.1, STM32Cube_FW_G4_V1.5.1, STM32Cube_FW_H5_V0.5.1, STM32Cube_FW_H5_V1.1.0, STM32Cube_FW_H7_V1.11.0, STM32Cube_FW_L0_V1.12.2, STM32Cube_FW_L5_V1.5.0, STM32Cube_FW_U5_V1.3.0, STM32Cube_FW_U5_V1.3.0RC4, STM32Cube_FW_WBA_V1.0.0RC1, STM32Cube_FW_WBA_V1.1.0, STM32Cube_FW_WBA_V1.1.0RC1, STM32Cube_FW_WB_V1.15.0RC1, STM32Cube_FW_WB_V1.16.0, STM32Cube_FW_WB_V1.16.0RC2, STM32Cube_FW_WB_V1.17.0, STM32Cube_FW_WL_V1.3.0, X-CUBE-ALGOBUILD_V1.3.0, X-CUBE-ALS_V1.0.1, X-CUBE-AZRTOS-F4_V1.1.0, X-CUBE-AZRTOS-F7_V1.1.0, X-CUBE-AZRTOS-G0_V1.1.0, X-CUBE-AZRTOS-G4_V2.0.0, X-CUBE-AZRTOS-H7_V3.1.0, X-CUBE-AZRTOS-L4_V1.0.0, X-CUBE-AZRTOS-L4_V2.0.0, X-CUBE-AZRTOS-L5_V1.1.0, X-CUBE-AZRTOS-WB_V1.1.0, X-CUBE-AZRTOS-WL_V2.0.0, X-CUBE-BLE1_V7.0.0, X-CUBE-BLE2_V3.3.0, X-CUBE-BLEMGR_V2.0.0, X-CUBE-EEPRMA1_V4.1.0, X-CUBE-FREERTOS_V1.1.0, X-CUBE-GNSS1_V6.0.0, X-CUBE-MEMS1_V9.1.0, X-CUBE-MEMS1_V9.4.0, X-CUBE-MEMS1_V9.6.0, X-CUBE-NFC4_V3.0.0, X-CUBE-NFC7_V1.0.0, X-CUBE-SFXS2LP1_V4.0.0, X-CUBE-SUBG2_V5.0.0, X-CUBE-TOF1_V3.3.1]
2023-08-22 20:07:55,542 [INFO] ApiDb:240 - Found 323 in-development CPN: [B-G473E-ZEST1S, B-WB1M-WPAN1, B-WL5M-SUBG1, NUCLEO-C031C6, NUCLEO-H503RB, NUCLEO-H563ZI, NUCLEO-U545RE-Q, NUCLEO-U5A5ZJ-Q, NUCLEO-WBA52CG, STEVAL-PROTEUS1, STEVAL-SMARTAG2, STEVAL-STWINBX1, STM320518-EVAL, STM32C0116-DK, STM32C011D6Y3TR, STM32C011D6Y6TR, STM32C011F4P3, STM32C011F4P6, STM32C011F4U3, STM32C011F4U6TR, STM32C011F6P3, STM32C011F6P6, STM32C011F6U3, STM32C011F6U6TR, STM32C011J4M3, STM32C011J4M6, STM32C011J6M3, STM32C011J6M6, STM32C0316-DK, STM32C031C4T3, STM32C031C4T6, STM32C031C4U3, STM32C031C4U6, STM32C031C6T3, STM32C031C6T6, STM32C031C6U3, STM32C031C6U6, STM32C031F4P3, STM32C031F4P6, STM32C031F6P3, STM32C031F6P6, STM32C031G4U3, STM32C031G4U6, STM32C031G6U3, STM32C031G6U6, STM32C031K4T3, STM32C031K4T6, STM32C031K4U3, STM32C031K4U6, STM32C031K6T3, STM32C031K6T6, STM32C031K6U3, STM32C031K6U6, STM32G071K8TXN, STM32G071K8UXN, STM32G081GBU6N, STM32G081KBT6N, STM32G081KBUXN, STM32G0B1CCT6N, STM32G0B1KCT6, STM32G0B1NEY6TR, STM32G0B1RCT6N, STM32G0C1CCT6, STM32G0C1CCT6N, STM32G0C1CCU6N, STM32G0C1CET6N, STM32G0C1CEU6N, STM32G0C1KCT6, STM32G0C1NEY6TR, STM32G0C1RCI6N, STM32G0C1RCT6N, STM32G0C1REI6N, STM32G0C1RET6N, STM32G0C1VCI6, STM32G0C1VEI6, STM32G471CCT6, STM32G471CCU6, STM32G471CET3, STM32G471CET6, STM32G471CEU3, STM32G471CEU6, STM32G471MCT6, STM32G471MET3, STM32G471MET6, STM32G471MEY6TR, STM32G471QCT6, STM32G471QET3, STM32G471RCT6, STM32G471RET3, STM32G471RET6, STM32G471VCH6, STM32G471VCI6, STM32G471VCT6, STM32G471VEH3, STM32G471VEH6, STM32G471VEI3, STM32G471VEI6, STM32G471VET3, STM32G471VET6, STM32G474CCT6, STM32H503CBT6, STM32H503CBU6, STM32H503EBY6TR, STM32H503KBU6, STM32H503RBT6, STM32H562AGI6, STM32H562AII6, STM32H562IGK6, STM32H562IGT6, STM32H562IIK6, STM32H562IIT6, STM32H562RGT6, STM32H562RGV6, STM32H562RIT6, STM32H562RIV6, STM32H562VGT6, STM32H562VIT6, STM32H562ZGT6, STM32H562ZIT6, STM32H563AGI6, STM32H563AII3Q, STM32H563AII6, STM32H563IGK6, STM32H563IGT6, STM32H563IIK3Q, STM32H563IIK6, STM32H563IIT3Q, STM32H563IIT6, STM32H563MIY3QTR, STM32H563RGT6, STM32H563RGV6, STM32H563RIT6, STM32H563RIV6, STM32H563VGT6, STM32H563VIT3Q, STM32H563VIT6, STM32H563ZGT6, STM32H563ZIT3Q, STM32H563ZIT6, STM32H573AII3Q, STM32H573AII6, STM32H573I-DK, STM32H573IIK3Q, STM32H573IIK6, STM32H573IIT3Q, STM32H573IIT6, STM32H573MIY3QTR, STM32H573RIT6, STM32H573RIV6, STM32H573VIT3Q, STM32H573VIT6, STM32H573ZIT3Q, STM32H573ZIT6, STM32L4R5QGI6STR, STM32MP131AAE3, STM32MP131AAF3, STM32MP131AAG3, STM32MP131CAE3, STM32MP131CAF3, STM32MP131CAG3, STM32MP131DAE7, STM32MP131DAF7, STM32MP131DAG7, STM32MP131FAE7, STM32MP131FAF7, STM32MP131FAG7, STM32MP133AAE3, STM32MP133AAF3, STM32MP133AAG3, STM32MP133CAE3, STM32MP133CAF3, STM32MP133CAG3, STM32MP133DAE7, STM32MP133DAF7, STM32MP133DAG7, STM32MP133FAE7, STM32MP133FAF7, STM32MP133FAG7, STM32MP135AAE3, STM32MP135AAF3, STM32MP135AAG3, STM32MP135CAE3, STM32MP135CAF3, STM32MP135CAG3, STM32MP135DAE7, STM32MP135DAF7, STM32MP135DAG7, STM32MP135F-DK, STM32MP135FAE7, STM32MP135FAF7, STM32MP135FAF7T, STM32MP135FAF7U, STM32MP135FAG7, STM32U535CBT6, STM32U535CBT6Q, STM32U535CBU6, STM32U535CBU6Q, STM32U535CCT6, STM32U535CCT6Q, STM32U535CCU6, STM32U535CCU6Q, STM32U535CET6, STM32U535CET6Q, STM32U535CEU6, STM32U535CEU6Q, STM32U535JEY6QTR, STM32U535NCY6QTR, STM32U535NEY6QTR, STM32U535RBI6, STM32U535RBI6Q, STM32U535RBT6, STM32U535RBT6Q, STM32U535RCI6, STM32U535RCI6Q, STM32U535RCT6, STM32U535RCT6Q, STM32U535REI6, STM32U535REI6Q, STM32U535RET6, STM32U535RET6Q, STM32U535VCI6, STM32U535VCI6Q, STM32U535VCT6, STM32U535VCT6Q, STM32U535VEI6, STM32U535VEI6Q, STM32U535VET6, STM32U535VET6Q, STM32U545CET6, STM32U545CET6Q, STM32U545CEU6, STM32U545CEU6Q, STM32U545JEY6QTR, STM32U545NEY6QTR, STM32U545REI6, STM32U545REI6Q, STM32U545RET6, STM32U545RET6Q, STM32U545VEI6, STM32U545VEI6Q, STM32U545VET6, STM32U545VET6Q, STM32U595AIH6, STM32U595AIH6Q, STM32U595AJH6, STM32U595AJH6Q, STM32U595QII6, STM32U595QII6Q, STM32U595QJI6, STM32U595QJI6Q, STM32U595RIT6, STM32U595RIT6Q, STM32U595RJT6, STM32U595RJT6Q, STM32U595VIT6, STM32U595VIT6Q, STM32U595VJT6, STM32U595VJT6Q, STM32U595ZIT6, STM32U595ZIT6Q, STM32U595ZIY6QTR, STM32U595ZJT6, STM32U595ZJT6Q, STM32U595ZJY6QTR, STM32U599BJY6QTR, STM32U599NIH6Q, STM32U599NJH6Q, STM32U599VIT6Q, STM32U599VJT6, STM32U599VJT6Q, STM32U599ZIT6Q, STM32U599ZIY6QTR, STM32U599ZJT6Q, STM32U599ZJY6QTR, STM32U5A5AJH6, STM32U5A5AJH6Q, STM32U5A5QJI6, STM32U5A5QJI6Q, STM32U5A5RJT6, STM32U5A5RJT6Q, STM32U5A5VJT6, STM32U5A5VJT6Q, STM32U5A5ZJT6, STM32U5A5ZJT6Q, STM32U5A5ZJY6QTR, STM32U5A9BJY6QTR, STM32U5A9J-DK, STM32U5A9NJH6Q, STM32U5A9VJT6Q, STM32U5A9ZJT6Q, STM32U5A9ZJY6QTR, STM32U5F7VIT6, STM32U5F7VIT6Q, STM32U5F7VJT6, STM32U5F7VJT6Q, STM32U5F9BJY6QTR, STM32U5F9NJH6Q, STM32U5F9VIT6Q, STM32U5F9VJT6Q, STM32U5F9ZIJ6QTR, STM32U5F9ZIT6Q, STM32U5F9ZJJ6QTR, STM32U5F9ZJT6Q, STM32U5G7VJT6, STM32U5G7VJT6Q, STM32U5G9BJY6QTR, STM32U5G9J-DK1, STM32U5G9J-DK2, STM32U5G9NJH6Q, STM32U5G9VJT6Q, STM32U5G9ZJJ6QTR, STM32U5G9ZJT6Q, STM32WB1MMCH6, STM32WBA52CEU6, STM32WBA52CEU6T, STM32WBA52CGU6, STM32WBA52CGU6T, STM32WBA52KEU6, STM32WBA52KEU6T, STM32WBA52KGU6, STM32WBA52KGU6T, STM32WL5MOCH6, STM32WL5MOCH6TR]
2023-08-22 20:07:55,550 [INFO] DbMcus:217 - Found 3848 MCUs, 3848 are supported
2023-08-22 20:07:55,563 [INFO] ApiDb:423 - Load user favorites file C:\Users\yuhyun97/.stm32cubeide/favorites.mcus.txt: 1 item(s)
2023-08-22 20:07:55,564 [INFO] ApiDb:427 - User favorites MCUs=[STM32F103C8T6]
2023-08-22 20:07:55,564 [INFO] DbMcus:223 - Set 1 / 1 favorites MCUs
2023-08-22 20:07:56,455 [WARN] ThirdParty:833 - waiting for thirdparty lock release [change project]
2023-08-22 20:07:56,455 [INFO] ThirdParty:835 - entering critical section [change project]
2023-08-22 20:07:56,456 [INFO] ThirdParty:1030 - CMSIS Pack Vendor :STMicroelectronics X-CUBE-ISPU 1.1.0
2023-08-22 20:07:56,456 [INFO] ThirdParty:1030 - CMSIS Pack Vendor :STMicroelectronics USBPD 4.1
2023-08-22 20:07:56,456 [INFO] ThirdParty:1030 - CMSIS Pack Vendor :STMicroelectronics X-CUBE-GNSS1 6.0.0
2023-08-22 20:07:56,456 [INFO] ThirdParty:1030 - CMSIS Pack Vendor :STMicroelectronics USB_HOST 2.0.0
2023-08-22 20:07:56,456 [INFO] ThirdParty:1030 - CMSIS Pack Vendor :STMicroelectronics X-CUBE-AZRTOS-F4 1.1.0
2023-08-22 20:07:56,457 [INFO] ThirdParty:1030 - CMSIS Pack Vendor :STMicroelectronics LIBJPEG 8.0.0
2023-08-22 20:07:56,457 [INFO] ThirdParty:1030 - CMSIS Pack Vendor :STMicroelectronics X-CUBE-SMBUS 2.1.0
2023-08-22 20:07:56,457 [INFO] ThirdParty:1030 - CMSIS Pack Vendor :STMicroelectronics USB_DEVICE 3.0.0
2023-08-22 20:07:56,457 [INFO] ThirdParty:1030 - CMSIS Pack Vendor :STMicroelectronics X-CUBE-AZRTOS-WB 2.0.0
2023-08-22 20:07:56,457 [INFO] ThirdParty:1030 - CMSIS Pack Vendor :STMicroelectronics X-CUBE-FREERTOS 1.0.1
2023-08-22 20:07:56,458 [INFO] ThirdParty:1030 - CMSIS Pack Vendor :STMicroelectronics X-CUBE-AZRTOS-L5 2.0.0
2023-08-22 20:07:56,458 [INFO] ThirdParty:1030 - CMSIS Pack Vendor :STMicroelectronics X-CUBE-AZRTOS-F7 1.1.0
2023-08-22 20:07:56,458 [INFO] ThirdParty:1030 - CMSIS Pack Vendor :STMicroelectronics USB_DEVICE 2.0.0
2023-08-22 20:07:56,458 [INFO] ThirdParty:1030 - CMSIS Pack Vendor :STMicroelectronics X-CUBE-MEMS1 9.6.0
2023-08-22 20:07:56,458 [INFO] ThirdParty:1030 - CMSIS Pack Vendor :STMicroelectronics FP-SNS-MOTENV1 4.3.2
2023-08-22 20:07:56,458 [INFO] ThirdParty:1030 - CMSIS Pack Vendor :STMicroelectronics FP-SNS-FLIGHT1 5.0.1
2023-08-22 20:07:56,458 [INFO] ThirdParty:1030 - CMSIS Pack Vendor :STMicroelectronics X-CUBE-ALGOBUILD 1.3.0
2023-08-22 20:07:56,458 [INFO] ThirdParty:1030 - CMSIS Pack Vendor :STMicroelectronics X-CUBE-BLE1 6.2.4
2023-08-22 20:07:56,458 [INFO] ThirdParty:1030 - CMSIS Pack Vendor :STMicroelectronics X-CUBE-AZRTOS-L5 1.1.0
2023-08-22 20:07:56,458 [INFO] ThirdParty:1030 - CMSIS Pack Vendor :STMicroelectronics FreeRTOS 0.0.1
2023-08-22 20:07:56,458 [INFO] ThirdParty:1030 - CMSIS Pack Vendor :STMicroelectronics X-CUBE-AZRTOS-G0 1.1.0
2023-08-22 20:07:56,459 [INFO] ThirdParty:1030 - CMSIS Pack Vendor :STMicroelectronics X-CUBE-BLEMGR 2.0.0
2023-08-22 20:07:56,459 [INFO] ThirdParty:1030 - CMSIS Pack Vendor :STMicroelectronics X-CUBE-AI 8.0.1
2023-08-22 20:07:56,459 [INFO] ThirdParty:1030 - CMSIS Pack Vendor :STMicroelectronics X-CUBE-SUBG2 5.0.0
2023-08-22 20:07:56,459 [INFO] ThirdParty:1030 - CMSIS Pack Vendor :STMicroelectronics X-CUBE-NFC4 3.0.0
2023-08-22 20:07:56,459 [INFO] ThirdParty:1030 - CMSIS Pack Vendor :STMicroelectronics STM32_WPAN 1.0.0
2023-08-22 20:07:56,459 [INFO] ThirdParty:1030 - CMSIS Pack Vendor :STMicroelectronics lwIP 2.0.3
2023-08-22 20:07:56,459 [INFO] ThirdParty:1030 - CMSIS Pack Vendor :STMicroelectronics FP-SNS-FLIGHT1 5.0.2
2023-08-22 20:07:56,459 [INFO] ThirdParty:1030 - CMSIS Pack Vendor :STMicroelectronics USB_HOST 1.0.0
2023-08-22 20:07:56,460 [INFO] ThirdParty:1030 - CMSIS Pack Vendor :STMicroelectronics X-CUBE-TOF1 3.3.1
2023-08-22 20:07:56,460 [INFO] ThirdParty:1030 - CMSIS Pack Vendor :STMicroelectronics X-CUBE-AZRTOS-G4 2.0.0
2023-08-22 20:07:56,460 [INFO] ThirdParty:1030 - CMSIS Pack Vendor :STMicroelectronics PDM2PCM 3.1.0
2023-08-22 20:07:56,460 [INFO] ThirdParty:1030 - CMSIS Pack Vendor :STMicroelectronics X-CUBE-AZRTOS-H7 3.1.0
2023-08-22 20:07:56,460 [INFO] ThirdParty:1030 - CMSIS Pack Vendor :STMicroelectronics PDM2PCM 3.3.0
2023-08-22 20:07:56,460 [INFO] ThirdParty:1030 - CMSIS Pack Vendor :STMicroelectronics X-CUBE-DISPLAY 3.0.0
2023-08-22 20:07:56,460 [INFO] ThirdParty:1030 - CMSIS Pack Vendor :STMicroelectronics X-CUBE-BLE1 7.0.0
2023-08-22 20:07:56,460 [INFO] ThirdParty:1030 - CMSIS Pack Vendor :STMicroelectronics FP-ATR-SIGFOX1 3.2.0
2023-08-22 20:07:56,461 [INFO] ThirdParty:1030 - CMSIS Pack Vendor :STMicroelectronics HAL Drivers 0.0.0
2023-08-22 20:07:56,461 [INFO] ThirdParty:1030 - CMSIS Pack Vendor :STMicroelectronics MBEDTLS 2.16.2
2023-08-22 20:07:56,461 [INFO] ThirdParty:1030 - CMSIS Pack Vendor :emotas I-CUBE-CANOPEN 1.3.0
2023-08-22 20:07:56,461 [INFO] ThirdParty:1030 - CMSIS Pack Vendor :STMicroelectronics X-CUBE-TOUCHGFX 4.22.0
2023-08-22 20:07:56,461 [INFO] ThirdParty:1030 - CMSIS Pack Vendor :STMicroelectronics X-CUBE-NFC7 1.0.1
2023-08-22 20:07:56,461 [INFO] ThirdParty:1030 - CMSIS Pack Vendor :STMicroelectronics MBEDTLS 2.14.1
2023-08-22 20:07:56,461 [INFO] ThirdParty:1030 - CMSIS Pack Vendor :STMicroelectronics X-CUBE-EEPRMA1 4.1.0
2023-08-22 20:07:56,461 [INFO] ThirdParty:1030 - CMSIS Pack Vendor :portGmbH I-Cube-SoM-uGOAL 1.1.0
2023-08-22 20:07:56,462 [INFO] ThirdParty:1030 - CMSIS Pack Vendor :STMicroelectronics X-CUBE-ALS 1.0.1
2023-08-22 20:07:56,462 [INFO] ThirdParty:1030 - CMSIS Pack Vendor :STMicroelectronics ThreadX 1.0.0
2023-08-22 20:07:56,462 [INFO] ThirdParty:1030 - CMSIS Pack Vendor :STMicroelectronics X-CUBE-AZRTOS-WB 1.1.0
2023-08-22 20:07:56,462 [INFO] ThirdParty:1030 - CMSIS Pack Vendor :STMicroelectronics X-CUBE-AZRTOS-WL 2.0.0
2023-08-22 20:07:56,462 [INFO] ThirdParty:1030 - CMSIS Pack Vendor :SEGGER I-CUBE-embOS 1.3.1
2023-08-22 20:07:56,462 [INFO] ThirdParty:1030 - CMSIS Pack Vendor :STMicroelectronics USB_DEVICE 1.0.0
2023-08-22 20:07:56,462 [INFO] ThirdParty:1030 - CMSIS Pack Vendor :STMicroelectronics X-CUBE-AI 8.1.0
2023-08-22 20:07:56,463 [INFO] ThirdParty:1030 - CMSIS Pack Vendor :STMicroelectronics X-CUBE-AZRTOS-L4 2.0.0
2023-08-22 20:07:56,463 [INFO] ThirdParty:1030 - CMSIS Pack Vendor :STMicroelectronics ThreadX 0.0.2
2023-08-22 20:07:56,463 [INFO] ThirdParty:1030 - CMSIS Pack Vendor :WES I-CUBE-Cesium 1.3.0
2023-08-22 20:07:56,463 [INFO] ThirdParty:1030 - CMSIS Pack Vendor :STMicroelectronics FP-ATR-ASTRA1 2.0.0
2023-08-22 20:07:56,463 [INFO] ThirdParty:1030 - CMSIS Pack Vendor :STMicroelectronics lwIP 2.1.2
2023-08-22 20:07:56,463 [INFO] ThirdParty:1030 - CMSIS Pack Vendor :STMicroelectronics X-CUBE-SFXS2LP1 4.0.0
2023-08-22 20:07:56,463 [INFO] ThirdParty:1030 - CMSIS Pack Vendor :STMicroelectronics X-CUBE-BLE2 3.3.0
2023-08-22 20:07:56,464 [INFO] ThirdParty:1030 - CMSIS Pack Vendor :STMicroelectronics PDM2PCM 3.2.0
2023-08-22 20:07:56,464 [INFO] ThirdParty:841 - exiting critical section [change project]
2023-08-22 20:07:57,085 [INFO] PinOutPanel:1499 - setPackage(No Configuration,No Configuration)
2023-08-22 20:07:57,087 [INFO] PinOutPanel:1499 - setPackage(STM32F103C8Tx,LQFP48)
2023-08-22 20:07:58,056 [INFO] UtilMem:75 - Before build in PCC Used Memory: 724449368 Bytes (905969664)
2023-08-22 20:07:59,708 [INFO] UtilMem:75 - After build in PCC Used Memory: 506202560 Bytes (905969664)
2023-08-22 20:07:59,755 [INFO] IPUIPlugin:80 - create IPUIPlugin
2023-08-22 20:07:59,755 [INFO] IPUIPlugin:80 - create IPUIPlugin
2023-08-22 20:07:59,756 [INFO] IPUIPlugin:80 - create IPUIPlugin
2023-08-22 20:07:59,756 [INFO] IPUIPlugin:80 - create IPUIPlugin
2023-08-22 20:07:59,756 [INFO] IPUIPlugin:80 - create IPUIPlugin
2023-08-22 20:07:59,756 [INFO] IPUIPlugin:80 - create IPUIPlugin
2023-08-22 20:07:59,756 [INFO] IPUIPlugin:80 - create IPUIPlugin
2023-08-22 20:07:59,757 [INFO] IPUIPlugin:80 - create IPUIPlugin
2023-08-22 20:07:59,757 [INFO] IPUIPlugin:80 - create IPUIPlugin
2023-08-22 20:07:59,757 [INFO] IPUIPlugin:80 - create IPUIPlugin
2023-08-22 20:07:59,757 [INFO] IPUIPlugin:80 - create IPUIPlugin
2023-08-22 20:07:59,758 [INFO] IPUIPlugin:80 - create IPUIPlugin
2023-08-22 20:07:59,758 [INFO] IPUIPlugin:80 - create IPUIPlugin
2023-08-22 20:07:59,758 [INFO] IPUIPlugin:80 - create IPUIPlugin
2023-08-22 20:07:59,759 [INFO] IPUIPlugin:80 - create IPUIPlugin
2023-08-22 20:07:59,759 [INFO] IPUIPlugin:80 - create IPUIPlugin
2023-08-22 20:07:59,759 [INFO] IPUIPlugin:80 - create IPUIPlugin
2023-08-22 20:07:59,783 [INFO] IPUIPlugin:80 - create IPUIPlugin
2023-08-22 20:07:59,784 [INFO] IPUIPlugin:80 - create IPUIPlugin
2023-08-22 20:07:59,784 [INFO] IPUIPlugin:80 - create IPUIPlugin
2023-08-22 20:07:59,785 [INFO] IPUIPlugin:80 - create IPUIPlugin
2023-08-22 20:07:59,785 [INFO] IPUIPlugin:80 - create IPUIPlugin
2023-08-22 20:07:59,786 [INFO] IPUIPlugin:80 - create IPUIPlugin
2023-08-22 20:07:59,787 [INFO] IPUIPlugin:80 - create IPUIPlugin
2023-08-22 20:07:59,787 [INFO] IPUIPlugin:80 - create IPUIPlugin
2023-08-22 20:07:59,789 [INFO] IPUIPlugin:80 - create IPUIPlugin
2023-08-22 20:07:59,790 [INFO] IPUIPlugin:80 - create IPUIPlugin
2023-08-22 20:08:00,287 [INFO] CADModel:165 - CPN selected for project levelSTM32F103C8T6
2023-08-22 20:08:00,287 [INFO] CADModel:114 - Register for checkConnection events
2023-08-22 20:08:00,375 [INFO] OpenFileManager:328 - Restore cursor
2023-08-22 20:10:27,836 [INFO] UtilMem:75 - End SaveConfig() Used Memory: 556691992 Bytes (1073741824)
2023-08-22 20:10:29,076 [INFO] UtilMem:75 - End SaveConfig() Used Memory: 573705520 Bytes (1073741824)
2023-08-22 20:10:32,582 [INFO] UtilMem:75 - End SaveConfig() Used Memory: 640473360 Bytes (1073741824)
2023-08-22 20:10:33,550 [INFO] BlockDiagram:2759 - set Specific Code input for plugin: NVIC
2023-08-22 20:10:33,551 [INFO] BlockDiagram:2759 - set Specific Code input for plugin: USART
2023-08-22 20:10:33,551 [INFO] BlockDiagram:2759 - set Specific Code input for plugin: SYS
2023-08-22 20:10:33,551 [INFO] BlockDiagram:2759 - set Specific Code input for plugin: GPIO
2023-08-22 20:10:33,552 [INFO] BlockDiagram:2759 - set Specific Code input for plugin: RCC
2023-08-22 20:10:33,555 [INFO] CodeGenerator:799 - code generatio: config db path: C:\ST\STM32CubeIDE_1.13.0\STM32CubeIDE\plugins\com.st.stm32cube.common.mx_6.9.0.202307051724\\db\
2023-08-22 20:10:33,953 [INFO] CodeEngine:255 - oldGeneratedFile, C:\Users\yuhyun97\STM32CubeIDE\workspace_1.13.0\UART_test\MXTmpFiles\license.tmp_save
2023-08-22 20:10:34,658 [INFO] CodeEngine:279 - Generated code: C:\Users\yuhyun97\STM32CubeIDE\workspace_1.13.0\UART_test\MXTmpFiles\license.tmp
2023-08-22 20:10:34,900 [INFO] CodeEngine:255 - oldGeneratedFile, C:\Users\yuhyun97\STM32CubeIDE\workspace_1.13.0\UART_test\MXTmpFiles\gpio.tmp_save
2023-08-22 20:10:35,192 [INFO] CodeEngine:279 - Generated code: C:\Users\yuhyun97\STM32CubeIDE\workspace_1.13.0\UART_test\MXTmpFiles\gpio.tmp
2023-08-22 20:10:35,430 [INFO] CodeEngine:255 - oldGeneratedFile, C:\Users\yuhyun97\STM32CubeIDE\workspace_1.13.0\UART_test\Core\Src\stm32f1xx_it.c_save
2023-08-22 20:10:35,711 [INFO] CodeEngine:279 - Generated code: C:\Users\yuhyun97\STM32CubeIDE\workspace_1.13.0\UART_test\Core\Src\stm32f1xx_it.c
2023-08-22 20:10:35,742 [INFO] CodeEngine:255 - oldGeneratedFile, C:\Users\yuhyun97\STM32CubeIDE\workspace_1.13.0\UART_test\Core\Inc\stm32f1xx_it.h_save
2023-08-22 20:10:35,927 [INFO] CodeEngine:279 - Generated code: C:\Users\yuhyun97\STM32CubeIDE\workspace_1.13.0\UART_test\Core\Inc\stm32f1xx_it.h
2023-08-22 20:10:36,002 [INFO] CodeEngine:255 - oldGeneratedFile, C:\Users\yuhyun97\STM32CubeIDE\workspace_1.13.0\UART_test\Core\Src\stm32f1xx_hal_msp.c_save
2023-08-22 20:10:36,285 [INFO] CodeEngine:279 - Generated code: C:\Users\yuhyun97\STM32CubeIDE\workspace_1.13.0\UART_test\Core\Src\stm32f1xx_hal_msp.c
2023-08-22 20:10:36,309 [INFO] CodeEngine:255 - oldGeneratedFile, C:\Users\yuhyun97\STM32CubeIDE\workspace_1.13.0\UART_test\MXTmpFiles\system.tmp_save
2023-08-22 20:10:36,435 [INFO] CodeEngine:279 - Generated code: C:\Users\yuhyun97\STM32CubeIDE\workspace_1.13.0\UART_test\MXTmpFiles\system.tmp
2023-08-22 20:10:36,487 [INFO] CodeEngine:311 - oldGeneratedFile, C:\Users\yuhyun97\STM32CubeIDE\workspace_1.13.0\UART_test\Core\Inc\stm32f1xx_hal_conf.h_save
2023-08-22 20:10:36,732 [INFO] CodeEngine:335 - Generated code: C:\Users\yuhyun97\STM32CubeIDE\workspace_1.13.0\UART_test\Core\Inc\stm32f1xx_hal_conf.h
2023-08-22 20:10:36,882 [INFO] CodeEngine:255 - oldGeneratedFile, C:\Users\yuhyun97\STM32CubeIDE\workspace_1.13.0\UART_test\Core\Inc\main.h_save
2023-08-22 20:10:37,102 [INFO] CodeEngine:279 - Generated code: C:\Users\yuhyun97\STM32CubeIDE\workspace_1.13.0\UART_test\Core\Inc\main.h
2023-08-22 20:10:37,150 [INFO] CodeEngine:255 - oldGeneratedFile, C:\Users\yuhyun97\STM32CubeIDE\workspace_1.13.0\UART_test\Core\Src\main.c_save
2023-08-22 20:10:37,452 [INFO] CodeEngine:279 - Generated code: C:\Users\yuhyun97\STM32CubeIDE\workspace_1.13.0\UART_test\Core\Src\main.c
2023-08-22 20:10:38,926 [INFO] ProjectBuilder:3064 - Time for Copy HAL[1] : 413mS.
2023-08-22 20:10:38,939 [INFO] ProjectBuilder:4404 - Project Generator version: 4.1.0
2023-08-22 20:10:39,312 [INFO] ConfigFileManager:1457 - The Die is : DIE410
2023-08-22 20:10:39,341 [INFO] ApiDbMcu:507 - Load IP Config File for FATFS
2023-08-22 20:10:39,366 [INFO] ApiDbMcu:507 - Load IP Config File for FREERTOS
2023-08-22 20:10:39,391 [INFO] ApiDbMcu:507 - Load IP Config File for USB_DEVICE
2023-08-22 20:10:41,486 [INFO] LogOutputStream:77 - [STDOUT_REDIRECT] 
2023-08-22 20:10:45,059 [INFO] ProjectBuilder:4626 - Time for Generating toolchain IDE Files: 6121mS.
2023-08-22 20:10:45,061 [INFO] ProjectBuilder:2935 - Time for Copy CMSIS : 1mS.
2023-08-22 20:10:45,070 [INFO] ProjectBuilder:2935 - Time for Copy CMSIS : 0mS.
2023-08-22 21:05:50,815 [INFO] MainUpdater:2868 - connection check result : 10
2023-08-22 21:05:51,384 [INFO] ApiDb:668 - CubeFinder database Data Model version=2.1
2023-08-22 21:05:51,386 [INFO] ApiDb:669 - CubeFinder database Configuration version=3.0.37
2023-08-22 21:05:51,387 [INFO] ApiDb:670 - CubeFinder database generation date=2023-08-09 (1691586011)
2023-08-22 21:05:51,387 [INFO] ApiDb:671 - CubeFinder database FW Pack versions=[FP-ATR-ASTRA1_V2.0.0, FP-SNS-FLIGHT1_V5.0.1, FP-SNS-FLIGHT1_V5.0.2, FP-SNS-MOTENV1_V4.3.1, FP-SNS-MOTENV1_V4.3.2, STM32Cube_FW_C0_V1.1.0, STM32Cube_FW_F4_V1.27.1, STM32Cube_FW_F7_V1.17.0, STM32Cube_FW_G0_V1.6.1, STM32Cube_FW_G4_V1.5.1, STM32Cube_FW_H5_V0.5.1, STM32Cube_FW_H5_V1.1.0, STM32Cube_FW_H7_V1.11.0, STM32Cube_FW_L0_V1.12.2, STM32Cube_FW_L5_V1.5.0, STM32Cube_FW_U5_V1.3.0, STM32Cube_FW_U5_V1.3.0RC4, STM32Cube_FW_WBA_V1.0.0RC1, STM32Cube_FW_WBA_V1.1.0, STM32Cube_FW_WBA_V1.1.0RC1, STM32Cube_FW_WB_V1.15.0RC1, STM32Cube_FW_WB_V1.16.0, STM32Cube_FW_WB_V1.16.0RC2, STM32Cube_FW_WB_V1.17.0, STM32Cube_FW_WL_V1.3.0, X-CUBE-ALGOBUILD_V1.3.0, X-CUBE-ALS_V1.0.1, X-CUBE-AZRTOS-F4_V1.1.0, X-CUBE-AZRTOS-F7_V1.1.0, X-CUBE-AZRTOS-G0_V1.1.0, X-CUBE-AZRTOS-G4_V2.0.0, X-CUBE-AZRTOS-H7_V3.1.0, X-CUBE-AZRTOS-L4_V1.0.0, X-CUBE-AZRTOS-L4_V2.0.0, X-CUBE-AZRTOS-L5_V1.1.0, X-CUBE-AZRTOS-WB_V1.1.0, X-CUBE-AZRTOS-WL_V2.0.0, X-CUBE-BLE1_V7.0.0, X-CUBE-BLE2_V3.3.0, X-CUBE-BLEMGR_V2.0.0, X-CUBE-EEPRMA1_V4.1.0, X-CUBE-FREERTOS_V1.1.0, X-CUBE-GNSS1_V6.0.0, X-CUBE-MEMS1_V9.1.0, X-CUBE-MEMS1_V9.4.0, X-CUBE-MEMS1_V9.6.0, X-CUBE-NFC4_V3.0.0, X-CUBE-NFC7_V1.0.0, X-CUBE-SFXS2LP1_V4.0.0, X-CUBE-SUBG2_V5.0.0, X-CUBE-TOF1_V3.3.1]
2023-08-22 21:05:51,708 [INFO] DbBoardsSqlite:226 - include board P-NUCLEO-WB55-NUCLEO as a kit item of type 'Nucleo-64'
2023-08-22 21:05:51,709 [INFO] DbBoardsSqlite:226 - include board P-NUCLEO-WB55-USBDONGLE as a kit item of type 'Nucleo USB Dongle'
2023-08-22 21:05:51,712 [INFO] DbBoardsSqlite:226 - include board STEVAL-IDP005V1 as a kit item of type 'Evaluation Board'
2023-08-22 21:05:51,714 [INFO] DbBoardsSqlite:226 - include board STEVAL-IDP005V2 as a kit item of type 'Evaluation Board'
2023-08-22 21:05:53,202 [INFO] ApiDb:240 - Found 323 in-development CPN: [B-G473E-ZEST1S, B-WB1M-WPAN1, B-WL5M-SUBG1, NUCLEO-C031C6, NUCLEO-H503RB, NUCLEO-H563ZI, NUCLEO-U545RE-Q, NUCLEO-U5A5ZJ-Q, NUCLEO-WBA52CG, STEVAL-PROTEUS1, STEVAL-SMARTAG2, STEVAL-STWINBX1, STM320518-EVAL, STM32C0116-DK, STM32C011D6Y3TR, STM32C011D6Y6TR, STM32C011F4P3, STM32C011F4P6, STM32C011F4U3, STM32C011F4U6TR, STM32C011F6P3, STM32C011F6P6, STM32C011F6U3, STM32C011F6U6TR, STM32C011J4M3, STM32C011J4M6, STM32C011J6M3, STM32C011J6M6, STM32C0316-DK, STM32C031C4T3, STM32C031C4T6, STM32C031C4U3, STM32C031C4U6, STM32C031C6T3, STM32C031C6T6, STM32C031C6U3, STM32C031C6U6, STM32C031F4P3, STM32C031F4P6, STM32C031F6P3, STM32C031F6P6, STM32C031G4U3, STM32C031G4U6, STM32C031G6U3, STM32C031G6U6, STM32C031K4T3, STM32C031K4T6, STM32C031K4U3, STM32C031K4U6, STM32C031K6T3, STM32C031K6T6, STM32C031K6U3, STM32C031K6U6, STM32G071K8TXN, STM32G071K8UXN, STM32G081GBU6N, STM32G081KBT6N, STM32G081KBUXN, STM32G0B1CCT6N, STM32G0B1KCT6, STM32G0B1NEY6TR, STM32G0B1RCT6N, STM32G0C1CCT6, STM32G0C1CCT6N, STM32G0C1CCU6N, STM32G0C1CET6N, STM32G0C1CEU6N, STM32G0C1KCT6, STM32G0C1NEY6TR, STM32G0C1RCI6N, STM32G0C1RCT6N, STM32G0C1REI6N, STM32G0C1RET6N, STM32G0C1VCI6, STM32G0C1VEI6, STM32G471CCT6, STM32G471CCU6, STM32G471CET3, STM32G471CET6, STM32G471CEU3, STM32G471CEU6, STM32G471MCT6, STM32G471MET3, STM32G471MET6, STM32G471MEY6TR, STM32G471QCT6, STM32G471QET3, STM32G471RCT6, STM32G471RET3, STM32G471RET6, STM32G471VCH6, STM32G471VCI6, STM32G471VCT6, STM32G471VEH3, STM32G471VEH6, STM32G471VEI3, STM32G471VEI6, STM32G471VET3, STM32G471VET6, STM32G474CCT6, STM32H503CBT6, STM32H503CBU6, STM32H503EBY6TR, STM32H503KBU6, STM32H503RBT6, STM32H562AGI6, STM32H562AII6, STM32H562IGK6, STM32H562IGT6, STM32H562IIK6, STM32H562IIT6, STM32H562RGT6, STM32H562RGV6, STM32H562RIT6, STM32H562RIV6, STM32H562VGT6, STM32H562VIT6, STM32H562ZGT6, STM32H562ZIT6, STM32H563AGI6, STM32H563AII3Q, STM32H563AII6, STM32H563IGK6, STM32H563IGT6, STM32H563IIK3Q, STM32H563IIK6, STM32H563IIT3Q, STM32H563IIT6, STM32H563MIY3QTR, STM32H563RGT6, STM32H563RGV6, STM32H563RIT6, STM32H563RIV6, STM32H563VGT6, STM32H563VIT3Q, STM32H563VIT6, STM32H563ZGT6, STM32H563ZIT3Q, STM32H563ZIT6, STM32H573AII3Q, STM32H573AII6, STM32H573I-DK, STM32H573IIK3Q, STM32H573IIK6, STM32H573IIT3Q, STM32H573IIT6, STM32H573MIY3QTR, STM32H573RIT6, STM32H573RIV6, STM32H573VIT3Q, STM32H573VIT6, STM32H573ZIT3Q, STM32H573ZIT6, STM32L4R5QGI6STR, STM32MP131AAE3, STM32MP131AAF3, STM32MP131AAG3, STM32MP131CAE3, STM32MP131CAF3, STM32MP131CAG3, STM32MP131DAE7, STM32MP131DAF7, STM32MP131DAG7, STM32MP131FAE7, STM32MP131FAF7, STM32MP131FAG7, STM32MP133AAE3, STM32MP133AAF3, STM32MP133AAG3, STM32MP133CAE3, STM32MP133CAF3, STM32MP133CAG3, STM32MP133DAE7, STM32MP133DAF7, STM32MP133DAG7, STM32MP133FAE7, STM32MP133FAF7, STM32MP133FAG7, STM32MP135AAE3, STM32MP135AAF3, STM32MP135AAG3, STM32MP135CAE3, STM32MP135CAF3, STM32MP135CAG3, STM32MP135DAE7, STM32MP135DAF7, STM32MP135DAG7, STM32MP135F-DK, STM32MP135FAE7, STM32MP135FAF7, STM32MP135FAF7T, STM32MP135FAF7U, STM32MP135FAG7, STM32U535CBT6, STM32U535CBT6Q, STM32U535CBU6, STM32U535CBU6Q, STM32U535CCT6, STM32U535CCT6Q, STM32U535CCU6, STM32U535CCU6Q, STM32U535CET6, STM32U535CET6Q, STM32U535CEU6, STM32U535CEU6Q, STM32U535JEY6QTR, STM32U535NCY6QTR, STM32U535NEY6QTR, STM32U535RBI6, STM32U535RBI6Q, STM32U535RBT6, STM32U535RBT6Q, STM32U535RCI6, STM32U535RCI6Q, STM32U535RCT6, STM32U535RCT6Q, STM32U535REI6, STM32U535REI6Q, STM32U535RET6, STM32U535RET6Q, STM32U535VCI6, STM32U535VCI6Q, STM32U535VCT6, STM32U535VCT6Q, STM32U535VEI6, STM32U535VEI6Q, STM32U535VET6, STM32U535VET6Q, STM32U545CET6, STM32U545CET6Q, STM32U545CEU6, STM32U545CEU6Q, STM32U545JEY6QTR, STM32U545NEY6QTR, STM32U545REI6, STM32U545REI6Q, STM32U545RET6, STM32U545RET6Q, STM32U545VEI6, STM32U545VEI6Q, STM32U545VET6, STM32U545VET6Q, STM32U595AIH6, STM32U595AIH6Q, STM32U595AJH6, STM32U595AJH6Q, STM32U595QII6, STM32U595QII6Q, STM32U595QJI6, STM32U595QJI6Q, STM32U595RIT6, STM32U595RIT6Q, STM32U595RJT6, STM32U595RJT6Q, STM32U595VIT6, STM32U595VIT6Q, STM32U595VJT6, STM32U595VJT6Q, STM32U595ZIT6, STM32U595ZIT6Q, STM32U595ZIY6QTR, STM32U595ZJT6, STM32U595ZJT6Q, STM32U595ZJY6QTR, STM32U599BJY6QTR, STM32U599NIH6Q, STM32U599NJH6Q, STM32U599VIT6Q, STM32U599VJT6, STM32U599VJT6Q, STM32U599ZIT6Q, STM32U599ZIY6QTR, STM32U599ZJT6Q, STM32U599ZJY6QTR, STM32U5A5AJH6, STM32U5A5AJH6Q, STM32U5A5QJI6, STM32U5A5QJI6Q, STM32U5A5RJT6, STM32U5A5RJT6Q, STM32U5A5VJT6, STM32U5A5VJT6Q, STM32U5A5ZJT6, STM32U5A5ZJT6Q, STM32U5A5ZJY6QTR, STM32U5A9BJY6QTR, STM32U5A9J-DK, STM32U5A9NJH6Q, STM32U5A9VJT6Q, STM32U5A9ZJT6Q, STM32U5A9ZJY6QTR, STM32U5F7VIT6, STM32U5F7VIT6Q, STM32U5F7VJT6, STM32U5F7VJT6Q, STM32U5F9BJY6QTR, STM32U5F9NJH6Q, STM32U5F9VIT6Q, STM32U5F9VJT6Q, STM32U5F9ZIJ6QTR, STM32U5F9ZIT6Q, STM32U5F9ZJJ6QTR, STM32U5F9ZJT6Q, STM32U5G7VJT6, STM32U5G7VJT6Q, STM32U5G9BJY6QTR, STM32U5G9J-DK1, STM32U5G9J-DK2, STM32U5G9NJH6Q, STM32U5G9VJT6Q, STM32U5G9ZJJ6QTR, STM32U5G9ZJT6Q, STM32WB1MMCH6, STM32WBA52CEU6, STM32WBA52CEU6T, STM32WBA52CGU6, STM32WBA52CGU6T, STM32WBA52KEU6, STM32WBA52KEU6T, STM32WBA52KGU6, STM32WBA52KGU6T, STM32WL5MOCH6, STM32WL5MOCH6TR]
2023-08-22 21:05:53,624 [INFO] BoardInfo:880 - No configuration file found for board P-NUCLEO-WB55
2023-08-22 21:05:53,624 [INFO] DbBoards:157 - Kit is not supported: P-NUCLEO-WB55
2023-08-22 21:05:53,636 [INFO] BoardInfo:880 - No configuration file found for board STEVAL-BFA001V1B
2023-08-22 21:05:53,637 [INFO] DbBoards:157 - Kit is not supported: STEVAL-BFA001V1B
2023-08-22 21:05:53,640 [INFO] BoardInfo:880 - No configuration file found for board STEVAL-BFA001V2B
2023-08-22 21:05:53,640 [INFO] DbBoards:157 - Kit is not supported: STEVAL-BFA001V2B
2023-08-22 21:05:54,151 [INFO] DbBoards:161 - Found 190 boards, 187 are supported
2023-08-22 21:05:54,199 [INFO] ApiDb:414 - User favorites file not found: C:\Users\yuhyun97/.stm32cubeide/favorites.boards.txt
2023-08-22 21:05:54,200 [INFO] DbBoards:190 - Set 0 / 0 favorites Boards
2023-08-22 21:05:54,200 [INFO] McuFinderGlobals:76 - Set McuFinderConnectedMode to true
2023-08-22 21:05:54,223 [INFO] MultiScanPanel:200 - Auto-refresh data requested => check proxy status ongoing
2023-08-22 21:05:54,233 [INFO] FinderPluginLoader:95 - Searching for filters in installed packs
2023-08-22 21:05:57,429 [INFO] LoadUrlFilesThread:185 - End of LoadServerUrlFiles without Thread
2023-08-22 21:05:57,451 [INFO] DetailPanel:341 - Set advertising image to C:/Users/yuhyun97/STM32Cube/Repository/\en.prom-stm32h5-mcu-finder.jpg
2023-08-22 21:06:24,300 [INFO] MainUpdater:2868 - connection check result : 10
2023-08-22 21:06:24,301 [INFO] MainUpdater:2868 - connection check result : 10
2023-08-22 21:06:24,550 [INFO] MicroXplorer:468 - Change Database Path : 
2023-08-22 21:06:24,550 [INFO] MicroXplorer:498 - Change Database Version : DB.6.0.90
2023-08-22 21:06:24,637 [WARN] ThirdParty:871 - waiting for thirdparty lock release [close project]
2023-08-22 21:06:24,638 [INFO] ThirdParty:873 - entering critical section [close project]
2023-08-22 21:06:24,638 [INFO] ThirdParty:883 - exiting critical section [close project]
2023-08-22 21:06:24,643 [INFO] PinOutPanel:1499 - setPackage(No Configuration,No Configuration)
2023-08-22 21:06:24,666 [INFO] UtilMem:75 - Begin LoadConfig() Used Memory: 664013088 Bytes (1073741824)
2023-08-22 21:06:24,667 [INFO] MicroXplorer:468 - Change Database Path : 
2023-08-22 21:06:24,667 [INFO] MicroXplorer:498 - Change Database Version : DB.6.0.90
2023-08-22 21:06:24,667 [INFO] OpenFileManager:308 - Change cursor
2023-08-22 21:06:24,765 [INFO] RulesReader:64 - Compatibility file has been processed (293 Rules)
2023-08-22 21:06:24,923 [INFO] Mcu:1946 - Initializing MCU STM32F103C8Tx STM32F103C8Tx STM32F103C8T6
2023-08-22 21:06:26,112 [INFO] Context:659 - Trying to add GPIOservice into a context  which must be forbidden
2023-08-22 21:06:26,416 [INFO] ImportTextPane:194 - (OptionalMessage_ERROR) Unable to find key (Mcu.ThirdPartyNb) in loaded IOC file
2023-08-22 21:06:26,417 [INFO] ImportTextPane:194 - (OptionalMessage_ERROR) Unable to find key (Mcu.PinsNb) in loaded IOC file
2023-08-22 21:06:26,417 [INFO] ImportTextPane:194 - (OptionalMessage_ERROR) Unable to find key (Mcu.IPNb) in loaded IOC file
2023-08-22 21:06:26,717 [INFO] RtosManager:555 - Registered RTOS mode: class=CMSIS, group=RTOS, mode=CMSIS_V1, owner=FREERTOS
2023-08-22 21:06:26,719 [INFO] RtosManager:555 - Registered RTOS mode: class=CMSIS, group=RTOS2, mode=CMSIS_V2, owner=FREERTOS
2023-08-22 21:06:26,719 [INFO] RtosManager:555 - Registered RTOS mode: class=RTOS, group=Core, mode=CMSIS_V1, owner=FREERTOS
2023-08-22 21:06:26,719 [INFO] RtosManager:555 - Registered RTOS mode: class=RTOS, group=Core, mode=CMSIS_V2, owner=FREERTOS
2023-08-22 21:06:26,719 [WARN] ModelIntegratedComponent:184 - Missing modes for component STMicroelectronics:FreeRTOS:0.0.1:STMicroelectronics:RTOS:FreeRTOS:Core:::10.2.0:
2023-08-22 21:06:26,740 [WARN] ModelIntegratedComponent:63 - No mode defined for component null
2023-08-22 21:06:26,741 [WARN] ModelIntegratedComponent:63 - No mode defined for component null
2023-08-22 21:06:26,741 [WARN] ModelIntegratedComponent:63 - No mode defined for component null
2023-08-22 21:06:26,741 [WARN] ModelIntegratedComponent:63 - No mode defined for component null
2023-08-22 21:06:26,742 [WARN] ModelIntegratedComponent:63 - No mode defined for component null
2023-08-22 21:06:26,742 [WARN] ModelIntegratedComponent:63 - No mode defined for component null
2023-08-22 21:06:26,742 [WARN] ModelIntegratedComponent:63 - No mode defined for component null
2023-08-22 21:06:26,742 [WARN] ModelIntegratedComponent:63 - No mode defined for component null
2023-08-22 21:06:26,742 [WARN] ModelIntegratedComponent:63 - No mode defined for component null
2023-08-22 21:06:26,743 [WARN] ModelIntegratedComponent:63 - No mode defined for component null
2023-08-22 21:06:26,743 [WARN] ModelIntegratedComponent:63 - No mode defined for component null
2023-08-22 21:06:26,743 [WARN] ModelIntegratedComponent:63 - No mode defined for component null
2023-08-22 21:06:26,743 [WARN] ModelIntegratedComponent:63 - No mode defined for component null
2023-08-22 21:06:26,744 [WARN] ModelIntegratedComponent:63 - No mode defined for component null
2023-08-22 21:06:26,744 [WARN] ModelIntegratedComponent:63 - No mode defined for component null
2023-08-22 21:06:26,744 [WARN] ModelIntegratedComponent:63 - No mode defined for component null
2023-08-22 21:06:26,744 [WARN] ModelIntegratedComponent:63 - No mode defined for component null
2023-08-22 21:06:26,744 [WARN] ModelIntegratedComponent:63 - No mode defined for component null
2023-08-22 21:06:26,744 [WARN] ModelIntegratedComponent:63 - No mode defined for component null
2023-08-22 21:06:26,745 [WARN] ModelIntegratedComponent:63 - No mode defined for component null
2023-08-22 21:06:26,745 [WARN] ModelIntegratedComponent:63 - No mode defined for component null
2023-08-22 21:06:26,745 [WARN] ModelIntegratedComponent:63 - No mode defined for component null
2023-08-22 21:06:26,745 [WARN] ModelIntegratedComponent:63 - No mode defined for component null
2023-08-22 21:06:26,745 [WARN] ModelIntegratedComponent:63 - No mode defined for component null
2023-08-22 21:06:26,746 [WARN] ModelIntegratedComponent:63 - No mode defined for component null
2023-08-22 21:06:26,746 [WARN] ModelIntegratedComponent:63 - No mode defined for component null
2023-08-22 21:06:26,746 [WARN] ModelIntegratedComponent:63 - No mode defined for component null
2023-08-22 21:06:26,746 [WARN] ModelIntegratedComponent:63 - No mode defined for component null
2023-08-22 21:06:26,747 [WARN] ModelIntegratedComponent:63 - No mode defined for component null
2023-08-22 21:06:26,747 [WARN] ModelIntegratedComponent:63 - No mode defined for component null
2023-08-22 21:06:26,747 [WARN] ModelIntegratedComponent:63 - No mode defined for component null
2023-08-22 21:06:26,747 [WARN] ModelIntegratedComponent:63 - No mode defined for component null
2023-08-22 21:06:26,747 [WARN] ModelIntegratedComponent:63 - No mode defined for component null
2023-08-22 21:06:26,769 [INFO] ThirdPartyModel:298 - Start build external matchings
2023-08-22 21:06:27,741 [INFO] ThirdPartyModel:316 - End build external matchings
2023-08-22 21:06:28,293 [INFO] UtilMem:75 - End LoadConfig() Used Memory: 635986008 Bytes (1073741824)
2023-08-22 21:06:28,331 [WARN] ThirdParty:833 - waiting for thirdparty lock release [change project]
2023-08-22 21:06:28,332 [INFO] ThirdParty:835 - entering critical section [change project]
2023-08-22 21:06:28,332 [INFO] ThirdParty:1030 - CMSIS Pack Vendor :STMicroelectronics X-CUBE-ISPU 1.1.0
2023-08-22 21:06:28,332 [INFO] ThirdParty:1030 - CMSIS Pack Vendor :STMicroelectronics USBPD 4.1
2023-08-22 21:06:28,333 [INFO] ThirdParty:1030 - CMSIS Pack Vendor :STMicroelectronics X-CUBE-GNSS1 6.0.0
2023-08-22 21:06:28,333 [INFO] ThirdParty:1030 - CMSIS Pack Vendor :STMicroelectronics USB_HOST 2.0.0
2023-08-22 21:06:28,333 [INFO] ThirdParty:1030 - CMSIS Pack Vendor :STMicroelectronics X-CUBE-AZRTOS-F4 1.1.0
2023-08-22 21:06:28,334 [INFO] ThirdParty:1030 - CMSIS Pack Vendor :STMicroelectronics LIBJPEG 8.0.0
2023-08-22 21:06:28,334 [INFO] ThirdParty:1030 - CMSIS Pack Vendor :STMicroelectronics X-CUBE-SMBUS 2.1.0
2023-08-22 21:06:28,334 [INFO] ThirdParty:1030 - CMSIS Pack Vendor :STMicroelectronics USB_DEVICE 3.0.0
2023-08-22 21:06:28,334 [INFO] ThirdParty:1030 - CMSIS Pack Vendor :STMicroelectronics X-CUBE-AZRTOS-WB 2.0.0
2023-08-22 21:06:28,334 [INFO] ThirdParty:1030 - CMSIS Pack Vendor :STMicroelectronics X-CUBE-FREERTOS 1.0.1
2023-08-22 21:06:28,334 [INFO] ThirdParty:1030 - CMSIS Pack Vendor :STMicroelectronics X-CUBE-AZRTOS-L5 2.0.0
2023-08-22 21:06:28,334 [INFO] ThirdParty:1030 - CMSIS Pack Vendor :STMicroelectronics X-CUBE-AZRTOS-F7 1.1.0
2023-08-22 21:06:28,335 [INFO] ThirdParty:1030 - CMSIS Pack Vendor :STMicroelectronics USB_DEVICE 2.0.0
2023-08-22 21:06:28,335 [INFO] ThirdParty:1030 - CMSIS Pack Vendor :STMicroelectronics X-CUBE-MEMS1 9.6.0
2023-08-22 21:06:28,335 [INFO] ThirdParty:1030 - CMSIS Pack Vendor :STMicroelectronics FP-SNS-MOTENV1 4.3.2
2023-08-22 21:06:28,335 [INFO] ThirdParty:1030 - CMSIS Pack Vendor :STMicroelectronics FP-SNS-FLIGHT1 5.0.1
2023-08-22 21:06:28,335 [INFO] ThirdParty:1030 - CMSIS Pack Vendor :STMicroelectronics X-CUBE-ALGOBUILD 1.3.0
2023-08-22 21:06:28,335 [INFO] ThirdParty:1030 - CMSIS Pack Vendor :STMicroelectronics X-CUBE-BLE1 6.2.4
2023-08-22 21:06:28,335 [INFO] ThirdParty:1030 - CMSIS Pack Vendor :STMicroelectronics X-CUBE-AZRTOS-L5 1.1.0
2023-08-22 21:06:28,335 [INFO] ThirdParty:1030 - CMSIS Pack Vendor :STMicroelectronics FreeRTOS 0.0.1
2023-08-22 21:06:28,335 [INFO] ThirdParty:1030 - CMSIS Pack Vendor :STMicroelectronics X-CUBE-AZRTOS-G0 1.1.0
2023-08-22 21:06:28,336 [INFO] ThirdParty:1030 - CMSIS Pack Vendor :STMicroelectronics X-CUBE-BLEMGR 2.0.0
2023-08-22 21:06:28,336 [INFO] ThirdParty:1030 - CMSIS Pack Vendor :STMicroelectronics X-CUBE-AI 8.0.1
2023-08-22 21:06:28,336 [INFO] ThirdParty:1030 - CMSIS Pack Vendor :STMicroelectronics X-CUBE-SUBG2 5.0.0
2023-08-22 21:06:28,336 [INFO] ThirdParty:1030 - CMSIS Pack Vendor :STMicroelectronics X-CUBE-NFC4 3.0.0
2023-08-22 21:06:28,336 [INFO] ThirdParty:1030 - CMSIS Pack Vendor :STMicroelectronics STM32_WPAN 1.0.0
2023-08-22 21:06:28,336 [INFO] ThirdParty:1030 - CMSIS Pack Vendor :STMicroelectronics lwIP 2.0.3
2023-08-22 21:06:28,336 [INFO] ThirdParty:1030 - CMSIS Pack Vendor :STMicroelectronics FP-SNS-FLIGHT1 5.0.2
2023-08-22 21:06:28,337 [INFO] ThirdParty:1030 - CMSIS Pack Vendor :STMicroelectronics USB_HOST 1.0.0
2023-08-22 21:06:28,337 [INFO] ThirdParty:1030 - CMSIS Pack Vendor :STMicroelectronics X-CUBE-TOF1 3.3.1
2023-08-22 21:06:28,337 [INFO] ThirdParty:1030 - CMSIS Pack Vendor :STMicroelectronics X-CUBE-AZRTOS-G4 2.0.0
2023-08-22 21:06:28,337 [INFO] ThirdParty:1030 - CMSIS Pack Vendor :STMicroelectronics PDM2PCM 3.1.0
2023-08-22 21:06:28,337 [INFO] ThirdParty:1030 - CMSIS Pack Vendor :STMicroelectronics X-CUBE-AZRTOS-H7 3.1.0
2023-08-22 21:06:28,337 [INFO] ThirdParty:1030 - CMSIS Pack Vendor :STMicroelectronics PDM2PCM 3.3.0
2023-08-22 21:06:28,337 [INFO] ThirdParty:1030 - CMSIS Pack Vendor :STMicroelectronics X-CUBE-DISPLAY 3.0.0
2023-08-22 21:06:28,338 [INFO] ThirdParty:1030 - CMSIS Pack Vendor :STMicroelectronics X-CUBE-BLE1 7.0.0
2023-08-22 21:06:28,338 [INFO] ThirdParty:1030 - CMSIS Pack Vendor :STMicroelectronics FP-ATR-SIGFOX1 3.2.0
2023-08-22 21:06:28,338 [INFO] ThirdParty:1030 - CMSIS Pack Vendor :STMicroelectronics HAL Drivers 0.0.0
2023-08-22 21:06:28,339 [INFO] ThirdParty:1030 - CMSIS Pack Vendor :STMicroelectronics MBEDTLS 2.16.2
2023-08-22 21:06:28,339 [INFO] ThirdParty:1030 - CMSIS Pack Vendor :emotas I-CUBE-CANOPEN 1.3.0
2023-08-22 21:06:28,339 [INFO] ThirdParty:1030 - CMSIS Pack Vendor :STMicroelectronics X-CUBE-TOUCHGFX 4.22.0
2023-08-22 21:06:28,339 [INFO] ThirdParty:1030 - CMSIS Pack Vendor :STMicroelectronics X-CUBE-NFC7 1.0.1
2023-08-22 21:06:28,339 [INFO] ThirdParty:1030 - CMSIS Pack Vendor :STMicroelectronics MBEDTLS 2.14.1
2023-08-22 21:06:28,339 [INFO] ThirdParty:1030 - CMSIS Pack Vendor :STMicroelectronics X-CUBE-EEPRMA1 4.1.0
2023-08-22 21:06:28,339 [INFO] ThirdParty:1030 - CMSIS Pack Vendor :portGmbH I-Cube-SoM-uGOAL 1.1.0
2023-08-22 21:06:28,340 [INFO] ThirdParty:1030 - CMSIS Pack Vendor :STMicroelectronics X-CUBE-ALS 1.0.1
2023-08-22 21:06:28,340 [INFO] ThirdParty:1030 - CMSIS Pack Vendor :STMicroelectronics ThreadX 1.0.0
2023-08-22 21:06:28,340 [INFO] ThirdParty:1030 - CMSIS Pack Vendor :STMicroelectronics X-CUBE-AZRTOS-WB 1.1.0
2023-08-22 21:06:28,340 [INFO] ThirdParty:1030 - CMSIS Pack Vendor :STMicroelectronics X-CUBE-AZRTOS-WL 2.0.0
2023-08-22 21:06:28,340 [INFO] ThirdParty:1030 - CMSIS Pack Vendor :SEGGER I-CUBE-embOS 1.3.1
2023-08-22 21:06:28,340 [INFO] ThirdParty:1030 - CMSIS Pack Vendor :STMicroelectronics USB_DEVICE 1.0.0
2023-08-22 21:06:28,340 [INFO] ThirdParty:1030 - CMSIS Pack Vendor :STMicroelectronics X-CUBE-AI 8.1.0
2023-08-22 21:06:28,340 [INFO] ThirdParty:1030 - CMSIS Pack Vendor :STMicroelectronics X-CUBE-AZRTOS-L4 2.0.0
2023-08-22 21:06:28,340 [INFO] ThirdParty:1030 - CMSIS Pack Vendor :STMicroelectronics ThreadX 0.0.2
2023-08-22 21:06:28,340 [INFO] ThirdParty:1030 - CMSIS Pack Vendor :WES I-CUBE-Cesium 1.3.0
2023-08-22 21:06:28,340 [INFO] ThirdParty:1030 - CMSIS Pack Vendor :STMicroelectronics FP-ATR-ASTRA1 2.0.0
2023-08-22 21:06:28,341 [INFO] ThirdParty:1030 - CMSIS Pack Vendor :STMicroelectronics lwIP 2.1.2
2023-08-22 21:06:28,341 [INFO] ThirdParty:1030 - CMSIS Pack Vendor :STMicroelectronics X-CUBE-SFXS2LP1 4.0.0
2023-08-22 21:06:28,341 [INFO] ThirdParty:1030 - CMSIS Pack Vendor :STMicroelectronics X-CUBE-BLE2 3.3.0
2023-08-22 21:06:28,342 [INFO] ThirdParty:1030 - CMSIS Pack Vendor :STMicroelectronics PDM2PCM 3.2.0
2023-08-22 21:06:28,342 [INFO] ThirdParty:841 - exiting critical section [change project]
2023-08-22 21:06:28,795 [INFO] PinOutPanel:1499 - setPackage(No Configuration,No Configuration)
2023-08-22 21:06:28,797 [INFO] PinOutPanel:1499 - setPackage(STM32F103C8Tx,LQFP48)
2023-08-22 21:06:29,184 [INFO] UtilMem:75 - Before build in PCC Used Memory: 720388416 Bytes (1073741824)
2023-08-22 21:06:29,755 [INFO] UtilMem:75 - After build in PCC Used Memory: 761805120 Bytes (1073741824)
2023-08-22 21:06:29,791 [INFO] IPUIPlugin:80 - create IPUIPlugin
2023-08-22 21:06:29,791 [INFO] IPUIPlugin:80 - create IPUIPlugin
2023-08-22 21:06:29,791 [INFO] IPUIPlugin:80 - create IPUIPlugin
2023-08-22 21:06:29,791 [INFO] IPUIPlugin:80 - create IPUIPlugin
2023-08-22 21:06:29,791 [INFO] IPUIPlugin:80 - create IPUIPlugin
2023-08-22 21:06:29,792 [INFO] IPUIPlugin:80 - create IPUIPlugin
2023-08-22 21:06:29,792 [INFO] IPUIPlugin:80 - create IPUIPlugin
2023-08-22 21:06:29,792 [INFO] IPUIPlugin:80 - create IPUIPlugin
2023-08-22 21:06:29,792 [INFO] IPUIPlugin:80 - create IPUIPlugin
2023-08-22 21:06:29,792 [INFO] IPUIPlugin:80 - create IPUIPlugin
2023-08-22 21:06:29,793 [INFO] IPUIPlugin:80 - create IPUIPlugin
2023-08-22 21:06:29,793 [INFO] IPUIPlugin:80 - create IPUIPlugin
2023-08-22 21:06:29,793 [INFO] IPUIPlugin:80 - create IPUIPlugin
2023-08-22 21:06:29,794 [INFO] IPUIPlugin:80 - create IPUIPlugin
2023-08-22 21:06:29,794 [INFO] IPUIPlugin:80 - create IPUIPlugin
2023-08-22 21:06:29,794 [INFO] IPUIPlugin:80 - create IPUIPlugin
2023-08-22 21:06:29,795 [INFO] IPUIPlugin:80 - create IPUIPlugin
2023-08-22 21:06:29,795 [INFO] IPUIPlugin:80 - create IPUIPlugin
2023-08-22 21:06:29,795 [INFO] IPUIPlugin:80 - create IPUIPlugin
2023-08-22 21:06:29,796 [INFO] IPUIPlugin:80 - create IPUIPlugin
2023-08-22 21:06:29,796 [INFO] IPUIPlugin:80 - create IPUIPlugin
2023-08-22 21:06:29,797 [INFO] IPUIPlugin:80 - create IPUIPlugin
2023-08-22 21:06:29,798 [INFO] IPUIPlugin:80 - create IPUIPlugin
2023-08-22 21:06:29,798 [INFO] IPUIPlugin:80 - create IPUIPlugin
2023-08-22 21:06:29,799 [INFO] IPUIPlugin:80 - create IPUIPlugin
2023-08-22 21:06:29,800 [INFO] IPUIPlugin:80 - create IPUIPlugin
2023-08-22 21:06:29,800 [INFO] IPUIPlugin:80 - create IPUIPlugin
2023-08-22 21:06:29,849 [INFO] CADModel:165 - CPN selected for project levelSTM32F103C8T6
2023-08-22 21:06:29,850 [INFO] CADModel:114 - Register for checkConnection events
2023-08-22 21:06:29,929 [INFO] OpenFileManager:328 - Restore cursor
2023-08-22 21:06:30,950 [INFO] UtilMem:75 - End SaveConfig() Used Memory: 818428224 Bytes (1073741824)
2023-08-22 21:06:31,163 [INFO] UtilMem:75 - End SaveConfig() Used Memory: 831011136 Bytes (1073741824)
2023-08-22 21:06:31,682 [INFO] BlockDiagram:2759 - set Specific Code input for plugin: NVIC
2023-08-22 21:06:31,682 [INFO] BlockDiagram:2759 - set Specific Code input for plugin: RCC
2023-08-22 21:06:31,686 [INFO] CodeGenerator:799 - code generatio: config db path: C:\ST\STM32CubeIDE_1.13.0\STM32CubeIDE\plugins\com.st.stm32cube.common.mx_6.9.0.202307051724\\db\
2023-08-22 21:06:31,948 [INFO] CodeEngine:255 - oldGeneratedFile, C:\Users\yuhyun97\STM32CubeIDE\workspace_1.13.0\UART\MXTmpFiles\license.tmp_save
2023-08-22 21:06:32,328 [INFO] CodeEngine:279 - Generated code: C:\Users\yuhyun97\STM32CubeIDE\workspace_1.13.0\UART\MXTmpFiles\license.tmp
2023-08-22 21:06:32,371 [INFO] CodeEngine:255 - oldGeneratedFile, C:\Users\yuhyun97\STM32CubeIDE\workspace_1.13.0\UART\Core\Src\stm32f1xx_it.c_save
2023-08-22 21:06:33,365 [INFO] CodeEngine:279 - Generated code: C:\Users\yuhyun97\STM32CubeIDE\workspace_1.13.0\UART\Core\Src\stm32f1xx_it.c
2023-08-22 21:06:33,382 [INFO] CodeEngine:255 - oldGeneratedFile, C:\Users\yuhyun97\STM32CubeIDE\workspace_1.13.0\UART\Core\Inc\stm32f1xx_it.h_save
2023-08-22 21:06:33,635 [INFO] CodeEngine:279 - Generated code: C:\Users\yuhyun97\STM32CubeIDE\workspace_1.13.0\UART\Core\Inc\stm32f1xx_it.h
2023-08-22 21:06:33,702 [INFO] CodeEngine:255 - oldGeneratedFile, C:\Users\yuhyun97\STM32CubeIDE\workspace_1.13.0\UART\Core\Src\stm32f1xx_hal_msp.c_save
2023-08-22 21:06:34,016 [INFO] CodeEngine:279 - Generated code: C:\Users\yuhyun97\STM32CubeIDE\workspace_1.13.0\UART\Core\Src\stm32f1xx_hal_msp.c
2023-08-22 21:06:34,031 [INFO] CodeEngine:255 - oldGeneratedFile, C:\Users\yuhyun97\STM32CubeIDE\workspace_1.13.0\UART\MXTmpFiles\system.tmp_save
2023-08-22 21:06:34,173 [INFO] CodeEngine:279 - Generated code: C:\Users\yuhyun97\STM32CubeIDE\workspace_1.13.0\UART\MXTmpFiles\system.tmp
2023-08-22 21:06:34,201 [INFO] CodeEngine:311 - oldGeneratedFile, C:\Users\yuhyun97\STM32CubeIDE\workspace_1.13.0\UART\Core\Inc\stm32f1xx_hal_conf.h_save
2023-08-22 21:06:34,578 [INFO] CodeEngine:335 - Generated code: C:\Users\yuhyun97\STM32CubeIDE\workspace_1.13.0\UART\Core\Inc\stm32f1xx_hal_conf.h
2023-08-22 21:06:34,667 [INFO] CodeEngine:255 - oldGeneratedFile, C:\Users\yuhyun97\STM32CubeIDE\workspace_1.13.0\UART\Core\Inc\main.h_save
2023-08-22 21:06:34,947 [INFO] CodeEngine:279 - Generated code: C:\Users\yuhyun97\STM32CubeIDE\workspace_1.13.0\UART\Core\Inc\main.h
2023-08-22 21:06:34,963 [INFO] CodeEngine:255 - oldGeneratedFile, C:\Users\yuhyun97\STM32CubeIDE\workspace_1.13.0\UART\Core\Src\main.c_save
2023-08-22 21:06:35,283 [INFO] CodeEngine:279 - Generated code: C:\Users\yuhyun97\STM32CubeIDE\workspace_1.13.0\UART\Core\Src\main.c
2023-08-22 21:06:36,783 [INFO] ProjectBuilder:3064 - Time for Copy HAL[1] : 357mS.
2023-08-22 21:06:36,793 [INFO] ProjectBuilder:4404 - Project Generator version: 4.1.0
2023-08-22 21:06:37,354 [INFO] ConfigFileManager:1457 - The Die is : DIE410
2023-08-22 21:06:37,360 [INFO] ApiDbMcu:507 - Load IP Config File for FATFS
2023-08-22 21:06:37,368 [INFO] ApiDbMcu:507 - Load IP Config File for FREERTOS
2023-08-22 21:06:37,379 [INFO] ApiDbMcu:507 - Load IP Config File for USB_DEVICE
2023-08-22 21:06:47,682 [INFO] ProjectBuilder:4626 - Time for Generating toolchain IDE Files: 10889mS.
2023-08-22 21:06:47,685 [INFO] ProjectBuilder:2935 - Time for Copy CMSIS : 2mS.
2023-08-22 21:06:47,693 [INFO] ProjectBuilder:2935 - Time for Copy CMSIS : 0mS.
2023-08-22 21:06:50,476 [INFO] McuFinderGlobals:76 - Set McuFinderConnectedMode to true
2023-08-22 21:06:50,496 [INFO] ApiDb:448 - Save user favorites file C:\Users\yuhyun97/.stm32cubeide/favorites.mcus.txt: 1 item(s)
2023-08-22 21:06:50,500 [INFO] ApiDb:452 - User favorites MCUs=[STM32F103C8T6]
2023-08-22 21:15:12,966 [INFO] UtilMem:75 - End SaveConfig() Used Memory: 520076288 Bytes (1073741824)
2023-08-22 21:15:19,110 [INFO] UtilMem:75 - End SaveConfig() Used Memory: 538804800 Bytes (1073741824)
2023-08-22 21:15:21,842 [INFO] UtilMem:75 - End SaveConfig() Used Memory: 549884304 Bytes (1073741824)
2023-08-22 21:15:22,414 [INFO] BlockDiagram:2759 - set Specific Code input for plugin: NVIC
2023-08-22 21:15:22,414 [INFO] BlockDiagram:2759 - set Specific Code input for plugin: USART
2023-08-22 21:15:22,414 [INFO] BlockDiagram:2759 - set Specific Code input for plugin: SYS
2023-08-22 21:15:22,415 [INFO] BlockDiagram:2759 - set Specific Code input for plugin: GPIO
2023-08-22 21:15:22,416 [INFO] BlockDiagram:2759 - set Specific Code input for plugin: RCC
2023-08-22 21:15:22,419 [INFO] CodeGenerator:799 - code generatio: config db path: C:\ST\STM32CubeIDE_1.13.0\STM32CubeIDE\plugins\com.st.stm32cube.common.mx_6.9.0.202307051724\\db\
2023-08-22 21:15:22,766 [INFO] CodeEngine:255 - oldGeneratedFile, C:\Users\yuhyun97\STM32CubeIDE\workspace_1.13.0\UART\MXTmpFiles\license.tmp_save
2023-08-22 21:15:22,968 [INFO] CodeEngine:279 - Generated code: C:\Users\yuhyun97\STM32CubeIDE\workspace_1.13.0\UART\MXTmpFiles\license.tmp
2023-08-22 21:15:23,044 [INFO] CodeEngine:255 - oldGeneratedFile, C:\Users\yuhyun97\STM32CubeIDE\workspace_1.13.0\UART\MXTmpFiles\gpio.tmp_save
2023-08-22 21:15:23,410 [INFO] CodeEngine:279 - Generated code: C:\Users\yuhyun97\STM32CubeIDE\workspace_1.13.0\UART\MXTmpFiles\gpio.tmp
2023-08-22 21:15:23,555 [INFO] CodeEngine:255 - oldGeneratedFile, C:\Users\yuhyun97\STM32CubeIDE\workspace_1.13.0\UART\Core\Src\stm32f1xx_it.c_save
2023-08-22 21:15:24,004 [INFO] CodeEngine:279 - Generated code: C:\Users\yuhyun97\STM32CubeIDE\workspace_1.13.0\UART\Core\Src\stm32f1xx_it.c
2023-08-22 21:15:24,022 [INFO] CodeEngine:255 - oldGeneratedFile, C:\Users\yuhyun97\STM32CubeIDE\workspace_1.13.0\UART\Core\Inc\stm32f1xx_it.h_save
2023-08-22 21:15:24,169 [INFO] CodeEngine:279 - Generated code: C:\Users\yuhyun97\STM32CubeIDE\workspace_1.13.0\UART\Core\Inc\stm32f1xx_it.h
2023-08-22 21:15:24,281 [INFO] CodeEngine:255 - oldGeneratedFile, C:\Users\yuhyun97\STM32CubeIDE\workspace_1.13.0\UART\Core\Src\stm32f1xx_hal_msp.c_save
2023-08-22 21:15:24,684 [INFO] CodeEngine:279 - Generated code: C:\Users\yuhyun97\STM32CubeIDE\workspace_1.13.0\UART\Core\Src\stm32f1xx_hal_msp.c
2023-08-22 21:15:24,703 [INFO] CodeEngine:255 - oldGeneratedFile, C:\Users\yuhyun97\STM32CubeIDE\workspace_1.13.0\UART\MXTmpFiles\system.tmp_save
2023-08-22 21:15:24,907 [INFO] CodeEngine:279 - Generated code: C:\Users\yuhyun97\STM32CubeIDE\workspace_1.13.0\UART\MXTmpFiles\system.tmp
2023-08-22 21:15:24,967 [INFO] CodeEngine:311 - oldGeneratedFile, C:\Users\yuhyun97\STM32CubeIDE\workspace_1.13.0\UART\Core\Inc\stm32f1xx_hal_conf.h_save
2023-08-22 21:15:25,214 [INFO] CodeEngine:335 - Generated code: C:\Users\yuhyun97\STM32CubeIDE\workspace_1.13.0\UART\Core\Inc\stm32f1xx_hal_conf.h
2023-08-22 21:15:25,392 [INFO] CodeEngine:255 - oldGeneratedFile, C:\Users\yuhyun97\STM32CubeIDE\workspace_1.13.0\UART\Core\Inc\main.h_save
2023-08-22 21:15:25,628 [INFO] CodeEngine:279 - Generated code: C:\Users\yuhyun97\STM32CubeIDE\workspace_1.13.0\UART\Core\Inc\main.h
2023-08-22 21:15:25,684 [INFO] CodeEngine:255 - oldGeneratedFile, C:\Users\yuhyun97\STM32CubeIDE\workspace_1.13.0\UART\Core\Src\main.c_save
2023-08-22 21:15:26,028 [INFO] CodeEngine:279 - Generated code: C:\Users\yuhyun97\STM32CubeIDE\workspace_1.13.0\UART\Core\Src\main.c
2023-08-22 21:15:27,372 [INFO] ProjectBuilder:3064 - Time for Copy HAL[1] : 401mS.
2023-08-22 21:15:27,382 [INFO] ProjectBuilder:4404 - Project Generator version: 4.1.0
2023-08-22 21:15:27,852 [INFO] ConfigFileManager:1457 - The Die is : DIE410
2023-08-22 21:15:32,049 [INFO] ProjectBuilder:4626 - Time for Generating toolchain IDE Files: 4666mS.
2023-08-22 21:15:32,051 [INFO] ProjectBuilder:2935 - Time for Copy CMSIS : 1mS.
2023-08-22 21:15:32,060 [INFO] ProjectBuilder:2935 - Time for Copy CMSIS : 0mS.
2023-08-22 21:34:32,477 [INFO] UtilMem:75 - End SaveConfig() Used Memory: 620205544 Bytes (1073741824)
2023-08-22 21:34:34,627 [INFO] UtilMem:75 - End SaveConfig() Used Memory: 520457536 Bytes (1073741824)
2023-08-22 21:34:37,974 [INFO] UtilMem:75 - End SaveConfig() Used Memory: 617974832 Bytes (1073741824)
2023-08-22 21:34:38,446 [INFO] BlockDiagram:2759 - set Specific Code input for plugin: NVIC
2023-08-22 21:34:38,447 [INFO] BlockDiagram:2759 - set Specific Code input for plugin: USART
2023-08-22 21:34:38,447 [INFO] BlockDiagram:2759 - set Specific Code input for plugin: SYS
2023-08-22 21:34:38,447 [INFO] BlockDiagram:2759 - set Specific Code input for plugin: GPIO
2023-08-22 21:34:38,447 [INFO] BlockDiagram:2759 - set Specific Code input for plugin: RCC
2023-08-22 21:34:38,450 [INFO] CodeGenerator:799 - code generatio: config db path: C:\ST\STM32CubeIDE_1.13.0\STM32CubeIDE\plugins\com.st.stm32cube.common.mx_6.9.0.202307051724\\db\
2023-08-22 21:34:38,770 [INFO] CodeEngine:255 - oldGeneratedFile, C:\Users\yuhyun97\STM32CubeIDE\workspace_1.13.0\UART\MXTmpFiles\license.tmp_save
2023-08-22 21:34:38,972 [INFO] CodeEngine:279 - Generated code: C:\Users\yuhyun97\STM32CubeIDE\workspace_1.13.0\UART\MXTmpFiles\license.tmp
2023-08-22 21:34:39,058 [INFO] CodeEngine:255 - oldGeneratedFile, C:\Users\yuhyun97\STM32CubeIDE\workspace_1.13.0\UART\MXTmpFiles\gpio.tmp_save
2023-08-22 21:34:39,330 [INFO] CodeEngine:279 - Generated code: C:\Users\yuhyun97\STM32CubeIDE\workspace_1.13.0\UART\MXTmpFiles\gpio.tmp
2023-08-22 21:34:39,535 [INFO] CodeEngine:255 - oldGeneratedFile, C:\Users\yuhyun97\STM32CubeIDE\workspace_1.13.0\UART\Core\Src\stm32f1xx_it.c_save
2023-08-22 21:34:39,859 [INFO] CodeEngine:279 - Generated code: C:\Users\yuhyun97\STM32CubeIDE\workspace_1.13.0\UART\Core\Src\stm32f1xx_it.c
2023-08-22 21:34:39,875 [INFO] CodeEngine:255 - oldGeneratedFile, C:\Users\yuhyun97\STM32CubeIDE\workspace_1.13.0\UART\Core\Inc\stm32f1xx_it.h_save
2023-08-22 21:34:40,032 [INFO] CodeEngine:279 - Generated code: C:\Users\yuhyun97\STM32CubeIDE\workspace_1.13.0\UART\Core\Inc\stm32f1xx_it.h
2023-08-22 21:34:40,097 [INFO] CodeEngine:255 - oldGeneratedFile, C:\Users\yuhyun97\STM32CubeIDE\workspace_1.13.0\UART\Core\Src\stm32f1xx_hal_msp.c_save
2023-08-22 21:34:40,309 [INFO] CodeEngine:279 - Generated code: C:\Users\yuhyun97\STM32CubeIDE\workspace_1.13.0\UART\Core\Src\stm32f1xx_hal_msp.c
2023-08-22 21:34:40,319 [INFO] CodeEngine:255 - oldGeneratedFile, C:\Users\yuhyun97\STM32CubeIDE\workspace_1.13.0\UART\MXTmpFiles\system.tmp_save
2023-08-22 21:34:40,548 [INFO] CodeEngine:279 - Generated code: C:\Users\yuhyun97\STM32CubeIDE\workspace_1.13.0\UART\MXTmpFiles\system.tmp
2023-08-22 21:34:40,659 [INFO] CodeEngine:311 - oldGeneratedFile, C:\Users\yuhyun97\STM32CubeIDE\workspace_1.13.0\UART\Core\Inc\stm32f1xx_hal_conf.h_save
2023-08-22 21:34:40,907 [INFO] CodeEngine:335 - Generated code: C:\Users\yuhyun97\STM32CubeIDE\workspace_1.13.0\UART\Core\Inc\stm32f1xx_hal_conf.h
2023-08-22 21:34:41,101 [INFO] CodeEngine:255 - oldGeneratedFile, C:\Users\yuhyun97\STM32CubeIDE\workspace_1.13.0\UART\Core\Inc\main.h_save
2023-08-22 21:34:41,447 [INFO] CodeEngine:279 - Generated code: C:\Users\yuhyun97\STM32CubeIDE\workspace_1.13.0\UART\Core\Inc\main.h
2023-08-22 21:34:41,499 [INFO] CodeEngine:255 - oldGeneratedFile, C:\Users\yuhyun97\STM32CubeIDE\workspace_1.13.0\UART\Core\Src\main.c_save
2023-08-22 21:34:41,712 [INFO] CodeEngine:279 - Generated code: C:\Users\yuhyun97\STM32CubeIDE\workspace_1.13.0\UART\Core\Src\main.c
2023-08-22 21:34:42,852 [INFO] ProjectBuilder:3064 - Time for Copy HAL[1] : 404mS.
2023-08-22 21:34:42,862 [INFO] ProjectBuilder:4404 - Project Generator version: 4.1.0
2023-08-22 21:34:43,254 [INFO] ConfigFileManager:1457 - The Die is : DIE410
2023-08-22 21:34:46,720 [INFO] ProjectBuilder:4626 - Time for Generating toolchain IDE Files: 3859mS.
2023-08-22 21:34:46,723 [INFO] ProjectBuilder:2935 - Time for Copy CMSIS : 2mS.
2023-08-22 21:34:46,733 [INFO] ProjectBuilder:2935 - Time for Copy CMSIS : 1mS.
2023-08-22 21:46:27,096 [ERROR] LogOutputStream:75 - [STDERR_REDIRECT] 
