2023-08-31 01:08:03,146 [INFO] Activator:176 - 


2023-08-31 01:08:03,159 [INFO] Activator:177 - !SESSION log4j initialized
2023-08-31 01:08:13,586 [INFO] LogOutputStream:77 - [STDOUT_REDIRECT] 
2023-08-31 01:08:22,677 [INFO] ApplicationProperties:184 - Using Application install path: C:\ST\STM32CubeIDE_1.13.0\STM32CubeIDE\plugins\com.st.stm32cube.common.mx_6.9.0.202307051724
2023-08-31 01:08:22,727 [INFO] DbMcusXml:78 - Set database path to: C:\ST\STM32CubeIDE_1.13.0\STM32CubeIDE\plugins\com.st.stm32cube.common.mx_6.9.0.202307051724\\db\/mcu/
2023-08-31 01:08:22,728 [INFO] ApiDb:274 - Set plugin database path to: C:\ST\STM32CubeIDE_1.13.0\STM32CubeIDE\plugins\com.st.stm32cube.common.mx_6.9.0.202307051724\\db\/plugins/boardmanager/
2023-08-31 01:08:22,729 [WARN] ApiDb:259 - Overriding images path with different value:  => C:\ST\STM32CubeIDE_1.13.0\STM32CubeIDE\plugins\com.st.stm32cube.common.mx_6.9.0.202307051724\\db\/plugins/mcufinder/images/
2023-08-31 01:08:22,776 [INFO] ApiDb:250 - Set database path to: C:\Users\yuhyun97\.stmcufinder\plugins\mcufinder//mcu/
2023-08-31 01:08:22,780 [INFO] DbMcusAds:125 - Set database path to: C:\Users\yuhyun97\.stmcufinder\plugins\mcufinder//mcu/
2023-08-31 01:08:22,785 [INFO] CrossReferenceDbSqlite:203 - Set database path to: C:\Users\yuhyun97\.stmcufinder\plugins\mcufinder//mcu/cs/
2023-08-31 01:08:23,175 [INFO] RulesReader:64 - Compatibility file has been processed (293 Rules)
2023-08-31 01:08:23,442 [INFO] DbMcusXml:78 - Set database path to: C:\ST\STM32CubeIDE_1.13.0\STM32CubeIDE\plugins\com.st.stm32cube.common.mx_6.9.0.202307051724\\db\/mcu/
2023-08-31 01:08:23,442 [INFO] ApiDb:274 - Set plugin database path to: C:\ST\STM32CubeIDE_1.13.0\STM32CubeIDE\plugins\com.st.stm32cube.common.mx_6.9.0.202307051724\\db\/plugins/boardmanager/
2023-08-31 01:08:23,442 [INFO] ApiDb:261 - Set plugin images path to: C:\ST\STM32CubeIDE_1.13.0\STM32CubeIDE\plugins\com.st.stm32cube.common.mx_6.9.0.202307051724\\db\/plugins/mcufinder/images/
2023-08-31 01:08:23,443 [WARN] DbFile:41 - Overriding database path with different value: C:\Users\yuhyun97\.stmcufinder\plugins\mcufinder/ => C:\Users\yuhyun97\.stmcufinder\plugins\mcufinder
2023-08-31 01:08:23,443 [INFO] ApiDb:250 - Set database path to: C:\Users\yuhyun97\.stmcufinder\plugins\mcufinder//mcu/
2023-08-31 01:08:23,443 [WARN] DbFile:41 - Overriding database path with different value: C:\Users\yuhyun97\.stmcufinder\plugins\mcufinder/ => C:\Users\yuhyun97\.stmcufinder\plugins\mcufinder
2023-08-31 01:08:23,443 [INFO] DbMcusAds:125 - Set database path to: C:\Users\yuhyun97\.stmcufinder\plugins\mcufinder//mcu/
2023-08-31 01:08:23,443 [WARN] DbFile:41 - Overriding database path with different value: C:\Users\yuhyun97\.stmcufinder\plugins\mcufinder/ => C:\Users\yuhyun97\.stmcufinder\plugins\mcufinder
2023-08-31 01:08:23,443 [WARN] DbFile:41 - Overriding database path with different value: C:\Users\yuhyun97\.stmcufinder\plugins\mcufinder/ => C:\Users\yuhyun97\.stmcufinder\plugins\mcufinder
2023-08-31 01:08:23,444 [INFO] CrossReferenceDbSqlite:203 - Set database path to: C:\Users\yuhyun97\.stmcufinder\plugins\mcufinder//mcu/cs/
2023-08-31 01:08:23,593 [INFO] MainPanel:262 - HeapMemory: 268435456
2023-08-31 01:08:23,739 [INFO] DbMcusXml:78 - Set database path to: C:\ST\STM32CubeIDE_1.13.0\STM32CubeIDE\plugins\com.st.stm32cube.common.mx_6.9.0.202307051724\\db\/mcu/
2023-08-31 01:08:23,740 [INFO] ApiDb:274 - Set plugin database path to: C:\ST\STM32CubeIDE_1.13.0\STM32CubeIDE\plugins\com.st.stm32cube.common.mx_6.9.0.202307051724\\db\/plugins/boardmanager/
2023-08-31 01:08:23,740 [INFO] ApiDb:261 - Set plugin images path to: C:\ST\STM32CubeIDE_1.13.0\STM32CubeIDE\plugins\com.st.stm32cube.common.mx_6.9.0.202307051724\\db\/plugins/mcufinder/images/
2023-08-31 01:08:23,741 [WARN] DbFile:41 - Overriding database path with different value: C:\Users\yuhyun97\.stmcufinder\plugins\mcufinder/ => C:\Users\yuhyun97\.stmcufinder\plugins\mcufinder
2023-08-31 01:08:23,742 [INFO] ApiDb:250 - Set database path to: C:\Users\yuhyun97\.stmcufinder\plugins\mcufinder//mcu/
2023-08-31 01:08:23,742 [WARN] DbFile:41 - Overriding database path with different value: C:\Users\yuhyun97\.stmcufinder\plugins\mcufinder/ => C:\Users\yuhyun97\.stmcufinder\plugins\mcufinder
2023-08-31 01:08:23,742 [INFO] DbMcusAds:125 - Set database path to: C:\Users\yuhyun97\.stmcufinder\plugins\mcufinder//mcu/
2023-08-31 01:08:23,742 [WARN] DbFile:41 - Overriding database path with different value: C:\Users\yuhyun97\.stmcufinder\plugins\mcufinder/ => C:\Users\yuhyun97\.stmcufinder\plugins\mcufinder
2023-08-31 01:08:23,742 [WARN] DbFile:41 - Overriding database path with different value: C:\Users\yuhyun97\.stmcufinder\plugins\mcufinder/ => C:\Users\yuhyun97\.stmcufinder\plugins\mcufinder
2023-08-31 01:08:23,743 [INFO] CrossReferenceDbSqlite:203 - Set database path to: C:\Users\yuhyun97\.stmcufinder\plugins\mcufinder//mcu/cs/
2023-08-31 01:08:23,777 [INFO] ApplicationProperties:184 - Using Application install path: C:\ST\STM32CubeIDE_1.13.0\STM32CubeIDE\plugins\com.st.stm32cube.common.mx_6.9.0.202307051724
2023-08-31 01:08:23,779 [INFO] PluginManage:196 - Search for loadable plugins [exclusion list=, ]
2023-08-31 01:08:23,781 [INFO] PluginManage:310 - Check plugin analytics
2023-08-31 01:08:24,079 [INFO] AnalyticsPlugin:253 - Accepted Software Licenses: 
2023-08-31 01:08:24,079 [INFO] AnalyticsPlugin:255 - Accepted CMSIS Pack Licenses: 
2023-08-31 01:08:24,080 [INFO] AnalyticsPlugin:257 - Accepted Firmware Licenses: 
2023-08-31 01:08:24,086 [INFO] PluginManage:359 - Loaded plugin analytics (category:tool,tabindex:-1)
2023-08-31 01:08:24,087 [INFO] PluginManage:310 - Check plugin cadmodel
2023-08-31 01:08:24,115 [INFO] CADModel:105 - Init CAD model plugin
2023-08-31 01:08:24,115 [INFO] PluginManage:359 - Loaded plugin cadmodel (category:power,tabindex:5)
2023-08-31 01:08:24,116 [INFO] PluginManage:310 - Check plugin clock
2023-08-31 01:08:24,145 [INFO] PluginManage:359 - Loaded plugin clock (category:base,tabindex:2)
2023-08-31 01:08:24,145 [INFO] PluginManage:310 - Check plugin ddr
2023-08-31 01:08:24,149 [INFO] PluginManage:359 - Loaded plugin ddr (category:tool,tabindex:6)
2023-08-31 01:08:24,149 [INFO] PluginManage:310 - Check plugin filemanager
2023-08-31 01:08:24,389 [INFO] PluginManage:359 - Loaded plugin filemanager (category:base,tabindex:10)
2023-08-31 01:08:24,390 [INFO] PluginManage:310 - Check plugin ipmanager
2023-08-31 01:08:24,405 [INFO] PluginManage:359 - Loaded plugin ipmanager (category:base,tabindex:5)
2023-08-31 01:08:24,406 [INFO] PluginManage:310 - Check plugin lpbam
2023-08-31 01:08:24,445 [INFO] PluginManage:359 - Loaded plugin lpbam (category:base,tabindex:0)
2023-08-31 01:08:24,446 [INFO] PluginManage:310 - Check plugin memorymap
2023-08-31 01:08:24,509 [INFO] PluginManage:359 - Loaded plugin memorymap (category:base,tabindex:4)
2023-08-31 01:08:24,509 [INFO] PluginManage:310 - Check plugin pinoutandconfiguration
2023-08-31 01:08:24,555 [INFO] PluginManage:359 - Loaded plugin pinoutandconfiguration (category:base,tabindex:1)
2023-08-31 01:08:24,555 [INFO] PluginManage:310 - Check plugin pinoutconfig
2023-08-31 01:08:24,840 [WARN] SupportedApi:132 - Cannot load RTOS API schema: s4s-elt-must-match.1: The content of 'definitions' must match (annotation?, (simpleType | complexType)?, (unique | key | keyref)*)). A problem was found starting at: attribute.
2023-08-31 01:08:25,083 [INFO] PluginManage:359 - Loaded plugin pinoutconfig (category:base,tabindex:0)
2023-08-31 01:08:25,083 [INFO] PluginManage:310 - Check plugin power
2023-08-31 01:08:25,120 [INFO] PluginManage:359 - Loaded plugin power (category:power,tabindex:4)
2023-08-31 01:08:25,120 [INFO] PluginManage:310 - Check plugin projectmanager
2023-08-31 01:08:25,139 [INFO] PluginManage:359 - Loaded plugin projectmanager (category:projectmanager,tabindex:3)
2023-08-31 01:08:25,139 [INFO] PluginManage:310 - Check plugin thirdparty
2023-08-31 01:08:25,523 [INFO] PluginManage:359 - Loaded plugin thirdparty (category:base,tabindex:-1)
2023-08-31 01:08:25,523 [WARN] IntegrityCheckThread:84 - waiting for thirdparty lock release [integrity check]
2023-08-31 01:08:25,523 [INFO] PluginManage:310 - Check plugin tools
2023-08-31 01:08:25,525 [INFO] IntegrityCheckThread:86 - entering critical section [integrity check]
2023-08-31 01:08:25,525 [INFO] ThirdPartyUpdaterWithRetryManager:70 - Updater plugin not ready yet. [1/15]
2023-08-31 01:08:25,567 [INFO] PluginManage:359 - Loaded plugin tools (category:base,tabindex:7)
2023-08-31 01:08:25,567 [INFO] PluginManage:310 - Check plugin tutovideos
2023-08-31 01:08:25,820 [INFO] PluginManage:359 - Loaded plugin tutovideos (category:base,tabindex:-1)
2023-08-31 01:08:25,820 [INFO] PluginManage:310 - Check plugin updater
2023-08-31 01:08:25,837 [INFO] PluginManage:359 - Loaded plugin updater (category:base,tabindex:12)
2023-08-31 01:08:25,838 [INFO] PluginManage:310 - Check plugin userauth
2023-08-31 01:08:25,846 [INFO] UserAuth:113 - Init User Auth plugin
2023-08-31 01:08:25,846 [INFO] PluginManage:359 - Loaded plugin userauth (category:base,tabindex:14)
2023-08-31 01:08:25,847 [INFO] PluginManage:283 - PluginManage : Loaded plugins [17]
2023-08-31 01:08:26,182 [INFO] PinOutPanel:1499 - setPackage(No Configuration,No Configuration)
2023-08-31 01:08:26,337 [INFO] CADModel:165 - CPN selected for project level
2023-08-31 01:08:26,337 [INFO] CADModel:114 - Register for checkConnection events
2023-08-31 01:08:26,376 [INFO] IPUIPlugin:80 - create IPUIPlugin
2023-08-31 01:08:26,376 [INFO] PluginManager:220 - loadIPPluginJar : add adc
2023-08-31 01:08:26,425 [INFO] IPUIPlugin:80 - create IPUIPlugin
2023-08-31 01:08:26,425 [INFO] PluginManager:220 - loadIPPluginJar : add aes
2023-08-31 01:08:26,472 [INFO] IPUIPlugin:80 - create IPUIPlugin
2023-08-31 01:08:26,472 [INFO] PluginManager:220 - loadIPPluginJar : add can
2023-08-31 01:08:26,498 [INFO] IPUIPlugin:80 - create IPUIPlugin
2023-08-31 01:08:26,499 [INFO] PluginManager:220 - loadIPPluginJar : add comp
2023-08-31 01:08:26,552 [INFO] IPUIPlugin:80 - create IPUIPlugin
2023-08-31 01:08:26,552 [INFO] PluginManager:220 - loadIPPluginJar : add cryp
2023-08-31 01:08:26,594 [INFO] IPUIPlugin:80 - create IPUIPlugin
2023-08-31 01:08:26,595 [INFO] PluginManager:220 - loadIPPluginJar : add dfsdm
2023-08-31 01:08:26,614 [INFO] IPUIPlugin:80 - create IPUIPlugin
2023-08-31 01:08:26,615 [INFO] PluginManager:220 - loadIPPluginJar : add dma
2023-08-31 01:08:26,668 [INFO] IPUIPlugin:80 - create IPUIPlugin
2023-08-31 01:08:26,668 [INFO] PluginManager:220 - loadIPPluginJar : add dma3
2023-08-31 01:08:26,693 [INFO] IPUIPlugin:80 - create IPUIPlugin
2023-08-31 01:08:26,693 [INFO] PluginManager:220 - loadIPPluginJar : add fatfs
2023-08-31 01:08:26,752 [INFO] IPUIPlugin:80 - create IPUIPlugin
2023-08-31 01:08:26,752 [INFO] PluginManager:220 - loadIPPluginJar : add fmc
2023-08-31 01:08:26,771 [INFO] IPUIPlugin:80 - create IPUIPlugin
2023-08-31 01:08:26,772 [INFO] PluginManager:220 - loadIPPluginJar : add freertos
2023-08-31 01:08:26,795 [INFO] IPUIPlugin:80 - create IPUIPlugin
2023-08-31 01:08:26,795 [INFO] PluginManager:220 - loadIPPluginJar : add genericplugin
2023-08-31 01:08:26,897 [INFO] IPUIPlugin:80 - create IPUIPlugin
2023-08-31 01:08:26,898 [INFO] PluginManager:220 - loadIPPluginJar : add gfxmmu
2023-08-31 01:08:27,046 [INFO] IPUIPlugin:80 - create IPUIPlugin
2023-08-31 01:08:27,046 [INFO] PluginManager:220 - loadIPPluginJar : add gic
2023-08-31 01:08:27,063 [INFO] IPUIPlugin:80 - create IPUIPlugin
2023-08-31 01:08:27,063 [INFO] PluginManager:220 - loadIPPluginJar : add gpio
2023-08-31 01:08:27,164 [INFO] IPUIPlugin:80 - create IPUIPlugin
2023-08-31 01:08:27,164 [INFO] PluginManager:220 - loadIPPluginJar : add gtzc
2023-08-31 01:08:27,202 [INFO] IPUIPlugin:80 - create IPUIPlugin
2023-08-31 01:08:27,203 [INFO] PluginManager:220 - loadIPPluginJar : add hash
2023-08-31 01:08:27,263 [INFO] IPUIPlugin:80 - create IPUIPlugin
2023-08-31 01:08:27,263 [INFO] PluginManager:220 - loadIPPluginJar : add i2c
2023-08-31 01:08:27,322 [INFO] IPUIPlugin:80 - create IPUIPlugin
2023-08-31 01:08:27,322 [INFO] PluginManager:220 - loadIPPluginJar : add i2s
2023-08-31 01:08:27,375 [INFO] IPUIPlugin:80 - create IPUIPlugin
2023-08-31 01:08:27,375 [INFO] PluginManager:220 - loadIPPluginJar : add i3c
2023-08-31 01:08:27,501 [INFO] IPUIPlugin:80 - create IPUIPlugin
2023-08-31 01:08:27,502 [INFO] PluginManager:220 - loadIPPluginJar : add ipddr
2023-08-31 01:08:27,621 [INFO] IPUIPlugin:80 - create IPUIPlugin
2023-08-31 01:08:27,621 [INFO] PluginManager:220 - loadIPPluginJar : add linkedlist
2023-08-31 01:08:27,665 [INFO] IPUIPlugin:80 - create IPUIPlugin
2023-08-31 01:08:27,665 [INFO] PluginManager:220 - loadIPPluginJar : add lorawan
2023-08-31 01:08:27,708 [INFO] IPUIPlugin:80 - create IPUIPlugin
2023-08-31 01:08:27,709 [INFO] PluginManager:220 - loadIPPluginJar : add ltdc
2023-08-31 01:08:27,728 [INFO] IPUIPlugin:80 - create IPUIPlugin
2023-08-31 01:08:27,729 [INFO] PluginManager:220 - loadIPPluginJar : add mdma
2023-08-31 01:08:27,745 [INFO] IPUIPlugin:80 - create IPUIPlugin
2023-08-31 01:08:27,745 [INFO] PluginManager:220 - loadIPPluginJar : add nvic
2023-08-31 01:08:27,791 [INFO] IPUIPlugin:80 - create IPUIPlugin
2023-08-31 01:08:27,791 [INFO] PluginManager:220 - loadIPPluginJar : add opamp
2023-08-31 01:08:27,866 [INFO] IPUIPlugin:80 - create IPUIPlugin
2023-08-31 01:08:27,867 [INFO] PluginManager:220 - loadIPPluginJar : add openamp
2023-08-31 01:08:27,927 [INFO] IPUIPlugin:80 - create IPUIPlugin
2023-08-31 01:08:27,928 [INFO] PluginManager:220 - loadIPPluginJar : add pdm2pcm
2023-08-31 01:08:27,949 [INFO] IPUIPlugin:80 - create IPUIPlugin
2023-08-31 01:08:27,952 [INFO] PluginManager:220 - loadIPPluginJar : add plateformsettings
2023-08-31 01:08:27,980 [INFO] IPUIPlugin:80 - create IPUIPlugin
2023-08-31 01:08:27,981 [INFO] PluginManager:220 - loadIPPluginJar : add quadspi
2023-08-31 01:08:27,998 [INFO] IPUIPlugin:80 - create IPUIPlugin
2023-08-31 01:08:27,998 [INFO] PluginManager:220 - loadIPPluginJar : add resmgrutility
2023-08-31 01:08:28,067 [INFO] IPUIPlugin:80 - create IPUIPlugin
2023-08-31 01:08:28,068 [INFO] PluginManager:220 - loadIPPluginJar : add sai
2023-08-31 01:08:28,115 [INFO] IPUIPlugin:80 - create IPUIPlugin
2023-08-31 01:08:28,115 [INFO] PluginManager:220 - loadIPPluginJar : add spi
2023-08-31 01:08:28,180 [INFO] IPUIPlugin:80 - create IPUIPlugin
2023-08-31 01:08:28,180 [INFO] PluginManager:220 - loadIPPluginJar : add stm32_wpan
2023-08-31 01:08:28,212 [INFO] IPUIPlugin:80 - create IPUIPlugin
2023-08-31 01:08:28,212 [INFO] PluginManager:220 - loadIPPluginJar : add tim
2023-08-31 01:08:28,282 [INFO] IPUIPlugin:80 - create IPUIPlugin
2023-08-31 01:08:28,282 [INFO] PluginManager:220 - loadIPPluginJar : add touchsensing
2023-08-31 01:08:28,310 [INFO] IPUIPlugin:80 - create IPUIPlugin
2023-08-31 01:08:28,310 [INFO] PluginManager:220 - loadIPPluginJar : add tracer_emb
2023-08-31 01:08:28,344 [INFO] IPUIPlugin:80 - create IPUIPlugin
2023-08-31 01:08:28,344 [INFO] PluginManager:220 - loadIPPluginJar : add ts
2023-08-31 01:08:28,372 [INFO] IPUIPlugin:80 - create IPUIPlugin
2023-08-31 01:08:28,373 [INFO] PluginManager:220 - loadIPPluginJar : add tsc
2023-08-31 01:08:28,421 [INFO] IPUIPlugin:80 - create IPUIPlugin
2023-08-31 01:08:28,421 [INFO] PluginManager:220 - loadIPPluginJar : add ucpd
2023-08-31 01:08:28,515 [INFO] IPUIPlugin:80 - create IPUIPlugin
2023-08-31 01:08:28,515 [INFO] PluginManager:220 - loadIPPluginJar : add usart
2023-08-31 01:08:28,527 [INFO] ThirdPartyUpdaterWithRetryManager:70 - Updater plugin not ready yet. [2/15]
2023-08-31 01:08:28,599 [INFO] IPUIPlugin:80 - create IPUIPlugin
2023-08-31 01:08:28,599 [INFO] PluginManager:220 - loadIPPluginJar : add usbx
2023-08-31 01:08:28,761 [INFO] CADModel:165 - CPN selected for project level
2023-08-31 01:08:28,761 [INFO] CADModel:114 - Register for checkConnection events
2023-08-31 01:08:28,762 [FATAL] Updater:308 - Updater called before beeing initialized
2023-08-31 01:08:28,762 [ERROR] CADModel:125 - Updater not yet initialized, retry later 
2023-08-31 01:08:28,989 [INFO] CADModel:165 - CPN selected for project level
2023-08-31 01:08:28,989 [INFO] CADModel:114 - Register for checkConnection events
2023-08-31 01:08:28,989 [FATAL] Updater:308 - Updater called before beeing initialized
2023-08-31 01:08:28,989 [ERROR] CADModel:125 - Updater not yet initialized, retry later 
2023-08-31 01:08:28,993 [FATAL] Updater:308 - Updater called before beeing initialized
2023-08-31 01:08:29,173 [FATAL] Updater:308 - Updater called before beeing initialized
2023-08-31 01:08:29,187 [INFO] DbMcusAds:53 - JSON generation date=Tue Mar 07 17:50:55 KST 2023 (1678179055114)
2023-08-31 01:08:29,187 [FATAL] Updater:308 - Updater called before beeing initialized
2023-08-31 01:08:29,284 [WARN] DetailPanel:346 - Failed to get advertising image, set to default
2023-08-31 01:08:29,405 [FATAL] Updater:308 - Updater called before beeing initialized
2023-08-31 01:08:29,407 [FATAL] Updater:308 - Updater called before beeing initialized
2023-08-31 01:08:29,407 [FATAL] Updater:308 - Updater called before beeing initialized
2023-08-31 01:08:29,407 [WARN] DetailPanel:346 - Failed to get advertising image, set to default
2023-08-31 01:08:29,408 [FATAL] Updater:308 - Updater called before beeing initialized
2023-08-31 01:08:29,510 [ERROR] Updater:1120 - MainUpdater not yet initialized. External WinMGr cannot be set.
2023-08-31 01:08:29,524 [INFO] Updater:1056 - Updater Version found : 6.9.0
2023-08-31 01:08:29,547 [INFO] ApplicationProperties:184 - Using Application install path: C:\ST\STM32CubeIDE_1.13.0\STM32CubeIDE\plugins\com.st.stm32cube.common.mx_6.9.0.202307051724
2023-08-31 01:08:30,206 [INFO] MainUpdater:2868 - connection check result : 10
2023-08-31 01:08:30,208 [INFO] MainUpdater:3562 - Updater definition file requires update
2023-08-31 01:08:30,211 [INFO] MainUpdater:285 - Updater Check For Update Now.
2023-08-31 01:08:30,211 [INFO] MicroXplorer:498 - Change Database Version : DB.6.0.90
2023-08-31 01:08:30,237 [INFO] McuFinderGlobals:63 - Set McuFinder mode to 2 (CubeIDE integrated)
2023-08-31 01:08:30,237 [INFO] UserAuth:179 - activating auth plugin
2023-08-31 01:08:30,240 [INFO] UserAuth:393 - Internet connection configuration mode: 1
2023-08-31 01:08:30,273 [INFO] JxBrowserEngine:151 - Initiate JxBrowser Engine with user profile folder
2023-08-31 01:08:30,385 [INFO] ServerAccessManage:473 - Download File updaters.zip
2023-08-31 01:08:30,972 [INFO] FileExtend:240 - Unzip File : updaters.zip
2023-08-31 01:08:30,972 [INFO] FileExtend:255 - Standard Zip Deflate
2023-08-31 01:08:31,535 [WARN] MainUpdater:1189 - Updater busy. Cannot search thirdparties
2023-08-31 01:08:31,540 [INFO] ThirdPartyUpdaterWithRetryManager:96 - Updater plugin is busy. [1/15]
2023-08-31 01:08:32,008 [INFO] ServerAccessManage:473 - Download File PacksControlFlags.xml
2023-08-31 01:08:32,380 [INFO] ServerAccessManage:473 - Download File cubemx.pidx
2023-08-31 01:08:33,729 [INFO] ServerAccessManage:473 - Download File STMicroelectronics.X-CUBE-FREERTOS.pdsc
2023-08-31 01:08:34,073 [INFO] McuFinderGlobals:63 - Set McuFinder mode to 2 (CubeIDE integrated)
2023-08-31 01:08:34,541 [WARN] MainUpdater:1189 - Updater busy. Cannot search thirdparties
2023-08-31 01:08:34,541 [INFO] ThirdPartyUpdaterWithRetryManager:96 - Updater plugin is busy. [2/15]
2023-08-31 01:08:35,970 [INFO] WebApp:157 - Instantiating new browser for Auth
2023-08-31 01:08:36,564 [WARN] PackLoader:240 - Cannot read IP mode file for STMicroelectronics.X-CUBE-FREERTOS.1.1.0
2023-08-31 01:08:36,568 [INFO] PopulateThirdPartyThread:66 - Ending populate Thread
2023-08-31 01:08:36,569 [INFO] ThirdParty:1030 - CMSIS Pack Vendor :STMicroelectronics X-CUBE-FREERTOS 1.1.0
2023-08-31 01:08:36,570 [INFO] LoadServerUpdatesThread:373 - End of LoadServerUpdate Thread
2023-08-31 01:08:36,708 [INFO] CheckServerUpdateThread:120 - End of CheckServer Thread
2023-08-31 01:08:36,722 [INFO] MainUpdater:2868 - connection check result : 10
2023-08-31 01:08:36,770 [INFO] McuFinderGlobals:76 - Set McuFinderConnectedMode to true
2023-08-31 01:08:37,036 [INFO] ServerAccessManage:473 - Download File mcusAds.json._tmp_
2023-08-31 01:08:37,158 [INFO] LoadUrlFilesThread:156 - End of LoadUrlFiles Thread
2023-08-31 01:08:37,397 [INFO] WebApp:753 - Register for checkConnection events
2023-08-31 01:08:37,397 [INFO] WebApp:390 - Apply proxy settings
2023-08-31 01:08:37,398 [INFO] WebApp:475 - Chromium requires no authentication
2023-08-31 01:08:37,410 [INFO] WebApp:418 - Direct internet connection detected
2023-08-31 01:08:37,425 [INFO] ServerAccessManage:473 - Download File cube-finder-db.zip
2023-08-31 01:08:37,545 [WARN] MainUpdater:1189 - Updater busy. Cannot search thirdparties
2023-08-31 01:08:37,545 [INFO] ThirdPartyUpdaterWithRetryManager:96 - Updater plugin is busy. [3/15]
2023-08-31 01:08:37,727 [INFO] WebApp:188 - Starting web application
2023-08-31 01:08:37,728 [INFO] WebApp:520 - Web application path used C:\ST\STM32CubeIDE_1.13.0\STM32CubeIDE\plugins\com.st.stm32cube.common.mx_6.9.0.202307051724\db\plugins\mcufinder\reactClient1\index.html
2023-08-31 01:08:40,546 [WARN] MainUpdater:1189 - Updater busy. Cannot search thirdparties
2023-08-31 01:08:40,546 [INFO] ThirdPartyUpdaterWithRetryManager:96 - Updater plugin is busy. [4/15]
2023-08-31 01:08:41,712 [ERROR] ServerAccessManage:651 - User Cancel Download : cube-finder-db.zip.
2023-08-31 01:08:41,837 [INFO] LoadUrlFilesThread:156 - End of LoadUrlFiles Thread
2023-08-31 01:08:43,186 [INFO] DbMcusAds:53 - JSON generation date=Tue Mar 07 17:50:55 KST 2023 (1678179055114)
2023-08-31 01:08:43,220 [ERROR] TargetSelectorAdapter:267 - Unable to refresh data
2023-08-31 01:08:43,888 [WARN] PackLoader:240 - Cannot read IP mode file for STMicroelectronics.X-CUBE-SMBUS.2.1.0
2023-08-31 01:08:43,912 [INFO] ApiDb:581 - Connected to CubeFinder SQLite database (C:\Users\yuhyun97\.stmcufinder\plugins\mcufinder\mcu\cube-finder-db.db)
2023-08-31 01:08:43,953 [WARN] PackLoader:240 - Cannot read IP mode file for STMicroelectronics.X-CUBE-AZRTOS-F7.1.1.0
2023-08-31 01:08:43,987 [WARN] PackLoader:240 - Cannot read IP mode file for STMicroelectronics.FP-SNS-MOTENV1.4.3.2
2023-08-31 01:08:44,018 [WARN] PackLoader:240 - Cannot read IP mode file for STMicroelectronics.FP-SNS-FLIGHT1.5.0.1
2023-08-31 01:08:44,049 [WARN] PackLoader:240 - Cannot read IP mode file for STMicroelectronics.X-CUBE-BLE1.6.2.4
2023-08-31 01:08:44,060 [WARN] PackLoader:240 - Cannot read IP mode file for STMicroelectronics.FP-SNS-FLIGHT1.5.0.2
2023-08-31 01:08:44,090 [WARN] PackLoader:240 - Cannot read IP mode file for STMicroelectronics.X-CUBE-DISPLAY.3.0.0
2023-08-31 01:08:44,121 [WARN] PackLoader:240 - Cannot read IP mode file for STMicroelectronics.X-CUBE-BLE1.7.0.0
2023-08-31 01:08:44,136 [INFO] ApiDb:668 - CubeFinder database Data Model version=2.1
2023-08-31 01:08:44,136 [INFO] ApiDb:669 - CubeFinder database Configuration version=3.0.37
2023-08-31 01:08:44,137 [INFO] ApiDb:670 - CubeFinder database generation date=2023-08-09 (1691586011)
2023-08-31 01:08:44,137 [INFO] ApiDb:671 - CubeFinder database FW Pack versions=[FP-ATR-ASTRA1_V2.0.0, FP-SNS-FLIGHT1_V5.0.1, FP-SNS-FLIGHT1_V5.0.2, FP-SNS-MOTENV1_V4.3.1, FP-SNS-MOTENV1_V4.3.2, STM32Cube_FW_C0_V1.1.0, STM32Cube_FW_F4_V1.27.1, STM32Cube_FW_F7_V1.17.0, STM32Cube_FW_G0_V1.6.1, STM32Cube_FW_G4_V1.5.1, STM32Cube_FW_H5_V0.5.1, STM32Cube_FW_H5_V1.1.0, STM32Cube_FW_H7_V1.11.0, STM32Cube_FW_L0_V1.12.2, STM32Cube_FW_L5_V1.5.0, STM32Cube_FW_U5_V1.3.0, STM32Cube_FW_U5_V1.3.0RC4, STM32Cube_FW_WBA_V1.0.0RC1, STM32Cube_FW_WBA_V1.1.0, STM32Cube_FW_WBA_V1.1.0RC1, STM32Cube_FW_WB_V1.15.0RC1, STM32Cube_FW_WB_V1.16.0, STM32Cube_FW_WB_V1.16.0RC2, STM32Cube_FW_WB_V1.17.0, STM32Cube_FW_WL_V1.3.0, X-CUBE-ALGOBUILD_V1.3.0, X-CUBE-ALS_V1.0.1, X-CUBE-AZRTOS-F4_V1.1.0, X-CUBE-AZRTOS-F7_V1.1.0, X-CUBE-AZRTOS-G0_V1.1.0, X-CUBE-AZRTOS-G4_V2.0.0, X-CUBE-AZRTOS-H7_V3.1.0, X-CUBE-AZRTOS-L4_V1.0.0, X-CUBE-AZRTOS-L4_V2.0.0, X-CUBE-AZRTOS-L5_V1.1.0, X-CUBE-AZRTOS-WB_V1.1.0, X-CUBE-AZRTOS-WL_V2.0.0, X-CUBE-BLE1_V7.0.0, X-CUBE-BLE2_V3.3.0, X-CUBE-BLEMGR_V2.0.0, X-CUBE-EEPRMA1_V4.1.0, X-CUBE-FREERTOS_V1.1.0, X-CUBE-GNSS1_V6.0.0, X-CUBE-MEMS1_V9.1.0, X-CUBE-MEMS1_V9.4.0, X-CUBE-MEMS1_V9.6.0, X-CUBE-NFC4_V3.0.0, X-CUBE-NFC7_V1.0.0, X-CUBE-SFXS2LP1_V4.0.0, X-CUBE-SUBG2_V5.0.0, X-CUBE-TOF1_V3.3.1]
2023-08-31 01:08:44,151 [WARN] PackLoader:240 - Cannot read IP mode file for emotas.I-CUBE-CANOPEN.1.3.0
2023-08-31 01:08:44,181 [WARN] PackLoader:240 - Cannot read IP mode file for STMicroelectronics.X-CUBE-TOUCHGFX.4.22.0
2023-08-31 01:08:44,225 [INFO] LogOutputStream:77 - [STDOUT_REDIRECT] 1 : Invalid condition id : UX_CORESTACK_Condition cause : null
2023-08-31 01:08:44,227 [INFO] LogOutputStream:77 - [STDOUT_REDIRECT] 1 : Invalid condition id : UX_CORESTACK_Condition cause : null
2023-08-31 01:08:44,230 [INFO] LogOutputStream:77 - [STDOUT_REDIRECT] 1 : Invalid condition id : UX_CORESTACK_Condition cause : null
2023-08-31 01:08:44,233 [INFO] LogOutputStream:77 - [STDOUT_REDIRECT] 1 : Invalid condition id : UX_CORESTACK_Condition cause : null
2023-08-31 01:08:44,234 [INFO] LogOutputStream:77 - [STDOUT_REDIRECT] 1 : Invalid condition id : UX_CORESTACK_Condition cause : null
2023-08-31 01:08:44,241 [WARN] PackLoader:240 - Cannot read IP mode file for STMicroelectronics.X-CUBE-AZRTOS-WL.2.0.0
2023-08-31 01:08:44,273 [WARN] PackLoader:240 - Cannot read IP mode file for WES.I-CUBE-Cesium.1.3.0
2023-08-31 01:08:44,295 [WARN] PackLoader:240 - Cannot read IP mode file for STMicroelectronics.X-CUBE-BLE2.3.3.0
2023-08-31 01:08:44,316 [WARN] PackLoader:240 - Cannot read IP mode file for STMicroelectronics.X-CUBE-ALGOBUILD.1.3.0
2023-08-31 01:08:44,360 [WARN] PackLoader:240 - Cannot read IP mode file for STMicroelectronics.X-CUBE-AZRTOS-G0.1.1.0
2023-08-31 01:08:44,384 [WARN] PackLoader:240 - Cannot read IP mode file for STMicroelectronics.X-CUBE-NFC4.3.0.0
2023-08-31 01:08:44,396 [WARN] PackLoader:240 - Cannot read IP mode file for STMicroelectronics.FP-ATR-SIGFOX1.3.2.0
2023-08-31 01:08:44,413 [INFO] DbBoardsSqlite:226 - include board P-NUCLEO-WB55-NUCLEO as a kit item of type 'Nucleo-64'
2023-08-31 01:08:44,413 [INFO] DbBoardsSqlite:226 - include board P-NUCLEO-WB55-USBDONGLE as a kit item of type 'Nucleo USB Dongle'
2023-08-31 01:08:44,415 [INFO] DbBoardsSqlite:226 - include board STEVAL-IDP005V1 as a kit item of type 'Evaluation Board'
2023-08-31 01:08:44,416 [INFO] DbBoardsSqlite:226 - include board STEVAL-IDP005V2 as a kit item of type 'Evaluation Board'
2023-08-31 01:08:44,451 [WARN] PackLoader:240 - Cannot read IP mode file for SEGGER.I-CUBE-embOS.1.3.1
2023-08-31 01:08:44,531 [WARN] PackLoader:240 - Cannot read IP mode file for STMicroelectronics.X-CUBE-GNSS1.6.0.0
2023-08-31 01:08:44,582 [WARN] PackLoader:240 - Cannot read IP mode file for STMicroelectronics.X-CUBE-AZRTOS-F4.1.1.0
2023-08-31 01:08:44,648 [WARN] PackLoader:240 - Cannot read IP mode file for STMicroelectronics.X-CUBE-AZRTOS-L5.2.0.0
2023-08-31 01:08:44,747 [WARN] PackLoader:240 - Cannot read IP mode file for STMicroelectronics.X-CUBE-MEMS1.9.6.0
2023-08-31 01:08:45,011 [INFO] ApiDb:240 - Found 323 in-development CPN: [B-G473E-ZEST1S, B-WB1M-WPAN1, B-WL5M-SUBG1, NUCLEO-C031C6, NUCLEO-H503RB, NUCLEO-H563ZI, NUCLEO-U545RE-Q, NUCLEO-U5A5ZJ-Q, NUCLEO-WBA52CG, STEVAL-PROTEUS1, STEVAL-SMARTAG2, STEVAL-STWINBX1, STM320518-EVAL, STM32C0116-DK, STM32C011D6Y3TR, STM32C011D6Y6TR, STM32C011F4P3, STM32C011F4P6, STM32C011F4U3, STM32C011F4U6TR, STM32C011F6P3, STM32C011F6P6, STM32C011F6U3, STM32C011F6U6TR, STM32C011J4M3, STM32C011J4M6, STM32C011J6M3, STM32C011J6M6, STM32C0316-DK, STM32C031C4T3, STM32C031C4T6, STM32C031C4U3, STM32C031C4U6, STM32C031C6T3, STM32C031C6T6, STM32C031C6U3, STM32C031C6U6, STM32C031F4P3, STM32C031F4P6, STM32C031F6P3, STM32C031F6P6, STM32C031G4U3, STM32C031G4U6, STM32C031G6U3, STM32C031G6U6, STM32C031K4T3, STM32C031K4T6, STM32C031K4U3, STM32C031K4U6, STM32C031K6T3, STM32C031K6T6, STM32C031K6U3, STM32C031K6U6, STM32G071K8TXN, STM32G071K8UXN, STM32G081GBU6N, STM32G081KBT6N, STM32G081KBUXN, STM32G0B1CCT6N, STM32G0B1KCT6, STM32G0B1NEY6TR, STM32G0B1RCT6N, STM32G0C1CCT6, STM32G0C1CCT6N, STM32G0C1CCU6N, STM32G0C1CET6N, STM32G0C1CEU6N, STM32G0C1KCT6, STM32G0C1NEY6TR, STM32G0C1RCI6N, STM32G0C1RCT6N, STM32G0C1REI6N, STM32G0C1RET6N, STM32G0C1VCI6, STM32G0C1VEI6, STM32G471CCT6, STM32G471CCU6, STM32G471CET3, STM32G471CET6, STM32G471CEU3, STM32G471CEU6, STM32G471MCT6, STM32G471MET3, STM32G471MET6, STM32G471MEY6TR, STM32G471QCT6, STM32G471QET3, STM32G471RCT6, STM32G471RET3, STM32G471RET6, STM32G471VCH6, STM32G471VCI6, STM32G471VCT6, STM32G471VEH3, STM32G471VEH6, STM32G471VEI3, STM32G471VEI6, STM32G471VET3, STM32G471VET6, STM32G474CCT6, STM32H503CBT6, STM32H503CBU6, STM32H503EBY6TR, STM32H503KBU6, STM32H503RBT6, STM32H562AGI6, STM32H562AII6, STM32H562IGK6, STM32H562IGT6, STM32H562IIK6, STM32H562IIT6, STM32H562RGT6, STM32H562RGV6, STM32H562RIT6, STM32H562RIV6, STM32H562VGT6, STM32H562VIT6, STM32H562ZGT6, STM32H562ZIT6, STM32H563AGI6, STM32H563AII3Q, STM32H563AII6, STM32H563IGK6, STM32H563IGT6, STM32H563IIK3Q, STM32H563IIK6, STM32H563IIT3Q, STM32H563IIT6, STM32H563MIY3QTR, STM32H563RGT6, STM32H563RGV6, STM32H563RIT6, STM32H563RIV6, STM32H563VGT6, STM32H563VIT3Q, STM32H563VIT6, STM32H563ZGT6, STM32H563ZIT3Q, STM32H563ZIT6, STM32H573AII3Q, STM32H573AII6, STM32H573I-DK, STM32H573IIK3Q, STM32H573IIK6, STM32H573IIT3Q, STM32H573IIT6, STM32H573MIY3QTR, STM32H573RIT6, STM32H573RIV6, STM32H573VIT3Q, STM32H573VIT6, STM32H573ZIT3Q, STM32H573ZIT6, STM32L4R5QGI6STR, STM32MP131AAE3, STM32MP131AAF3, STM32MP131AAG3, STM32MP131CAE3, STM32MP131CAF3, STM32MP131CAG3, STM32MP131DAE7, STM32MP131DAF7, STM32MP131DAG7, STM32MP131FAE7, STM32MP131FAF7, STM32MP131FAG7, STM32MP133AAE3, STM32MP133AAF3, STM32MP133AAG3, STM32MP133CAE3, STM32MP133CAF3, STM32MP133CAG3, STM32MP133DAE7, STM32MP133DAF7, STM32MP133DAG7, STM32MP133FAE7, STM32MP133FAF7, STM32MP133FAG7, STM32MP135AAE3, STM32MP135AAF3, STM32MP135AAG3, STM32MP135CAE3, STM32MP135CAF3, STM32MP135CAG3, STM32MP135DAE7, STM32MP135DAF7, STM32MP135DAG7, STM32MP135F-DK, STM32MP135FAE7, STM32MP135FAF7, STM32MP135FAF7T, STM32MP135FAF7U, STM32MP135FAG7, STM32U535CBT6, STM32U535CBT6Q, STM32U535CBU6, STM32U535CBU6Q, STM32U535CCT6, STM32U535CCT6Q, STM32U535CCU6, STM32U535CCU6Q, STM32U535CET6, STM32U535CET6Q, STM32U535CEU6, STM32U535CEU6Q, STM32U535JEY6QTR, STM32U535NCY6QTR, STM32U535NEY6QTR, STM32U535RBI6, STM32U535RBI6Q, STM32U535RBT6, STM32U535RBT6Q, STM32U535RCI6, STM32U535RCI6Q, STM32U535RCT6, STM32U535RCT6Q, STM32U535REI6, STM32U535REI6Q, STM32U535RET6, STM32U535RET6Q, STM32U535VCI6, STM32U535VCI6Q, STM32U535VCT6, STM32U535VCT6Q, STM32U535VEI6, STM32U535VEI6Q, STM32U535VET6, STM32U535VET6Q, STM32U545CET6, STM32U545CET6Q, STM32U545CEU6, STM32U545CEU6Q, STM32U545JEY6QTR, STM32U545NEY6QTR, STM32U545REI6, STM32U545REI6Q, STM32U545RET6, STM32U545RET6Q, STM32U545VEI6, STM32U545VEI6Q, STM32U545VET6, STM32U545VET6Q, STM32U595AIH6, STM32U595AIH6Q, STM32U595AJH6, STM32U595AJH6Q, STM32U595QII6, STM32U595QII6Q, STM32U595QJI6, STM32U595QJI6Q, STM32U595RIT6, STM32U595RIT6Q, STM32U595RJT6, STM32U595RJT6Q, STM32U595VIT6, STM32U595VIT6Q, STM32U595VJT6, STM32U595VJT6Q, STM32U595ZIT6, STM32U595ZIT6Q, STM32U595ZIY6QTR, STM32U595ZJT6, STM32U595ZJT6Q, STM32U595ZJY6QTR, STM32U599BJY6QTR, STM32U599NIH6Q, STM32U599NJH6Q, STM32U599VIT6Q, STM32U599VJT6, STM32U599VJT6Q, STM32U599ZIT6Q, STM32U599ZIY6QTR, STM32U599ZJT6Q, STM32U599ZJY6QTR, STM32U5A5AJH6, STM32U5A5AJH6Q, STM32U5A5QJI6, STM32U5A5QJI6Q, STM32U5A5RJT6, STM32U5A5RJT6Q, STM32U5A5VJT6, STM32U5A5VJT6Q, STM32U5A5ZJT6, STM32U5A5ZJT6Q, STM32U5A5ZJY6QTR, STM32U5A9BJY6QTR, STM32U5A9J-DK, STM32U5A9NJH6Q, STM32U5A9VJT6Q, STM32U5A9ZJT6Q, STM32U5A9ZJY6QTR, STM32U5F7VIT6, STM32U5F7VIT6Q, STM32U5F7VJT6, STM32U5F7VJT6Q, STM32U5F9BJY6QTR, STM32U5F9NJH6Q, STM32U5F9VIT6Q, STM32U5F9VJT6Q, STM32U5F9ZIJ6QTR, STM32U5F9ZIT6Q, STM32U5F9ZJJ6QTR, STM32U5F9ZJT6Q, STM32U5G7VJT6, STM32U5G7VJT6Q, STM32U5G9BJY6QTR, STM32U5G9J-DK1, STM32U5G9J-DK2, STM32U5G9NJH6Q, STM32U5G9VJT6Q, STM32U5G9ZJJ6QTR, STM32U5G9ZJT6Q, STM32WB1MMCH6, STM32WBA52CEU6, STM32WBA52CEU6T, STM32WBA52CGU6, STM32WBA52CGU6T, STM32WBA52KEU6, STM32WBA52KEU6T, STM32WBA52KGU6, STM32WBA52KGU6T, STM32WL5MOCH6, STM32WL5MOCH6TR]
2023-08-31 01:08:45,018 [WARN] PackLoader:240 - Cannot read IP mode file for STMicroelectronics.X-CUBE-BLEMGR.2.0.0
2023-08-31 01:08:45,070 [WARN] ConditionMgr:438 - getConditionDescription Invalid condition id : UX DEVICE CLASS RTOS Condition cause : null
2023-08-31 01:08:45,070 [WARN] ConditionMgr:438 - getConditionDescription Invalid condition id : UX DEVICE CLASS RTOS Condition cause : null
2023-08-31 01:08:45,075 [WARN] PackLoader:240 - Cannot read IP mode file for STMicroelectronics.X-CUBE-AZRTOS-H7.3.1.0
2023-08-31 01:08:45,077 [WARN] ConditionMgr:1039 - genDependencies : Invalid condition id : UX DEVICE CLASS RTOS Condition cause : null
2023-08-31 01:08:45,077 [WARN] ConditionMgr:1039 - genDependencies : Invalid condition id : UX DEVICE CLASS RTOS Condition cause : null
2023-08-31 01:08:45,078 [WARN] ConditionMgr:1039 - genDependencies : Invalid condition id : UX DEVICE CLASS RTOS Condition cause : null
2023-08-31 01:08:45,079 [WARN] ConditionMgr:1039 - genDependencies : Invalid condition id : UX DEVICE CLASS RTOS Condition cause : null
2023-08-31 01:08:45,079 [WARN] ConditionMgr:1039 - genDependencies : Invalid condition id : UX DEVICE CLASS RTOS Condition cause : null
2023-08-31 01:08:45,102 [WARN] PackLoader:240 - Cannot read IP mode file for STMicroelectronics.X-CUBE-NFC7.1.0.1
2023-08-31 01:08:45,127 [WARN] PackLoader:240 - Cannot read IP mode file for STMicroelectronics.X-CUBE-EEPRMA1.4.1.0
2023-08-31 01:08:45,152 [WARN] PackLoader:240 - Cannot read IP mode file for STMicroelectronics.X-CUBE-AI.8.1.0
2023-08-31 01:08:45,202 [WARN] ConditionMgr:438 - getConditionDescription Invalid condition id : LAN8742 Phy interface Condition cause : null
2023-08-31 01:08:45,203 [WARN] PackLoader:240 - Cannot read IP mode file for STMicroelectronics.X-CUBE-AZRTOS-L4.2.0.0
2023-08-31 01:08:45,206 [WARN] ConditionMgr:1039 - genDependencies : Invalid condition id : LAN8742 Phy interface Condition cause : null
2023-08-31 01:08:45,207 [WARN] ConditionMgr:1039 - genDependencies : Invalid condition id : LAN8742 Phy interface Condition cause : null
2023-08-31 01:08:45,207 [WARN] ConditionMgr:1039 - genDependencies : Invalid condition id : LAN8742 Phy interface Condition cause : null
2023-08-31 01:08:45,235 [WARN] PackLoader:240 - Cannot read IP mode file for STMicroelectronics.X-CUBE-SFXS2LP1.4.0.0
2023-08-31 01:08:45,254 [WARN] PackLoader:240 - Cannot read IP mode file for STMicroelectronics.X-CUBE-ISPU.1.1.0
2023-08-31 01:08:45,279 [INFO] BoardInfo:880 - No configuration file found for board P-NUCLEO-WB55
2023-08-31 01:08:45,279 [INFO] DbBoards:157 - Kit is not supported: P-NUCLEO-WB55
2023-08-31 01:08:45,290 [INFO] BoardInfo:880 - No configuration file found for board STEVAL-BFA001V1B
2023-08-31 01:08:45,290 [INFO] DbBoards:157 - Kit is not supported: STEVAL-BFA001V1B
2023-08-31 01:08:45,292 [INFO] BoardInfo:880 - No configuration file found for board STEVAL-BFA001V2B
2023-08-31 01:08:45,293 [INFO] DbBoards:157 - Kit is not supported: STEVAL-BFA001V2B
2023-08-31 01:08:45,295 [WARN] ConditionMgr:438 - getConditionDescription Invalid condition id : UX DEVICE CLASS RTOS Condition cause : null
2023-08-31 01:08:45,296 [WARN] ConditionMgr:438 - getConditionDescription Invalid condition id : UX DEVICE CLASS RTOS Condition cause : null
2023-08-31 01:08:45,300 [WARN] PackLoader:240 - Cannot read IP mode file for STMicroelectronics.X-CUBE-AZRTOS-WB.2.0.0
2023-08-31 01:08:45,301 [WARN] ConditionMgr:1039 - genDependencies : Invalid condition id : UX DEVICE CLASS RTOS Condition cause : null
2023-08-31 01:08:45,302 [WARN] ConditionMgr:1039 - genDependencies : Invalid condition id : UX DEVICE CLASS RTOS Condition cause : null
2023-08-31 01:08:45,303 [WARN] ConditionMgr:1039 - genDependencies : Invalid condition id : UX DEVICE CLASS RTOS Condition cause : null
2023-08-31 01:08:45,304 [WARN] ConditionMgr:1039 - genDependencies : Invalid condition id : UX DEVICE CLASS RTOS Condition cause : null
2023-08-31 01:08:45,304 [WARN] ConditionMgr:1039 - genDependencies : Invalid condition id : UX DEVICE CLASS RTOS Condition cause : null
2023-08-31 01:08:45,327 [WARN] PackLoader:240 - Cannot read IP mode file for STMicroelectronics.X-CUBE-FREERTOS.1.0.1
2023-08-31 01:08:45,370 [WARN] PackLoader:240 - Cannot read IP mode file for STMicroelectronics.X-CUBE-AZRTOS-L5.1.1.0
2023-08-31 01:08:45,394 [WARN] PackLoader:240 - Cannot read IP mode file for STMicroelectronics.X-CUBE-AI.8.0.1
2023-08-31 01:08:45,430 [WARN] PackLoader:240 - Cannot read IP mode file for STMicroelectronics.X-CUBE-SUBG2.5.0.0
2023-08-31 01:08:45,473 [WARN] PackLoader:240 - Cannot read IP mode file for STMicroelectronics.X-CUBE-TOF1.3.3.1
2023-08-31 01:08:45,525 [WARN] PackLoader:240 - Cannot read IP mode file for STMicroelectronics.X-CUBE-AZRTOS-G4.2.0.0
2023-08-31 01:08:45,532 [WARN] PackLoader:240 - Cannot read IP mode file for STMicroelectronics.X-CUBE-FREERTOS.1.1.0
2023-08-31 01:08:45,554 [WARN] PackLoader:240 - Cannot read IP mode file for portGmbH.I-Cube-SoM-uGOAL.1.1.0
2023-08-31 01:08:45,580 [INFO] DbBoards:161 - Found 190 boards, 187 are supported
2023-08-31 01:08:45,584 [WARN] PackLoader:240 - Cannot read IP mode file for STMicroelectronics.X-CUBE-ALS.1.0.1
2023-08-31 01:08:45,588 [INFO] ApiDb:668 - CubeFinder database Data Model version=2.1
2023-08-31 01:08:45,588 [INFO] ApiDb:669 - CubeFinder database Configuration version=3.0.37
2023-08-31 01:08:45,588 [INFO] ApiDb:670 - CubeFinder database generation date=2023-08-09 (1691586011)
2023-08-31 01:08:45,588 [INFO] ApiDb:671 - CubeFinder database FW Pack versions=[FP-ATR-ASTRA1_V2.0.0, FP-SNS-FLIGHT1_V5.0.1, FP-SNS-FLIGHT1_V5.0.2, FP-SNS-MOTENV1_V4.3.1, FP-SNS-MOTENV1_V4.3.2, STM32Cube_FW_C0_V1.1.0, STM32Cube_FW_F4_V1.27.1, STM32Cube_FW_F7_V1.17.0, STM32Cube_FW_G0_V1.6.1, STM32Cube_FW_G4_V1.5.1, STM32Cube_FW_H5_V0.5.1, STM32Cube_FW_H5_V1.1.0, STM32Cube_FW_H7_V1.11.0, STM32Cube_FW_L0_V1.12.2, STM32Cube_FW_L5_V1.5.0, STM32Cube_FW_U5_V1.3.0, STM32Cube_FW_U5_V1.3.0RC4, STM32Cube_FW_WBA_V1.0.0RC1, STM32Cube_FW_WBA_V1.1.0, STM32Cube_FW_WBA_V1.1.0RC1, STM32Cube_FW_WB_V1.15.0RC1, STM32Cube_FW_WB_V1.16.0, STM32Cube_FW_WB_V1.16.0RC2, STM32Cube_FW_WB_V1.17.0, STM32Cube_FW_WL_V1.3.0, X-CUBE-ALGOBUILD_V1.3.0, X-CUBE-ALS_V1.0.1, X-CUBE-AZRTOS-F4_V1.1.0, X-CUBE-AZRTOS-F7_V1.1.0, X-CUBE-AZRTOS-G0_V1.1.0, X-CUBE-AZRTOS-G4_V2.0.0, X-CUBE-AZRTOS-H7_V3.1.0, X-CUBE-AZRTOS-L4_V1.0.0, X-CUBE-AZRTOS-L4_V2.0.0, X-CUBE-AZRTOS-L5_V1.1.0, X-CUBE-AZRTOS-WB_V1.1.0, X-CUBE-AZRTOS-WL_V2.0.0, X-CUBE-BLE1_V7.0.0, X-CUBE-BLE2_V3.3.0, X-CUBE-BLEMGR_V2.0.0, X-CUBE-EEPRMA1_V4.1.0, X-CUBE-FREERTOS_V1.1.0, X-CUBE-GNSS1_V6.0.0, X-CUBE-MEMS1_V9.1.0, X-CUBE-MEMS1_V9.4.0, X-CUBE-MEMS1_V9.6.0, X-CUBE-NFC4_V3.0.0, X-CUBE-NFC7_V1.0.0, X-CUBE-SFXS2LP1_V4.0.0, X-CUBE-SUBG2_V5.0.0, X-CUBE-TOF1_V3.3.1]
2023-08-31 01:08:45,628 [WARN] PackLoader:240 - Cannot read IP mode file for STMicroelectronics.X-CUBE-AZRTOS-WB.1.1.0
2023-08-31 01:08:45,640 [WARN] PackLoader:240 - Cannot read IP mode file for STMicroelectronics.FP-ATR-ASTRA1.2.0.0
2023-08-31 01:08:45,641 [INFO] ThirdParty:978 - Integrity check success = true
2023-08-31 01:08:45,641 [INFO] IntegrityCheckThread:100 - exiting critical section [integrity check]
2023-08-31 01:08:45,642 [INFO] IntegrityCheckThread:103 - End integrity checks thread
2023-08-31 01:08:48,368 [INFO] ApiDb:240 - Found 323 in-development CPN: [B-G473E-ZEST1S, B-WB1M-WPAN1, B-WL5M-SUBG1, NUCLEO-C031C6, NUCLEO-H503RB, NUCLEO-H563ZI, NUCLEO-U545RE-Q, NUCLEO-U5A5ZJ-Q, NUCLEO-WBA52CG, STEVAL-PROTEUS1, STEVAL-SMARTAG2, STEVAL-STWINBX1, STM320518-EVAL, STM32C0116-DK, STM32C011D6Y3TR, STM32C011D6Y6TR, STM32C011F4P3, STM32C011F4P6, STM32C011F4U3, STM32C011F4U6TR, STM32C011F6P3, STM32C011F6P6, STM32C011F6U3, STM32C011F6U6TR, STM32C011J4M3, STM32C011J4M6, STM32C011J6M3, STM32C011J6M6, STM32C0316-DK, STM32C031C4T3, STM32C031C4T6, STM32C031C4U3, STM32C031C4U6, STM32C031C6T3, STM32C031C6T6, STM32C031C6U3, STM32C031C6U6, STM32C031F4P3, STM32C031F4P6, STM32C031F6P3, STM32C031F6P6, STM32C031G4U3, STM32C031G4U6, STM32C031G6U3, STM32C031G6U6, STM32C031K4T3, STM32C031K4T6, STM32C031K4U3, STM32C031K4U6, STM32C031K6T3, STM32C031K6T6, STM32C031K6U3, STM32C031K6U6, STM32G071K8TXN, STM32G071K8UXN, STM32G081GBU6N, STM32G081KBT6N, STM32G081KBUXN, STM32G0B1CCT6N, STM32G0B1KCT6, STM32G0B1NEY6TR, STM32G0B1RCT6N, STM32G0C1CCT6, STM32G0C1CCT6N, STM32G0C1CCU6N, STM32G0C1CET6N, STM32G0C1CEU6N, STM32G0C1KCT6, STM32G0C1NEY6TR, STM32G0C1RCI6N, STM32G0C1RCT6N, STM32G0C1REI6N, STM32G0C1RET6N, STM32G0C1VCI6, STM32G0C1VEI6, STM32G471CCT6, STM32G471CCU6, STM32G471CET3, STM32G471CET6, STM32G471CEU3, STM32G471CEU6, STM32G471MCT6, STM32G471MET3, STM32G471MET6, STM32G471MEY6TR, STM32G471QCT6, STM32G471QET3, STM32G471RCT6, STM32G471RET3, STM32G471RET6, STM32G471VCH6, STM32G471VCI6, STM32G471VCT6, STM32G471VEH3, STM32G471VEH6, STM32G471VEI3, STM32G471VEI6, STM32G471VET3, STM32G471VET6, STM32G474CCT6, STM32H503CBT6, STM32H503CBU6, STM32H503EBY6TR, STM32H503KBU6, STM32H503RBT6, STM32H562AGI6, STM32H562AII6, STM32H562IGK6, STM32H562IGT6, STM32H562IIK6, STM32H562IIT6, STM32H562RGT6, STM32H562RGV6, STM32H562RIT6, STM32H562RIV6, STM32H562VGT6, STM32H562VIT6, STM32H562ZGT6, STM32H562ZIT6, STM32H563AGI6, STM32H563AII3Q, STM32H563AII6, STM32H563IGK6, STM32H563IGT6, STM32H563IIK3Q, STM32H563IIK6, STM32H563IIT3Q, STM32H563IIT6, STM32H563MIY3QTR, STM32H563RGT6, STM32H563RGV6, STM32H563RIT6, STM32H563RIV6, STM32H563VGT6, STM32H563VIT3Q, STM32H563VIT6, STM32H563ZGT6, STM32H563ZIT3Q, STM32H563ZIT6, STM32H573AII3Q, STM32H573AII6, STM32H573I-DK, STM32H573IIK3Q, STM32H573IIK6, STM32H573IIT3Q, STM32H573IIT6, STM32H573MIY3QTR, STM32H573RIT6, STM32H573RIV6, STM32H573VIT3Q, STM32H573VIT6, STM32H573ZIT3Q, STM32H573ZIT6, STM32L4R5QGI6STR, STM32MP131AAE3, STM32MP131AAF3, STM32MP131AAG3, STM32MP131CAE3, STM32MP131CAF3, STM32MP131CAG3, STM32MP131DAE7, STM32MP131DAF7, STM32MP131DAG7, STM32MP131FAE7, STM32MP131FAF7, STM32MP131FAG7, STM32MP133AAE3, STM32MP133AAF3, STM32MP133AAG3, STM32MP133CAE3, STM32MP133CAF3, STM32MP133CAG3, STM32MP133DAE7, STM32MP133DAF7, STM32MP133DAG7, STM32MP133FAE7, STM32MP133FAF7, STM32MP133FAG7, STM32MP135AAE3, STM32MP135AAF3, STM32MP135AAG3, STM32MP135CAE3, STM32MP135CAF3, STM32MP135CAG3, STM32MP135DAE7, STM32MP135DAF7, STM32MP135DAG7, STM32MP135F-DK, STM32MP135FAE7, STM32MP135FAF7, STM32MP135FAF7T, STM32MP135FAF7U, STM32MP135FAG7, STM32U535CBT6, STM32U535CBT6Q, STM32U535CBU6, STM32U535CBU6Q, STM32U535CCT6, STM32U535CCT6Q, STM32U535CCU6, STM32U535CCU6Q, STM32U535CET6, STM32U535CET6Q, STM32U535CEU6, STM32U535CEU6Q, STM32U535JEY6QTR, STM32U535NCY6QTR, STM32U535NEY6QTR, STM32U535RBI6, STM32U535RBI6Q, STM32U535RBT6, STM32U535RBT6Q, STM32U535RCI6, STM32U535RCI6Q, STM32U535RCT6, STM32U535RCT6Q, STM32U535REI6, STM32U535REI6Q, STM32U535RET6, STM32U535RET6Q, STM32U535VCI6, STM32U535VCI6Q, STM32U535VCT6, STM32U535VCT6Q, STM32U535VEI6, STM32U535VEI6Q, STM32U535VET6, STM32U535VET6Q, STM32U545CET6, STM32U545CET6Q, STM32U545CEU6, STM32U545CEU6Q, STM32U545JEY6QTR, STM32U545NEY6QTR, STM32U545REI6, STM32U545REI6Q, STM32U545RET6, STM32U545RET6Q, STM32U545VEI6, STM32U545VEI6Q, STM32U545VET6, STM32U545VET6Q, STM32U595AIH6, STM32U595AIH6Q, STM32U595AJH6, STM32U595AJH6Q, STM32U595QII6, STM32U595QII6Q, STM32U595QJI6, STM32U595QJI6Q, STM32U595RIT6, STM32U595RIT6Q, STM32U595RJT6, STM32U595RJT6Q, STM32U595VIT6, STM32U595VIT6Q, STM32U595VJT6, STM32U595VJT6Q, STM32U595ZIT6, STM32U595ZIT6Q, STM32U595ZIY6QTR, STM32U595ZJT6, STM32U595ZJT6Q, STM32U595ZJY6QTR, STM32U599BJY6QTR, STM32U599NIH6Q, STM32U599NJH6Q, STM32U599VIT6Q, STM32U599VJT6, STM32U599VJT6Q, STM32U599ZIT6Q, STM32U599ZIY6QTR, STM32U599ZJT6Q, STM32U599ZJY6QTR, STM32U5A5AJH6, STM32U5A5AJH6Q, STM32U5A5QJI6, STM32U5A5QJI6Q, STM32U5A5RJT6, STM32U5A5RJT6Q, STM32U5A5VJT6, STM32U5A5VJT6Q, STM32U5A5ZJT6, STM32U5A5ZJT6Q, STM32U5A5ZJY6QTR, STM32U5A9BJY6QTR, STM32U5A9J-DK, STM32U5A9NJH6Q, STM32U5A9VJT6Q, STM32U5A9ZJT6Q, STM32U5A9ZJY6QTR, STM32U5F7VIT6, STM32U5F7VIT6Q, STM32U5F7VJT6, STM32U5F7VJT6Q, STM32U5F9BJY6QTR, STM32U5F9NJH6Q, STM32U5F9VIT6Q, STM32U5F9VJT6Q, STM32U5F9ZIJ6QTR, STM32U5F9ZIT6Q, STM32U5F9ZJJ6QTR, STM32U5F9ZJT6Q, STM32U5G7VJT6, STM32U5G7VJT6Q, STM32U5G9BJY6QTR, STM32U5G9J-DK1, STM32U5G9J-DK2, STM32U5G9NJH6Q, STM32U5G9VJT6Q, STM32U5G9ZJJ6QTR, STM32U5G9ZJT6Q, STM32WB1MMCH6, STM32WBA52CEU6, STM32WBA52CEU6T, STM32WBA52CGU6, STM32WBA52CGU6T, STM32WBA52KEU6, STM32WBA52KEU6T, STM32WBA52KGU6, STM32WBA52KGU6T, STM32WL5MOCH6, STM32WL5MOCH6TR]
2023-08-31 01:08:48,377 [INFO] DbMcus:217 - Found 3848 MCUs, 3848 are supported
2023-08-31 01:08:48,386 [INFO] ApiDb:423 - Load user favorites file C:\Users\yuhyun97/.stm32cubeide/favorites.mcus.txt: 1 item(s)
2023-08-31 01:08:48,386 [INFO] ApiDb:427 - User favorites MCUs=[STM32F103C8T6]
2023-08-31 01:08:48,386 [INFO] DbMcus:223 - Set 1 / 1 favorites MCUs
2023-08-31 01:08:48,662 [INFO] ApiDb:414 - User favorites file not found: C:\Users\yuhyun97/.stm32cubeide/favorites.boards.txt
2023-08-31 01:08:48,663 [INFO] DbBoards:190 - Set 0 / 0 favorites Boards
2023-08-31 01:08:48,663 [INFO] McuFinderGlobals:76 - Set McuFinderConnectedMode to true
2023-08-31 01:08:48,672 [INFO] MultiScanPanel:200 - Auto-refresh data requested => check proxy status ongoing
2023-08-31 01:08:48,678 [INFO] FinderPluginLoader:95 - Searching for filters in installed packs
2023-08-31 01:08:50,726 [INFO] LoadUrlFilesThread:185 - End of LoadServerUrlFiles without Thread
2023-08-31 01:08:50,748 [INFO] DetailPanel:341 - Set advertising image to C:/Users/yuhyun97/STM32Cube/Repository/\en.prom-stm32h5-mcu-finder.jpg
2023-08-31 01:08:59,433 [ERROR] LogOutputStream:75 - [STDERR_REDIRECT] SLF4J: Failed to load class "org.slf4j.impl.StaticLoggerBinder".
2023-08-31 01:08:59,433 [ERROR] LogOutputStream:75 - [STDERR_REDIRECT] SLF4J: Defaulting to no-operation (NOP) logger implementation
2023-08-31 01:08:59,435 [ERROR] LogOutputStream:75 - [STDERR_REDIRECT] SLF4J: See http://www.slf4j.org/codes.html#StaticLoggerBinder for further details.
2023-08-31 01:09:05,080 [INFO] McuFinderGlobals:76 - Set McuFinderConnectedMode to true
2023-08-31 01:09:05,962 [INFO] ApiDb:448 - Save user favorites file C:\Users\yuhyun97/.stm32cubeide/favorites.mcus.txt: 1 item(s)
2023-08-31 01:09:05,963 [INFO] ApiDb:452 - User favorites MCUs=[STM32F103C8T6]
2023-08-31 01:09:22,511 [INFO] MainUpdater:2868 - connection check result : 10
2023-08-31 01:09:22,512 [INFO] McuFinderGlobals:76 - Set McuFinderConnectedMode to true
2023-08-31 01:09:22,902 [INFO] ServerAccessManage:473 - Download File mcusAds.json._tmp_
2023-08-31 01:09:23,062 [INFO] LoadUrlFilesThread:156 - End of LoadUrlFiles Thread
2023-08-31 01:09:23,566 [INFO] ServerAccessManage:473 - Download File cube-finder-db.zip
2023-08-31 01:09:31,643 [INFO] FileExtend:240 - Unzip File : cube-finder-db.zip
2023-08-31 01:09:31,644 [INFO] FileExtend:255 - Standard Zip Deflate
2023-08-31 01:09:34,226 [INFO] LoadUrlFilesThread:156 - End of LoadUrlFiles Thread
2023-08-31 01:09:35,427 [INFO] ServerAccessManage:473 - Download File crdb.zip
2023-08-31 01:09:37,091 [INFO] FileExtend:240 - Unzip File : crdb.zip
2023-08-31 01:09:37,092 [INFO] FileExtend:255 - Standard Zip Deflate
2023-08-31 01:09:37,273 [INFO] LoadUrlFilesThread:156 - End of LoadUrlFiles Thread
2023-08-31 01:09:37,483 [INFO] ServerAccessManage:473 - Download File tutoVideoDB.zip
2023-08-31 01:09:37,592 [INFO] FileExtend:240 - Unzip File : tutoVideoDB.zip
2023-08-31 01:09:37,592 [INFO] FileExtend:255 - Standard Zip Deflate
2023-08-31 01:09:37,717 [INFO] LoadUrlFilesThread:156 - End of LoadUrlFiles Thread
2023-08-31 01:09:37,719 [WARN] DbFile:41 - Overriding database path with different value: C:\Users\yuhyun97\.stmcufinder\plugins\mcufinder/ => C:\Users\yuhyun97\.stmcufinder\plugins\mcufinder
2023-08-31 01:09:37,783 [INFO] ServerAccessManage:473 - Download File api_config.json
2023-08-31 01:09:37,893 [INFO] LoadUrlFilesThread:156 - End of LoadUrlFiles Thread
2023-08-31 01:09:37,894 [INFO] DbMcusAds:53 - JSON generation date=Tue Mar 07 17:50:55 KST 2023 (1678179055114)
2023-08-31 01:09:37,903 [INFO] ApiDb:448 - Save user favorites file C:\Users\yuhyun97/.stm32cubeide/favorites.mcus.txt: 1 item(s)
2023-08-31 01:09:37,904 [INFO] ApiDb:452 - User favorites MCUs=[STM32F103C8T6]
2023-08-31 01:09:37,909 [INFO] ApiDb:581 - Connected to CubeFinder SQLite database (C:\Users\yuhyun97\.stmcufinder\plugins\mcufinder\mcu\cube-finder-db.db)
2023-08-31 01:09:38,044 [INFO] ApiDb:668 - CubeFinder database Data Model version=2.1
2023-08-31 01:09:38,044 [INFO] ApiDb:669 - CubeFinder database Configuration version=3.0.37
2023-08-31 01:09:38,044 [INFO] ApiDb:670 - CubeFinder database generation date=2023-08-09 (1691586011)
2023-08-31 01:09:38,044 [INFO] ApiDb:671 - CubeFinder database FW Pack versions=[FP-ATR-ASTRA1_V2.0.0, FP-SNS-FLIGHT1_V5.0.1, FP-SNS-FLIGHT1_V5.0.2, FP-SNS-MOTENV1_V4.3.1, FP-SNS-MOTENV1_V4.3.2, STM32Cube_FW_C0_V1.1.0, STM32Cube_FW_F4_V1.27.1, STM32Cube_FW_F7_V1.17.0, STM32Cube_FW_G0_V1.6.1, STM32Cube_FW_G4_V1.5.1, STM32Cube_FW_H5_V0.5.1, STM32Cube_FW_H5_V1.1.0, STM32Cube_FW_H7_V1.11.0, STM32Cube_FW_L0_V1.12.2, STM32Cube_FW_L5_V1.5.0, STM32Cube_FW_U5_V1.3.0, STM32Cube_FW_U5_V1.3.0RC4, STM32Cube_FW_WBA_V1.0.0RC1, STM32Cube_FW_WBA_V1.1.0, STM32Cube_FW_WBA_V1.1.0RC1, STM32Cube_FW_WB_V1.15.0RC1, STM32Cube_FW_WB_V1.16.0, STM32Cube_FW_WB_V1.16.0RC2, STM32Cube_FW_WB_V1.17.0, STM32Cube_FW_WL_V1.3.0, X-CUBE-ALGOBUILD_V1.3.0, X-CUBE-ALS_V1.0.1, X-CUBE-AZRTOS-F4_V1.1.0, X-CUBE-AZRTOS-F7_V1.1.0, X-CUBE-AZRTOS-G0_V1.1.0, X-CUBE-AZRTOS-G4_V2.0.0, X-CUBE-AZRTOS-H7_V3.1.0, X-CUBE-AZRTOS-L4_V1.0.0, X-CUBE-AZRTOS-L4_V2.0.0, X-CUBE-AZRTOS-L5_V1.1.0, X-CUBE-AZRTOS-WB_V1.1.0, X-CUBE-AZRTOS-WL_V2.0.0, X-CUBE-BLE1_V7.0.0, X-CUBE-BLE2_V3.3.0, X-CUBE-BLEMGR_V2.0.0, X-CUBE-EEPRMA1_V4.1.0, X-CUBE-FREERTOS_V1.1.0, X-CUBE-GNSS1_V6.0.0, X-CUBE-MEMS1_V9.1.0, X-CUBE-MEMS1_V9.4.0, X-CUBE-MEMS1_V9.6.0, X-CUBE-NFC4_V3.0.0, X-CUBE-NFC7_V1.0.0, X-CUBE-SFXS2LP1_V4.0.0, X-CUBE-SUBG2_V5.0.0, X-CUBE-TOF1_V3.3.1]
2023-08-31 01:09:42,225 [INFO] ApiDb:240 - Found 323 in-development CPN: [B-G473E-ZEST1S, B-WB1M-WPAN1, B-WL5M-SUBG1, NUCLEO-C031C6, NUCLEO-H503RB, NUCLEO-H563ZI, NUCLEO-U545RE-Q, NUCLEO-U5A5ZJ-Q, NUCLEO-WBA52CG, STEVAL-PROTEUS1, STEVAL-SMARTAG2, STEVAL-STWINBX1, STM320518-EVAL, STM32C0116-DK, STM32C011D6Y3TR, STM32C011D6Y6TR, STM32C011F4P3, STM32C011F4P6, STM32C011F4U3, STM32C011F4U6TR, STM32C011F6P3, STM32C011F6P6, STM32C011F6U3, STM32C011F6U6TR, STM32C011J4M3, STM32C011J4M6, STM32C011J6M3, STM32C011J6M6, STM32C0316-DK, STM32C031C4T3, STM32C031C4T6, STM32C031C4U3, STM32C031C4U6, STM32C031C6T3, STM32C031C6T6, STM32C031C6U3, STM32C031C6U6, STM32C031F4P3, STM32C031F4P6, STM32C031F6P3, STM32C031F6P6, STM32C031G4U3, STM32C031G4U6, STM32C031G6U3, STM32C031G6U6, STM32C031K4T3, STM32C031K4T6, STM32C031K4U3, STM32C031K4U6, STM32C031K6T3, STM32C031K6T6, STM32C031K6U3, STM32C031K6U6, STM32G071K8TXN, STM32G071K8UXN, STM32G081GBU6N, STM32G081KBT6N, STM32G081KBUXN, STM32G0B1CCT6N, STM32G0B1KCT6, STM32G0B1NEY6TR, STM32G0B1RCT6N, STM32G0C1CCT6, STM32G0C1CCT6N, STM32G0C1CCU6N, STM32G0C1CET6N, STM32G0C1CEU6N, STM32G0C1KCT6, STM32G0C1NEY6TR, STM32G0C1RCI6N, STM32G0C1RCT6N, STM32G0C1REI6N, STM32G0C1RET6N, STM32G0C1VCI6, STM32G0C1VEI6, STM32G471CCT6, STM32G471CCU6, STM32G471CET3, STM32G471CET6, STM32G471CEU3, STM32G471CEU6, STM32G471MCT6, STM32G471MET3, STM32G471MET6, STM32G471MEY6TR, STM32G471QCT6, STM32G471QET3, STM32G471RCT6, STM32G471RET3, STM32G471RET6, STM32G471VCH6, STM32G471VCI6, STM32G471VCT6, STM32G471VEH3, STM32G471VEH6, STM32G471VEI3, STM32G471VEI6, STM32G471VET3, STM32G471VET6, STM32G474CCT6, STM32H503CBT6, STM32H503CBU6, STM32H503EBY6TR, STM32H503KBU6, STM32H503RBT6, STM32H562AGI6, STM32H562AII6, STM32H562IGK6, STM32H562IGT6, STM32H562IIK6, STM32H562IIT6, STM32H562RGT6, STM32H562RGV6, STM32H562RIT6, STM32H562RIV6, STM32H562VGT6, STM32H562VIT6, STM32H562ZGT6, STM32H562ZIT6, STM32H563AGI6, STM32H563AII3Q, STM32H563AII6, STM32H563IGK6, STM32H563IGT6, STM32H563IIK3Q, STM32H563IIK6, STM32H563IIT3Q, STM32H563IIT6, STM32H563MIY3QTR, STM32H563RGT6, STM32H563RGV6, STM32H563RIT6, STM32H563RIV6, STM32H563VGT6, STM32H563VIT3Q, STM32H563VIT6, STM32H563ZGT6, STM32H563ZIT3Q, STM32H563ZIT6, STM32H573AII3Q, STM32H573AII6, STM32H573I-DK, STM32H573IIK3Q, STM32H573IIK6, STM32H573IIT3Q, STM32H573IIT6, STM32H573MIY3QTR, STM32H573RIT6, STM32H573RIV6, STM32H573VIT3Q, STM32H573VIT6, STM32H573ZIT3Q, STM32H573ZIT6, STM32L4R5QGI6STR, STM32MP131AAE3, STM32MP131AAF3, STM32MP131AAG3, STM32MP131CAE3, STM32MP131CAF3, STM32MP131CAG3, STM32MP131DAE7, STM32MP131DAF7, STM32MP131DAG7, STM32MP131FAE7, STM32MP131FAF7, STM32MP131FAG7, STM32MP133AAE3, STM32MP133AAF3, STM32MP133AAG3, STM32MP133CAE3, STM32MP133CAF3, STM32MP133CAG3, STM32MP133DAE7, STM32MP133DAF7, STM32MP133DAG7, STM32MP133FAE7, STM32MP133FAF7, STM32MP133FAG7, STM32MP135AAE3, STM32MP135AAF3, STM32MP135AAG3, STM32MP135CAE3, STM32MP135CAF3, STM32MP135CAG3, STM32MP135DAE7, STM32MP135DAF7, STM32MP135DAG7, STM32MP135F-DK, STM32MP135FAE7, STM32MP135FAF7, STM32MP135FAF7T, STM32MP135FAF7U, STM32MP135FAG7, STM32U535CBT6, STM32U535CBT6Q, STM32U535CBU6, STM32U535CBU6Q, STM32U535CCT6, STM32U535CCT6Q, STM32U535CCU6, STM32U535CCU6Q, STM32U535CET6, STM32U535CET6Q, STM32U535CEU6, STM32U535CEU6Q, STM32U535JEY6QTR, STM32U535NCY6QTR, STM32U535NEY6QTR, STM32U535RBI6, STM32U535RBI6Q, STM32U535RBT6, STM32U535RBT6Q, STM32U535RCI6, STM32U535RCI6Q, STM32U535RCT6, STM32U535RCT6Q, STM32U535REI6, STM32U535REI6Q, STM32U535RET6, STM32U535RET6Q, STM32U535VCI6, STM32U535VCI6Q, STM32U535VCT6, STM32U535VCT6Q, STM32U535VEI6, STM32U535VEI6Q, STM32U535VET6, STM32U535VET6Q, STM32U545CET6, STM32U545CET6Q, STM32U545CEU6, STM32U545CEU6Q, STM32U545JEY6QTR, STM32U545NEY6QTR, STM32U545REI6, STM32U545REI6Q, STM32U545RET6, STM32U545RET6Q, STM32U545VEI6, STM32U545VEI6Q, STM32U545VET6, STM32U545VET6Q, STM32U595AIH6, STM32U595AIH6Q, STM32U595AJH6, STM32U595AJH6Q, STM32U595QII6, STM32U595QII6Q, STM32U595QJI6, STM32U595QJI6Q, STM32U595RIT6, STM32U595RIT6Q, STM32U595RJT6, STM32U595RJT6Q, STM32U595VIT6, STM32U595VIT6Q, STM32U595VJT6, STM32U595VJT6Q, STM32U595ZIT6, STM32U595ZIT6Q, STM32U595ZIY6QTR, STM32U595ZJT6, STM32U595ZJT6Q, STM32U595ZJY6QTR, STM32U599BJY6QTR, STM32U599NIH6Q, STM32U599NJH6Q, STM32U599VIT6Q, STM32U599VJT6, STM32U599VJT6Q, STM32U599ZIT6Q, STM32U599ZIY6QTR, STM32U599ZJT6Q, STM32U599ZJY6QTR, STM32U5A5AJH6, STM32U5A5AJH6Q, STM32U5A5QJI6, STM32U5A5QJI6Q, STM32U5A5RJT6, STM32U5A5RJT6Q, STM32U5A5VJT6, STM32U5A5VJT6Q, STM32U5A5ZJT6, STM32U5A5ZJT6Q, STM32U5A5ZJY6QTR, STM32U5A9BJY6QTR, STM32U5A9J-DK, STM32U5A9NJH6Q, STM32U5A9VJT6Q, STM32U5A9ZJT6Q, STM32U5A9ZJY6QTR, STM32U5F7VIT6, STM32U5F7VIT6Q, STM32U5F7VJT6, STM32U5F7VJT6Q, STM32U5F9BJY6QTR, STM32U5F9NJH6Q, STM32U5F9VIT6Q, STM32U5F9VJT6Q, STM32U5F9ZIJ6QTR, STM32U5F9ZIT6Q, STM32U5F9ZJJ6QTR, STM32U5F9ZJT6Q, STM32U5G7VJT6, STM32U5G7VJT6Q, STM32U5G9BJY6QTR, STM32U5G9J-DK1, STM32U5G9J-DK2, STM32U5G9NJH6Q, STM32U5G9VJT6Q, STM32U5G9ZJJ6QTR, STM32U5G9ZJT6Q, STM32WB1MMCH6, STM32WBA52CEU6, STM32WBA52CEU6T, STM32WBA52CGU6, STM32WBA52CGU6T, STM32WBA52KEU6, STM32WBA52KEU6T, STM32WBA52KGU6, STM32WBA52KGU6T, STM32WL5MOCH6, STM32WL5MOCH6TR]
2023-08-31 01:09:42,231 [INFO] DbMcus:217 - Found 3848 MCUs, 3848 are supported
2023-08-31 01:09:42,232 [INFO] ApiDb:423 - Load user favorites file C:\Users\yuhyun97/.stm32cubeide/favorites.mcus.txt: 1 item(s)
2023-08-31 01:09:42,232 [INFO] ApiDb:427 - User favorites MCUs=[STM32F103C8T6]
2023-08-31 01:09:42,232 [INFO] DbMcus:223 - Set 1 / 1 favorites MCUs
2023-08-31 01:09:42,716 [INFO] ApiDb:448 - Save user favorites file C:\Users\yuhyun97/.stm32cubeide/favorites.boards.txt: 0 item(s)
2023-08-31 01:09:42,716 [INFO] ApiDb:452 - User favorites Boards=[]
2023-08-31 01:09:42,719 [INFO] ApiDb:581 - Connected to CubeFinder SQLite database (C:\Users\yuhyun97\.stmcufinder\plugins\mcufinder\mcu\cube-finder-db.db)
2023-08-31 01:09:42,820 [INFO] ApiDb:668 - CubeFinder database Data Model version=2.1
2023-08-31 01:09:42,820 [INFO] ApiDb:669 - CubeFinder database Configuration version=3.0.37
2023-08-31 01:09:42,821 [INFO] ApiDb:670 - CubeFinder database generation date=2023-08-09 (1691586011)
2023-08-31 01:09:42,821 [INFO] ApiDb:671 - CubeFinder database FW Pack versions=[FP-ATR-ASTRA1_V2.0.0, FP-SNS-FLIGHT1_V5.0.1, FP-SNS-FLIGHT1_V5.0.2, FP-SNS-MOTENV1_V4.3.1, FP-SNS-MOTENV1_V4.3.2, STM32Cube_FW_C0_V1.1.0, STM32Cube_FW_F4_V1.27.1, STM32Cube_FW_F7_V1.17.0, STM32Cube_FW_G0_V1.6.1, STM32Cube_FW_G4_V1.5.1, STM32Cube_FW_H5_V0.5.1, STM32Cube_FW_H5_V1.1.0, STM32Cube_FW_H7_V1.11.0, STM32Cube_FW_L0_V1.12.2, STM32Cube_FW_L5_V1.5.0, STM32Cube_FW_U5_V1.3.0, STM32Cube_FW_U5_V1.3.0RC4, STM32Cube_FW_WBA_V1.0.0RC1, STM32Cube_FW_WBA_V1.1.0, STM32Cube_FW_WBA_V1.1.0RC1, STM32Cube_FW_WB_V1.15.0RC1, STM32Cube_FW_WB_V1.16.0, STM32Cube_FW_WB_V1.16.0RC2, STM32Cube_FW_WB_V1.17.0, STM32Cube_FW_WL_V1.3.0, X-CUBE-ALGOBUILD_V1.3.0, X-CUBE-ALS_V1.0.1, X-CUBE-AZRTOS-F4_V1.1.0, X-CUBE-AZRTOS-F7_V1.1.0, X-CUBE-AZRTOS-G0_V1.1.0, X-CUBE-AZRTOS-G4_V2.0.0, X-CUBE-AZRTOS-H7_V3.1.0, X-CUBE-AZRTOS-L4_V1.0.0, X-CUBE-AZRTOS-L4_V2.0.0, X-CUBE-AZRTOS-L5_V1.1.0, X-CUBE-AZRTOS-WB_V1.1.0, X-CUBE-AZRTOS-WL_V2.0.0, X-CUBE-BLE1_V7.0.0, X-CUBE-BLE2_V3.3.0, X-CUBE-BLEMGR_V2.0.0, X-CUBE-EEPRMA1_V4.1.0, X-CUBE-FREERTOS_V1.1.0, X-CUBE-GNSS1_V6.0.0, X-CUBE-MEMS1_V9.1.0, X-CUBE-MEMS1_V9.4.0, X-CUBE-MEMS1_V9.6.0, X-CUBE-NFC4_V3.0.0, X-CUBE-NFC7_V1.0.0, X-CUBE-SFXS2LP1_V4.0.0, X-CUBE-SUBG2_V5.0.0, X-CUBE-TOF1_V3.3.1]
2023-08-31 01:09:42,899 [INFO] DbBoardsSqlite:226 - include board P-NUCLEO-WB55-NUCLEO as a kit item of type 'Nucleo-64'
2023-08-31 01:09:42,900 [INFO] DbBoardsSqlite:226 - include board P-NUCLEO-WB55-USBDONGLE as a kit item of type 'Nucleo USB Dongle'
2023-08-31 01:09:42,900 [INFO] DbBoardsSqlite:226 - include board STEVAL-IDP005V1 as a kit item of type 'Evaluation Board'
2023-08-31 01:09:42,900 [INFO] DbBoardsSqlite:226 - include board STEVAL-IDP005V2 as a kit item of type 'Evaluation Board'
2023-08-31 01:09:42,980 [INFO] ApiDb:240 - Found 323 in-development CPN: [B-G473E-ZEST1S, B-WB1M-WPAN1, B-WL5M-SUBG1, NUCLEO-C031C6, NUCLEO-H503RB, NUCLEO-H563ZI, NUCLEO-U545RE-Q, NUCLEO-U5A5ZJ-Q, NUCLEO-WBA52CG, STEVAL-PROTEUS1, STEVAL-SMARTAG2, STEVAL-STWINBX1, STM320518-EVAL, STM32C0116-DK, STM32C011D6Y3TR, STM32C011D6Y6TR, STM32C011F4P3, STM32C011F4P6, STM32C011F4U3, STM32C011F4U6TR, STM32C011F6P3, STM32C011F6P6, STM32C011F6U3, STM32C011F6U6TR, STM32C011J4M3, STM32C011J4M6, STM32C011J6M3, STM32C011J6M6, STM32C0316-DK, STM32C031C4T3, STM32C031C4T6, STM32C031C4U3, STM32C031C4U6, STM32C031C6T3, STM32C031C6T6, STM32C031C6U3, STM32C031C6U6, STM32C031F4P3, STM32C031F4P6, STM32C031F6P3, STM32C031F6P6, STM32C031G4U3, STM32C031G4U6, STM32C031G6U3, STM32C031G6U6, STM32C031K4T3, STM32C031K4T6, STM32C031K4U3, STM32C031K4U6, STM32C031K6T3, STM32C031K6T6, STM32C031K6U3, STM32C031K6U6, STM32G071K8TXN, STM32G071K8UXN, STM32G081GBU6N, STM32G081KBT6N, STM32G081KBUXN, STM32G0B1CCT6N, STM32G0B1KCT6, STM32G0B1NEY6TR, STM32G0B1RCT6N, STM32G0C1CCT6, STM32G0C1CCT6N, STM32G0C1CCU6N, STM32G0C1CET6N, STM32G0C1CEU6N, STM32G0C1KCT6, STM32G0C1NEY6TR, STM32G0C1RCI6N, STM32G0C1RCT6N, STM32G0C1REI6N, STM32G0C1RET6N, STM32G0C1VCI6, STM32G0C1VEI6, STM32G471CCT6, STM32G471CCU6, STM32G471CET3, STM32G471CET6, STM32G471CEU3, STM32G471CEU6, STM32G471MCT6, STM32G471MET3, STM32G471MET6, STM32G471MEY6TR, STM32G471QCT6, STM32G471QET3, STM32G471RCT6, STM32G471RET3, STM32G471RET6, STM32G471VCH6, STM32G471VCI6, STM32G471VCT6, STM32G471VEH3, STM32G471VEH6, STM32G471VEI3, STM32G471VEI6, STM32G471VET3, STM32G471VET6, STM32G474CCT6, STM32H503CBT6, STM32H503CBU6, STM32H503EBY6TR, STM32H503KBU6, STM32H503RBT6, STM32H562AGI6, STM32H562AII6, STM32H562IGK6, STM32H562IGT6, STM32H562IIK6, STM32H562IIT6, STM32H562RGT6, STM32H562RGV6, STM32H562RIT6, STM32H562RIV6, STM32H562VGT6, STM32H562VIT6, STM32H562ZGT6, STM32H562ZIT6, STM32H563AGI6, STM32H563AII3Q, STM32H563AII6, STM32H563IGK6, STM32H563IGT6, STM32H563IIK3Q, STM32H563IIK6, STM32H563IIT3Q, STM32H563IIT6, STM32H563MIY3QTR, STM32H563RGT6, STM32H563RGV6, STM32H563RIT6, STM32H563RIV6, STM32H563VGT6, STM32H563VIT3Q, STM32H563VIT6, STM32H563ZGT6, STM32H563ZIT3Q, STM32H563ZIT6, STM32H573AII3Q, STM32H573AII6, STM32H573I-DK, STM32H573IIK3Q, STM32H573IIK6, STM32H573IIT3Q, STM32H573IIT6, STM32H573MIY3QTR, STM32H573RIT6, STM32H573RIV6, STM32H573VIT3Q, STM32H573VIT6, STM32H573ZIT3Q, STM32H573ZIT6, STM32L4R5QGI6STR, STM32MP131AAE3, STM32MP131AAF3, STM32MP131AAG3, STM32MP131CAE3, STM32MP131CAF3, STM32MP131CAG3, STM32MP131DAE7, STM32MP131DAF7, STM32MP131DAG7, STM32MP131FAE7, STM32MP131FAF7, STM32MP131FAG7, STM32MP133AAE3, STM32MP133AAF3, STM32MP133AAG3, STM32MP133CAE3, STM32MP133CAF3, STM32MP133CAG3, STM32MP133DAE7, STM32MP133DAF7, STM32MP133DAG7, STM32MP133FAE7, STM32MP133FAF7, STM32MP133FAG7, STM32MP135AAE3, STM32MP135AAF3, STM32MP135AAG3, STM32MP135CAE3, STM32MP135CAF3, STM32MP135CAG3, STM32MP135DAE7, STM32MP135DAF7, STM32MP135DAG7, STM32MP135F-DK, STM32MP135FAE7, STM32MP135FAF7, STM32MP135FAF7T, STM32MP135FAF7U, STM32MP135FAG7, STM32U535CBT6, STM32U535CBT6Q, STM32U535CBU6, STM32U535CBU6Q, STM32U535CCT6, STM32U535CCT6Q, STM32U535CCU6, STM32U535CCU6Q, STM32U535CET6, STM32U535CET6Q, STM32U535CEU6, STM32U535CEU6Q, STM32U535JEY6QTR, STM32U535NCY6QTR, STM32U535NEY6QTR, STM32U535RBI6, STM32U535RBI6Q, STM32U535RBT6, STM32U535RBT6Q, STM32U535RCI6, STM32U535RCI6Q, STM32U535RCT6, STM32U535RCT6Q, STM32U535REI6, STM32U535REI6Q, STM32U535RET6, STM32U535RET6Q, STM32U535VCI6, STM32U535VCI6Q, STM32U535VCT6, STM32U535VCT6Q, STM32U535VEI6, STM32U535VEI6Q, STM32U535VET6, STM32U535VET6Q, STM32U545CET6, STM32U545CET6Q, STM32U545CEU6, STM32U545CEU6Q, STM32U545JEY6QTR, STM32U545NEY6QTR, STM32U545REI6, STM32U545REI6Q, STM32U545RET6, STM32U545RET6Q, STM32U545VEI6, STM32U545VEI6Q, STM32U545VET6, STM32U545VET6Q, STM32U595AIH6, STM32U595AIH6Q, STM32U595AJH6, STM32U595AJH6Q, STM32U595QII6, STM32U595QII6Q, STM32U595QJI6, STM32U595QJI6Q, STM32U595RIT6, STM32U595RIT6Q, STM32U595RJT6, STM32U595RJT6Q, STM32U595VIT6, STM32U595VIT6Q, STM32U595VJT6, STM32U595VJT6Q, STM32U595ZIT6, STM32U595ZIT6Q, STM32U595ZIY6QTR, STM32U595ZJT6, STM32U595ZJT6Q, STM32U595ZJY6QTR, STM32U599BJY6QTR, STM32U599NIH6Q, STM32U599NJH6Q, STM32U599VIT6Q, STM32U599VJT6, STM32U599VJT6Q, STM32U599ZIT6Q, STM32U599ZIY6QTR, STM32U599ZJT6Q, STM32U599ZJY6QTR, STM32U5A5AJH6, STM32U5A5AJH6Q, STM32U5A5QJI6, STM32U5A5QJI6Q, STM32U5A5RJT6, STM32U5A5RJT6Q, STM32U5A5VJT6, STM32U5A5VJT6Q, STM32U5A5ZJT6, STM32U5A5ZJT6Q, STM32U5A5ZJY6QTR, STM32U5A9BJY6QTR, STM32U5A9J-DK, STM32U5A9NJH6Q, STM32U5A9VJT6Q, STM32U5A9ZJT6Q, STM32U5A9ZJY6QTR, STM32U5F7VIT6, STM32U5F7VIT6Q, STM32U5F7VJT6, STM32U5F7VJT6Q, STM32U5F9BJY6QTR, STM32U5F9NJH6Q, STM32U5F9VIT6Q, STM32U5F9VJT6Q, STM32U5F9ZIJ6QTR, STM32U5F9ZIT6Q, STM32U5F9ZJJ6QTR, STM32U5F9ZJT6Q, STM32U5G7VJT6, STM32U5G7VJT6Q, STM32U5G9BJY6QTR, STM32U5G9J-DK1, STM32U5G9J-DK2, STM32U5G9NJH6Q, STM32U5G9VJT6Q, STM32U5G9ZJJ6QTR, STM32U5G9ZJT6Q, STM32WB1MMCH6, STM32WBA52CEU6, STM32WBA52CEU6T, STM32WBA52CGU6, STM32WBA52CGU6T, STM32WBA52KEU6, STM32WBA52KEU6T, STM32WBA52KGU6, STM32WBA52KGU6T, STM32WL5MOCH6, STM32WL5MOCH6TR]
2023-08-31 01:09:43,155 [INFO] BoardInfo:880 - No configuration file found for board P-NUCLEO-WB55
2023-08-31 01:09:43,155 [INFO] DbBoards:157 - Kit is not supported: P-NUCLEO-WB55
2023-08-31 01:09:43,161 [INFO] BoardInfo:880 - No configuration file found for board STEVAL-BFA001V1B
2023-08-31 01:09:43,161 [INFO] DbBoards:157 - Kit is not supported: STEVAL-BFA001V1B
2023-08-31 01:09:43,164 [INFO] BoardInfo:880 - No configuration file found for board STEVAL-BFA001V2B
2023-08-31 01:09:43,164 [INFO] DbBoards:157 - Kit is not supported: STEVAL-BFA001V2B
2023-08-31 01:09:43,369 [INFO] DbBoards:161 - Found 190 boards, 187 are supported
2023-08-31 01:09:43,371 [INFO] ApiDb:423 - Load user favorites file C:\Users\yuhyun97/.stm32cubeide/favorites.boards.txt: 0 item(s)
2023-08-31 01:09:43,372 [INFO] ApiDb:427 - User favorites Boards=[]
2023-08-31 01:09:43,372 [INFO] DbBoards:190 - Set 0 / 0 favorites Boards
2023-08-31 01:09:43,381 [INFO] LoadUrlFilesThread:185 - End of LoadServerUrlFiles without Thread
2023-08-31 01:09:43,382 [INFO] TargetSelectorAdapter:259 - Refresh data is successful
2023-08-31 01:09:43,385 [INFO] ApiDb:668 - CubeFinder database Data Model version=2.1
2023-08-31 01:09:43,386 [INFO] ApiDb:669 - CubeFinder database Configuration version=3.0.37
2023-08-31 01:09:43,386 [INFO] ApiDb:670 - CubeFinder database generation date=2023-08-09 (1691586011)
2023-08-31 01:09:43,386 [INFO] ApiDb:671 - CubeFinder database FW Pack versions=[FP-ATR-ASTRA1_V2.0.0, FP-SNS-FLIGHT1_V5.0.1, FP-SNS-FLIGHT1_V5.0.2, FP-SNS-MOTENV1_V4.3.1, FP-SNS-MOTENV1_V4.3.2, STM32Cube_FW_C0_V1.1.0, STM32Cube_FW_F4_V1.27.1, STM32Cube_FW_F7_V1.17.0, STM32Cube_FW_G0_V1.6.1, STM32Cube_FW_G4_V1.5.1, STM32Cube_FW_H5_V0.5.1, STM32Cube_FW_H5_V1.1.0, STM32Cube_FW_H7_V1.11.0, STM32Cube_FW_L0_V1.12.2, STM32Cube_FW_L5_V1.5.0, STM32Cube_FW_U5_V1.3.0, STM32Cube_FW_U5_V1.3.0RC4, STM32Cube_FW_WBA_V1.0.0RC1, STM32Cube_FW_WBA_V1.1.0, STM32Cube_FW_WBA_V1.1.0RC1, STM32Cube_FW_WB_V1.15.0RC1, STM32Cube_FW_WB_V1.16.0, STM32Cube_FW_WB_V1.16.0RC2, STM32Cube_FW_WB_V1.17.0, STM32Cube_FW_WL_V1.3.0, X-CUBE-ALGOBUILD_V1.3.0, X-CUBE-ALS_V1.0.1, X-CUBE-AZRTOS-F4_V1.1.0, X-CUBE-AZRTOS-F7_V1.1.0, X-CUBE-AZRTOS-G0_V1.1.0, X-CUBE-AZRTOS-G4_V2.0.0, X-CUBE-AZRTOS-H7_V3.1.0, X-CUBE-AZRTOS-L4_V1.0.0, X-CUBE-AZRTOS-L4_V2.0.0, X-CUBE-AZRTOS-L5_V1.1.0, X-CUBE-AZRTOS-WB_V1.1.0, X-CUBE-AZRTOS-WL_V2.0.0, X-CUBE-BLE1_V7.0.0, X-CUBE-BLE2_V3.3.0, X-CUBE-BLEMGR_V2.0.0, X-CUBE-EEPRMA1_V4.1.0, X-CUBE-FREERTOS_V1.1.0, X-CUBE-GNSS1_V6.0.0, X-CUBE-MEMS1_V9.1.0, X-CUBE-MEMS1_V9.4.0, X-CUBE-MEMS1_V9.6.0, X-CUBE-NFC4_V3.0.0, X-CUBE-NFC7_V1.0.0, X-CUBE-SFXS2LP1_V4.0.0, X-CUBE-SUBG2_V5.0.0, X-CUBE-TOF1_V3.3.1]
2023-08-31 01:09:45,152 [INFO] DbExamplesSqlite:395 - Ignored 27 examples not supported by CubeIDE
2023-08-31 01:09:45,152 [INFO] DbExamplesSqlite:396 - Found 7231 examples active
2023-08-31 01:09:45,152 [INFO] DbExamplesSqlite:397 - Found 677 examples obsolete
2023-08-31 01:09:45,152 [INFO] DbExamplesSqlite:398 - Found 0 examples under development
2023-08-31 01:09:45,153 [INFO] DbExamplesSqlite:399 - Found 74 examples not building
2023-08-31 01:09:45,154 [INFO] DbExamples:125 - Found 7278 examples
2023-08-31 01:09:45,179 [INFO] DbExamples:222 - Found 92 boards with related examples
2023-08-31 01:09:45,179 [INFO] DbExamples:235 - Found 78 MCUs with related examples
2023-08-31 01:09:45,205 [INFO] ApiDb:414 - User favorites file not found: C:\Users\yuhyun97/.stm32cubeide/favorites.examples.txt
2023-08-31 01:09:45,205 [INFO] DbExamples:250 - Set 0 / 0 favorites Examples
2023-08-31 01:09:45,321 [INFO] McuFinderGlobals:76 - Set McuFinderConnectedMode to true
2023-08-31 01:09:45,323 [INFO] MultiScanPanel:200 - Auto-refresh data requested => check proxy status ongoing
2023-08-31 01:09:45,324 [INFO] FinderPluginLoader:95 - Searching for filters in installed packs
2023-08-31 01:09:46,935 [INFO] LoadUrlFilesThread:185 - End of LoadServerUrlFiles without Thread
2023-08-31 01:09:46,935 [INFO] DetailPanel:341 - Set advertising image to C:/Users/yuhyun97/STM32Cube/Repository/\en.prom-stm32h5-mcu-finder.jpg
2023-08-31 01:10:20,886 [INFO] MainUpdater:2868 - connection check result : 10
2023-08-31 01:10:20,887 [INFO] MainUpdater:2868 - connection check result : 10
2023-08-31 01:10:20,935 [INFO] MicroXplorer:468 - Change Database Path : 
2023-08-31 01:10:20,935 [INFO] MicroXplorer:498 - Change Database Version : DB.6.0.90
2023-08-31 01:10:20,942 [WARN] ThirdParty:871 - waiting for thirdparty lock release [close project]
2023-08-31 01:10:20,942 [INFO] ThirdParty:873 - entering critical section [close project]
2023-08-31 01:10:20,943 [INFO] ThirdParty:883 - exiting critical section [close project]
2023-08-31 01:10:20,947 [INFO] PinOutPanel:1499 - setPackage(No Configuration,No Configuration)
2023-08-31 01:10:20,959 [INFO] UtilMem:75 - Begin LoadConfig() Used Memory: 505426120 Bytes (741343232)
2023-08-31 01:10:20,961 [INFO] MicroXplorer:468 - Change Database Path : 
2023-08-31 01:10:20,961 [INFO] MicroXplorer:498 - Change Database Version : DB.6.0.90
2023-08-31 01:10:20,961 [INFO] OpenFileManager:308 - Change cursor
2023-08-31 01:10:21,128 [INFO] Mcu:1946 - Initializing MCU STM32F103C8Tx STM32F103C8Tx STM32F103C8T6
2023-08-31 01:10:22,747 [INFO] Context:659 - Trying to add GPIOservice into a context  which must be forbidden
2023-08-31 01:10:23,079 [INFO] ImportTextPane:194 - (OptionalMessage_ERROR) Unable to find key (Mcu.ThirdPartyNb) in loaded IOC file
2023-08-31 01:10:23,080 [INFO] ImportTextPane:194 - (OptionalMessage_ERROR) Unable to find key (Mcu.PinsNb) in loaded IOC file
2023-08-31 01:10:23,080 [INFO] ImportTextPane:194 - (OptionalMessage_ERROR) Unable to find key (Mcu.IPNb) in loaded IOC file
2023-08-31 01:10:23,381 [INFO] RtosManager:555 - Registered RTOS mode: class=CMSIS, group=RTOS, mode=CMSIS_V1, owner=FREERTOS
2023-08-31 01:10:23,382 [INFO] RtosManager:555 - Registered RTOS mode: class=CMSIS, group=RTOS2, mode=CMSIS_V2, owner=FREERTOS
2023-08-31 01:10:23,382 [INFO] RtosManager:555 - Registered RTOS mode: class=RTOS, group=Core, mode=CMSIS_V1, owner=FREERTOS
2023-08-31 01:10:23,382 [INFO] RtosManager:555 - Registered RTOS mode: class=RTOS, group=Core, mode=CMSIS_V2, owner=FREERTOS
2023-08-31 01:10:23,383 [WARN] ModelIntegratedComponent:184 - Missing modes for component STMicroelectronics:FreeRTOS:0.0.1:STMicroelectronics:RTOS:FreeRTOS:Core:::10.2.0:
2023-08-31 01:10:23,401 [WARN] ModelIntegratedComponent:63 - No mode defined for component null
2023-08-31 01:10:23,401 [WARN] ModelIntegratedComponent:63 - No mode defined for component null
2023-08-31 01:10:23,401 [WARN] ModelIntegratedComponent:63 - No mode defined for component null
2023-08-31 01:10:23,401 [WARN] ModelIntegratedComponent:63 - No mode defined for component null
2023-08-31 01:10:23,402 [WARN] ModelIntegratedComponent:63 - No mode defined for component null
2023-08-31 01:10:23,402 [WARN] ModelIntegratedComponent:63 - No mode defined for component null
2023-08-31 01:10:23,402 [WARN] ModelIntegratedComponent:63 - No mode defined for component null
2023-08-31 01:10:23,402 [WARN] ModelIntegratedComponent:63 - No mode defined for component null
2023-08-31 01:10:23,402 [WARN] ModelIntegratedComponent:63 - No mode defined for component null
2023-08-31 01:10:23,402 [WARN] ModelIntegratedComponent:63 - No mode defined for component null
2023-08-31 01:10:23,402 [WARN] ModelIntegratedComponent:63 - No mode defined for component null
2023-08-31 01:10:23,402 [WARN] ModelIntegratedComponent:63 - No mode defined for component null
2023-08-31 01:10:23,403 [WARN] ModelIntegratedComponent:63 - No mode defined for component null
2023-08-31 01:10:23,403 [WARN] ModelIntegratedComponent:63 - No mode defined for component null
2023-08-31 01:10:23,403 [WARN] ModelIntegratedComponent:63 - No mode defined for component null
2023-08-31 01:10:23,403 [WARN] ModelIntegratedComponent:63 - No mode defined for component null
2023-08-31 01:10:23,403 [WARN] ModelIntegratedComponent:63 - No mode defined for component null
2023-08-31 01:10:23,403 [WARN] ModelIntegratedComponent:63 - No mode defined for component null
2023-08-31 01:10:23,403 [WARN] ModelIntegratedComponent:63 - No mode defined for component null
2023-08-31 01:10:23,403 [WARN] ModelIntegratedComponent:63 - No mode defined for component null
2023-08-31 01:10:23,403 [WARN] ModelIntegratedComponent:63 - No mode defined for component null
2023-08-31 01:10:23,403 [WARN] ModelIntegratedComponent:63 - No mode defined for component null
2023-08-31 01:10:23,403 [WARN] ModelIntegratedComponent:63 - No mode defined for component null
2023-08-31 01:10:23,403 [WARN] ModelIntegratedComponent:63 - No mode defined for component null
2023-08-31 01:10:23,404 [WARN] ModelIntegratedComponent:63 - No mode defined for component null
2023-08-31 01:10:23,404 [WARN] ModelIntegratedComponent:63 - No mode defined for component null
2023-08-31 01:10:23,404 [WARN] ModelIntegratedComponent:63 - No mode defined for component null
2023-08-31 01:10:23,404 [WARN] ModelIntegratedComponent:63 - No mode defined for component null
2023-08-31 01:10:23,404 [WARN] ModelIntegratedComponent:63 - No mode defined for component null
2023-08-31 01:10:23,404 [WARN] ModelIntegratedComponent:63 - No mode defined for component null
2023-08-31 01:10:23,404 [WARN] ModelIntegratedComponent:63 - No mode defined for component null
2023-08-31 01:10:23,404 [WARN] ModelIntegratedComponent:63 - No mode defined for component null
2023-08-31 01:10:23,404 [WARN] ModelIntegratedComponent:63 - No mode defined for component null
2023-08-31 01:10:23,429 [INFO] ThirdPartyModel:298 - Start build external matchings
2023-08-31 01:10:23,850 [INFO] ThirdPartyModel:316 - End build external matchings
2023-08-31 01:10:24,162 [INFO] UtilMem:75 - End LoadConfig() Used Memory: 557062968 Bytes (741343232)
2023-08-31 01:10:24,215 [WARN] ThirdParty:833 - waiting for thirdparty lock release [change project]
2023-08-31 01:10:24,216 [INFO] ThirdParty:835 - entering critical section [change project]
2023-08-31 01:10:24,216 [INFO] ThirdParty:1030 - CMSIS Pack Vendor :STMicroelectronics X-CUBE-ISPU 1.1.0
2023-08-31 01:10:24,216 [INFO] ThirdParty:1030 - CMSIS Pack Vendor :STMicroelectronics USBPD 4.1
2023-08-31 01:10:24,217 [INFO] ThirdParty:1030 - CMSIS Pack Vendor :STMicroelectronics X-CUBE-GNSS1 6.0.0
2023-08-31 01:10:24,217 [INFO] ThirdParty:1030 - CMSIS Pack Vendor :STMicroelectronics USB_HOST 2.0.0
2023-08-31 01:10:24,217 [INFO] ThirdParty:1030 - CMSIS Pack Vendor :STMicroelectronics X-CUBE-AZRTOS-F4 1.1.0
2023-08-31 01:10:24,217 [INFO] ThirdParty:1030 - CMSIS Pack Vendor :STMicroelectronics LIBJPEG 8.0.0
2023-08-31 01:10:24,217 [INFO] ThirdParty:1030 - CMSIS Pack Vendor :STMicroelectronics X-CUBE-SMBUS 2.1.0
2023-08-31 01:10:24,217 [INFO] ThirdParty:1030 - CMSIS Pack Vendor :STMicroelectronics USB_DEVICE 3.0.0
2023-08-31 01:10:24,217 [INFO] ThirdParty:1030 - CMSIS Pack Vendor :STMicroelectronics X-CUBE-AZRTOS-WB 2.0.0
2023-08-31 01:10:24,217 [INFO] ThirdParty:1030 - CMSIS Pack Vendor :STMicroelectronics X-CUBE-FREERTOS 1.0.1
2023-08-31 01:10:24,218 [INFO] ThirdParty:1030 - CMSIS Pack Vendor :STMicroelectronics X-CUBE-AZRTOS-F7 1.1.0
2023-08-31 01:10:24,218 [INFO] ThirdParty:1030 - CMSIS Pack Vendor :STMicroelectronics X-CUBE-AZRTOS-L5 2.0.0
2023-08-31 01:10:24,218 [INFO] ThirdParty:1030 - CMSIS Pack Vendor :STMicroelectronics USB_DEVICE 2.0.0
2023-08-31 01:10:24,218 [INFO] ThirdParty:1030 - CMSIS Pack Vendor :STMicroelectronics X-CUBE-MEMS1 9.6.0
2023-08-31 01:10:24,218 [INFO] ThirdParty:1030 - CMSIS Pack Vendor :STMicroelectronics FP-SNS-MOTENV1 4.3.2
2023-08-31 01:10:24,218 [INFO] ThirdParty:1030 - CMSIS Pack Vendor :STMicroelectronics FP-SNS-FLIGHT1 5.0.1
2023-08-31 01:10:24,218 [INFO] ThirdParty:1030 - CMSIS Pack Vendor :STMicroelectronics X-CUBE-ALGOBUILD 1.3.0
2023-08-31 01:10:24,218 [INFO] ThirdParty:1030 - CMSIS Pack Vendor :STMicroelectronics X-CUBE-BLE1 6.2.4
2023-08-31 01:10:24,218 [INFO] ThirdParty:1030 - CMSIS Pack Vendor :STMicroelectronics X-CUBE-AZRTOS-L5 1.1.0
2023-08-31 01:10:24,218 [INFO] ThirdParty:1030 - CMSIS Pack Vendor :STMicroelectronics FreeRTOS 0.0.1
2023-08-31 01:10:24,218 [INFO] ThirdParty:1030 - CMSIS Pack Vendor :STMicroelectronics X-CUBE-AZRTOS-G0 1.1.0
2023-08-31 01:10:24,219 [INFO] ThirdParty:1030 - CMSIS Pack Vendor :STMicroelectronics X-CUBE-BLEMGR 2.0.0
2023-08-31 01:10:24,219 [INFO] ThirdParty:1030 - CMSIS Pack Vendor :STMicroelectronics X-CUBE-AI 8.0.1
2023-08-31 01:10:24,219 [INFO] ThirdParty:1030 - CMSIS Pack Vendor :STMicroelectronics X-CUBE-NFC4 3.0.0
2023-08-31 01:10:24,219 [INFO] ThirdParty:1030 - CMSIS Pack Vendor :STMicroelectronics X-CUBE-SUBG2 5.0.0
2023-08-31 01:10:24,219 [INFO] ThirdParty:1030 - CMSIS Pack Vendor :STMicroelectronics STM32_WPAN 1.0.0
2023-08-31 01:10:24,219 [INFO] ThirdParty:1030 - CMSIS Pack Vendor :STMicroelectronics lwIP 2.0.3
2023-08-31 01:10:24,219 [INFO] ThirdParty:1030 - CMSIS Pack Vendor :STMicroelectronics FP-SNS-FLIGHT1 5.0.2
2023-08-31 01:10:24,219 [INFO] ThirdParty:1030 - CMSIS Pack Vendor :STMicroelectronics USB_HOST 1.0.0
2023-08-31 01:10:24,219 [INFO] ThirdParty:1030 - CMSIS Pack Vendor :STMicroelectronics X-CUBE-TOF1 3.3.1
2023-08-31 01:10:24,219 [INFO] ThirdParty:1030 - CMSIS Pack Vendor :STMicroelectronics X-CUBE-AZRTOS-G4 2.0.0
2023-08-31 01:10:24,219 [INFO] ThirdParty:1030 - CMSIS Pack Vendor :STMicroelectronics PDM2PCM 3.1.0
2023-08-31 01:10:24,219 [INFO] ThirdParty:1030 - CMSIS Pack Vendor :STMicroelectronics X-CUBE-AZRTOS-H7 3.1.0
2023-08-31 01:10:24,219 [INFO] ThirdParty:1030 - CMSIS Pack Vendor :STMicroelectronics PDM2PCM 3.3.0
2023-08-31 01:10:24,220 [INFO] ThirdParty:1030 - CMSIS Pack Vendor :STMicroelectronics X-CUBE-DISPLAY 3.0.0
2023-08-31 01:10:24,220 [INFO] ThirdParty:1030 - CMSIS Pack Vendor :STMicroelectronics X-CUBE-BLE1 7.0.0
2023-08-31 01:10:24,220 [INFO] ThirdParty:1030 - CMSIS Pack Vendor :STMicroelectronics FP-ATR-SIGFOX1 3.2.0
2023-08-31 01:10:24,220 [INFO] ThirdParty:1030 - CMSIS Pack Vendor :STMicroelectronics HAL Drivers 0.0.0
2023-08-31 01:10:24,220 [INFO] ThirdParty:1030 - CMSIS Pack Vendor :STMicroelectronics MBEDTLS 2.16.2
2023-08-31 01:10:24,220 [INFO] ThirdParty:1030 - CMSIS Pack Vendor :emotas I-CUBE-CANOPEN 1.3.0
2023-08-31 01:10:24,220 [INFO] ThirdParty:1030 - CMSIS Pack Vendor :STMicroelectronics X-CUBE-FREERTOS 1.1.0
2023-08-31 01:10:24,220 [INFO] ThirdParty:1030 - CMSIS Pack Vendor :STMicroelectronics X-CUBE-TOUCHGFX 4.22.0
2023-08-31 01:10:24,220 [INFO] ThirdParty:1030 - CMSIS Pack Vendor :STMicroelectronics X-CUBE-NFC7 1.0.1
2023-08-31 01:10:24,220 [INFO] ThirdParty:1030 - CMSIS Pack Vendor :STMicroelectronics MBEDTLS 2.14.1
2023-08-31 01:10:24,221 [INFO] ThirdParty:1030 - CMSIS Pack Vendor :STMicroelectronics X-CUBE-EEPRMA1 4.1.0
2023-08-31 01:10:24,221 [INFO] ThirdParty:1030 - CMSIS Pack Vendor :portGmbH I-Cube-SoM-uGOAL 1.1.0
2023-08-31 01:10:24,221 [INFO] ThirdParty:1030 - CMSIS Pack Vendor :STMicroelectronics X-CUBE-ALS 1.0.1
2023-08-31 01:10:24,221 [INFO] ThirdParty:1030 - CMSIS Pack Vendor :STMicroelectronics ThreadX 1.0.0
2023-08-31 01:10:24,221 [INFO] ThirdParty:1030 - CMSIS Pack Vendor :STMicroelectronics X-CUBE-AZRTOS-WB 1.1.0
2023-08-31 01:10:24,221 [INFO] ThirdParty:1030 - CMSIS Pack Vendor :STMicroelectronics X-CUBE-AZRTOS-WL 2.0.0
2023-08-31 01:10:24,221 [INFO] ThirdParty:1030 - CMSIS Pack Vendor :SEGGER I-CUBE-embOS 1.3.1
2023-08-31 01:10:24,221 [INFO] ThirdParty:1030 - CMSIS Pack Vendor :STMicroelectronics USB_DEVICE 1.0.0
2023-08-31 01:10:24,222 [INFO] ThirdParty:1030 - CMSIS Pack Vendor :STMicroelectronics X-CUBE-AI 8.1.0
2023-08-31 01:10:24,222 [INFO] ThirdParty:1030 - CMSIS Pack Vendor :STMicroelectronics X-CUBE-AZRTOS-L4 2.0.0
2023-08-31 01:10:24,222 [INFO] ThirdParty:1030 - CMSIS Pack Vendor :STMicroelectronics ThreadX 0.0.2
2023-08-31 01:10:24,222 [INFO] ThirdParty:1030 - CMSIS Pack Vendor :WES I-CUBE-Cesium 1.3.0
2023-08-31 01:10:24,222 [INFO] ThirdParty:1030 - CMSIS Pack Vendor :STMicroelectronics FP-ATR-ASTRA1 2.0.0
2023-08-31 01:10:24,222 [INFO] ThirdParty:1030 - CMSIS Pack Vendor :STMicroelectronics lwIP 2.1.2
2023-08-31 01:10:24,222 [INFO] ThirdParty:1030 - CMSIS Pack Vendor :STMicroelectronics X-CUBE-SFXS2LP1 4.0.0
2023-08-31 01:10:24,222 [INFO] ThirdParty:1030 - CMSIS Pack Vendor :STMicroelectronics X-CUBE-BLE2 3.3.0
2023-08-31 01:10:24,222 [INFO] ThirdParty:1030 - CMSIS Pack Vendor :STMicroelectronics PDM2PCM 3.2.0
2023-08-31 01:10:24,222 [INFO] ThirdParty:841 - exiting critical section [change project]
2023-08-31 01:10:24,598 [INFO] PinOutPanel:1499 - setPackage(No Configuration,No Configuration)
2023-08-31 01:10:24,600 [INFO] PinOutPanel:1499 - setPackage(STM32F103C8Tx,LQFP48)
2023-08-31 01:10:25,299 [INFO] UtilMem:75 - Before build in PCC Used Memory: 460763208 Bytes (741343232)
2023-08-31 01:10:26,467 [INFO] UtilMem:75 - After build in PCC Used Memory: 534749040 Bytes (741343232)
2023-08-31 01:10:26,505 [INFO] IPUIPlugin:80 - create IPUIPlugin
2023-08-31 01:10:26,506 [INFO] IPUIPlugin:80 - create IPUIPlugin
2023-08-31 01:10:26,506 [INFO] IPUIPlugin:80 - create IPUIPlugin
2023-08-31 01:10:26,506 [INFO] IPUIPlugin:80 - create IPUIPlugin
2023-08-31 01:10:26,506 [INFO] IPUIPlugin:80 - create IPUIPlugin
2023-08-31 01:10:26,507 [INFO] IPUIPlugin:80 - create IPUIPlugin
2023-08-31 01:10:26,507 [INFO] IPUIPlugin:80 - create IPUIPlugin
2023-08-31 01:10:26,507 [INFO] IPUIPlugin:80 - create IPUIPlugin
2023-08-31 01:10:26,507 [INFO] IPUIPlugin:80 - create IPUIPlugin
2023-08-31 01:10:26,507 [INFO] IPUIPlugin:80 - create IPUIPlugin
2023-08-31 01:10:26,507 [INFO] IPUIPlugin:80 - create IPUIPlugin
2023-08-31 01:10:26,507 [INFO] IPUIPlugin:80 - create IPUIPlugin
2023-08-31 01:10:26,508 [INFO] IPUIPlugin:80 - create IPUIPlugin
2023-08-31 01:10:26,508 [INFO] IPUIPlugin:80 - create IPUIPlugin
2023-08-31 01:10:26,508 [INFO] IPUIPlugin:80 - create IPUIPlugin
2023-08-31 01:10:26,509 [INFO] IPUIPlugin:80 - create IPUIPlugin
2023-08-31 01:10:26,509 [INFO] IPUIPlugin:80 - create IPUIPlugin
2023-08-31 01:10:26,509 [INFO] IPUIPlugin:80 - create IPUIPlugin
2023-08-31 01:10:26,510 [INFO] IPUIPlugin:80 - create IPUIPlugin
2023-08-31 01:10:26,510 [INFO] IPUIPlugin:80 - create IPUIPlugin
2023-08-31 01:10:26,510 [INFO] IPUIPlugin:80 - create IPUIPlugin
2023-08-31 01:10:26,511 [INFO] IPUIPlugin:80 - create IPUIPlugin
2023-08-31 01:10:26,511 [INFO] IPUIPlugin:80 - create IPUIPlugin
2023-08-31 01:10:26,511 [INFO] IPUIPlugin:80 - create IPUIPlugin
2023-08-31 01:10:26,512 [INFO] IPUIPlugin:80 - create IPUIPlugin
2023-08-31 01:10:26,512 [INFO] IPUIPlugin:80 - create IPUIPlugin
2023-08-31 01:10:26,513 [INFO] IPUIPlugin:80 - create IPUIPlugin
2023-08-31 01:10:26,904 [INFO] CADModel:165 - CPN selected for project levelSTM32F103C8T6
2023-08-31 01:10:26,904 [INFO] CADModel:114 - Register for checkConnection events
2023-08-31 01:10:26,969 [INFO] OpenFileManager:328 - Restore cursor
2023-08-31 01:10:27,743 [INFO] UtilMem:75 - End SaveConfig() Used Memory: 567306328 Bytes (867172352)
2023-08-31 01:10:27,877 [INFO] UtilMem:75 - End SaveConfig() Used Memory: 579905384 Bytes (867172352)
2023-08-31 01:10:28,635 [INFO] BlockDiagram:2759 - set Specific Code input for plugin: NVIC
2023-08-31 01:10:28,636 [INFO] BlockDiagram:2759 - set Specific Code input for plugin: RCC
2023-08-31 01:10:28,638 [INFO] CodeGenerator:799 - code generatio: config db path: C:\ST\STM32CubeIDE_1.13.0\STM32CubeIDE\plugins\com.st.stm32cube.common.mx_6.9.0.202307051724\\db\
2023-08-31 01:10:29,308 [INFO] CodeEngine:255 - oldGeneratedFile, C:\Users\yuhyun97\STM32CubeIDE\workspace_1.13.0\ultrasonic sensor\MXTmpFiles\license.tmp_save
2023-08-31 01:10:30,110 [INFO] CodeEngine:279 - Generated code: C:\Users\yuhyun97\STM32CubeIDE\workspace_1.13.0\ultrasonic sensor\MXTmpFiles\license.tmp
2023-08-31 01:10:30,157 [INFO] CodeEngine:255 - oldGeneratedFile, C:\Users\yuhyun97\STM32CubeIDE\workspace_1.13.0\ultrasonic sensor\Core\Src\stm32f1xx_it.c_save
2023-08-31 01:10:30,564 [INFO] CodeEngine:279 - Generated code: C:\Users\yuhyun97\STM32CubeIDE\workspace_1.13.0\ultrasonic sensor\Core\Src\stm32f1xx_it.c
2023-08-31 01:10:30,591 [INFO] CodeEngine:255 - oldGeneratedFile, C:\Users\yuhyun97\STM32CubeIDE\workspace_1.13.0\ultrasonic sensor\Core\Inc\stm32f1xx_it.h_save
2023-08-31 01:10:30,871 [INFO] CodeEngine:279 - Generated code: C:\Users\yuhyun97\STM32CubeIDE\workspace_1.13.0\ultrasonic sensor\Core\Inc\stm32f1xx_it.h
2023-08-31 01:10:31,125 [INFO] CodeEngine:255 - oldGeneratedFile, C:\Users\yuhyun97\STM32CubeIDE\workspace_1.13.0\ultrasonic sensor\Core\Src\stm32f1xx_hal_msp.c_save
2023-08-31 01:10:31,400 [INFO] CodeEngine:279 - Generated code: C:\Users\yuhyun97\STM32CubeIDE\workspace_1.13.0\ultrasonic sensor\Core\Src\stm32f1xx_hal_msp.c
2023-08-31 01:10:31,424 [INFO] CodeEngine:255 - oldGeneratedFile, C:\Users\yuhyun97\STM32CubeIDE\workspace_1.13.0\ultrasonic sensor\MXTmpFiles\system.tmp_save
2023-08-31 01:10:31,565 [INFO] CodeEngine:279 - Generated code: C:\Users\yuhyun97\STM32CubeIDE\workspace_1.13.0\ultrasonic sensor\MXTmpFiles\system.tmp
2023-08-31 01:10:31,603 [INFO] CodeEngine:311 - oldGeneratedFile, C:\Users\yuhyun97\STM32CubeIDE\workspace_1.13.0\ultrasonic sensor\Core\Inc\stm32f1xx_hal_conf.h_save
2023-08-31 01:10:31,829 [INFO] CodeEngine:335 - Generated code: C:\Users\yuhyun97\STM32CubeIDE\workspace_1.13.0\ultrasonic sensor\Core\Inc\stm32f1xx_hal_conf.h
2023-08-31 01:10:31,942 [INFO] CodeEngine:255 - oldGeneratedFile, C:\Users\yuhyun97\STM32CubeIDE\workspace_1.13.0\ultrasonic sensor\Core\Inc\main.h_save
2023-08-31 01:10:32,199 [INFO] CodeEngine:279 - Generated code: C:\Users\yuhyun97\STM32CubeIDE\workspace_1.13.0\ultrasonic sensor\Core\Inc\main.h
2023-08-31 01:10:32,216 [INFO] CodeEngine:255 - oldGeneratedFile, C:\Users\yuhyun97\STM32CubeIDE\workspace_1.13.0\ultrasonic sensor\Core\Src\main.c_save
2023-08-31 01:10:32,494 [INFO] CodeEngine:279 - Generated code: C:\Users\yuhyun97\STM32CubeIDE\workspace_1.13.0\ultrasonic sensor\Core\Src\main.c
2023-08-31 01:10:33,511 [INFO] ProjectBuilder:3064 - Time for Copy HAL[1] : 297mS.
2023-08-31 01:10:33,520 [INFO] ProjectBuilder:4404 - Project Generator version: 4.1.0
2023-08-31 01:10:34,023 [INFO] ConfigFileManager:1457 - The Die is : DIE410
2023-08-31 01:10:34,062 [INFO] ApiDbMcu:507 - Load IP Config File for FATFS
2023-08-31 01:10:34,096 [INFO] ApiDbMcu:507 - Load IP Config File for FREERTOS
2023-08-31 01:10:34,126 [INFO] ApiDbMcu:507 - Load IP Config File for USB_DEVICE
2023-08-31 01:10:35,778 [INFO] LogOutputStream:77 - [STDOUT_REDIRECT] 
2023-08-31 01:10:41,954 [INFO] ProjectBuilder:4626 - Time for Generating toolchain IDE Files: 8433mS.
2023-08-31 01:10:41,956 [INFO] ProjectBuilder:2935 - Time for Copy CMSIS : 2mS.
2023-08-31 01:10:41,963 [INFO] ProjectBuilder:2935 - Time for Copy CMSIS : 1mS.
2023-08-31 01:10:43,290 [INFO] McuFinderGlobals:76 - Set McuFinderConnectedMode to true
2023-08-31 01:10:43,294 [INFO] ApiDb:448 - Save user favorites file C:\Users\yuhyun97/.stm32cubeide/favorites.mcus.txt: 1 item(s)
2023-08-31 01:10:43,295 [INFO] ApiDb:452 - User favorites MCUs=[STM32F103C8T6]
2023-08-31 01:22:23,287 [INFO] NvicIntPanel:101 - NVIC parent = com.st.microxplorer.plugins.ip.nvic.MultiNvicIntPanel[,0,0,0x0,invalid,layout=javax.swing.BoxLayout,alignmentX=0.0,alignmentY=0.0,border=,flags=9,maximumSize=,minimumSize=,preferredSize=]
2023-08-31 01:25:19,251 [INFO] NvicIntPanel:101 - NVIC parent = com.st.microxplorer.plugins.ip.nvic.MultiNvicIntPanel[,0,0,0x0,invalid,layout=javax.swing.BoxLayout,alignmentX=0.0,alignmentY=0.0,border=,flags=9,maximumSize=,minimumSize=,preferredSize=]
2023-08-31 01:27:18,934 [INFO] UtilMem:75 - End SaveConfig() Used Memory: 693154120 Bytes (1073741824)
2023-08-31 01:27:20,150 [INFO] UtilMem:75 - End SaveConfig() Used Memory: 709812864 Bytes (1073741824)
2023-08-31 01:27:22,760 [INFO] UtilMem:75 - End SaveConfig() Used Memory: 777331304 Bytes (1073741824)
2023-08-31 01:27:23,304 [INFO] BlockDiagram:2759 - set Specific Code input for plugin: NVIC
2023-08-31 01:27:23,305 [INFO] BlockDiagram:2759 - set Specific Code input for plugin: TIM1_8F1
2023-08-31 01:27:23,305 [INFO] BlockDiagram:2759 - set Specific Code input for plugin: SYS
2023-08-31 01:27:23,306 [INFO] BlockDiagram:2759 - set Specific Code input for plugin: GPIO
2023-08-31 01:27:23,306 [INFO] BlockDiagram:2759 - set Specific Code input for plugin: RCC
2023-08-31 01:27:23,308 [INFO] CodeGenerator:799 - code generatio: config db path: C:\ST\STM32CubeIDE_1.13.0\STM32CubeIDE\plugins\com.st.stm32cube.common.mx_6.9.0.202307051724\\db\
2023-08-31 01:27:23,539 [INFO] CodeEngine:255 - oldGeneratedFile, C:\Users\yuhyun97\STM32CubeIDE\workspace_1.13.0\ultrasonic sensor\MXTmpFiles\license.tmp_save
2023-08-31 01:27:23,751 [INFO] CodeEngine:279 - Generated code: C:\Users\yuhyun97\STM32CubeIDE\workspace_1.13.0\ultrasonic sensor\MXTmpFiles\license.tmp
2023-08-31 01:27:23,842 [INFO] CodeEngine:255 - oldGeneratedFile, C:\Users\yuhyun97\STM32CubeIDE\workspace_1.13.0\ultrasonic sensor\MXTmpFiles\gpio.tmp_save
2023-08-31 01:27:24,108 [INFO] CodeEngine:279 - Generated code: C:\Users\yuhyun97\STM32CubeIDE\workspace_1.13.0\ultrasonic sensor\MXTmpFiles\gpio.tmp
2023-08-31 01:27:24,296 [INFO] CodeEngine:255 - oldGeneratedFile, C:\Users\yuhyun97\STM32CubeIDE\workspace_1.13.0\ultrasonic sensor\Core\Src\stm32f1xx_it.c_save
2023-08-31 01:27:24,694 [INFO] CodeEngine:279 - Generated code: C:\Users\yuhyun97\STM32CubeIDE\workspace_1.13.0\ultrasonic sensor\Core\Src\stm32f1xx_it.c
2023-08-31 01:27:24,725 [INFO] CodeEngine:255 - oldGeneratedFile, C:\Users\yuhyun97\STM32CubeIDE\workspace_1.13.0\ultrasonic sensor\Core\Inc\stm32f1xx_it.h_save
2023-08-31 01:27:24,891 [INFO] CodeEngine:279 - Generated code: C:\Users\yuhyun97\STM32CubeIDE\workspace_1.13.0\ultrasonic sensor\Core\Inc\stm32f1xx_it.h
2023-08-31 01:27:24,938 [INFO] CodeEngine:255 - oldGeneratedFile, C:\Users\yuhyun97\STM32CubeIDE\workspace_1.13.0\ultrasonic sensor\Core\Src\stm32f1xx_hal_msp.c_save
2023-08-31 01:27:25,194 [INFO] CodeEngine:279 - Generated code: C:\Users\yuhyun97\STM32CubeIDE\workspace_1.13.0\ultrasonic sensor\Core\Src\stm32f1xx_hal_msp.c
2023-08-31 01:27:25,205 [INFO] CodeEngine:255 - oldGeneratedFile, C:\Users\yuhyun97\STM32CubeIDE\workspace_1.13.0\ultrasonic sensor\MXTmpFiles\system.tmp_save
2023-08-31 01:27:25,320 [INFO] CodeEngine:279 - Generated code: C:\Users\yuhyun97\STM32CubeIDE\workspace_1.13.0\ultrasonic sensor\MXTmpFiles\system.tmp
2023-08-31 01:27:25,361 [INFO] CodeEngine:311 - oldGeneratedFile, C:\Users\yuhyun97\STM32CubeIDE\workspace_1.13.0\ultrasonic sensor\Core\Inc\stm32f1xx_hal_conf.h_save
2023-08-31 01:27:25,504 [INFO] CodeEngine:335 - Generated code: C:\Users\yuhyun97\STM32CubeIDE\workspace_1.13.0\ultrasonic sensor\Core\Inc\stm32f1xx_hal_conf.h
2023-08-31 01:27:25,557 [WARN] IPConfigManager:3431 - IP not found : TIM
2023-08-31 01:27:25,559 [WARN] CodeGenerator:3760 - IP not found : null
2023-08-31 01:27:25,589 [INFO] CodeEngine:255 - oldGeneratedFile, C:\Users\yuhyun97\STM32CubeIDE\workspace_1.13.0\ultrasonic sensor\Core\Inc\main.h_save
2023-08-31 01:27:25,822 [INFO] CodeEngine:279 - Generated code: C:\Users\yuhyun97\STM32CubeIDE\workspace_1.13.0\ultrasonic sensor\Core\Inc\main.h
2023-08-31 01:27:25,848 [INFO] CodeEngine:255 - oldGeneratedFile, C:\Users\yuhyun97\STM32CubeIDE\workspace_1.13.0\ultrasonic sensor\Core\Src\main.c_save
2023-08-31 01:27:26,095 [INFO] CodeEngine:279 - Generated code: C:\Users\yuhyun97\STM32CubeIDE\workspace_1.13.0\ultrasonic sensor\Core\Src\main.c
2023-08-31 01:27:27,108 [INFO] ProjectBuilder:3064 - Time for Copy HAL[1] : 301mS.
2023-08-31 01:27:27,115 [INFO] ProjectBuilder:4404 - Project Generator version: 4.1.0
2023-08-31 01:27:27,501 [INFO] ConfigFileManager:1457 - The Die is : DIE410
2023-08-31 01:27:30,816 [INFO] ProjectBuilder:4626 - Time for Generating toolchain IDE Files: 3701mS.
2023-08-31 01:27:30,818 [INFO] ProjectBuilder:2935 - Time for Copy CMSIS : 1mS.
2023-08-31 01:27:30,832 [INFO] ProjectBuilder:2935 - Time for Copy CMSIS : 0mS.
