2023-08-21 06:47:03,457 [INFO] Activator:176 - 


2023-08-21 06:47:03,468 [INFO] Activator:177 - !SESSION log4j initialized
2023-08-21 06:47:15,713 [INFO] LogOutputStream:77 - [STDOUT_REDIRECT] 
2023-08-21 06:47:20,924 [INFO] ApplicationProperties:184 - Using Application install path: C:\ST\STM32CubeIDE_1.13.0\STM32CubeIDE\plugins\com.st.stm32cube.common.mx_6.9.0.202307051724
2023-08-21 06:47:20,956 [INFO] DbMcusXml:78 - Set database path to: C:\ST\STM32CubeIDE_1.13.0\STM32CubeIDE\plugins\com.st.stm32cube.common.mx_6.9.0.202307051724\\db\/mcu/
2023-08-21 06:47:20,958 [INFO] ApiDb:274 - Set plugin database path to: C:\ST\STM32CubeIDE_1.13.0\STM32CubeIDE\plugins\com.st.stm32cube.common.mx_6.9.0.202307051724\\db\/plugins/boardmanager/
2023-08-21 06:47:20,959 [WARN] ApiDb:259 - Overriding images path with different value:  => C:\ST\STM32CubeIDE_1.13.0\STM32CubeIDE\plugins\com.st.stm32cube.common.mx_6.9.0.202307051724\\db\/plugins/mcufinder/images/
2023-08-21 06:47:20,986 [INFO] ApiDb:250 - Set database path to: C:\Users\yuhyun97\.stmcufinder\plugins\mcufinder//mcu/
2023-08-21 06:47:20,989 [INFO] DbMcusAds:125 - Set database path to: C:\Users\yuhyun97\.stmcufinder\plugins\mcufinder//mcu/
2023-08-21 06:47:20,994 [INFO] CrossReferenceDbSqlite:203 - Set database path to: C:\Users\yuhyun97\.stmcufinder\plugins\mcufinder//mcu/cs/
2023-08-21 06:47:21,147 [INFO] RulesReader:64 - Compatibility file has been processed (293 Rules)
2023-08-21 06:47:21,264 [INFO] DbMcusXml:78 - Set database path to: C:\ST\STM32CubeIDE_1.13.0\STM32CubeIDE\plugins\com.st.stm32cube.common.mx_6.9.0.202307051724\\db\/mcu/
2023-08-21 06:47:21,264 [INFO] ApiDb:274 - Set plugin database path to: C:\ST\STM32CubeIDE_1.13.0\STM32CubeIDE\plugins\com.st.stm32cube.common.mx_6.9.0.202307051724\\db\/plugins/boardmanager/
2023-08-21 06:47:21,264 [INFO] ApiDb:261 - Set plugin images path to: C:\ST\STM32CubeIDE_1.13.0\STM32CubeIDE\plugins\com.st.stm32cube.common.mx_6.9.0.202307051724\\db\/plugins/mcufinder/images/
2023-08-21 06:47:21,264 [WARN] DbFile:41 - Overriding database path with different value: C:\Users\yuhyun97\.stmcufinder\plugins\mcufinder/ => C:\Users\yuhyun97\.stmcufinder\plugins\mcufinder
2023-08-21 06:47:21,264 [INFO] ApiDb:250 - Set database path to: C:\Users\yuhyun97\.stmcufinder\plugins\mcufinder//mcu/
2023-08-21 06:47:21,265 [WARN] DbFile:41 - Overriding database path with different value: C:\Users\yuhyun97\.stmcufinder\plugins\mcufinder/ => C:\Users\yuhyun97\.stmcufinder\plugins\mcufinder
2023-08-21 06:47:21,265 [INFO] DbMcusAds:125 - Set database path to: C:\Users\yuhyun97\.stmcufinder\plugins\mcufinder//mcu/
2023-08-21 06:47:21,265 [WARN] DbFile:41 - Overriding database path with different value: C:\Users\yuhyun97\.stmcufinder\plugins\mcufinder/ => C:\Users\yuhyun97\.stmcufinder\plugins\mcufinder
2023-08-21 06:47:21,265 [WARN] DbFile:41 - Overriding database path with different value: C:\Users\yuhyun97\.stmcufinder\plugins\mcufinder/ => C:\Users\yuhyun97\.stmcufinder\plugins\mcufinder
2023-08-21 06:47:21,265 [INFO] CrossReferenceDbSqlite:203 - Set database path to: C:\Users\yuhyun97\.stmcufinder\plugins\mcufinder//mcu/cs/
2023-08-21 06:47:21,370 [INFO] MainPanel:262 - HeapMemory: 268435456
2023-08-21 06:47:21,481 [INFO] DbMcusXml:78 - Set database path to: C:\ST\STM32CubeIDE_1.13.0\STM32CubeIDE\plugins\com.st.stm32cube.common.mx_6.9.0.202307051724\\db\/mcu/
2023-08-21 06:47:21,481 [INFO] ApiDb:274 - Set plugin database path to: C:\ST\STM32CubeIDE_1.13.0\STM32CubeIDE\plugins\com.st.stm32cube.common.mx_6.9.0.202307051724\\db\/plugins/boardmanager/
2023-08-21 06:47:21,482 [INFO] ApiDb:261 - Set plugin images path to: C:\ST\STM32CubeIDE_1.13.0\STM32CubeIDE\plugins\com.st.stm32cube.common.mx_6.9.0.202307051724\\db\/plugins/mcufinder/images/
2023-08-21 06:47:21,482 [WARN] DbFile:41 - Overriding database path with different value: C:\Users\yuhyun97\.stmcufinder\plugins\mcufinder/ => C:\Users\yuhyun97\.stmcufinder\plugins\mcufinder
2023-08-21 06:47:21,483 [INFO] ApiDb:250 - Set database path to: C:\Users\yuhyun97\.stmcufinder\plugins\mcufinder//mcu/
2023-08-21 06:47:21,483 [WARN] DbFile:41 - Overriding database path with different value: C:\Users\yuhyun97\.stmcufinder\plugins\mcufinder/ => C:\Users\yuhyun97\.stmcufinder\plugins\mcufinder
2023-08-21 06:47:21,483 [INFO] DbMcusAds:125 - Set database path to: C:\Users\yuhyun97\.stmcufinder\plugins\mcufinder//mcu/
2023-08-21 06:47:21,483 [WARN] DbFile:41 - Overriding database path with different value: C:\Users\yuhyun97\.stmcufinder\plugins\mcufinder/ => C:\Users\yuhyun97\.stmcufinder\plugins\mcufinder
2023-08-21 06:47:21,483 [WARN] DbFile:41 - Overriding database path with different value: C:\Users\yuhyun97\.stmcufinder\plugins\mcufinder/ => C:\Users\yuhyun97\.stmcufinder\plugins\mcufinder
2023-08-21 06:47:21,483 [INFO] CrossReferenceDbSqlite:203 - Set database path to: C:\Users\yuhyun97\.stmcufinder\plugins\mcufinder//mcu/cs/
2023-08-21 06:47:21,507 [INFO] ApplicationProperties:184 - Using Application install path: C:\ST\STM32CubeIDE_1.13.0\STM32CubeIDE\plugins\com.st.stm32cube.common.mx_6.9.0.202307051724
2023-08-21 06:47:21,508 [INFO] PluginManage:196 - Search for loadable plugins [exclusion list=, ]
2023-08-21 06:47:21,510 [INFO] PluginManage:310 - Check plugin analytics
2023-08-21 06:47:21,772 [INFO] AnalyticsPlugin:253 - Accepted Software Licenses: 
2023-08-21 06:47:21,773 [INFO] AnalyticsPlugin:255 - Accepted CMSIS Pack Licenses: 
2023-08-21 06:47:21,773 [INFO] AnalyticsPlugin:257 - Accepted Firmware Licenses: 
2023-08-21 06:47:21,778 [INFO] PluginManage:359 - Loaded plugin analytics (category:tool,tabindex:-1)
2023-08-21 06:47:21,779 [INFO] PluginManage:310 - Check plugin cadmodel
2023-08-21 06:47:21,802 [INFO] CADModel:105 - Init CAD model plugin
2023-08-21 06:47:21,803 [INFO] PluginManage:359 - Loaded plugin cadmodel (category:power,tabindex:5)
2023-08-21 06:47:21,803 [INFO] PluginManage:310 - Check plugin clock
2023-08-21 06:47:21,828 [INFO] PluginManage:359 - Loaded plugin clock (category:base,tabindex:2)
2023-08-21 06:47:21,828 [INFO] PluginManage:310 - Check plugin ddr
2023-08-21 06:47:21,831 [INFO] PluginManage:359 - Loaded plugin ddr (category:tool,tabindex:6)
2023-08-21 06:47:21,831 [INFO] PluginManage:310 - Check plugin filemanager
2023-08-21 06:47:22,026 [INFO] PluginManage:359 - Loaded plugin filemanager (category:base,tabindex:10)
2023-08-21 06:47:22,027 [INFO] PluginManage:310 - Check plugin ipmanager
2023-08-21 06:47:22,040 [INFO] PluginManage:359 - Loaded plugin ipmanager (category:base,tabindex:5)
2023-08-21 06:47:22,040 [INFO] PluginManage:310 - Check plugin lpbam
2023-08-21 06:47:22,063 [INFO] PluginManage:359 - Loaded plugin lpbam (category:base,tabindex:0)
2023-08-21 06:47:22,064 [INFO] PluginManage:310 - Check plugin memorymap
2023-08-21 06:47:22,104 [INFO] PluginManage:359 - Loaded plugin memorymap (category:base,tabindex:4)
2023-08-21 06:47:22,104 [INFO] PluginManage:310 - Check plugin pinoutandconfiguration
2023-08-21 06:47:22,138 [INFO] PluginManage:359 - Loaded plugin pinoutandconfiguration (category:base,tabindex:1)
2023-08-21 06:47:22,138 [INFO] PluginManage:310 - Check plugin pinoutconfig
2023-08-21 06:47:22,317 [WARN] SupportedApi:132 - Cannot load RTOS API schema: s4s-elt-must-match.1: The content of 'definitions' must match (annotation?, (simpleType | complexType)?, (unique | key | keyref)*)). A problem was found starting at: attribute.
2023-08-21 06:47:22,525 [INFO] PluginManage:359 - Loaded plugin pinoutconfig (category:base,tabindex:0)
2023-08-21 06:47:22,526 [INFO] PluginManage:310 - Check plugin power
2023-08-21 06:47:22,551 [INFO] PluginManage:359 - Loaded plugin power (category:power,tabindex:4)
2023-08-21 06:47:22,551 [INFO] PluginManage:310 - Check plugin projectmanager
2023-08-21 06:47:22,577 [INFO] PluginManage:359 - Loaded plugin projectmanager (category:projectmanager,tabindex:3)
2023-08-21 06:47:22,578 [INFO] PluginManage:310 - Check plugin thirdparty
2023-08-21 06:47:22,920 [INFO] PluginManage:359 - Loaded plugin thirdparty (category:base,tabindex:-1)
2023-08-21 06:47:22,920 [WARN] IntegrityCheckThread:84 - waiting for thirdparty lock release [integrity check]
2023-08-21 06:47:22,920 [INFO] PluginManage:310 - Check plugin tools
2023-08-21 06:47:22,920 [INFO] IntegrityCheckThread:86 - entering critical section [integrity check]
2023-08-21 06:47:22,921 [INFO] ThirdPartyUpdaterWithRetryManager:70 - Updater plugin not ready yet. [1/15]
2023-08-21 06:47:22,958 [INFO] PluginManage:359 - Loaded plugin tools (category:base,tabindex:7)
2023-08-21 06:47:22,958 [INFO] PluginManage:310 - Check plugin tutovideos
2023-08-21 06:47:23,200 [INFO] PluginManage:359 - Loaded plugin tutovideos (category:base,tabindex:-1)
2023-08-21 06:47:23,201 [INFO] PluginManage:310 - Check plugin updater
2023-08-21 06:47:23,218 [INFO] PluginManage:359 - Loaded plugin updater (category:base,tabindex:12)
2023-08-21 06:47:23,218 [INFO] PluginManage:310 - Check plugin userauth
2023-08-21 06:47:23,225 [INFO] UserAuth:113 - Init User Auth plugin
2023-08-21 06:47:23,225 [INFO] PluginManage:359 - Loaded plugin userauth (category:base,tabindex:14)
2023-08-21 06:47:23,225 [INFO] PluginManage:283 - PluginManage : Loaded plugins [17]
2023-08-21 06:47:23,587 [INFO] PinOutPanel:1499 - setPackage(No Configuration,No Configuration)
2023-08-21 06:47:23,590 [INFO] McuFinderGlobals:63 - Set McuFinder mode to 2 (CubeIDE integrated)
2023-08-21 06:47:23,744 [INFO] CADModel:165 - CPN selected for project level
2023-08-21 06:47:23,744 [INFO] CADModel:114 - Register for checkConnection events
2023-08-21 06:47:23,770 [INFO] IPUIPlugin:80 - create IPUIPlugin
2023-08-21 06:47:23,770 [INFO] PluginManager:220 - loadIPPluginJar : add adc
2023-08-21 06:47:23,804 [INFO] IPUIPlugin:80 - create IPUIPlugin
2023-08-21 06:47:23,804 [INFO] PluginManager:220 - loadIPPluginJar : add aes
2023-08-21 06:47:23,846 [INFO] IPUIPlugin:80 - create IPUIPlugin
2023-08-21 06:47:23,846 [INFO] PluginManager:220 - loadIPPluginJar : add can
2023-08-21 06:47:23,869 [INFO] IPUIPlugin:80 - create IPUIPlugin
2023-08-21 06:47:23,870 [INFO] PluginManager:220 - loadIPPluginJar : add comp
2023-08-21 06:47:23,903 [INFO] IPUIPlugin:80 - create IPUIPlugin
2023-08-21 06:47:23,903 [INFO] PluginManager:220 - loadIPPluginJar : add cryp
2023-08-21 06:47:23,933 [INFO] IPUIPlugin:80 - create IPUIPlugin
2023-08-21 06:47:23,933 [INFO] PluginManager:220 - loadIPPluginJar : add dfsdm
2023-08-21 06:47:23,947 [INFO] IPUIPlugin:80 - create IPUIPlugin
2023-08-21 06:47:23,947 [INFO] PluginManager:220 - loadIPPluginJar : add dma
2023-08-21 06:47:23,992 [INFO] IPUIPlugin:80 - create IPUIPlugin
2023-08-21 06:47:23,993 [INFO] PluginManager:220 - loadIPPluginJar : add dma3
2023-08-21 06:47:24,012 [INFO] IPUIPlugin:80 - create IPUIPlugin
2023-08-21 06:47:24,013 [INFO] PluginManager:220 - loadIPPluginJar : add fatfs
2023-08-21 06:47:24,061 [INFO] IPUIPlugin:80 - create IPUIPlugin
2023-08-21 06:47:24,061 [INFO] PluginManager:220 - loadIPPluginJar : add fmc
2023-08-21 06:47:24,076 [INFO] IPUIPlugin:80 - create IPUIPlugin
2023-08-21 06:47:24,077 [INFO] PluginManager:220 - loadIPPluginJar : add freertos
2023-08-21 06:47:24,102 [INFO] IPUIPlugin:80 - create IPUIPlugin
2023-08-21 06:47:24,102 [INFO] PluginManager:220 - loadIPPluginJar : add genericplugin
2023-08-21 06:47:24,198 [INFO] IPUIPlugin:80 - create IPUIPlugin
2023-08-21 06:47:24,198 [INFO] PluginManager:220 - loadIPPluginJar : add gfxmmu
2023-08-21 06:47:24,345 [INFO] IPUIPlugin:80 - create IPUIPlugin
2023-08-21 06:47:24,345 [INFO] PluginManager:220 - loadIPPluginJar : add gic
2023-08-21 06:47:24,359 [INFO] IPUIPlugin:80 - create IPUIPlugin
2023-08-21 06:47:24,359 [INFO] PluginManager:220 - loadIPPluginJar : add gpio
2023-08-21 06:47:24,472 [INFO] IPUIPlugin:80 - create IPUIPlugin
2023-08-21 06:47:24,472 [INFO] PluginManager:220 - loadIPPluginJar : add gtzc
2023-08-21 06:47:24,510 [INFO] IPUIPlugin:80 - create IPUIPlugin
2023-08-21 06:47:24,511 [INFO] PluginManager:220 - loadIPPluginJar : add hash
2023-08-21 06:47:24,569 [INFO] IPUIPlugin:80 - create IPUIPlugin
2023-08-21 06:47:24,569 [INFO] PluginManager:220 - loadIPPluginJar : add i2c
2023-08-21 06:47:24,612 [INFO] IPUIPlugin:80 - create IPUIPlugin
2023-08-21 06:47:24,613 [INFO] PluginManager:220 - loadIPPluginJar : add i2s
2023-08-21 06:47:24,656 [INFO] IPUIPlugin:80 - create IPUIPlugin
2023-08-21 06:47:24,656 [INFO] PluginManager:220 - loadIPPluginJar : add i3c
2023-08-21 06:47:24,775 [INFO] IPUIPlugin:80 - create IPUIPlugin
2023-08-21 06:47:24,775 [INFO] PluginManager:220 - loadIPPluginJar : add ipddr
2023-08-21 06:47:24,876 [INFO] IPUIPlugin:80 - create IPUIPlugin
2023-08-21 06:47:24,876 [INFO] PluginManager:220 - loadIPPluginJar : add linkedlist
2023-08-21 06:47:24,914 [INFO] IPUIPlugin:80 - create IPUIPlugin
2023-08-21 06:47:24,914 [INFO] PluginManager:220 - loadIPPluginJar : add lorawan
2023-08-21 06:47:24,950 [INFO] IPUIPlugin:80 - create IPUIPlugin
2023-08-21 06:47:24,950 [INFO] PluginManager:220 - loadIPPluginJar : add ltdc
2023-08-21 06:47:24,964 [INFO] IPUIPlugin:80 - create IPUIPlugin
2023-08-21 06:47:24,965 [INFO] PluginManager:220 - loadIPPluginJar : add mdma
2023-08-21 06:47:24,978 [INFO] IPUIPlugin:80 - create IPUIPlugin
2023-08-21 06:47:24,978 [INFO] PluginManager:220 - loadIPPluginJar : add nvic
2023-08-21 06:47:25,012 [INFO] IPUIPlugin:80 - create IPUIPlugin
2023-08-21 06:47:25,012 [INFO] PluginManager:220 - loadIPPluginJar : add opamp
2023-08-21 06:47:25,075 [INFO] IPUIPlugin:80 - create IPUIPlugin
2023-08-21 06:47:25,075 [INFO] PluginManager:220 - loadIPPluginJar : add openamp
2023-08-21 06:47:25,126 [INFO] IPUIPlugin:80 - create IPUIPlugin
2023-08-21 06:47:25,126 [INFO] PluginManager:220 - loadIPPluginJar : add pdm2pcm
2023-08-21 06:47:25,144 [INFO] IPUIPlugin:80 - create IPUIPlugin
2023-08-21 06:47:25,147 [INFO] PluginManager:220 - loadIPPluginJar : add plateformsettings
2023-08-21 06:47:25,170 [INFO] IPUIPlugin:80 - create IPUIPlugin
2023-08-21 06:47:25,170 [INFO] PluginManager:220 - loadIPPluginJar : add quadspi
2023-08-21 06:47:25,186 [INFO] IPUIPlugin:80 - create IPUIPlugin
2023-08-21 06:47:25,186 [INFO] PluginManager:220 - loadIPPluginJar : add resmgrutility
2023-08-21 06:47:25,246 [INFO] IPUIPlugin:80 - create IPUIPlugin
2023-08-21 06:47:25,246 [INFO] PluginManager:220 - loadIPPluginJar : add sai
2023-08-21 06:47:25,292 [INFO] IPUIPlugin:80 - create IPUIPlugin
2023-08-21 06:47:25,292 [INFO] PluginManager:220 - loadIPPluginJar : add spi
2023-08-21 06:47:25,355 [INFO] IPUIPlugin:80 - create IPUIPlugin
2023-08-21 06:47:25,355 [INFO] PluginManager:220 - loadIPPluginJar : add stm32_wpan
2023-08-21 06:47:25,383 [INFO] IPUIPlugin:80 - create IPUIPlugin
2023-08-21 06:47:25,384 [INFO] PluginManager:220 - loadIPPluginJar : add tim
2023-08-21 06:47:25,444 [INFO] IPUIPlugin:80 - create IPUIPlugin
2023-08-21 06:47:25,444 [INFO] PluginManager:220 - loadIPPluginJar : add touchsensing
2023-08-21 06:47:25,475 [INFO] IPUIPlugin:80 - create IPUIPlugin
2023-08-21 06:47:25,475 [INFO] PluginManager:220 - loadIPPluginJar : add tracer_emb
2023-08-21 06:47:25,501 [INFO] IPUIPlugin:80 - create IPUIPlugin
2023-08-21 06:47:25,501 [INFO] PluginManager:220 - loadIPPluginJar : add ts
2023-08-21 06:47:25,525 [INFO] IPUIPlugin:80 - create IPUIPlugin
2023-08-21 06:47:25,525 [INFO] PluginManager:220 - loadIPPluginJar : add tsc
2023-08-21 06:47:25,551 [INFO] IPUIPlugin:80 - create IPUIPlugin
2023-08-21 06:47:25,552 [INFO] PluginManager:220 - loadIPPluginJar : add ucpd
2023-08-21 06:47:25,601 [INFO] IPUIPlugin:80 - create IPUIPlugin
2023-08-21 06:47:25,601 [INFO] PluginManager:220 - loadIPPluginJar : add usart
2023-08-21 06:47:25,650 [INFO] IPUIPlugin:80 - create IPUIPlugin
2023-08-21 06:47:25,651 [INFO] PluginManager:220 - loadIPPluginJar : add usbx
2023-08-21 06:47:25,803 [INFO] CADModel:165 - CPN selected for project level
2023-08-21 06:47:25,803 [INFO] CADModel:114 - Register for checkConnection events
2023-08-21 06:47:25,804 [FATAL] Updater:308 - Updater called before beeing initialized
2023-08-21 06:47:25,804 [ERROR] CADModel:125 - Updater not yet initialized, retry later 
2023-08-21 06:47:25,923 [INFO] ThirdPartyUpdaterWithRetryManager:70 - Updater plugin not ready yet. [2/15]
2023-08-21 06:47:26,017 [INFO] CADModel:165 - CPN selected for project level
2023-08-21 06:47:26,017 [INFO] CADModel:114 - Register for checkConnection events
2023-08-21 06:47:26,017 [FATAL] Updater:308 - Updater called before beeing initialized
2023-08-21 06:47:26,017 [ERROR] CADModel:125 - Updater not yet initialized, retry later 
2023-08-21 06:47:26,022 [FATAL] Updater:308 - Updater called before beeing initialized
2023-08-21 06:47:26,172 [FATAL] Updater:308 - Updater called before beeing initialized
2023-08-21 06:47:26,186 [INFO] DbMcusAds:53 - JSON generation date=Tue Mar 07 17:50:55 KST 2023 (1678179055114)
2023-08-21 06:47:26,186 [FATAL] Updater:308 - Updater called before beeing initialized
2023-08-21 06:47:26,291 [WARN] DetailPanel:346 - Failed to get advertising image, set to default
2023-08-21 06:47:26,434 [FATAL] Updater:308 - Updater called before beeing initialized
2023-08-21 06:47:26,437 [FATAL] Updater:308 - Updater called before beeing initialized
2023-08-21 06:47:26,437 [FATAL] Updater:308 - Updater called before beeing initialized
2023-08-21 06:47:26,437 [WARN] DetailPanel:346 - Failed to get advertising image, set to default
2023-08-21 06:47:26,438 [FATAL] Updater:308 - Updater called before beeing initialized
2023-08-21 06:47:26,527 [ERROR] Updater:1120 - MainUpdater not yet initialized. External WinMGr cannot be set.
2023-08-21 06:47:26,541 [INFO] Updater:1056 - Updater Version found : 6.9.0
2023-08-21 06:47:26,563 [INFO] ApplicationProperties:184 - Using Application install path: C:\ST\STM32CubeIDE_1.13.0\STM32CubeIDE\plugins\com.st.stm32cube.common.mx_6.9.0.202307051724
2023-08-21 06:47:26,902 [INFO] MainUpdater:2868 - connection check result : 10
2023-08-21 06:47:26,903 [INFO] MainUpdater:3562 - Updater definition file requires update
2023-08-21 06:47:26,905 [INFO] MainUpdater:285 - Updater Check For Update Now.
2023-08-21 06:47:26,905 [INFO] MicroXplorer:498 - Change Database Version : DB.6.0.90
2023-08-21 06:47:26,929 [INFO] McuFinderGlobals:63 - Set McuFinder mode to 2 (CubeIDE integrated)
2023-08-21 06:47:26,929 [INFO] UserAuth:179 - activating auth plugin
2023-08-21 06:47:26,934 [INFO] UserAuth:393 - Internet connection configuration mode: 1
2023-08-21 06:47:26,961 [INFO] JxBrowserEngine:151 - Initiate JxBrowser Engine with user profile folder
2023-08-21 06:47:28,819 [INFO] ServerAccessManage:473 - Download File updaters.zip
2023-08-21 06:47:28,924 [WARN] MainUpdater:1189 - Updater busy. Cannot search thirdparties
2023-08-21 06:47:28,924 [INFO] ThirdPartyUpdaterWithRetryManager:96 - Updater plugin is busy. [1/15]
2023-08-21 06:47:29,475 [INFO] FileExtend:240 - Unzip File : updaters.zip
2023-08-21 06:47:29,475 [INFO] FileExtend:255 - Standard Zip Deflate
2023-08-21 06:47:31,142 [INFO] WebApp:157 - Instantiating new browser for Auth
2023-08-21 06:47:31,281 [INFO] ServerAccessManage:473 - Download File PacksControlFlags.xml
2023-08-21 06:47:31,925 [WARN] MainUpdater:1189 - Updater busy. Cannot search thirdparties
2023-08-21 06:47:31,925 [INFO] ThirdPartyUpdaterWithRetryManager:96 - Updater plugin is busy. [2/15]
2023-08-21 06:47:32,294 [INFO] WebApp:753 - Register for checkConnection events
2023-08-21 06:47:32,295 [INFO] WebApp:390 - Apply proxy settings
2023-08-21 06:47:32,295 [INFO] WebApp:475 - Chromium requires no authentication
2023-08-21 06:47:32,306 [INFO] WebApp:418 - Direct internet connection detected
2023-08-21 06:47:32,490 [INFO] ServerAccessManage:473 - Download File cubemx.pidx
2023-08-21 06:47:32,567 [INFO] WebApp:188 - Starting web application
2023-08-21 06:47:32,567 [INFO] WebApp:520 - Web application path used C:\ST\STM32CubeIDE_1.13.0\STM32CubeIDE\plugins\com.st.stm32cube.common.mx_6.9.0.202307051724\db\plugins\mcufinder\reactClient1\index.html
2023-08-21 06:47:32,661 [INFO] LoadServerUpdatesThread:373 - End of LoadServerUpdate Thread
2023-08-21 06:47:32,898 [INFO] CheckServerUpdateThread:120 - End of CheckServer Thread
2023-08-21 06:47:32,966 [INFO] MainUpdater:2868 - connection check result : 10
2023-08-21 06:47:33,006 [INFO] McuFinderGlobals:76 - Set McuFinderConnectedMode to true
2023-08-21 06:47:33,641 [INFO] ServerAccessManage:473 - Download File mcusAds.json._tmp_
2023-08-21 06:47:33,760 [INFO] LoadUrlFilesThread:156 - End of LoadUrlFiles Thread
2023-08-21 06:47:34,926 [WARN] MainUpdater:1189 - Updater busy. Cannot search thirdparties
2023-08-21 06:47:34,926 [INFO] ThirdPartyUpdaterWithRetryManager:96 - Updater plugin is busy. [3/15]
2023-08-21 06:47:35,767 [INFO] ServerAccessManage:473 - Download File cube-finder-db.zip
2023-08-21 06:47:37,927 [WARN] MainUpdater:1189 - Updater busy. Cannot search thirdparties
2023-08-21 06:47:37,927 [INFO] ThirdPartyUpdaterWithRetryManager:96 - Updater plugin is busy. [4/15]
2023-08-21 06:47:40,928 [WARN] MainUpdater:1189 - Updater busy. Cannot search thirdparties
2023-08-21 06:47:40,928 [INFO] ThirdPartyUpdaterWithRetryManager:96 - Updater plugin is busy. [5/15]
2023-08-21 06:47:43,929 [WARN] MainUpdater:1189 - Updater busy. Cannot search thirdparties
2023-08-21 06:47:43,929 [INFO] ThirdPartyUpdaterWithRetryManager:96 - Updater plugin is busy. [6/15]
2023-08-21 06:47:46,931 [WARN] MainUpdater:1189 - Updater busy. Cannot search thirdparties
2023-08-21 06:47:46,931 [INFO] ThirdPartyUpdaterWithRetryManager:96 - Updater plugin is busy. [7/15]
2023-08-21 06:47:49,932 [WARN] MainUpdater:1189 - Updater busy. Cannot search thirdparties
2023-08-21 06:47:49,932 [INFO] ThirdPartyUpdaterWithRetryManager:96 - Updater plugin is busy. [8/15]
2023-08-21 06:47:52,933 [WARN] MainUpdater:1189 - Updater busy. Cannot search thirdparties
2023-08-21 06:47:52,933 [INFO] ThirdPartyUpdaterWithRetryManager:96 - Updater plugin is busy. [9/15]
2023-08-21 06:47:53,919 [ERROR] LogOutputStream:75 - [STDERR_REDIRECT] SLF4J: Failed to load class "org.slf4j.impl.StaticLoggerBinder".
2023-08-21 06:47:53,920 [ERROR] LogOutputStream:75 - [STDERR_REDIRECT] SLF4J: Defaulting to no-operation (NOP) logger implementation
2023-08-21 06:47:53,922 [ERROR] LogOutputStream:75 - [STDERR_REDIRECT] SLF4J: See http://www.slf4j.org/codes.html#StaticLoggerBinder for further details.
2023-08-21 06:47:55,934 [WARN] MainUpdater:1189 - Updater busy. Cannot search thirdparties
2023-08-21 06:47:55,934 [INFO] ThirdPartyUpdaterWithRetryManager:96 - Updater plugin is busy. [10/15]
2023-08-21 06:47:57,753 [INFO] FileExtend:240 - Unzip File : cube-finder-db.zip
2023-08-21 06:47:57,754 [INFO] FileExtend:255 - Standard Zip Deflate
2023-08-21 06:47:58,792 [INFO] LoadUrlFilesThread:156 - End of LoadUrlFiles Thread
2023-08-21 06:47:58,935 [WARN] MainUpdater:1189 - Updater busy. Cannot search thirdparties
2023-08-21 06:47:58,936 [INFO] ThirdPartyUpdaterWithRetryManager:96 - Updater plugin is busy. [11/15]
2023-08-21 06:48:00,087 [INFO] ServerAccessManage:473 - Download File crdb.zip
2023-08-21 06:48:01,858 [INFO] FileExtend:240 - Unzip File : crdb.zip
2023-08-21 06:48:01,859 [INFO] FileExtend:255 - Standard Zip Deflate
2023-08-21 06:48:01,937 [WARN] MainUpdater:1189 - Updater busy. Cannot search thirdparties
2023-08-21 06:48:01,937 [INFO] ThirdPartyUpdaterWithRetryManager:96 - Updater plugin is busy. [12/15]
2023-08-21 06:48:02,012 [INFO] LoadUrlFilesThread:156 - End of LoadUrlFiles Thread
2023-08-21 06:48:04,144 [INFO] ServerAccessManage:473 - Download File tutoVideoDB.zip
2023-08-21 06:48:04,280 [INFO] FileExtend:240 - Unzip File : tutoVideoDB.zip
2023-08-21 06:48:04,281 [INFO] FileExtend:255 - Standard Zip Deflate
2023-08-21 06:48:04,429 [INFO] LoadUrlFilesThread:156 - End of LoadUrlFiles Thread
2023-08-21 06:48:04,434 [WARN] DbFile:41 - Overriding database path with different value: C:\Users\yuhyun97\.stmcufinder\plugins\mcufinder/ => C:\Users\yuhyun97\.stmcufinder\plugins\mcufinder
2023-08-21 06:48:04,939 [WARN] MainUpdater:1189 - Updater busy. Cannot search thirdparties
2023-08-21 06:48:04,939 [INFO] ThirdPartyUpdaterWithRetryManager:96 - Updater plugin is busy. [13/15]
2023-08-21 06:48:05,499 [INFO] ServerAccessManage:473 - Download File api_config.json
2023-08-21 06:48:05,623 [INFO] LoadUrlFilesThread:156 - End of LoadUrlFiles Thread
2023-08-21 06:48:05,623 [INFO] DbMcusAds:53 - JSON generation date=Tue Mar 07 17:50:55 KST 2023 (1678179055114)
2023-08-21 06:48:05,661 [INFO] LoadUrlFilesThread:185 - End of LoadServerUrlFiles without Thread
2023-08-21 06:48:05,661 [INFO] TargetSelectorAdapter:259 - Refresh data is successful
2023-08-21 06:48:05,850 [INFO] ApiDb:581 - Connected to CubeFinder SQLite database (C:\Users\yuhyun97\.stmcufinder\plugins\mcufinder\mcu\cube-finder-db.db)
2023-08-21 06:48:05,938 [INFO] ApiDb:668 - CubeFinder database Data Model version=2.1
2023-08-21 06:48:05,938 [INFO] ApiDb:669 - CubeFinder database Configuration version=3.0.37
2023-08-21 06:48:05,938 [INFO] ApiDb:670 - CubeFinder database generation date=2023-08-09 (1691586011)
2023-08-21 06:48:05,938 [INFO] ApiDb:671 - CubeFinder database FW Pack versions=[FP-ATR-ASTRA1_V2.0.0, FP-SNS-FLIGHT1_V5.0.1, FP-SNS-FLIGHT1_V5.0.2, FP-SNS-MOTENV1_V4.3.1, FP-SNS-MOTENV1_V4.3.2, STM32Cube_FW_C0_V1.1.0, STM32Cube_FW_F4_V1.27.1, STM32Cube_FW_F7_V1.17.0, STM32Cube_FW_G0_V1.6.1, STM32Cube_FW_G4_V1.5.1, STM32Cube_FW_H5_V0.5.1, STM32Cube_FW_H5_V1.1.0, STM32Cube_FW_H7_V1.11.0, STM32Cube_FW_L0_V1.12.2, STM32Cube_FW_L5_V1.5.0, STM32Cube_FW_U5_V1.3.0, STM32Cube_FW_U5_V1.3.0RC4, STM32Cube_FW_WBA_V1.0.0RC1, STM32Cube_FW_WBA_V1.1.0, STM32Cube_FW_WBA_V1.1.0RC1, STM32Cube_FW_WB_V1.15.0RC1, STM32Cube_FW_WB_V1.16.0, STM32Cube_FW_WB_V1.16.0RC2, STM32Cube_FW_WB_V1.17.0, STM32Cube_FW_WL_V1.3.0, X-CUBE-ALGOBUILD_V1.3.0, X-CUBE-ALS_V1.0.1, X-CUBE-AZRTOS-F4_V1.1.0, X-CUBE-AZRTOS-F7_V1.1.0, X-CUBE-AZRTOS-G0_V1.1.0, X-CUBE-AZRTOS-G4_V2.0.0, X-CUBE-AZRTOS-H7_V3.1.0, X-CUBE-AZRTOS-L4_V1.0.0, X-CUBE-AZRTOS-L4_V2.0.0, X-CUBE-AZRTOS-L5_V1.1.0, X-CUBE-AZRTOS-WB_V1.1.0, X-CUBE-AZRTOS-WL_V2.0.0, X-CUBE-BLE1_V7.0.0, X-CUBE-BLE2_V3.3.0, X-CUBE-BLEMGR_V2.0.0, X-CUBE-EEPRMA1_V4.1.0, X-CUBE-FREERTOS_V1.1.0, X-CUBE-GNSS1_V6.0.0, X-CUBE-MEMS1_V9.1.0, X-CUBE-MEMS1_V9.4.0, X-CUBE-MEMS1_V9.6.0, X-CUBE-NFC4_V3.0.0, X-CUBE-NFC7_V1.0.0, X-CUBE-SFXS2LP1_V4.0.0, X-CUBE-SUBG2_V5.0.0, X-CUBE-TOF1_V3.3.1]
2023-08-21 06:48:08,224 [WARN] PackLoader:240 - Cannot read IP mode file for STMicroelectronics.X-CUBE-GNSS1.6.0.0
2023-08-21 06:48:08,282 [WARN] PackLoader:240 - Cannot read IP mode file for STMicroelectronics.X-CUBE-AZRTOS-F4.1.1.0
2023-08-21 06:48:08,317 [WARN] PackLoader:240 - Cannot read IP mode file for STMicroelectronics.X-CUBE-SMBUS.2.1.0
2023-08-21 06:48:08,319 [INFO] ApiDb:240 - Found 323 in-development CPN: [B-G473E-ZEST1S, B-WB1M-WPAN1, B-WL5M-SUBG1, NUCLEO-C031C6, NUCLEO-H503RB, NUCLEO-H563ZI, NUCLEO-U545RE-Q, NUCLEO-U5A5ZJ-Q, NUCLEO-WBA52CG, STEVAL-PROTEUS1, STEVAL-SMARTAG2, STEVAL-STWINBX1, STM320518-EVAL, STM32C0116-DK, STM32C011D6Y3TR, STM32C011D6Y6TR, STM32C011F4P3, STM32C011F4P6, STM32C011F4U3, STM32C011F4U6TR, STM32C011F6P3, STM32C011F6P6, STM32C011F6U3, STM32C011F6U6TR, STM32C011J4M3, STM32C011J4M6, STM32C011J6M3, STM32C011J6M6, STM32C0316-DK, STM32C031C4T3, STM32C031C4T6, STM32C031C4U3, STM32C031C4U6, STM32C031C6T3, STM32C031C6T6, STM32C031C6U3, STM32C031C6U6, STM32C031F4P3, STM32C031F4P6, STM32C031F6P3, STM32C031F6P6, STM32C031G4U3, STM32C031G4U6, STM32C031G6U3, STM32C031G6U6, STM32C031K4T3, STM32C031K4T6, STM32C031K4U3, STM32C031K4U6, STM32C031K6T3, STM32C031K6T6, STM32C031K6U3, STM32C031K6U6, STM32G071K8TXN, STM32G071K8UXN, STM32G081GBU6N, STM32G081KBT6N, STM32G081KBUXN, STM32G0B1CCT6N, STM32G0B1KCT6, STM32G0B1NEY6TR, STM32G0B1RCT6N, STM32G0C1CCT6, STM32G0C1CCT6N, STM32G0C1CCU6N, STM32G0C1CET6N, STM32G0C1CEU6N, STM32G0C1KCT6, STM32G0C1NEY6TR, STM32G0C1RCI6N, STM32G0C1RCT6N, STM32G0C1REI6N, STM32G0C1RET6N, STM32G0C1VCI6, STM32G0C1VEI6, STM32G471CCT6, STM32G471CCU6, STM32G471CET3, STM32G471CET6, STM32G471CEU3, STM32G471CEU6, STM32G471MCT6, STM32G471MET3, STM32G471MET6, STM32G471MEY6TR, STM32G471QCT6, STM32G471QET3, STM32G471RCT6, STM32G471RET3, STM32G471RET6, STM32G471VCH6, STM32G471VCI6, STM32G471VCT6, STM32G471VEH3, STM32G471VEH6, STM32G471VEI3, STM32G471VEI6, STM32G471VET3, STM32G471VET6, STM32G474CCT6, STM32H503CBT6, STM32H503CBU6, STM32H503EBY6TR, STM32H503KBU6, STM32H503RBT6, STM32H562AGI6, STM32H562AII6, STM32H562IGK6, STM32H562IGT6, STM32H562IIK6, STM32H562IIT6, STM32H562RGT6, STM32H562RGV6, STM32H562RIT6, STM32H562RIV6, STM32H562VGT6, STM32H562VIT6, STM32H562ZGT6, STM32H562ZIT6, STM32H563AGI6, STM32H563AII3Q, STM32H563AII6, STM32H563IGK6, STM32H563IGT6, STM32H563IIK3Q, STM32H563IIK6, STM32H563IIT3Q, STM32H563IIT6, STM32H563MIY3QTR, STM32H563RGT6, STM32H563RGV6, STM32H563RIT6, STM32H563RIV6, STM32H563VGT6, STM32H563VIT3Q, STM32H563VIT6, STM32H563ZGT6, STM32H563ZIT3Q, STM32H563ZIT6, STM32H573AII3Q, STM32H573AII6, STM32H573I-DK, STM32H573IIK3Q, STM32H573IIK6, STM32H573IIT3Q, STM32H573IIT6, STM32H573MIY3QTR, STM32H573RIT6, STM32H573RIV6, STM32H573VIT3Q, STM32H573VIT6, STM32H573ZIT3Q, STM32H573ZIT6, STM32L4R5QGI6STR, STM32MP131AAE3, STM32MP131AAF3, STM32MP131AAG3, STM32MP131CAE3, STM32MP131CAF3, STM32MP131CAG3, STM32MP131DAE7, STM32MP131DAF7, STM32MP131DAG7, STM32MP131FAE7, STM32MP131FAF7, STM32MP131FAG7, STM32MP133AAE3, STM32MP133AAF3, STM32MP133AAG3, STM32MP133CAE3, STM32MP133CAF3, STM32MP133CAG3, STM32MP133DAE7, STM32MP133DAF7, STM32MP133DAG7, STM32MP133FAE7, STM32MP133FAF7, STM32MP133FAG7, STM32MP135AAE3, STM32MP135AAF3, STM32MP135AAG3, STM32MP135CAE3, STM32MP135CAF3, STM32MP135CAG3, STM32MP135DAE7, STM32MP135DAF7, STM32MP135DAG7, STM32MP135F-DK, STM32MP135FAE7, STM32MP135FAF7, STM32MP135FAF7T, STM32MP135FAF7U, STM32MP135FAG7, STM32U535CBT6, STM32U535CBT6Q, STM32U535CBU6, STM32U535CBU6Q, STM32U535CCT6, STM32U535CCT6Q, STM32U535CCU6, STM32U535CCU6Q, STM32U535CET6, STM32U535CET6Q, STM32U535CEU6, STM32U535CEU6Q, STM32U535JEY6QTR, STM32U535NCY6QTR, STM32U535NEY6QTR, STM32U535RBI6, STM32U535RBI6Q, STM32U535RBT6, STM32U535RBT6Q, STM32U535RCI6, STM32U535RCI6Q, STM32U535RCT6, STM32U535RCT6Q, STM32U535REI6, STM32U535REI6Q, STM32U535RET6, STM32U535RET6Q, STM32U535VCI6, STM32U535VCI6Q, STM32U535VCT6, STM32U535VCT6Q, STM32U535VEI6, STM32U535VEI6Q, STM32U535VET6, STM32U535VET6Q, STM32U545CET6, STM32U545CET6Q, STM32U545CEU6, STM32U545CEU6Q, STM32U545JEY6QTR, STM32U545NEY6QTR, STM32U545REI6, STM32U545REI6Q, STM32U545RET6, STM32U545RET6Q, STM32U545VEI6, STM32U545VEI6Q, STM32U545VET6, STM32U545VET6Q, STM32U595AIH6, STM32U595AIH6Q, STM32U595AJH6, STM32U595AJH6Q, STM32U595QII6, STM32U595QII6Q, STM32U595QJI6, STM32U595QJI6Q, STM32U595RIT6, STM32U595RIT6Q, STM32U595RJT6, STM32U595RJT6Q, STM32U595VIT6, STM32U595VIT6Q, STM32U595VJT6, STM32U595VJT6Q, STM32U595ZIT6, STM32U595ZIT6Q, STM32U595ZIY6QTR, STM32U595ZJT6, STM32U595ZJT6Q, STM32U595ZJY6QTR, STM32U599BJY6QTR, STM32U599NIH6Q, STM32U599NJH6Q, STM32U599VIT6Q, STM32U599VJT6, STM32U599VJT6Q, STM32U599ZIT6Q, STM32U599ZIY6QTR, STM32U599ZJT6Q, STM32U599ZJY6QTR, STM32U5A5AJH6, STM32U5A5AJH6Q, STM32U5A5QJI6, STM32U5A5QJI6Q, STM32U5A5RJT6, STM32U5A5RJT6Q, STM32U5A5VJT6, STM32U5A5VJT6Q, STM32U5A5ZJT6, STM32U5A5ZJT6Q, STM32U5A5ZJY6QTR, STM32U5A9BJY6QTR, STM32U5A9J-DK, STM32U5A9NJH6Q, STM32U5A9VJT6Q, STM32U5A9ZJT6Q, STM32U5A9ZJY6QTR, STM32U5F7VIT6, STM32U5F7VIT6Q, STM32U5F7VJT6, STM32U5F7VJT6Q, STM32U5F9BJY6QTR, STM32U5F9NJH6Q, STM32U5F9VIT6Q, STM32U5F9VJT6Q, STM32U5F9ZIJ6QTR, STM32U5F9ZIT6Q, STM32U5F9ZJJ6QTR, STM32U5F9ZJT6Q, STM32U5G7VJT6, STM32U5G7VJT6Q, STM32U5G9BJY6QTR, STM32U5G9J-DK1, STM32U5G9J-DK2, STM32U5G9NJH6Q, STM32U5G9VJT6Q, STM32U5G9ZJJ6QTR, STM32U5G9ZJT6Q, STM32WB1MMCH6, STM32WBA52CEU6, STM32WBA52CEU6T, STM32WBA52CGU6, STM32WBA52CGU6T, STM32WBA52KEU6, STM32WBA52KEU6T, STM32WBA52KGU6, STM32WBA52KGU6T, STM32WL5MOCH6, STM32WL5MOCH6TR]
2023-08-21 06:48:08,331 [INFO] DbMcus:217 - Found 3848 MCUs, 3848 are supported
2023-08-21 06:48:08,338 [INFO] ApiDb:423 - Load user favorites file C:\Users\yuhyun97/.stm32cubeide/favorites.mcus.txt: 1 item(s)
2023-08-21 06:48:08,339 [INFO] ApiDb:427 - User favorites MCUs=[STM32F103C8T6]
2023-08-21 06:48:08,339 [INFO] DbMcus:223 - Set 1 / 1 favorites MCUs
2023-08-21 06:48:08,374 [WARN] PackLoader:240 - Cannot read IP mode file for STMicroelectronics.X-CUBE-AZRTOS-L5.2.0.0
2023-08-21 06:48:08,429 [WARN] PackLoader:240 - Cannot read IP mode file for STMicroelectronics.X-CUBE-AZRTOS-F7.1.1.0
2023-08-21 06:48:08,519 [WARN] PackLoader:240 - Cannot read IP mode file for STMicroelectronics.X-CUBE-MEMS1.9.6.0
2023-08-21 06:48:08,773 [INFO] ApiDb:668 - CubeFinder database Data Model version=2.1
2023-08-21 06:48:08,774 [INFO] ApiDb:669 - CubeFinder database Configuration version=3.0.37
2023-08-21 06:48:08,774 [INFO] ApiDb:670 - CubeFinder database generation date=2023-08-09 (1691586011)
2023-08-21 06:48:08,774 [INFO] ApiDb:671 - CubeFinder database FW Pack versions=[FP-ATR-ASTRA1_V2.0.0, FP-SNS-FLIGHT1_V5.0.1, FP-SNS-FLIGHT1_V5.0.2, FP-SNS-MOTENV1_V4.3.1, FP-SNS-MOTENV1_V4.3.2, STM32Cube_FW_C0_V1.1.0, STM32Cube_FW_F4_V1.27.1, STM32Cube_FW_F7_V1.17.0, STM32Cube_FW_G0_V1.6.1, STM32Cube_FW_G4_V1.5.1, STM32Cube_FW_H5_V0.5.1, STM32Cube_FW_H5_V1.1.0, STM32Cube_FW_H7_V1.11.0, STM32Cube_FW_L0_V1.12.2, STM32Cube_FW_L5_V1.5.0, STM32Cube_FW_U5_V1.3.0, STM32Cube_FW_U5_V1.3.0RC4, STM32Cube_FW_WBA_V1.0.0RC1, STM32Cube_FW_WBA_V1.1.0, STM32Cube_FW_WBA_V1.1.0RC1, STM32Cube_FW_WB_V1.15.0RC1, STM32Cube_FW_WB_V1.16.0, STM32Cube_FW_WB_V1.16.0RC2, STM32Cube_FW_WB_V1.17.0, STM32Cube_FW_WL_V1.3.0, X-CUBE-ALGOBUILD_V1.3.0, X-CUBE-ALS_V1.0.1, X-CUBE-AZRTOS-F4_V1.1.0, X-CUBE-AZRTOS-F7_V1.1.0, X-CUBE-AZRTOS-G0_V1.1.0, X-CUBE-AZRTOS-G4_V2.0.0, X-CUBE-AZRTOS-H7_V3.1.0, X-CUBE-AZRTOS-L4_V1.0.0, X-CUBE-AZRTOS-L4_V2.0.0, X-CUBE-AZRTOS-L5_V1.1.0, X-CUBE-AZRTOS-WB_V1.1.0, X-CUBE-AZRTOS-WL_V2.0.0, X-CUBE-BLE1_V7.0.0, X-CUBE-BLE2_V3.3.0, X-CUBE-BLEMGR_V2.0.0, X-CUBE-EEPRMA1_V4.1.0, X-CUBE-FREERTOS_V1.1.0, X-CUBE-GNSS1_V6.0.0, X-CUBE-MEMS1_V9.1.0, X-CUBE-MEMS1_V9.4.0, X-CUBE-MEMS1_V9.6.0, X-CUBE-NFC4_V3.0.0, X-CUBE-NFC7_V1.0.0, X-CUBE-SFXS2LP1_V4.0.0, X-CUBE-SUBG2_V5.0.0, X-CUBE-TOF1_V3.3.1]
2023-08-21 06:48:08,830 [WARN] PackLoader:240 - Cannot read IP mode file for STMicroelectronics.FP-SNS-MOTENV1.4.3.2
2023-08-21 06:48:08,848 [WARN] PackLoader:240 - Cannot read IP mode file for STMicroelectronics.FP-SNS-FLIGHT1.5.0.1
2023-08-21 06:48:08,872 [WARN] PackLoader:240 - Cannot read IP mode file for STMicroelectronics.X-CUBE-BLE1.6.2.4
2023-08-21 06:48:08,891 [INFO] DbBoardsSqlite:226 - include board P-NUCLEO-WB55-NUCLEO as a kit item of type 'Nucleo-64'
2023-08-21 06:48:08,892 [INFO] DbBoardsSqlite:226 - include board P-NUCLEO-WB55-USBDONGLE as a kit item of type 'Nucleo USB Dongle'
2023-08-21 06:48:08,893 [INFO] DbBoardsSqlite:226 - include board STEVAL-IDP005V1 as a kit item of type 'Evaluation Board'
2023-08-21 06:48:08,893 [INFO] DbBoardsSqlite:226 - include board STEVAL-IDP005V2 as a kit item of type 'Evaluation Board'
2023-08-21 06:48:08,902 [WARN] PackLoader:240 - Cannot read IP mode file for STMicroelectronics.X-CUBE-BLEMGR.2.0.0
2023-08-21 06:48:08,922 [WARN] PackLoader:240 - Cannot read IP mode file for STMicroelectronics.FP-SNS-FLIGHT1.5.0.2
2023-08-21 06:48:08,975 [WARN] ConditionMgr:438 - getConditionDescription Invalid condition id : UX DEVICE CLASS RTOS Condition cause : null
2023-08-21 06:48:08,976 [WARN] ConditionMgr:438 - getConditionDescription Invalid condition id : UX DEVICE CLASS RTOS Condition cause : null
2023-08-21 06:48:08,983 [WARN] PackLoader:240 - Cannot read IP mode file for STMicroelectronics.X-CUBE-AZRTOS-H7.3.1.0
2023-08-21 06:48:08,986 [WARN] ConditionMgr:1039 - genDependencies : Invalid condition id : UX DEVICE CLASS RTOS Condition cause : null
2023-08-21 06:48:08,986 [WARN] ConditionMgr:1039 - genDependencies : Invalid condition id : UX DEVICE CLASS RTOS Condition cause : null
2023-08-21 06:48:08,988 [WARN] ConditionMgr:1039 - genDependencies : Invalid condition id : UX DEVICE CLASS RTOS Condition cause : null
2023-08-21 06:48:08,989 [WARN] ConditionMgr:1039 - genDependencies : Invalid condition id : UX DEVICE CLASS RTOS Condition cause : null
2023-08-21 06:48:08,989 [WARN] ConditionMgr:1039 - genDependencies : Invalid condition id : UX DEVICE CLASS RTOS Condition cause : null
2023-08-21 06:48:08,999 [INFO] ApiDb:240 - Found 323 in-development CPN: [B-G473E-ZEST1S, B-WB1M-WPAN1, B-WL5M-SUBG1, NUCLEO-C031C6, NUCLEO-H503RB, NUCLEO-H563ZI, NUCLEO-U545RE-Q, NUCLEO-U5A5ZJ-Q, NUCLEO-WBA52CG, STEVAL-PROTEUS1, STEVAL-SMARTAG2, STEVAL-STWINBX1, STM320518-EVAL, STM32C0116-DK, STM32C011D6Y3TR, STM32C011D6Y6TR, STM32C011F4P3, STM32C011F4P6, STM32C011F4U3, STM32C011F4U6TR, STM32C011F6P3, STM32C011F6P6, STM32C011F6U3, STM32C011F6U6TR, STM32C011J4M3, STM32C011J4M6, STM32C011J6M3, STM32C011J6M6, STM32C0316-DK, STM32C031C4T3, STM32C031C4T6, STM32C031C4U3, STM32C031C4U6, STM32C031C6T3, STM32C031C6T6, STM32C031C6U3, STM32C031C6U6, STM32C031F4P3, STM32C031F4P6, STM32C031F6P3, STM32C031F6P6, STM32C031G4U3, STM32C031G4U6, STM32C031G6U3, STM32C031G6U6, STM32C031K4T3, STM32C031K4T6, STM32C031K4U3, STM32C031K4U6, STM32C031K6T3, STM32C031K6T6, STM32C031K6U3, STM32C031K6U6, STM32G071K8TXN, STM32G071K8UXN, STM32G081GBU6N, STM32G081KBT6N, STM32G081KBUXN, STM32G0B1CCT6N, STM32G0B1KCT6, STM32G0B1NEY6TR, STM32G0B1RCT6N, STM32G0C1CCT6, STM32G0C1CCT6N, STM32G0C1CCU6N, STM32G0C1CET6N, STM32G0C1CEU6N, STM32G0C1KCT6, STM32G0C1NEY6TR, STM32G0C1RCI6N, STM32G0C1RCT6N, STM32G0C1REI6N, STM32G0C1RET6N, STM32G0C1VCI6, STM32G0C1VEI6, STM32G471CCT6, STM32G471CCU6, STM32G471CET3, STM32G471CET6, STM32G471CEU3, STM32G471CEU6, STM32G471MCT6, STM32G471MET3, STM32G471MET6, STM32G471MEY6TR, STM32G471QCT6, STM32G471QET3, STM32G471RCT6, STM32G471RET3, STM32G471RET6, STM32G471VCH6, STM32G471VCI6, STM32G471VCT6, STM32G471VEH3, STM32G471VEH6, STM32G471VEI3, STM32G471VEI6, STM32G471VET3, STM32G471VET6, STM32G474CCT6, STM32H503CBT6, STM32H503CBU6, STM32H503EBY6TR, STM32H503KBU6, STM32H503RBT6, STM32H562AGI6, STM32H562AII6, STM32H562IGK6, STM32H562IGT6, STM32H562IIK6, STM32H562IIT6, STM32H562RGT6, STM32H562RGV6, STM32H562RIT6, STM32H562RIV6, STM32H562VGT6, STM32H562VIT6, STM32H562ZGT6, STM32H562ZIT6, STM32H563AGI6, STM32H563AII3Q, STM32H563AII6, STM32H563IGK6, STM32H563IGT6, STM32H563IIK3Q, STM32H563IIK6, STM32H563IIT3Q, STM32H563IIT6, STM32H563MIY3QTR, STM32H563RGT6, STM32H563RGV6, STM32H563RIT6, STM32H563RIV6, STM32H563VGT6, STM32H563VIT3Q, STM32H563VIT6, STM32H563ZGT6, STM32H563ZIT3Q, STM32H563ZIT6, STM32H573AII3Q, STM32H573AII6, STM32H573I-DK, STM32H573IIK3Q, STM32H573IIK6, STM32H573IIT3Q, STM32H573IIT6, STM32H573MIY3QTR, STM32H573RIT6, STM32H573RIV6, STM32H573VIT3Q, STM32H573VIT6, STM32H573ZIT3Q, STM32H573ZIT6, STM32L4R5QGI6STR, STM32MP131AAE3, STM32MP131AAF3, STM32MP131AAG3, STM32MP131CAE3, STM32MP131CAF3, STM32MP131CAG3, STM32MP131DAE7, STM32MP131DAF7, STM32MP131DAG7, STM32MP131FAE7, STM32MP131FAF7, STM32MP131FAG7, STM32MP133AAE3, STM32MP133AAF3, STM32MP133AAG3, STM32MP133CAE3, STM32MP133CAF3, STM32MP133CAG3, STM32MP133DAE7, STM32MP133DAF7, STM32MP133DAG7, STM32MP133FAE7, STM32MP133FAF7, STM32MP133FAG7, STM32MP135AAE3, STM32MP135AAF3, STM32MP135AAG3, STM32MP135CAE3, STM32MP135CAF3, STM32MP135CAG3, STM32MP135DAE7, STM32MP135DAF7, STM32MP135DAG7, STM32MP135F-DK, STM32MP135FAE7, STM32MP135FAF7, STM32MP135FAF7T, STM32MP135FAF7U, STM32MP135FAG7, STM32U535CBT6, STM32U535CBT6Q, STM32U535CBU6, STM32U535CBU6Q, STM32U535CCT6, STM32U535CCT6Q, STM32U535CCU6, STM32U535CCU6Q, STM32U535CET6, STM32U535CET6Q, STM32U535CEU6, STM32U535CEU6Q, STM32U535JEY6QTR, STM32U535NCY6QTR, STM32U535NEY6QTR, STM32U535RBI6, STM32U535RBI6Q, STM32U535RBT6, STM32U535RBT6Q, STM32U535RCI6, STM32U535RCI6Q, STM32U535RCT6, STM32U535RCT6Q, STM32U535REI6, STM32U535REI6Q, STM32U535RET6, STM32U535RET6Q, STM32U535VCI6, STM32U535VCI6Q, STM32U535VCT6, STM32U535VCT6Q, STM32U535VEI6, STM32U535VEI6Q, STM32U535VET6, STM32U535VET6Q, STM32U545CET6, STM32U545CET6Q, STM32U545CEU6, STM32U545CEU6Q, STM32U545JEY6QTR, STM32U545NEY6QTR, STM32U545REI6, STM32U545REI6Q, STM32U545RET6, STM32U545RET6Q, STM32U545VEI6, STM32U545VEI6Q, STM32U545VET6, STM32U545VET6Q, STM32U595AIH6, STM32U595AIH6Q, STM32U595AJH6, STM32U595AJH6Q, STM32U595QII6, STM32U595QII6Q, STM32U595QJI6, STM32U595QJI6Q, STM32U595RIT6, STM32U595RIT6Q, STM32U595RJT6, STM32U595RJT6Q, STM32U595VIT6, STM32U595VIT6Q, STM32U595VJT6, STM32U595VJT6Q, STM32U595ZIT6, STM32U595ZIT6Q, STM32U595ZIY6QTR, STM32U595ZJT6, STM32U595ZJT6Q, STM32U595ZJY6QTR, STM32U599BJY6QTR, STM32U599NIH6Q, STM32U599NJH6Q, STM32U599VIT6Q, STM32U599VJT6, STM32U599VJT6Q, STM32U599ZIT6Q, STM32U599ZIY6QTR, STM32U599ZJT6Q, STM32U599ZJY6QTR, STM32U5A5AJH6, STM32U5A5AJH6Q, STM32U5A5QJI6, STM32U5A5QJI6Q, STM32U5A5RJT6, STM32U5A5RJT6Q, STM32U5A5VJT6, STM32U5A5VJT6Q, STM32U5A5ZJT6, STM32U5A5ZJT6Q, STM32U5A5ZJY6QTR, STM32U5A9BJY6QTR, STM32U5A9J-DK, STM32U5A9NJH6Q, STM32U5A9VJT6Q, STM32U5A9ZJT6Q, STM32U5A9ZJY6QTR, STM32U5F7VIT6, STM32U5F7VIT6Q, STM32U5F7VJT6, STM32U5F7VJT6Q, STM32U5F9BJY6QTR, STM32U5F9NJH6Q, STM32U5F9VIT6Q, STM32U5F9VJT6Q, STM32U5F9ZIJ6QTR, STM32U5F9ZIT6Q, STM32U5F9ZJJ6QTR, STM32U5F9ZJT6Q, STM32U5G7VJT6, STM32U5G7VJT6Q, STM32U5G9BJY6QTR, STM32U5G9J-DK1, STM32U5G9J-DK2, STM32U5G9NJH6Q, STM32U5G9VJT6Q, STM32U5G9ZJJ6QTR, STM32U5G9ZJT6Q, STM32WB1MMCH6, STM32WBA52CEU6, STM32WBA52CEU6T, STM32WBA52CGU6, STM32WBA52CGU6T, STM32WBA52KEU6, STM32WBA52KEU6T, STM32WBA52KGU6, STM32WBA52KGU6T, STM32WL5MOCH6, STM32WL5MOCH6TR]
2023-08-21 06:48:09,019 [WARN] PackLoader:240 - Cannot read IP mode file for STMicroelectronics.X-CUBE-DISPLAY.3.0.0
2023-08-21 06:48:09,051 [WARN] PackLoader:240 - Cannot read IP mode file for STMicroelectronics.X-CUBE-BLE1.7.0.0
2023-08-21 06:48:09,079 [WARN] PackLoader:240 - Cannot read IP mode file for emotas.I-CUBE-CANOPEN.1.3.0
2023-08-21 06:48:09,100 [WARN] PackLoader:240 - Cannot read IP mode file for STMicroelectronics.X-CUBE-TOUCHGFX.4.22.0
2023-08-21 06:48:09,120 [WARN] PackLoader:240 - Cannot read IP mode file for STMicroelectronics.X-CUBE-NFC7.1.0.1
2023-08-21 06:48:09,146 [WARN] PackLoader:240 - Cannot read IP mode file for STMicroelectronics.X-CUBE-EEPRMA1.4.1.0
2023-08-21 06:48:09,190 [INFO] LogOutputStream:77 - [STDOUT_REDIRECT] 1 : Invalid condition id : UX_CORESTACK_Condition cause : null
2023-08-21 06:48:09,192 [INFO] LogOutputStream:77 - [STDOUT_REDIRECT] 1 : Invalid condition id : UX_CORESTACK_Condition cause : null
2023-08-21 06:48:09,195 [INFO] LogOutputStream:77 - [STDOUT_REDIRECT] 1 : Invalid condition id : UX_CORESTACK_Condition cause : null
2023-08-21 06:48:09,198 [INFO] LogOutputStream:77 - [STDOUT_REDIRECT] 1 : Invalid condition id : UX_CORESTACK_Condition cause : null
2023-08-21 06:48:09,201 [INFO] LogOutputStream:77 - [STDOUT_REDIRECT] 1 : Invalid condition id : UX_CORESTACK_Condition cause : null
2023-08-21 06:48:09,208 [WARN] PackLoader:240 - Cannot read IP mode file for STMicroelectronics.X-CUBE-AZRTOS-WL.2.0.0
2023-08-21 06:48:09,229 [WARN] PackLoader:240 - Cannot read IP mode file for STMicroelectronics.X-CUBE-AI.8.1.0
2023-08-21 06:48:09,275 [WARN] ConditionMgr:438 - getConditionDescription Invalid condition id : LAN8742 Phy interface Condition cause : null
2023-08-21 06:48:09,276 [WARN] PackLoader:240 - Cannot read IP mode file for STMicroelectronics.X-CUBE-AZRTOS-L4.2.0.0
2023-08-21 06:48:09,278 [WARN] ConditionMgr:1039 - genDependencies : Invalid condition id : LAN8742 Phy interface Condition cause : null
2023-08-21 06:48:09,279 [WARN] ConditionMgr:1039 - genDependencies : Invalid condition id : LAN8742 Phy interface Condition cause : null
2023-08-21 06:48:09,280 [WARN] ConditionMgr:1039 - genDependencies : Invalid condition id : LAN8742 Phy interface Condition cause : null
2023-08-21 06:48:09,296 [INFO] BoardInfo:880 - No configuration file found for board P-NUCLEO-WB55
2023-08-21 06:48:09,297 [INFO] DbBoards:157 - Kit is not supported: P-NUCLEO-WB55
2023-08-21 06:48:09,308 [INFO] BoardInfo:880 - No configuration file found for board STEVAL-BFA001V1B
2023-08-21 06:48:09,309 [WARN] PackLoader:240 - Cannot read IP mode file for WES.I-CUBE-Cesium.1.3.0
2023-08-21 06:48:09,309 [INFO] DbBoards:157 - Kit is not supported: STEVAL-BFA001V1B
2023-08-21 06:48:09,312 [INFO] BoardInfo:880 - No configuration file found for board STEVAL-BFA001V2B
2023-08-21 06:48:09,312 [INFO] DbBoards:157 - Kit is not supported: STEVAL-BFA001V2B
2023-08-21 06:48:09,350 [WARN] PackLoader:240 - Cannot read IP mode file for STMicroelectronics.X-CUBE-SFXS2LP1.4.0.0
2023-08-21 06:48:09,372 [WARN] PackLoader:240 - Cannot read IP mode file for STMicroelectronics.X-CUBE-BLE2.3.3.0
2023-08-21 06:48:09,394 [WARN] PackLoader:240 - Cannot read IP mode file for STMicroelectronics.X-CUBE-ISPU.1.1.0
2023-08-21 06:48:09,431 [WARN] ConditionMgr:438 - getConditionDescription Invalid condition id : UX DEVICE CLASS RTOS Condition cause : null
2023-08-21 06:48:09,431 [WARN] ConditionMgr:438 - getConditionDescription Invalid condition id : UX DEVICE CLASS RTOS Condition cause : null
2023-08-21 06:48:09,433 [WARN] PackLoader:240 - Cannot read IP mode file for STMicroelectronics.X-CUBE-AZRTOS-WB.2.0.0
2023-08-21 06:48:09,434 [WARN] ConditionMgr:1039 - genDependencies : Invalid condition id : UX DEVICE CLASS RTOS Condition cause : null
2023-08-21 06:48:09,434 [WARN] ConditionMgr:1039 - genDependencies : Invalid condition id : UX DEVICE CLASS RTOS Condition cause : null
2023-08-21 06:48:09,434 [WARN] ConditionMgr:1039 - genDependencies : Invalid condition id : UX DEVICE CLASS RTOS Condition cause : null
2023-08-21 06:48:09,435 [WARN] ConditionMgr:1039 - genDependencies : Invalid condition id : UX DEVICE CLASS RTOS Condition cause : null
2023-08-21 06:48:09,435 [WARN] ConditionMgr:1039 - genDependencies : Invalid condition id : UX DEVICE CLASS RTOS Condition cause : null
2023-08-21 06:48:09,452 [WARN] PackLoader:240 - Cannot read IP mode file for STMicroelectronics.X-CUBE-FREERTOS.1.0.1
2023-08-21 06:48:09,475 [WARN] PackLoader:240 - Cannot read IP mode file for STMicroelectronics.X-CUBE-ALGOBUILD.1.3.0
2023-08-21 06:48:09,518 [WARN] PackLoader:240 - Cannot read IP mode file for STMicroelectronics.X-CUBE-AZRTOS-L5.1.1.0
2023-08-21 06:48:09,564 [WARN] PackLoader:240 - Cannot read IP mode file for STMicroelectronics.X-CUBE-AZRTOS-G0.1.1.0
2023-08-21 06:48:09,581 [WARN] PackLoader:240 - Cannot read IP mode file for STMicroelectronics.X-CUBE-AI.8.0.1
2023-08-21 06:48:09,592 [INFO] DbBoards:161 - Found 190 boards, 187 are supported
2023-08-21 06:48:09,596 [INFO] ApiDb:414 - User favorites file not found: C:\Users\yuhyun97/.stm32cubeide/favorites.boards.txt
2023-08-21 06:48:09,596 [INFO] DbBoards:190 - Set 0 / 0 favorites Boards
2023-08-21 06:48:09,600 [INFO] ApiDb:668 - CubeFinder database Data Model version=2.1
2023-08-21 06:48:09,600 [INFO] ApiDb:669 - CubeFinder database Configuration version=3.0.37
2023-08-21 06:48:09,600 [INFO] ApiDb:670 - CubeFinder database generation date=2023-08-09 (1691586011)
2023-08-21 06:48:09,600 [INFO] ApiDb:671 - CubeFinder database FW Pack versions=[FP-ATR-ASTRA1_V2.0.0, FP-SNS-FLIGHT1_V5.0.1, FP-SNS-FLIGHT1_V5.0.2, FP-SNS-MOTENV1_V4.3.1, FP-SNS-MOTENV1_V4.3.2, STM32Cube_FW_C0_V1.1.0, STM32Cube_FW_F4_V1.27.1, STM32Cube_FW_F7_V1.17.0, STM32Cube_FW_G0_V1.6.1, STM32Cube_FW_G4_V1.5.1, STM32Cube_FW_H5_V0.5.1, STM32Cube_FW_H5_V1.1.0, STM32Cube_FW_H7_V1.11.0, STM32Cube_FW_L0_V1.12.2, STM32Cube_FW_L5_V1.5.0, STM32Cube_FW_U5_V1.3.0, STM32Cube_FW_U5_V1.3.0RC4, STM32Cube_FW_WBA_V1.0.0RC1, STM32Cube_FW_WBA_V1.1.0, STM32Cube_FW_WBA_V1.1.0RC1, STM32Cube_FW_WB_V1.15.0RC1, STM32Cube_FW_WB_V1.16.0, STM32Cube_FW_WB_V1.16.0RC2, STM32Cube_FW_WB_V1.17.0, STM32Cube_FW_WL_V1.3.0, X-CUBE-ALGOBUILD_V1.3.0, X-CUBE-ALS_V1.0.1, X-CUBE-AZRTOS-F4_V1.1.0, X-CUBE-AZRTOS-F7_V1.1.0, X-CUBE-AZRTOS-G0_V1.1.0, X-CUBE-AZRTOS-G4_V2.0.0, X-CUBE-AZRTOS-H7_V3.1.0, X-CUBE-AZRTOS-L4_V1.0.0, X-CUBE-AZRTOS-L4_V2.0.0, X-CUBE-AZRTOS-L5_V1.1.0, X-CUBE-AZRTOS-WB_V1.1.0, X-CUBE-AZRTOS-WL_V2.0.0, X-CUBE-BLE1_V7.0.0, X-CUBE-BLE2_V3.3.0, X-CUBE-BLEMGR_V2.0.0, X-CUBE-EEPRMA1_V4.1.0, X-CUBE-FREERTOS_V1.1.0, X-CUBE-GNSS1_V6.0.0, X-CUBE-MEMS1_V9.1.0, X-CUBE-MEMS1_V9.4.0, X-CUBE-MEMS1_V9.6.0, X-CUBE-NFC4_V3.0.0, X-CUBE-NFC7_V1.0.0, X-CUBE-SFXS2LP1_V4.0.0, X-CUBE-SUBG2_V5.0.0, X-CUBE-TOF1_V3.3.1]
2023-08-21 06:48:09,609 [WARN] PackLoader:240 - Cannot read IP mode file for STMicroelectronics.X-CUBE-SUBG2.5.0.0
2023-08-21 06:48:09,629 [WARN] PackLoader:240 - Cannot read IP mode file for STMicroelectronics.X-CUBE-NFC4.3.0.0
2023-08-21 06:48:09,658 [WARN] PackLoader:240 - Cannot read IP mode file for STMicroelectronics.X-CUBE-TOF1.3.3.1
2023-08-21 06:48:09,704 [WARN] PackLoader:240 - Cannot read IP mode file for STMicroelectronics.X-CUBE-AZRTOS-G4.2.0.0
2023-08-21 06:48:09,728 [WARN] PackLoader:240 - Cannot read IP mode file for STMicroelectronics.FP-ATR-SIGFOX1.3.2.0
2023-08-21 06:48:09,774 [WARN] PackLoader:240 - Cannot read IP mode file for portGmbH.I-Cube-SoM-uGOAL.1.1.0
2023-08-21 06:48:09,791 [WARN] PackLoader:240 - Cannot read IP mode file for STMicroelectronics.X-CUBE-ALS.1.0.1
2023-08-21 06:48:09,823 [WARN] PackLoader:240 - Cannot read IP mode file for STMicroelectronics.X-CUBE-AZRTOS-WB.1.1.0
2023-08-21 06:48:09,886 [WARN] PackLoader:240 - Cannot read IP mode file for SEGGER.I-CUBE-embOS.1.3.1
2023-08-21 06:48:09,966 [WARN] PackLoader:240 - Cannot read IP mode file for STMicroelectronics.FP-ATR-ASTRA1.2.0.0
2023-08-21 06:48:09,967 [INFO] ThirdParty:978 - Integrity check success = true
2023-08-21 06:48:09,967 [INFO] IntegrityCheckThread:100 - exiting critical section [integrity check]
2023-08-21 06:48:09,967 [INFO] IntegrityCheckThread:103 - End integrity checks thread
2023-08-21 06:48:11,054 [INFO] DbExamplesSqlite:395 - Ignored 27 examples not supported by CubeIDE
2023-08-21 06:48:11,055 [INFO] DbExamplesSqlite:396 - Found 7231 examples active
2023-08-21 06:48:11,055 [INFO] DbExamplesSqlite:397 - Found 677 examples obsolete
2023-08-21 06:48:11,055 [INFO] DbExamplesSqlite:398 - Found 0 examples under development
2023-08-21 06:48:11,055 [INFO] DbExamplesSqlite:399 - Found 74 examples not building
2023-08-21 06:48:11,057 [INFO] DbExamples:125 - Found 7278 examples
2023-08-21 06:48:11,076 [INFO] DbExamples:222 - Found 92 boards with related examples
2023-08-21 06:48:11,077 [INFO] DbExamples:235 - Found 78 MCUs with related examples
2023-08-21 06:48:11,098 [INFO] ApiDb:414 - User favorites file not found: C:\Users\yuhyun97/.stm32cubeide/favorites.examples.txt
2023-08-21 06:48:11,098 [INFO] DbExamples:250 - Set 0 / 0 favorites Examples
2023-08-21 06:48:11,664 [INFO] McuFinderGlobals:76 - Set McuFinderConnectedMode to true
2023-08-21 06:48:11,679 [INFO] MultiScanPanel:200 - Auto-refresh data requested => check proxy status ongoing
2023-08-21 06:48:11,685 [INFO] FinderPluginLoader:95 - Searching for filters in installed packs
2023-08-21 06:48:13,510 [INFO] LoadUrlFilesThread:185 - End of LoadServerUrlFiles without Thread
2023-08-21 06:48:13,521 [INFO] DetailPanel:341 - Set advertising image to C:/Users/yuhyun97/STM32Cube/Repository/\en.prom-stm32h5-mcu-finder.jpg
2023-08-21 06:48:28,749 [INFO] MainUpdater:2868 - connection check result : 10
2023-08-21 06:48:28,750 [INFO] MainUpdater:2868 - connection check result : 10
2023-08-21 06:48:28,786 [INFO] MicroXplorer:468 - Change Database Path : 
2023-08-21 06:48:28,786 [INFO] MicroXplorer:498 - Change Database Version : DB.6.0.90
2023-08-21 06:48:28,792 [WARN] ThirdParty:871 - waiting for thirdparty lock release [close project]
2023-08-21 06:48:28,792 [INFO] ThirdParty:873 - entering critical section [close project]
2023-08-21 06:48:28,793 [INFO] ThirdParty:883 - exiting critical section [close project]
2023-08-21 06:48:28,795 [INFO] PinOutPanel:1499 - setPackage(No Configuration,No Configuration)
2023-08-21 06:48:28,806 [INFO] UtilMem:75 - Begin LoadConfig() Used Memory: 493874912 Bytes (643825664)
2023-08-21 06:48:28,808 [INFO] MicroXplorer:468 - Change Database Path : 
2023-08-21 06:48:28,808 [INFO] MicroXplorer:498 - Change Database Version : DB.6.0.90
2023-08-21 06:48:28,809 [INFO] OpenFileManager:308 - Change cursor
2023-08-21 06:48:28,971 [INFO] Mcu:1946 - Initializing MCU STM32F103C8Tx STM32F103C8Tx STM32F103C8T6
2023-08-21 06:48:30,655 [INFO] Context:659 - Trying to add GPIOservice into a context  which must be forbidden
2023-08-21 06:48:30,979 [INFO] ImportTextPane:194 - (OptionalMessage_ERROR) Unable to find key (Mcu.ThirdPartyNb) in loaded IOC file
2023-08-21 06:48:30,980 [INFO] ImportTextPane:194 - (OptionalMessage_ERROR) Unable to find key (Mcu.PinsNb) in loaded IOC file
2023-08-21 06:48:30,980 [INFO] ImportTextPane:194 - (OptionalMessage_ERROR) Unable to find key (Mcu.IPNb) in loaded IOC file
2023-08-21 06:48:31,243 [INFO] RtosManager:555 - Registered RTOS mode: class=CMSIS, group=RTOS, mode=CMSIS_V1, owner=FREERTOS
2023-08-21 06:48:31,244 [INFO] RtosManager:555 - Registered RTOS mode: class=CMSIS, group=RTOS2, mode=CMSIS_V2, owner=FREERTOS
2023-08-21 06:48:31,244 [INFO] RtosManager:555 - Registered RTOS mode: class=RTOS, group=Core, mode=CMSIS_V1, owner=FREERTOS
2023-08-21 06:48:31,244 [INFO] RtosManager:555 - Registered RTOS mode: class=RTOS, group=Core, mode=CMSIS_V2, owner=FREERTOS
2023-08-21 06:48:31,245 [WARN] ModelIntegratedComponent:184 - Missing modes for component STMicroelectronics:FreeRTOS:0.0.1:STMicroelectronics:RTOS:FreeRTOS:Core:::10.2.0:
2023-08-21 06:48:31,262 [WARN] ModelIntegratedComponent:63 - No mode defined for component null
2023-08-21 06:48:31,262 [WARN] ModelIntegratedComponent:63 - No mode defined for component null
2023-08-21 06:48:31,263 [WARN] ModelIntegratedComponent:63 - No mode defined for component null
2023-08-21 06:48:31,263 [WARN] ModelIntegratedComponent:63 - No mode defined for component null
2023-08-21 06:48:31,263 [WARN] ModelIntegratedComponent:63 - No mode defined for component null
2023-08-21 06:48:31,263 [WARN] ModelIntegratedComponent:63 - No mode defined for component null
2023-08-21 06:48:31,263 [WARN] ModelIntegratedComponent:63 - No mode defined for component null
2023-08-21 06:48:31,263 [WARN] ModelIntegratedComponent:63 - No mode defined for component null
2023-08-21 06:48:31,263 [WARN] ModelIntegratedComponent:63 - No mode defined for component null
2023-08-21 06:48:31,263 [WARN] ModelIntegratedComponent:63 - No mode defined for component null
2023-08-21 06:48:31,263 [WARN] ModelIntegratedComponent:63 - No mode defined for component null
2023-08-21 06:48:31,264 [WARN] ModelIntegratedComponent:63 - No mode defined for component null
2023-08-21 06:48:31,264 [WARN] ModelIntegratedComponent:63 - No mode defined for component null
2023-08-21 06:48:31,264 [WARN] ModelIntegratedComponent:63 - No mode defined for component null
2023-08-21 06:48:31,264 [WARN] ModelIntegratedComponent:63 - No mode defined for component null
2023-08-21 06:48:31,264 [WARN] ModelIntegratedComponent:63 - No mode defined for component null
2023-08-21 06:48:31,264 [WARN] ModelIntegratedComponent:63 - No mode defined for component null
2023-08-21 06:48:31,264 [WARN] ModelIntegratedComponent:63 - No mode defined for component null
2023-08-21 06:48:31,264 [WARN] ModelIntegratedComponent:63 - No mode defined for component null
2023-08-21 06:48:31,264 [WARN] ModelIntegratedComponent:63 - No mode defined for component null
2023-08-21 06:48:31,265 [WARN] ModelIntegratedComponent:63 - No mode defined for component null
2023-08-21 06:48:31,265 [WARN] ModelIntegratedComponent:63 - No mode defined for component null
2023-08-21 06:48:31,265 [WARN] ModelIntegratedComponent:63 - No mode defined for component null
2023-08-21 06:48:31,265 [WARN] ModelIntegratedComponent:63 - No mode defined for component null
2023-08-21 06:48:31,265 [WARN] ModelIntegratedComponent:63 - No mode defined for component null
2023-08-21 06:48:31,265 [WARN] ModelIntegratedComponent:63 - No mode defined for component null
2023-08-21 06:48:31,265 [WARN] ModelIntegratedComponent:63 - No mode defined for component null
2023-08-21 06:48:31,265 [WARN] ModelIntegratedComponent:63 - No mode defined for component null
2023-08-21 06:48:31,265 [WARN] ModelIntegratedComponent:63 - No mode defined for component null
2023-08-21 06:48:31,265 [WARN] ModelIntegratedComponent:63 - No mode defined for component null
2023-08-21 06:48:31,265 [WARN] ModelIntegratedComponent:63 - No mode defined for component null
2023-08-21 06:48:31,265 [WARN] ModelIntegratedComponent:63 - No mode defined for component null
2023-08-21 06:48:31,266 [WARN] ModelIntegratedComponent:63 - No mode defined for component null
2023-08-21 06:48:31,288 [INFO] ThirdPartyModel:298 - Start build external matchings
2023-08-21 06:48:31,702 [INFO] ThirdPartyModel:316 - End build external matchings
2023-08-21 06:48:32,014 [INFO] UtilMem:75 - End LoadConfig() Used Memory: 477354280 Bytes (822083584)
2023-08-21 06:48:32,056 [WARN] ThirdParty:833 - waiting for thirdparty lock release [change project]
2023-08-21 06:48:32,056 [INFO] ThirdParty:835 - entering critical section [change project]
2023-08-21 06:48:32,057 [INFO] ThirdParty:1030 - CMSIS Pack Vendor :STMicroelectronics X-CUBE-ISPU 1.1.0
2023-08-21 06:48:32,057 [INFO] ThirdParty:1030 - CMSIS Pack Vendor :STMicroelectronics USBPD 4.1
2023-08-21 06:48:32,057 [INFO] ThirdParty:1030 - CMSIS Pack Vendor :STMicroelectronics X-CUBE-GNSS1 6.0.0
2023-08-21 06:48:32,057 [INFO] ThirdParty:1030 - CMSIS Pack Vendor :STMicroelectronics USB_HOST 2.0.0
2023-08-21 06:48:32,057 [INFO] ThirdParty:1030 - CMSIS Pack Vendor :STMicroelectronics X-CUBE-AZRTOS-F4 1.1.0
2023-08-21 06:48:32,057 [INFO] ThirdParty:1030 - CMSIS Pack Vendor :STMicroelectronics LIBJPEG 8.0.0
2023-08-21 06:48:32,057 [INFO] ThirdParty:1030 - CMSIS Pack Vendor :STMicroelectronics X-CUBE-SMBUS 2.1.0
2023-08-21 06:48:32,057 [INFO] ThirdParty:1030 - CMSIS Pack Vendor :STMicroelectronics USB_DEVICE 3.0.0
2023-08-21 06:48:32,057 [INFO] ThirdParty:1030 - CMSIS Pack Vendor :STMicroelectronics X-CUBE-AZRTOS-WB 2.0.0
2023-08-21 06:48:32,057 [INFO] ThirdParty:1030 - CMSIS Pack Vendor :STMicroelectronics X-CUBE-FREERTOS 1.0.1
2023-08-21 06:48:32,058 [INFO] ThirdParty:1030 - CMSIS Pack Vendor :STMicroelectronics X-CUBE-AZRTOS-L5 2.0.0
2023-08-21 06:48:32,058 [INFO] ThirdParty:1030 - CMSIS Pack Vendor :STMicroelectronics X-CUBE-AZRTOS-F7 1.1.0
2023-08-21 06:48:32,058 [INFO] ThirdParty:1030 - CMSIS Pack Vendor :STMicroelectronics USB_DEVICE 2.0.0
2023-08-21 06:48:32,058 [INFO] ThirdParty:1030 - CMSIS Pack Vendor :STMicroelectronics X-CUBE-MEMS1 9.6.0
2023-08-21 06:48:32,058 [INFO] ThirdParty:1030 - CMSIS Pack Vendor :STMicroelectronics FP-SNS-MOTENV1 4.3.2
2023-08-21 06:48:32,058 [INFO] ThirdParty:1030 - CMSIS Pack Vendor :STMicroelectronics FP-SNS-FLIGHT1 5.0.1
2023-08-21 06:48:32,058 [INFO] ThirdParty:1030 - CMSIS Pack Vendor :STMicroelectronics X-CUBE-ALGOBUILD 1.3.0
2023-08-21 06:48:32,058 [INFO] ThirdParty:1030 - CMSIS Pack Vendor :STMicroelectronics X-CUBE-BLE1 6.2.4
2023-08-21 06:48:32,058 [INFO] ThirdParty:1030 - CMSIS Pack Vendor :STMicroelectronics X-CUBE-AZRTOS-L5 1.1.0
2023-08-21 06:48:32,058 [INFO] ThirdParty:1030 - CMSIS Pack Vendor :STMicroelectronics FreeRTOS 0.0.1
2023-08-21 06:48:32,058 [INFO] ThirdParty:1030 - CMSIS Pack Vendor :STMicroelectronics X-CUBE-AZRTOS-G0 1.1.0
2023-08-21 06:48:32,058 [INFO] ThirdParty:1030 - CMSIS Pack Vendor :STMicroelectronics X-CUBE-BLEMGR 2.0.0
2023-08-21 06:48:32,058 [INFO] ThirdParty:1030 - CMSIS Pack Vendor :STMicroelectronics X-CUBE-AI 8.0.1
2023-08-21 06:48:32,059 [INFO] ThirdParty:1030 - CMSIS Pack Vendor :STMicroelectronics X-CUBE-SUBG2 5.0.0
2023-08-21 06:48:32,059 [INFO] ThirdParty:1030 - CMSIS Pack Vendor :STMicroelectronics X-CUBE-NFC4 3.0.0
2023-08-21 06:48:32,059 [INFO] ThirdParty:1030 - CMSIS Pack Vendor :STMicroelectronics STM32_WPAN 1.0.0
2023-08-21 06:48:32,059 [INFO] ThirdParty:1030 - CMSIS Pack Vendor :STMicroelectronics lwIP 2.0.3
2023-08-21 06:48:32,059 [INFO] ThirdParty:1030 - CMSIS Pack Vendor :STMicroelectronics FP-SNS-FLIGHT1 5.0.2
2023-08-21 06:48:32,059 [INFO] ThirdParty:1030 - CMSIS Pack Vendor :STMicroelectronics USB_HOST 1.0.0
2023-08-21 06:48:32,059 [INFO] ThirdParty:1030 - CMSIS Pack Vendor :STMicroelectronics X-CUBE-TOF1 3.3.1
2023-08-21 06:48:32,059 [INFO] ThirdParty:1030 - CMSIS Pack Vendor :STMicroelectronics X-CUBE-AZRTOS-G4 2.0.0
2023-08-21 06:48:32,059 [INFO] ThirdParty:1030 - CMSIS Pack Vendor :STMicroelectronics PDM2PCM 3.1.0
2023-08-21 06:48:32,059 [INFO] ThirdParty:1030 - CMSIS Pack Vendor :STMicroelectronics X-CUBE-AZRTOS-H7 3.1.0
2023-08-21 06:48:32,059 [INFO] ThirdParty:1030 - CMSIS Pack Vendor :STMicroelectronics PDM2PCM 3.3.0
2023-08-21 06:48:32,059 [INFO] ThirdParty:1030 - CMSIS Pack Vendor :STMicroelectronics X-CUBE-DISPLAY 3.0.0
2023-08-21 06:48:32,060 [INFO] ThirdParty:1030 - CMSIS Pack Vendor :STMicroelectronics X-CUBE-BLE1 7.0.0
2023-08-21 06:48:32,060 [INFO] ThirdParty:1030 - CMSIS Pack Vendor :STMicroelectronics FP-ATR-SIGFOX1 3.2.0
2023-08-21 06:48:32,060 [INFO] ThirdParty:1030 - CMSIS Pack Vendor :STMicroelectronics HAL Drivers 0.0.0
2023-08-21 06:48:32,060 [INFO] ThirdParty:1030 - CMSIS Pack Vendor :STMicroelectronics MBEDTLS 2.16.2
2023-08-21 06:48:32,060 [INFO] ThirdParty:1030 - CMSIS Pack Vendor :emotas I-CUBE-CANOPEN 1.3.0
2023-08-21 06:48:32,060 [INFO] ThirdParty:1030 - CMSIS Pack Vendor :STMicroelectronics X-CUBE-TOUCHGFX 4.22.0
2023-08-21 06:48:32,060 [INFO] ThirdParty:1030 - CMSIS Pack Vendor :STMicroelectronics X-CUBE-NFC7 1.0.1
2023-08-21 06:48:32,060 [INFO] ThirdParty:1030 - CMSIS Pack Vendor :STMicroelectronics MBEDTLS 2.14.1
2023-08-21 06:48:32,060 [INFO] ThirdParty:1030 - CMSIS Pack Vendor :STMicroelectronics X-CUBE-EEPRMA1 4.1.0
2023-08-21 06:48:32,060 [INFO] ThirdParty:1030 - CMSIS Pack Vendor :portGmbH I-Cube-SoM-uGOAL 1.1.0
2023-08-21 06:48:32,060 [INFO] ThirdParty:1030 - CMSIS Pack Vendor :STMicroelectronics X-CUBE-ALS 1.0.1
2023-08-21 06:48:32,060 [INFO] ThirdParty:1030 - CMSIS Pack Vendor :STMicroelectronics ThreadX 1.0.0
2023-08-21 06:48:32,060 [INFO] ThirdParty:1030 - CMSIS Pack Vendor :STMicroelectronics X-CUBE-AZRTOS-WB 1.1.0
2023-08-21 06:48:32,061 [INFO] ThirdParty:1030 - CMSIS Pack Vendor :STMicroelectronics X-CUBE-AZRTOS-WL 2.0.0
2023-08-21 06:48:32,061 [INFO] ThirdParty:1030 - CMSIS Pack Vendor :SEGGER I-CUBE-embOS 1.3.1
2023-08-21 06:48:32,061 [INFO] ThirdParty:1030 - CMSIS Pack Vendor :STMicroelectronics USB_DEVICE 1.0.0
2023-08-21 06:48:32,061 [INFO] ThirdParty:1030 - CMSIS Pack Vendor :STMicroelectronics X-CUBE-AI 8.1.0
2023-08-21 06:48:32,061 [INFO] ThirdParty:1030 - CMSIS Pack Vendor :STMicroelectronics X-CUBE-AZRTOS-L4 2.0.0
2023-08-21 06:48:32,061 [INFO] ThirdParty:1030 - CMSIS Pack Vendor :STMicroelectronics ThreadX 0.0.2
2023-08-21 06:48:32,061 [INFO] ThirdParty:1030 - CMSIS Pack Vendor :WES I-CUBE-Cesium 1.3.0
2023-08-21 06:48:32,061 [INFO] ThirdParty:1030 - CMSIS Pack Vendor :STMicroelectronics FP-ATR-ASTRA1 2.0.0
2023-08-21 06:48:32,061 [INFO] ThirdParty:1030 - CMSIS Pack Vendor :STMicroelectronics lwIP 2.1.2
2023-08-21 06:48:32,061 [INFO] ThirdParty:1030 - CMSIS Pack Vendor :STMicroelectronics X-CUBE-SFXS2LP1 4.0.0
2023-08-21 06:48:32,061 [INFO] ThirdParty:1030 - CMSIS Pack Vendor :STMicroelectronics X-CUBE-BLE2 3.3.0
2023-08-21 06:48:32,061 [INFO] ThirdParty:1030 - CMSIS Pack Vendor :STMicroelectronics PDM2PCM 3.2.0
2023-08-21 06:48:32,062 [INFO] ThirdParty:841 - exiting critical section [change project]
2023-08-21 06:48:32,479 [INFO] PinOutPanel:1499 - setPackage(No Configuration,No Configuration)
2023-08-21 06:48:32,481 [INFO] PinOutPanel:1499 - setPackage(STM32F103C8Tx,LQFP48)
2023-08-21 06:48:33,291 [INFO] UtilMem:75 - Before build in PCC Used Memory: 491454720 Bytes (822083584)
2023-08-21 06:48:34,570 [INFO] UtilMem:75 - After build in PCC Used Memory: 420813816 Bytes (822083584)
2023-08-21 06:48:34,612 [INFO] IPUIPlugin:80 - create IPUIPlugin
2023-08-21 06:48:34,612 [INFO] IPUIPlugin:80 - create IPUIPlugin
2023-08-21 06:48:34,613 [INFO] IPUIPlugin:80 - create IPUIPlugin
2023-08-21 06:48:34,613 [INFO] IPUIPlugin:80 - create IPUIPlugin
2023-08-21 06:48:34,613 [INFO] IPUIPlugin:80 - create IPUIPlugin
2023-08-21 06:48:34,613 [INFO] IPUIPlugin:80 - create IPUIPlugin
2023-08-21 06:48:34,614 [INFO] IPUIPlugin:80 - create IPUIPlugin
2023-08-21 06:48:34,614 [INFO] IPUIPlugin:80 - create IPUIPlugin
2023-08-21 06:48:34,614 [INFO] IPUIPlugin:80 - create IPUIPlugin
2023-08-21 06:48:34,614 [INFO] IPUIPlugin:80 - create IPUIPlugin
2023-08-21 06:48:34,615 [INFO] IPUIPlugin:80 - create IPUIPlugin
2023-08-21 06:48:34,615 [INFO] IPUIPlugin:80 - create IPUIPlugin
2023-08-21 06:48:34,616 [INFO] IPUIPlugin:80 - create IPUIPlugin
2023-08-21 06:48:34,617 [INFO] IPUIPlugin:80 - create IPUIPlugin
2023-08-21 06:48:34,617 [INFO] IPUIPlugin:80 - create IPUIPlugin
2023-08-21 06:48:34,617 [INFO] IPUIPlugin:80 - create IPUIPlugin
2023-08-21 06:48:34,618 [INFO] IPUIPlugin:80 - create IPUIPlugin
2023-08-21 06:48:34,618 [INFO] IPUIPlugin:80 - create IPUIPlugin
2023-08-21 06:48:34,619 [INFO] IPUIPlugin:80 - create IPUIPlugin
2023-08-21 06:48:34,620 [INFO] IPUIPlugin:80 - create IPUIPlugin
2023-08-21 06:48:34,621 [INFO] IPUIPlugin:80 - create IPUIPlugin
2023-08-21 06:48:34,622 [INFO] IPUIPlugin:80 - create IPUIPlugin
2023-08-21 06:48:34,623 [INFO] IPUIPlugin:80 - create IPUIPlugin
2023-08-21 06:48:34,624 [INFO] IPUIPlugin:80 - create IPUIPlugin
2023-08-21 06:48:34,624 [INFO] IPUIPlugin:80 - create IPUIPlugin
2023-08-21 06:48:34,625 [INFO] IPUIPlugin:80 - create IPUIPlugin
2023-08-21 06:48:34,626 [INFO] IPUIPlugin:80 - create IPUIPlugin
2023-08-21 06:48:34,946 [INFO] CADModel:165 - CPN selected for project levelSTM32F103C8T6
2023-08-21 06:48:34,947 [INFO] CADModel:114 - Register for checkConnection events
2023-08-21 06:48:35,009 [INFO] OpenFileManager:328 - Restore cursor
2023-08-21 06:48:35,780 [INFO] UtilMem:75 - End SaveConfig() Used Memory: 554782032 Bytes (822083584)
2023-08-21 06:48:35,899 [INFO] UtilMem:75 - End SaveConfig() Used Memory: 567103384 Bytes (822083584)
2023-08-21 06:48:36,444 [INFO] BlockDiagram:2759 - set Specific Code input for plugin: NVIC
2023-08-21 06:48:36,445 [INFO] BlockDiagram:2759 - set Specific Code input for plugin: RCC
2023-08-21 06:48:36,447 [INFO] CodeGenerator:799 - code generatio: config db path: C:\ST\STM32CubeIDE_1.13.0\STM32CubeIDE\plugins\com.st.stm32cube.common.mx_6.9.0.202307051724\\db\
2023-08-21 06:48:36,808 [INFO] CodeEngine:255 - oldGeneratedFile, C:\Users\yuhyun97\STM32CubeIDE\workspace_1.13.0\UART_test\MXTmpFiles\license.tmp_save
2023-08-21 06:48:37,339 [INFO] CodeEngine:279 - Generated code: C:\Users\yuhyun97\STM32CubeIDE\workspace_1.13.0\UART_test\MXTmpFiles\license.tmp
2023-08-21 06:48:37,378 [INFO] CodeEngine:255 - oldGeneratedFile, C:\Users\yuhyun97\STM32CubeIDE\workspace_1.13.0\UART_test\Core\Src\stm32f1xx_it.c_save
2023-08-21 06:48:37,745 [INFO] CodeEngine:279 - Generated code: C:\Users\yuhyun97\STM32CubeIDE\workspace_1.13.0\UART_test\Core\Src\stm32f1xx_it.c
2023-08-21 06:48:37,764 [INFO] CodeEngine:255 - oldGeneratedFile, C:\Users\yuhyun97\STM32CubeIDE\workspace_1.13.0\UART_test\Core\Inc\stm32f1xx_it.h_save
2023-08-21 06:48:37,977 [INFO] CodeEngine:279 - Generated code: C:\Users\yuhyun97\STM32CubeIDE\workspace_1.13.0\UART_test\Core\Inc\stm32f1xx_it.h
2023-08-21 06:48:38,183 [INFO] CodeEngine:255 - oldGeneratedFile, C:\Users\yuhyun97\STM32CubeIDE\workspace_1.13.0\UART_test\Core\Src\stm32f1xx_hal_msp.c_save
2023-08-21 06:48:38,415 [INFO] CodeEngine:279 - Generated code: C:\Users\yuhyun97\STM32CubeIDE\workspace_1.13.0\UART_test\Core\Src\stm32f1xx_hal_msp.c
2023-08-21 06:48:38,436 [INFO] CodeEngine:255 - oldGeneratedFile, C:\Users\yuhyun97\STM32CubeIDE\workspace_1.13.0\UART_test\MXTmpFiles\system.tmp_save
2023-08-21 06:48:38,548 [INFO] CodeEngine:279 - Generated code: C:\Users\yuhyun97\STM32CubeIDE\workspace_1.13.0\UART_test\MXTmpFiles\system.tmp
2023-08-21 06:48:38,582 [INFO] CodeEngine:311 - oldGeneratedFile, C:\Users\yuhyun97\STM32CubeIDE\workspace_1.13.0\UART_test\Core\Inc\stm32f1xx_hal_conf.h_save
2023-08-21 06:48:38,772 [INFO] CodeEngine:335 - Generated code: C:\Users\yuhyun97\STM32CubeIDE\workspace_1.13.0\UART_test\Core\Inc\stm32f1xx_hal_conf.h
2023-08-21 06:48:38,875 [INFO] CodeEngine:255 - oldGeneratedFile, C:\Users\yuhyun97\STM32CubeIDE\workspace_1.13.0\UART_test\Core\Inc\main.h_save
2023-08-21 06:48:39,109 [INFO] CodeEngine:279 - Generated code: C:\Users\yuhyun97\STM32CubeIDE\workspace_1.13.0\UART_test\Core\Inc\main.h
2023-08-21 06:48:39,136 [INFO] CodeEngine:255 - oldGeneratedFile, C:\Users\yuhyun97\STM32CubeIDE\workspace_1.13.0\UART_test\Core\Src\main.c_save
2023-08-21 06:48:39,473 [INFO] CodeEngine:279 - Generated code: C:\Users\yuhyun97\STM32CubeIDE\workspace_1.13.0\UART_test\Core\Src\main.c
2023-08-21 06:48:40,358 [INFO] ProjectBuilder:3064 - Time for Copy HAL[1] : 251mS.
2023-08-21 06:48:40,367 [INFO] ProjectBuilder:4404 - Project Generator version: 4.1.0
2023-08-21 06:48:40,827 [INFO] ConfigFileManager:1457 - The Die is : DIE410
2023-08-21 06:48:40,856 [INFO] ApiDbMcu:507 - Load IP Config File for FATFS
2023-08-21 06:48:40,880 [INFO] ApiDbMcu:507 - Load IP Config File for FREERTOS
2023-08-21 06:48:40,907 [INFO] ApiDbMcu:507 - Load IP Config File for USB_DEVICE
2023-08-21 06:48:42,395 [INFO] LogOutputStream:77 - [STDOUT_REDIRECT] 
2023-08-21 06:48:47,790 [INFO] ProjectBuilder:4626 - Time for Generating toolchain IDE Files: 7422mS.
2023-08-21 06:48:47,792 [INFO] ProjectBuilder:2935 - Time for Copy CMSIS : 1mS.
2023-08-21 06:48:47,799 [INFO] ProjectBuilder:2935 - Time for Copy CMSIS : 0mS.
2023-08-21 06:48:49,485 [INFO] McuFinderGlobals:76 - Set McuFinderConnectedMode to true
2023-08-21 06:48:49,490 [INFO] ApiDb:448 - Save user favorites file C:\Users\yuhyun97/.stm32cubeide/favorites.mcus.txt: 1 item(s)
2023-08-21 06:48:49,490 [INFO] ApiDb:452 - User favorites MCUs=[STM32F103C8T6]
2023-08-21 07:03:54,980 [INFO] UtilMem:75 - End SaveConfig() Used Memory: 582142728 Bytes (1073741824)
2023-08-21 07:03:56,680 [INFO] UtilMem:75 - End SaveConfig() Used Memory: 599599736 Bytes (1073741824)
2023-08-21 07:03:58,905 [INFO] UtilMem:75 - End SaveConfig() Used Memory: 667077384 Bytes (1073741824)
2023-08-21 07:03:59,465 [INFO] BlockDiagram:2759 - set Specific Code input for plugin: NVIC
2023-08-21 07:03:59,465 [INFO] BlockDiagram:2759 - set Specific Code input for plugin: USART
2023-08-21 07:03:59,465 [INFO] BlockDiagram:2759 - set Specific Code input for plugin: SYS
2023-08-21 07:03:59,466 [INFO] BlockDiagram:2759 - set Specific Code input for plugin: GPIO
2023-08-21 07:03:59,466 [INFO] BlockDiagram:2759 - set Specific Code input for plugin: RCC
2023-08-21 07:03:59,471 [INFO] CodeGenerator:799 - code generatio: config db path: C:\ST\STM32CubeIDE_1.13.0\STM32CubeIDE\plugins\com.st.stm32cube.common.mx_6.9.0.202307051724\\db\
2023-08-21 07:03:59,680 [INFO] CodeEngine:255 - oldGeneratedFile, C:\Users\yuhyun97\STM32CubeIDE\workspace_1.13.0\UART_test\MXTmpFiles\license.tmp_save
2023-08-21 07:03:59,892 [INFO] CodeEngine:279 - Generated code: C:\Users\yuhyun97\STM32CubeIDE\workspace_1.13.0\UART_test\MXTmpFiles\license.tmp
2023-08-21 07:04:00,014 [INFO] CodeEngine:255 - oldGeneratedFile, C:\Users\yuhyun97\STM32CubeIDE\workspace_1.13.0\UART_test\MXTmpFiles\gpio.tmp_save
2023-08-21 07:04:00,341 [INFO] CodeEngine:279 - Generated code: C:\Users\yuhyun97\STM32CubeIDE\workspace_1.13.0\UART_test\MXTmpFiles\gpio.tmp
2023-08-21 07:04:00,454 [INFO] CodeEngine:255 - oldGeneratedFile, C:\Users\yuhyun97\STM32CubeIDE\workspace_1.13.0\UART_test\Core\Src\stm32f1xx_it.c_save
2023-08-21 07:04:00,790 [INFO] CodeEngine:279 - Generated code: C:\Users\yuhyun97\STM32CubeIDE\workspace_1.13.0\UART_test\Core\Src\stm32f1xx_it.c
2023-08-21 07:04:00,804 [INFO] CodeEngine:255 - oldGeneratedFile, C:\Users\yuhyun97\STM32CubeIDE\workspace_1.13.0\UART_test\Core\Inc\stm32f1xx_it.h_save
2023-08-21 07:04:00,934 [INFO] CodeEngine:279 - Generated code: C:\Users\yuhyun97\STM32CubeIDE\workspace_1.13.0\UART_test\Core\Inc\stm32f1xx_it.h
2023-08-21 07:04:00,977 [INFO] CodeEngine:255 - oldGeneratedFile, C:\Users\yuhyun97\STM32CubeIDE\workspace_1.13.0\UART_test\Core\Src\stm32f1xx_hal_msp.c_save
2023-08-21 07:04:01,249 [INFO] CodeEngine:279 - Generated code: C:\Users\yuhyun97\STM32CubeIDE\workspace_1.13.0\UART_test\Core\Src\stm32f1xx_hal_msp.c
2023-08-21 07:04:01,262 [INFO] CodeEngine:255 - oldGeneratedFile, C:\Users\yuhyun97\STM32CubeIDE\workspace_1.13.0\UART_test\MXTmpFiles\system.tmp_save
2023-08-21 07:04:01,345 [INFO] CodeEngine:279 - Generated code: C:\Users\yuhyun97\STM32CubeIDE\workspace_1.13.0\UART_test\MXTmpFiles\system.tmp
2023-08-21 07:04:01,377 [INFO] CodeEngine:311 - oldGeneratedFile, C:\Users\yuhyun97\STM32CubeIDE\workspace_1.13.0\UART_test\Core\Inc\stm32f1xx_hal_conf.h_save
2023-08-21 07:04:01,503 [INFO] CodeEngine:335 - Generated code: C:\Users\yuhyun97\STM32CubeIDE\workspace_1.13.0\UART_test\Core\Inc\stm32f1xx_hal_conf.h
2023-08-21 07:04:01,580 [INFO] CodeEngine:255 - oldGeneratedFile, C:\Users\yuhyun97\STM32CubeIDE\workspace_1.13.0\UART_test\Core\Inc\main.h_save
2023-08-21 07:04:01,688 [INFO] CodeEngine:279 - Generated code: C:\Users\yuhyun97\STM32CubeIDE\workspace_1.13.0\UART_test\Core\Inc\main.h
2023-08-21 07:04:01,712 [INFO] CodeEngine:255 - oldGeneratedFile, C:\Users\yuhyun97\STM32CubeIDE\workspace_1.13.0\UART_test\Core\Src\main.c_save
2023-08-21 07:04:02,046 [INFO] CodeEngine:279 - Generated code: C:\Users\yuhyun97\STM32CubeIDE\workspace_1.13.0\UART_test\Core\Src\main.c
2023-08-21 07:04:03,021 [INFO] ProjectBuilder:3064 - Time for Copy HAL[1] : 344mS.
2023-08-21 07:04:03,027 [INFO] ProjectBuilder:4404 - Project Generator version: 4.1.0
2023-08-21 07:04:03,244 [INFO] ConfigFileManager:1457 - The Die is : DIE410
2023-08-21 07:04:05,960 [INFO] ProjectBuilder:4626 - Time for Generating toolchain IDE Files: 2933mS.
2023-08-21 07:04:05,961 [INFO] ProjectBuilder:2935 - Time for Copy CMSIS : 1mS.
2023-08-21 07:04:05,966 [INFO] ProjectBuilder:2935 - Time for Copy CMSIS : 0mS.
2023-08-21 07:52:11,857 [ERROR] LogOutputStream:75 - [STDERR_REDIRECT] 
