2023-07-31 21:14:26,525 [INFO] Activator:176 - 


2023-07-31 21:14:26,538 [INFO] Activator:177 - !SESSION log4j initialized
2023-07-31 21:14:49,062 [INFO] LogOutputStream:77 - [STDOUT_REDIRECT] 
2023-07-31 21:15:05,064 [INFO] ApplicationProperties:184 - Using Application install path: C:\ST\STM32CubeIDE_1.13.0\STM32CubeIDE\plugins\com.st.stm32cube.common.mx_6.9.0.202307051724
2023-07-31 21:15:05,161 [INFO] DbMcusXml:78 - Set database path to: C:\ST\STM32CubeIDE_1.13.0\STM32CubeIDE\plugins\com.st.stm32cube.common.mx_6.9.0.202307051724\\db\/mcu/
2023-07-31 21:15:05,164 [INFO] ApiDb:274 - Set plugin database path to: C:\ST\STM32CubeIDE_1.13.0\STM32CubeIDE\plugins\com.st.stm32cube.common.mx_6.9.0.202307051724\\db\/plugins/boardmanager/
2023-07-31 21:15:05,166 [WARN] ApiDb:259 - Overriding images path with different value:  => C:\ST\STM32CubeIDE_1.13.0\STM32CubeIDE\plugins\com.st.stm32cube.common.mx_6.9.0.202307051724\\db\/plugins/mcufinder/images/
2023-07-31 21:15:05,260 [INFO] ApiDb:250 - Set database path to: C:\Users\yuhyun97\.stmcufinder\plugins\mcufinder//mcu/
2023-07-31 21:15:05,267 [INFO] DbMcusAds:125 - Set database path to: C:\Users\yuhyun97\.stmcufinder\plugins\mcufinder//mcu/
2023-07-31 21:15:05,384 [INFO] CrossReferenceDbSqlite:203 - Set database path to: C:\Users\yuhyun97\.stmcufinder\plugins\mcufinder//mcu/cs/
2023-07-31 21:15:05,854 [INFO] RulesReader:64 - Compatibility file has been processed (293 Rules)
2023-07-31 21:15:06,253 [INFO] DbMcusXml:78 - Set database path to: C:\ST\STM32CubeIDE_1.13.0\STM32CubeIDE\plugins\com.st.stm32cube.common.mx_6.9.0.202307051724\\db\/mcu/
2023-07-31 21:15:06,253 [INFO] ApiDb:274 - Set plugin database path to: C:\ST\STM32CubeIDE_1.13.0\STM32CubeIDE\plugins\com.st.stm32cube.common.mx_6.9.0.202307051724\\db\/plugins/boardmanager/
2023-07-31 21:15:06,254 [INFO] ApiDb:261 - Set plugin images path to: C:\ST\STM32CubeIDE_1.13.0\STM32CubeIDE\plugins\com.st.stm32cube.common.mx_6.9.0.202307051724\\db\/plugins/mcufinder/images/
2023-07-31 21:15:06,254 [WARN] DbFile:41 - Overriding database path with different value: C:\Users\yuhyun97\.stmcufinder\plugins\mcufinder/ => C:\Users\yuhyun97\.stmcufinder\plugins\mcufinder
2023-07-31 21:15:06,254 [INFO] ApiDb:250 - Set database path to: C:\Users\yuhyun97\.stmcufinder\plugins\mcufinder//mcu/
2023-07-31 21:15:06,255 [WARN] DbFile:41 - Overriding database path with different value: C:\Users\yuhyun97\.stmcufinder\plugins\mcufinder/ => C:\Users\yuhyun97\.stmcufinder\plugins\mcufinder
2023-07-31 21:15:06,255 [INFO] DbMcusAds:125 - Set database path to: C:\Users\yuhyun97\.stmcufinder\plugins\mcufinder//mcu/
2023-07-31 21:15:06,255 [WARN] DbFile:41 - Overriding database path with different value: C:\Users\yuhyun97\.stmcufinder\plugins\mcufinder/ => C:\Users\yuhyun97\.stmcufinder\plugins\mcufinder
2023-07-31 21:15:06,255 [WARN] DbFile:41 - Overriding database path with different value: C:\Users\yuhyun97\.stmcufinder\plugins\mcufinder/ => C:\Users\yuhyun97\.stmcufinder\plugins\mcufinder
2023-07-31 21:15:06,256 [INFO] CrossReferenceDbSqlite:203 - Set database path to: C:\Users\yuhyun97\.stmcufinder\plugins\mcufinder//mcu/cs/
2023-07-31 21:15:06,522 [INFO] MainPanel:262 - HeapMemory: 268435456
2023-07-31 21:15:06,794 [INFO] DbMcusXml:78 - Set database path to: C:\ST\STM32CubeIDE_1.13.0\STM32CubeIDE\plugins\com.st.stm32cube.common.mx_6.9.0.202307051724\\db\/mcu/
2023-07-31 21:15:06,794 [INFO] ApiDb:274 - Set plugin database path to: C:\ST\STM32CubeIDE_1.13.0\STM32CubeIDE\plugins\com.st.stm32cube.common.mx_6.9.0.202307051724\\db\/plugins/boardmanager/
2023-07-31 21:15:06,795 [INFO] ApiDb:261 - Set plugin images path to: C:\ST\STM32CubeIDE_1.13.0\STM32CubeIDE\plugins\com.st.stm32cube.common.mx_6.9.0.202307051724\\db\/plugins/mcufinder/images/
2023-07-31 21:15:06,796 [WARN] DbFile:41 - Overriding database path with different value: C:\Users\yuhyun97\.stmcufinder\plugins\mcufinder/ => C:\Users\yuhyun97\.stmcufinder\plugins\mcufinder
2023-07-31 21:15:06,797 [INFO] ApiDb:250 - Set database path to: C:\Users\yuhyun97\.stmcufinder\plugins\mcufinder//mcu/
2023-07-31 21:15:06,797 [WARN] DbFile:41 - Overriding database path with different value: C:\Users\yuhyun97\.stmcufinder\plugins\mcufinder/ => C:\Users\yuhyun97\.stmcufinder\plugins\mcufinder
2023-07-31 21:15:06,798 [INFO] DbMcusAds:125 - Set database path to: C:\Users\yuhyun97\.stmcufinder\plugins\mcufinder//mcu/
2023-07-31 21:15:06,799 [WARN] DbFile:41 - Overriding database path with different value: C:\Users\yuhyun97\.stmcufinder\plugins\mcufinder/ => C:\Users\yuhyun97\.stmcufinder\plugins\mcufinder
2023-07-31 21:15:06,799 [WARN] DbFile:41 - Overriding database path with different value: C:\Users\yuhyun97\.stmcufinder\plugins\mcufinder/ => C:\Users\yuhyun97\.stmcufinder\plugins\mcufinder
2023-07-31 21:15:06,800 [INFO] CrossReferenceDbSqlite:203 - Set database path to: C:\Users\yuhyun97\.stmcufinder\plugins\mcufinder//mcu/cs/
2023-07-31 21:15:06,898 [INFO] ApplicationProperties:184 - Using Application install path: C:\ST\STM32CubeIDE_1.13.0\STM32CubeIDE\plugins\com.st.stm32cube.common.mx_6.9.0.202307051724
2023-07-31 21:15:06,907 [INFO] PluginManage:196 - Search for loadable plugins [exclusion list=, ]
2023-07-31 21:15:06,917 [INFO] PluginManage:310 - Check plugin analytics
2023-07-31 21:15:07,874 [INFO] AnalyticsPlugin:253 - Accepted Software Licenses: 
2023-07-31 21:15:07,875 [INFO] AnalyticsPlugin:255 - Accepted CMSIS Pack Licenses: 
2023-07-31 21:15:07,875 [INFO] AnalyticsPlugin:257 - Accepted Firmware Licenses: 
2023-07-31 21:15:07,886 [INFO] PluginManage:359 - Loaded plugin analytics (category:tool,tabindex:-1)
2023-07-31 21:15:07,888 [INFO] PluginManage:310 - Check plugin cadmodel
2023-07-31 21:15:07,919 [INFO] CADModel:105 - Init CAD model plugin
2023-07-31 21:15:07,920 [INFO] PluginManage:359 - Loaded plugin cadmodel (category:power,tabindex:5)
2023-07-31 21:15:07,920 [INFO] PluginManage:310 - Check plugin clock
2023-07-31 21:15:07,970 [INFO] PluginManage:359 - Loaded plugin clock (category:base,tabindex:2)
2023-07-31 21:15:07,971 [INFO] PluginManage:310 - Check plugin ddr
2023-07-31 21:15:07,978 [INFO] PluginManage:359 - Loaded plugin ddr (category:tool,tabindex:6)
2023-07-31 21:15:07,978 [INFO] PluginManage:310 - Check plugin filemanager
2023-07-31 21:15:08,413 [INFO] PluginManage:359 - Loaded plugin filemanager (category:base,tabindex:10)
2023-07-31 21:15:08,413 [INFO] PluginManage:310 - Check plugin ipmanager
2023-07-31 21:15:08,441 [INFO] PluginManage:359 - Loaded plugin ipmanager (category:base,tabindex:5)
2023-07-31 21:15:08,442 [INFO] PluginManage:310 - Check plugin lpbam
2023-07-31 21:15:08,498 [INFO] PluginManage:359 - Loaded plugin lpbam (category:base,tabindex:0)
2023-07-31 21:15:08,499 [INFO] PluginManage:310 - Check plugin memorymap
2023-07-31 21:15:08,587 [INFO] PluginManage:359 - Loaded plugin memorymap (category:base,tabindex:4)
2023-07-31 21:15:08,587 [INFO] PluginManage:310 - Check plugin pinoutandconfiguration
2023-07-31 21:15:08,726 [INFO] PluginManage:359 - Loaded plugin pinoutandconfiguration (category:base,tabindex:1)
2023-07-31 21:15:08,727 [INFO] PluginManage:310 - Check plugin pinoutconfig
2023-07-31 21:15:09,041 [WARN] SupportedApi:132 - Cannot load RTOS API schema: s4s-elt-must-match.1: The content of 'definitions' must match (annotation?, (simpleType | complexType)?, (unique | key | keyref)*)). A problem was found starting at: attribute.
2023-07-31 21:15:09,573 [INFO] PluginManage:359 - Loaded plugin pinoutconfig (category:base,tabindex:0)
2023-07-31 21:15:09,574 [INFO] PluginManage:310 - Check plugin power
2023-07-31 21:15:09,692 [INFO] PluginManage:359 - Loaded plugin power (category:power,tabindex:4)
2023-07-31 21:15:09,693 [INFO] PluginManage:310 - Check plugin projectmanager
2023-07-31 21:15:09,788 [INFO] PluginManage:359 - Loaded plugin projectmanager (category:projectmanager,tabindex:3)
2023-07-31 21:15:09,789 [INFO] PluginManage:310 - Check plugin thirdparty
2023-07-31 21:15:10,812 [INFO] PluginManage:359 - Loaded plugin thirdparty (category:base,tabindex:-1)
2023-07-31 21:15:10,811 [WARN] IntegrityCheckThread:84 - waiting for thirdparty lock release [integrity check]
2023-07-31 21:15:10,812 [INFO] PluginManage:310 - Check plugin tools
2023-07-31 21:15:10,813 [INFO] IntegrityCheckThread:86 - entering critical section [integrity check]
2023-07-31 21:15:10,815 [INFO] ThirdPartyUpdaterWithRetryManager:70 - Updater plugin not ready yet. [1/15]
2023-07-31 21:15:10,912 [INFO] PluginManage:359 - Loaded plugin tools (category:base,tabindex:7)
2023-07-31 21:15:10,912 [INFO] PluginManage:310 - Check plugin tutovideos
2023-07-31 21:15:12,118 [INFO] PluginManage:359 - Loaded plugin tutovideos (category:base,tabindex:-1)
2023-07-31 21:15:12,119 [INFO] PluginManage:310 - Check plugin updater
2023-07-31 21:15:12,157 [INFO] PluginManage:359 - Loaded plugin updater (category:base,tabindex:12)
2023-07-31 21:15:12,157 [INFO] PluginManage:310 - Check plugin userauth
2023-07-31 21:15:12,173 [INFO] UserAuth:113 - Init User Auth plugin
2023-07-31 21:15:12,174 [INFO] PluginManage:359 - Loaded plugin userauth (category:base,tabindex:14)
2023-07-31 21:15:12,175 [INFO] PluginManage:283 - PluginManage : Loaded plugins [17]
2023-07-31 21:15:13,238 [INFO] PinOutPanel:1499 - setPackage(No Configuration,No Configuration)
2023-07-31 21:15:13,817 [INFO] ThirdPartyUpdaterWithRetryManager:70 - Updater plugin not ready yet. [2/15]
2023-07-31 21:15:13,960 [INFO] CADModel:165 - CPN selected for project level
2023-07-31 21:15:13,960 [INFO] CADModel:114 - Register for checkConnection events
2023-07-31 21:15:14,026 [INFO] IPUIPlugin:80 - create IPUIPlugin
2023-07-31 21:15:14,027 [INFO] PluginManager:220 - loadIPPluginJar : add adc
2023-07-31 21:15:14,214 [INFO] IPUIPlugin:80 - create IPUIPlugin
2023-07-31 21:15:14,215 [INFO] PluginManager:220 - loadIPPluginJar : add aes
2023-07-31 21:15:14,450 [INFO] IPUIPlugin:80 - create IPUIPlugin
2023-07-31 21:15:14,451 [INFO] PluginManager:220 - loadIPPluginJar : add can
2023-07-31 21:15:14,572 [INFO] IPUIPlugin:80 - create IPUIPlugin
2023-07-31 21:15:14,573 [INFO] PluginManager:220 - loadIPPluginJar : add comp
2023-07-31 21:15:14,748 [INFO] IPUIPlugin:80 - create IPUIPlugin
2023-07-31 21:15:14,749 [INFO] PluginManager:220 - loadIPPluginJar : add cryp
2023-07-31 21:15:14,908 [INFO] IPUIPlugin:80 - create IPUIPlugin
2023-07-31 21:15:14,909 [INFO] PluginManager:220 - loadIPPluginJar : add dfsdm
2023-07-31 21:15:14,986 [INFO] IPUIPlugin:80 - create IPUIPlugin
2023-07-31 21:15:14,989 [INFO] PluginManager:220 - loadIPPluginJar : add dma
2023-07-31 21:15:15,205 [INFO] IPUIPlugin:80 - create IPUIPlugin
2023-07-31 21:15:15,206 [INFO] PluginManager:220 - loadIPPluginJar : add dma3
2023-07-31 21:15:15,308 [INFO] IPUIPlugin:80 - create IPUIPlugin
2023-07-31 21:15:15,309 [INFO] PluginManager:220 - loadIPPluginJar : add fatfs
2023-07-31 21:15:15,537 [INFO] IPUIPlugin:80 - create IPUIPlugin
2023-07-31 21:15:15,538 [INFO] PluginManager:220 - loadIPPluginJar : add fmc
2023-07-31 21:15:15,602 [INFO] IPUIPlugin:80 - create IPUIPlugin
2023-07-31 21:15:15,603 [INFO] PluginManager:220 - loadIPPluginJar : add freertos
2023-07-31 21:15:15,701 [INFO] IPUIPlugin:80 - create IPUIPlugin
2023-07-31 21:15:15,701 [INFO] PluginManager:220 - loadIPPluginJar : add genericplugin
2023-07-31 21:15:16,155 [INFO] IPUIPlugin:80 - create IPUIPlugin
2023-07-31 21:15:16,156 [INFO] PluginManager:220 - loadIPPluginJar : add gfxmmu
2023-07-31 21:15:16,820 [INFO] ThirdPartyUpdaterWithRetryManager:70 - Updater plugin not ready yet. [3/15]
2023-07-31 21:15:16,903 [INFO] IPUIPlugin:80 - create IPUIPlugin
2023-07-31 21:15:16,904 [INFO] PluginManager:220 - loadIPPluginJar : add gic
2023-07-31 21:15:16,969 [INFO] IPUIPlugin:80 - create IPUIPlugin
2023-07-31 21:15:16,970 [INFO] PluginManager:220 - loadIPPluginJar : add gpio
2023-07-31 21:15:17,497 [INFO] IPUIPlugin:80 - create IPUIPlugin
2023-07-31 21:15:17,498 [INFO] PluginManager:220 - loadIPPluginJar : add gtzc
2023-07-31 21:15:17,687 [INFO] IPUIPlugin:80 - create IPUIPlugin
2023-07-31 21:15:17,688 [INFO] PluginManager:220 - loadIPPluginJar : add hash
2023-07-31 21:15:17,993 [INFO] IPUIPlugin:80 - create IPUIPlugin
2023-07-31 21:15:17,994 [INFO] PluginManager:220 - loadIPPluginJar : add i2c
2023-07-31 21:15:18,206 [INFO] IPUIPlugin:80 - create IPUIPlugin
2023-07-31 21:15:18,207 [INFO] PluginManager:220 - loadIPPluginJar : add i2s
2023-07-31 21:15:18,404 [INFO] IPUIPlugin:80 - create IPUIPlugin
2023-07-31 21:15:18,405 [INFO] PluginManager:220 - loadIPPluginJar : add i3c
2023-07-31 21:15:18,829 [INFO] IPUIPlugin:80 - create IPUIPlugin
2023-07-31 21:15:18,830 [INFO] PluginManager:220 - loadIPPluginJar : add ipddr
2023-07-31 21:15:19,067 [INFO] IPUIPlugin:80 - create IPUIPlugin
2023-07-31 21:15:19,067 [INFO] PluginManager:220 - loadIPPluginJar : add linkedlist
2023-07-31 21:15:19,151 [INFO] IPUIPlugin:80 - create IPUIPlugin
2023-07-31 21:15:19,151 [INFO] PluginManager:220 - loadIPPluginJar : add lorawan
2023-07-31 21:15:19,266 [INFO] IPUIPlugin:80 - create IPUIPlugin
2023-07-31 21:15:19,266 [INFO] PluginManager:220 - loadIPPluginJar : add ltdc
2023-07-31 21:15:19,306 [INFO] IPUIPlugin:80 - create IPUIPlugin
2023-07-31 21:15:19,307 [INFO] PluginManager:220 - loadIPPluginJar : add mdma
2023-07-31 21:15:19,339 [INFO] IPUIPlugin:80 - create IPUIPlugin
2023-07-31 21:15:19,339 [INFO] PluginManager:220 - loadIPPluginJar : add nvic
2023-07-31 21:15:19,430 [INFO] IPUIPlugin:80 - create IPUIPlugin
2023-07-31 21:15:19,431 [INFO] PluginManager:220 - loadIPPluginJar : add opamp
2023-07-31 21:15:19,599 [INFO] IPUIPlugin:80 - create IPUIPlugin
2023-07-31 21:15:19,600 [INFO] PluginManager:220 - loadIPPluginJar : add openamp
2023-07-31 21:15:19,726 [INFO] IPUIPlugin:80 - create IPUIPlugin
2023-07-31 21:15:19,726 [INFO] PluginManager:220 - loadIPPluginJar : add pdm2pcm
2023-07-31 21:15:19,771 [INFO] IPUIPlugin:80 - create IPUIPlugin
2023-07-31 21:15:19,781 [INFO] PluginManager:220 - loadIPPluginJar : add plateformsettings
2023-07-31 21:15:19,822 [INFO] ThirdPartyUpdaterWithRetryManager:70 - Updater plugin not ready yet. [4/15]
2023-07-31 21:15:19,837 [INFO] IPUIPlugin:80 - create IPUIPlugin
2023-07-31 21:15:19,837 [INFO] PluginManager:220 - loadIPPluginJar : add quadspi
2023-07-31 21:15:19,882 [INFO] IPUIPlugin:80 - create IPUIPlugin
2023-07-31 21:15:19,883 [INFO] PluginManager:220 - loadIPPluginJar : add resmgrutility
2023-07-31 21:15:20,055 [INFO] IPUIPlugin:80 - create IPUIPlugin
2023-07-31 21:15:20,056 [INFO] PluginManager:220 - loadIPPluginJar : add sai
2023-07-31 21:15:20,173 [INFO] IPUIPlugin:80 - create IPUIPlugin
2023-07-31 21:15:20,173 [INFO] PluginManager:220 - loadIPPluginJar : add spi
2023-07-31 21:15:20,321 [INFO] IPUIPlugin:80 - create IPUIPlugin
2023-07-31 21:15:20,321 [INFO] PluginManager:220 - loadIPPluginJar : add stm32_wpan
2023-07-31 21:15:20,382 [INFO] IPUIPlugin:80 - create IPUIPlugin
2023-07-31 21:15:20,383 [INFO] PluginManager:220 - loadIPPluginJar : add tim
2023-07-31 21:15:20,533 [INFO] IPUIPlugin:80 - create IPUIPlugin
2023-07-31 21:15:20,533 [INFO] PluginManager:220 - loadIPPluginJar : add touchsensing
2023-07-31 21:15:20,594 [INFO] IPUIPlugin:80 - create IPUIPlugin
2023-07-31 21:15:20,594 [INFO] PluginManager:220 - loadIPPluginJar : add tracer_emb
2023-07-31 21:15:20,653 [INFO] IPUIPlugin:80 - create IPUIPlugin
2023-07-31 21:15:20,653 [INFO] PluginManager:220 - loadIPPluginJar : add ts
2023-07-31 21:15:20,714 [INFO] IPUIPlugin:80 - create IPUIPlugin
2023-07-31 21:15:20,715 [INFO] PluginManager:220 - loadIPPluginJar : add tsc
2023-07-31 21:15:20,771 [INFO] IPUIPlugin:80 - create IPUIPlugin
2023-07-31 21:15:20,772 [INFO] PluginManager:220 - loadIPPluginJar : add ucpd
2023-07-31 21:15:20,934 [INFO] IPUIPlugin:80 - create IPUIPlugin
2023-07-31 21:15:20,935 [INFO] PluginManager:220 - loadIPPluginJar : add usart
2023-07-31 21:15:21,086 [INFO] IPUIPlugin:80 - create IPUIPlugin
2023-07-31 21:15:21,086 [INFO] PluginManager:220 - loadIPPluginJar : add usbx
2023-07-31 21:15:21,388 [INFO] CADModel:165 - CPN selected for project level
2023-07-31 21:15:21,388 [INFO] CADModel:114 - Register for checkConnection events
2023-07-31 21:15:21,390 [FATAL] Updater:308 - Updater called before beeing initialized
2023-07-31 21:15:21,391 [ERROR] CADModel:125 - Updater not yet initialized, retry later 
2023-07-31 21:15:22,274 [INFO] CADModel:165 - CPN selected for project level
2023-07-31 21:15:22,275 [INFO] CADModel:114 - Register for checkConnection events
2023-07-31 21:15:22,276 [FATAL] Updater:308 - Updater called before beeing initialized
2023-07-31 21:15:22,277 [ERROR] CADModel:125 - Updater not yet initialized, retry later 
2023-07-31 21:15:22,296 [FATAL] Updater:308 - Updater called before beeing initialized
2023-07-31 21:15:22,823 [INFO] ThirdPartyUpdaterWithRetryManager:70 - Updater plugin not ready yet. [5/15]
2023-07-31 21:15:23,055 [FATAL] Updater:308 - Updater called before beeing initialized
2023-07-31 21:15:23,118 [INFO] DbMcusAds:53 - JSON generation date=Tue Mar 07 17:50:55 KST 2023 (1678179055114)
2023-07-31 21:15:23,120 [FATAL] Updater:308 - Updater called before beeing initialized
2023-07-31 21:15:23,560 [WARN] DetailPanel:346 - Failed to get advertising image, set to default
2023-07-31 21:15:24,211 [FATAL] Updater:308 - Updater called before beeing initialized
2023-07-31 21:15:24,214 [FATAL] Updater:308 - Updater called before beeing initialized
2023-07-31 21:15:24,215 [FATAL] Updater:308 - Updater called before beeing initialized
2023-07-31 21:15:24,215 [WARN] DetailPanel:346 - Failed to get advertising image, set to default
2023-07-31 21:15:24,216 [FATAL] Updater:308 - Updater called before beeing initialized
2023-07-31 21:15:24,395 [ERROR] Updater:1120 - MainUpdater not yet initialized. External WinMGr cannot be set.
2023-07-31 21:15:24,425 [INFO] Updater:1056 - Updater Version found : 6.9.0
2023-07-31 21:15:24,485 [INFO] ApplicationProperties:184 - Using Application install path: C:\ST\STM32CubeIDE_1.13.0\STM32CubeIDE\plugins\com.st.stm32cube.common.mx_6.9.0.202307051724
2023-07-31 21:15:25,211 [INFO] MainUpdater:2868 - connection check result : 10
2023-07-31 21:15:25,212 [INFO] MainUpdater:3562 - Updater definition file requires update
2023-07-31 21:15:25,216 [INFO] MainUpdater:285 - Updater Check For Update Now.
2023-07-31 21:15:25,217 [INFO] MicroXplorer:498 - Change Database Version : DB.6.0.90
2023-07-31 21:15:25,260 [INFO] McuFinderGlobals:63 - Set McuFinder mode to 2 (CubeIDE integrated)
2023-07-31 21:15:25,261 [INFO] UserAuth:179 - activating auth plugin
2023-07-31 21:15:25,268 [INFO] UserAuth:393 - Internet connection configuration mode: 1
2023-07-31 21:15:25,314 [INFO] ServerAccessManage:473 - Download File updaters.zip
2023-07-31 21:15:25,343 [INFO] JxBrowserEngine:151 - Initiate JxBrowser Engine with user profile folder
2023-07-31 21:15:25,788 [INFO] FileExtend:240 - Unzip File : updaters.zip
2023-07-31 21:15:25,788 [INFO] FileExtend:255 - Standard Zip Deflate
2023-07-31 21:15:26,029 [WARN] MainUpdater:1189 - Updater busy. Cannot search thirdparties
2023-07-31 21:15:26,031 [INFO] ThirdPartyUpdaterWithRetryManager:96 - Updater plugin is busy. [1/15]
2023-07-31 21:15:28,458 [INFO] ServerAccessManage:473 - Download File PacksControlFlags.xml
2023-07-31 21:15:28,832 [INFO] ServerAccessManage:473 - Download File cubemx.pidx
2023-07-31 21:15:29,032 [WARN] MainUpdater:1189 - Updater busy. Cannot search thirdparties
2023-07-31 21:15:29,033 [INFO] ThirdPartyUpdaterWithRetryManager:96 - Updater plugin is busy. [2/15]
2023-07-31 21:15:29,151 [INFO] LoadServerUpdatesThread:373 - End of LoadServerUpdate Thread
2023-07-31 21:15:29,618 [INFO] CheckServerUpdateThread:120 - End of CheckServer Thread
2023-07-31 21:15:33,445 [WARN] PackLoader:240 - Cannot read IP mode file for STMicroelectronics.X-CUBE-GNSS1.6.0.0
2023-07-31 21:15:33,688 [WARN] PackLoader:240 - Cannot read IP mode file for STMicroelectronics.X-CUBE-AZRTOS-F4.1.1.0
2023-07-31 21:15:33,759 [WARN] PackLoader:240 - Cannot read IP mode file for STMicroelectronics.X-CUBE-SMBUS.2.1.0
2023-07-31 21:15:33,858 [WARN] PackLoader:240 - Cannot read IP mode file for STMicroelectronics.X-CUBE-AZRTOS-F7.1.1.0
2023-07-31 21:15:34,105 [WARN] PackLoader:240 - Cannot read IP mode file for STMicroelectronics.X-CUBE-MEMS1.9.6.0
2023-07-31 21:15:35,020 [WARN] PackLoader:240 - Cannot read IP mode file for STMicroelectronics.FP-SNS-MOTENV1.4.3.2
2023-07-31 21:15:35,063 [WARN] PackLoader:240 - Cannot read IP mode file for STMicroelectronics.FP-SNS-FLIGHT1.5.0.1
2023-07-31 21:15:35,098 [WARN] PackLoader:240 - Cannot read IP mode file for STMicroelectronics.X-CUBE-BLE1.6.2.4
2023-07-31 21:15:35,150 [WARN] PackLoader:240 - Cannot read IP mode file for STMicroelectronics.X-CUBE-BLEMGR.2.0.0
2023-07-31 21:15:35,187 [WARN] PackLoader:240 - Cannot read IP mode file for STMicroelectronics.FP-SNS-FLIGHT1.5.0.2
2023-07-31 21:15:35,247 [INFO] WebApp:157 - Instantiating new browser for Auth
2023-07-31 21:15:35,290 [WARN] ConditionMgr:438 - getConditionDescription Invalid condition id : UX DEVICE CLASS RTOS Condition cause : null
2023-07-31 21:15:35,343 [WARN] ConditionMgr:438 - getConditionDescription Invalid condition id : UX DEVICE CLASS RTOS Condition cause : null
2023-07-31 21:15:35,435 [WARN] PackLoader:240 - Cannot read IP mode file for STMicroelectronics.X-CUBE-AZRTOS-H7.3.1.0
2023-07-31 21:15:35,444 [WARN] ConditionMgr:1039 - genDependencies : Invalid condition id : UX DEVICE CLASS RTOS Condition cause : null
2023-07-31 21:15:35,445 [WARN] ConditionMgr:1039 - genDependencies : Invalid condition id : UX DEVICE CLASS RTOS Condition cause : null
2023-07-31 21:15:35,449 [WARN] ConditionMgr:1039 - genDependencies : Invalid condition id : UX DEVICE CLASS RTOS Condition cause : null
2023-07-31 21:15:35,451 [WARN] ConditionMgr:1039 - genDependencies : Invalid condition id : UX DEVICE CLASS RTOS Condition cause : null
2023-07-31 21:15:35,452 [WARN] ConditionMgr:1039 - genDependencies : Invalid condition id : UX DEVICE CLASS RTOS Condition cause : null
2023-07-31 21:15:35,511 [WARN] PackLoader:240 - Cannot read IP mode file for STMicroelectronics.X-CUBE-DISPLAY.3.0.0
2023-07-31 21:15:35,572 [WARN] PackLoader:240 - Cannot read IP mode file for emotas.I-CUBE-CANOPEN.1.3.0
2023-07-31 21:15:35,617 [WARN] PackLoader:240 - Cannot read IP mode file for STMicroelectronics.X-CUBE-TOUCHGFX.4.22.0
2023-07-31 21:15:35,665 [WARN] PackLoader:240 - Cannot read IP mode file for STMicroelectronics.X-CUBE-NFC7.1.0.1
2023-07-31 21:15:35,710 [WARN] PackLoader:240 - Cannot read IP mode file for STMicroelectronics.X-CUBE-EEPRMA1.4.1.0
2023-07-31 21:15:35,770 [INFO] LogOutputStream:77 - [STDOUT_REDIRECT] 1 : Invalid condition id : UX_CORESTACK_Condition cause : null
2023-07-31 21:15:35,772 [INFO] LogOutputStream:77 - [STDOUT_REDIRECT] 1 : Invalid condition id : UX_CORESTACK_Condition cause : null
2023-07-31 21:15:35,777 [INFO] LogOutputStream:77 - [STDOUT_REDIRECT] 1 : Invalid condition id : UX_CORESTACK_Condition cause : null
2023-07-31 21:15:35,783 [INFO] LogOutputStream:77 - [STDOUT_REDIRECT] 1 : Invalid condition id : UX_CORESTACK_Condition cause : null
2023-07-31 21:15:35,789 [INFO] LogOutputStream:77 - [STDOUT_REDIRECT] 1 : Invalid condition id : UX_CORESTACK_Condition cause : null
2023-07-31 21:15:35,799 [WARN] PackLoader:240 - Cannot read IP mode file for STMicroelectronics.X-CUBE-AZRTOS-WL.2.0.0
2023-07-31 21:15:35,885 [WARN] ConditionMgr:438 - getConditionDescription Invalid condition id : LAN8742 Phy interface Condition cause : null
2023-07-31 21:15:35,889 [WARN] PackLoader:240 - Cannot read IP mode file for STMicroelectronics.X-CUBE-AZRTOS-L4.2.0.0
2023-07-31 21:15:35,895 [WARN] ConditionMgr:1039 - genDependencies : Invalid condition id : LAN8742 Phy interface Condition cause : null
2023-07-31 21:15:35,896 [WARN] ConditionMgr:1039 - genDependencies : Invalid condition id : LAN8742 Phy interface Condition cause : null
2023-07-31 21:15:35,898 [WARN] ConditionMgr:1039 - genDependencies : Invalid condition id : LAN8742 Phy interface Condition cause : null
2023-07-31 21:15:35,954 [WARN] PackLoader:240 - Cannot read IP mode file for WES.I-CUBE-Cesium.1.3.0
2023-07-31 21:15:35,996 [WARN] PackLoader:240 - Cannot read IP mode file for STMicroelectronics.X-CUBE-SFXS2LP1.4.0.0
2023-07-31 21:15:36,035 [WARN] PackLoader:240 - Cannot read IP mode file for STMicroelectronics.X-CUBE-BLE2.3.3.0
2023-07-31 21:15:36,069 [WARN] PackLoader:240 - Cannot read IP mode file for STMicroelectronics.X-CUBE-ISPU.1.1.0
2023-07-31 21:15:36,108 [WARN] PackLoader:240 - Cannot read IP mode file for STMicroelectronics.X-CUBE-FREERTOS.1.0.1
2023-07-31 21:15:36,152 [WARN] PackLoader:240 - Cannot read IP mode file for STMicroelectronics.X-CUBE-ALGOBUILD.1.3.0
2023-07-31 21:15:36,251 [WARN] PackLoader:240 - Cannot read IP mode file for STMicroelectronics.X-CUBE-AZRTOS-L5.1.1.0
2023-07-31 21:15:36,327 [WARN] PackLoader:240 - Cannot read IP mode file for STMicroelectronics.X-CUBE-AZRTOS-G0.1.1.0
2023-07-31 21:15:36,374 [WARN] PackLoader:240 - Cannot read IP mode file for STMicroelectronics.X-CUBE-AI.8.0.1
2023-07-31 21:15:36,422 [WARN] PackLoader:240 - Cannot read IP mode file for STMicroelectronics.X-CUBE-SUBG2.5.0.0
2023-07-31 21:15:36,469 [WARN] PackLoader:240 - Cannot read IP mode file for STMicroelectronics.X-CUBE-NFC4.3.0.0
2023-07-31 21:15:36,544 [WARN] PackLoader:240 - Cannot read IP mode file for STMicroelectronics.X-CUBE-TOF1.3.3.1
2023-07-31 21:15:36,647 [WARN] PackLoader:240 - Cannot read IP mode file for STMicroelectronics.X-CUBE-AZRTOS-G4.2.0.0
2023-07-31 21:15:36,682 [WARN] PackLoader:240 - Cannot read IP mode file for STMicroelectronics.FP-ATR-SIGFOX1.3.2.0
2023-07-31 21:15:36,716 [WARN] PackLoader:240 - Cannot read IP mode file for portGmbH.I-Cube-SoM-uGOAL.1.1.0
2023-07-31 21:15:36,746 [WARN] PackLoader:240 - Cannot read IP mode file for STMicroelectronics.X-CUBE-ALS.1.0.1
2023-07-31 21:15:36,810 [WARN] PackLoader:240 - Cannot read IP mode file for STMicroelectronics.X-CUBE-AZRTOS-WB.1.1.0
2023-07-31 21:15:36,925 [WARN] PackLoader:240 - Cannot read IP mode file for SEGGER.I-CUBE-embOS.1.3.1
2023-07-31 21:15:37,053 [WARN] PackLoader:240 - Cannot read IP mode file for STMicroelectronics.FP-ATR-ASTRA1.2.0.0
2023-07-31 21:15:37,055 [INFO] ThirdParty:978 - Integrity check success = true
2023-07-31 21:15:37,056 [INFO] IntegrityCheckThread:100 - exiting critical section [integrity check]
2023-07-31 21:15:37,056 [INFO] IntegrityCheckThread:103 - End integrity checks thread
2023-07-31 21:15:37,254 [INFO] WebApp:753 - Register for checkConnection events
2023-07-31 21:15:37,254 [INFO] WebApp:390 - Apply proxy settings
2023-07-31 21:15:37,255 [INFO] WebApp:475 - Chromium requires no authentication
2023-07-31 21:15:37,286 [INFO] WebApp:418 - Direct internet connection detected
2023-07-31 21:15:38,127 [INFO] WebApp:188 - Starting web application
2023-07-31 21:15:38,128 [INFO] WebApp:520 - Web application path used C:\ST\STM32CubeIDE_1.13.0\STM32CubeIDE\plugins\com.st.stm32cube.common.mx_6.9.0.202307051724\db\plugins\mcufinder\reactClient1\index.html
2023-07-31 21:15:43,598 [INFO] McuFinderGlobals:63 - Set McuFinder mode to 2 (CubeIDE integrated)
2023-07-31 21:15:43,674 [INFO] MainUpdater:2868 - connection check result : 10
2023-07-31 21:15:43,750 [INFO] McuFinderGlobals:76 - Set McuFinderConnectedMode to true
2023-07-31 21:15:44,191 [INFO] ServerAccessManage:473 - Download File mcusAds.json._tmp_
2023-07-31 21:15:44,316 [INFO] LoadUrlFilesThread:156 - End of LoadUrlFiles Thread
2023-07-31 21:15:44,600 [INFO] ServerAccessManage:473 - Download File cube-finder-db.zip
2023-07-31 21:15:56,187 [INFO] FileExtend:240 - Unzip File : cube-finder-db.zip
2023-07-31 21:15:56,188 [INFO] FileExtend:255 - Standard Zip Deflate
2023-07-31 21:15:57,828 [INFO] LoadUrlFilesThread:156 - End of LoadUrlFiles Thread
2023-07-31 21:15:59,296 [INFO] ServerAccessManage:473 - Download File crdb.zip
2023-07-31 21:16:00,250 [ERROR] LogOutputStream:75 - [STDERR_REDIRECT] SLF4J: Failed to load class "org.slf4j.impl.StaticLoggerBinder".
2023-07-31 21:16:00,252 [ERROR] LogOutputStream:75 - [STDERR_REDIRECT] SLF4J: Defaulting to no-operation (NOP) logger implementation
2023-07-31 21:16:00,257 [ERROR] LogOutputStream:75 - [STDERR_REDIRECT] SLF4J: See http://www.slf4j.org/codes.html#StaticLoggerBinder for further details.
2023-07-31 21:16:01,459 [INFO] FileExtend:240 - Unzip File : crdb.zip
2023-07-31 21:16:01,459 [INFO] FileExtend:255 - Standard Zip Deflate
2023-07-31 21:16:01,672 [INFO] LoadUrlFilesThread:156 - End of LoadUrlFiles Thread
2023-07-31 21:16:01,989 [INFO] ServerAccessManage:473 - Download File tutoVideoDB.zip
2023-07-31 21:16:02,123 [INFO] FileExtend:240 - Unzip File : tutoVideoDB.zip
2023-07-31 21:16:02,123 [INFO] FileExtend:255 - Standard Zip Deflate
2023-07-31 21:16:02,276 [INFO] LoadUrlFilesThread:156 - End of LoadUrlFiles Thread
2023-07-31 21:16:02,282 [WARN] DbFile:41 - Overriding database path with different value: C:\Users\yuhyun97\.stmcufinder\plugins\mcufinder/ => C:\Users\yuhyun97\.stmcufinder\plugins\mcufinder
2023-07-31 21:16:02,870 [INFO] ServerAccessManage:473 - Download File api_config.json
2023-07-31 21:16:03,022 [INFO] LoadUrlFilesThread:156 - End of LoadUrlFiles Thread
2023-07-31 21:16:03,024 [INFO] DbMcusAds:53 - JSON generation date=Tue Mar 07 17:50:55 KST 2023 (1678179055114)
2023-07-31 21:16:03,140 [INFO] LoadUrlFilesThread:185 - End of LoadServerUrlFiles without Thread
2023-07-31 21:16:03,141 [INFO] TargetSelectorAdapter:259 - Refresh data is successful
2023-07-31 21:16:03,472 [INFO] ApiDb:581 - Connected to CubeFinder SQLite database (C:\Users\yuhyun97\.stmcufinder\plugins\mcufinder\mcu\cube-finder-db.db)
2023-07-31 21:16:03,651 [INFO] ApiDb:668 - CubeFinder database Data Model version=2.1
2023-07-31 21:16:03,652 [INFO] ApiDb:669 - CubeFinder database Configuration version=3.0.37
2023-07-31 21:16:03,652 [INFO] ApiDb:670 - CubeFinder database generation date=2023-06-26 (1687786131)
2023-07-31 21:16:03,652 [INFO] ApiDb:671 - CubeFinder database FW Pack versions=[FP-ATR-ASTRA1_V2.0.0, FP-SNS-FLIGHT1_V5.0.1, FP-SNS-MOTENV1_V4.3.1, STM32Cube_FW_C0_V1.1.0, STM32Cube_FW_F4_V1.27.1, STM32Cube_FW_F7_V1.17.0, STM32Cube_FW_G0_V1.6.1, STM32Cube_FW_G4_V1.5.1, STM32Cube_FW_H5_V0.5.1, STM32Cube_FW_H5_V1.1.0, STM32Cube_FW_H7_V1.11.0, STM32Cube_FW_L0_V1.12.2, STM32Cube_FW_L5_V1.5.0, STM32Cube_FW_U5_V1.3.0, STM32Cube_FW_U5_V1.3.0RC4, STM32Cube_FW_WBA_V1.0.0RC1, STM32Cube_FW_WBA_V1.1.0, STM32Cube_FW_WBA_V1.1.0RC1, STM32Cube_FW_WB_V1.15.0RC1, STM32Cube_FW_WB_V1.16.0, STM32Cube_FW_WB_V1.16.0RC2, STM32Cube_FW_WB_V1.17.0, STM32Cube_FW_WL_V1.3.0, X-CUBE-ALGOBUILD_V1.3.0, X-CUBE-ALS_V1.0.1, X-CUBE-AZRTOS-F4_V1.1.0, X-CUBE-AZRTOS-F7_V1.1.0, X-CUBE-AZRTOS-G0_V1.1.0, X-CUBE-AZRTOS-G4_V2.0.0, X-CUBE-AZRTOS-H7_V3.1.0, X-CUBE-AZRTOS-L4_V1.0.0, X-CUBE-AZRTOS-L4_V2.0.0, X-CUBE-AZRTOS-L5_V1.1.0, X-CUBE-AZRTOS-WB_V1.1.0, X-CUBE-AZRTOS-WL_V2.0.0, X-CUBE-BLE1_V6.2.4, X-CUBE-BLE2_V3.3.0, X-CUBE-BLEMGR_V2.0.0, X-CUBE-EEPRMA1_V4.1.0, X-CUBE-FREERTOS_V1.0.1, X-CUBE-GNSS1_V6.0.0, X-CUBE-MEMS1_V9.1.0, X-CUBE-MEMS1_V9.4.0, X-CUBE-MEMS1_V9.6.0, X-CUBE-NFC4_V3.0.0, X-CUBE-NFC7_V1.0.0, X-CUBE-SFXS2LP1_V4.0.0, X-CUBE-SUBG2_V5.0.0]
2023-07-31 21:16:08,604 [INFO] ApiDb:240 - Found 323 in-development CPN: [B-G473E-ZEST1S, B-WB1M-WPAN1, B-WL5M-SUBG1, NUCLEO-C031C6, NUCLEO-H503RB, NUCLEO-H563ZI, NUCLEO-U545RE-Q, NUCLEO-U5A5ZJ-Q, NUCLEO-WBA52CG, STEVAL-PROTEUS1, STEVAL-SMARTAG2, STEVAL-STWINBX1, STM320518-EVAL, STM32C0116-DK, STM32C011D6Y3TR, STM32C011D6Y6TR, STM32C011F4P3, STM32C011F4P6, STM32C011F4U3, STM32C011F4U6TR, STM32C011F6P3, STM32C011F6P6, STM32C011F6U3, STM32C011F6U6TR, STM32C011J4M3, STM32C011J4M6, STM32C011J6M3, STM32C011J6M6, STM32C0316-DK, STM32C031C4T3, STM32C031C4T6, STM32C031C4U3, STM32C031C4U6, STM32C031C6T3, STM32C031C6T6, STM32C031C6U3, STM32C031C6U6, STM32C031F4P3, STM32C031F4P6, STM32C031F6P3, STM32C031F6P6, STM32C031G4U3, STM32C031G4U6, STM32C031G6U3, STM32C031G6U6, STM32C031K4T3, STM32C031K4T6, STM32C031K4U3, STM32C031K4U6, STM32C031K6T3, STM32C031K6T6, STM32C031K6U3, STM32C031K6U6, STM32G071K8TXN, STM32G071K8UXN, STM32G081GBU6N, STM32G081KBT6N, STM32G081KBUXN, STM32G0B1CCT6N, STM32G0B1KCT6, STM32G0B1NEY6TR, STM32G0B1RCT6N, STM32G0C1CCT6, STM32G0C1CCT6N, STM32G0C1CCU6N, STM32G0C1CET6N, STM32G0C1CEU6N, STM32G0C1KCT6, STM32G0C1NEY6TR, STM32G0C1RCI6N, STM32G0C1RCT6N, STM32G0C1REI6N, STM32G0C1RET6N, STM32G0C1VCI6, STM32G0C1VEI6, STM32G471CCT6, STM32G471CCU6, STM32G471CET3, STM32G471CET6, STM32G471CEU3, STM32G471CEU6, STM32G471MCT6, STM32G471MET3, STM32G471MET6, STM32G471MEY6TR, STM32G471QCT6, STM32G471QET3, STM32G471RCT6, STM32G471RET3, STM32G471RET6, STM32G471VCH6, STM32G471VCI6, STM32G471VCT6, STM32G471VEH3, STM32G471VEH6, STM32G471VEI3, STM32G471VEI6, STM32G471VET3, STM32G471VET6, STM32G474CCT6, STM32H503CBT6, STM32H503CBU6, STM32H503EBY6TR, STM32H503KBU6, STM32H503RBT6, STM32H562AGI6, STM32H562AII6, STM32H562IGK6, STM32H562IGT6, STM32H562IIK6, STM32H562IIT6, STM32H562RGT6, STM32H562RGV6, STM32H562RIT6, STM32H562RIV6, STM32H562VGT6, STM32H562VIT6, STM32H562ZGT6, STM32H562ZIT6, STM32H563AGI6, STM32H563AII3Q, STM32H563AII6, STM32H563IGK6, STM32H563IGT6, STM32H563IIK3Q, STM32H563IIK6, STM32H563IIT3Q, STM32H563IIT6, STM32H563MIY3QTR, STM32H563RGT6, STM32H563RGV6, STM32H563RIT6, STM32H563RIV6, STM32H563VGT6, STM32H563VIT3Q, STM32H563VIT6, STM32H563ZGT6, STM32H563ZIT3Q, STM32H563ZIT6, STM32H573AII3Q, STM32H573AII6, STM32H573I-DK, STM32H573IIK3Q, STM32H573IIK6, STM32H573IIT3Q, STM32H573IIT6, STM32H573MIY3QTR, STM32H573RIT6, STM32H573RIV6, STM32H573VIT3Q, STM32H573VIT6, STM32H573ZIT3Q, STM32H573ZIT6, STM32L4R5QGI6STR, STM32MP131AAE3, STM32MP131AAF3, STM32MP131AAG3, STM32MP131CAE3, STM32MP131CAF3, STM32MP131CAG3, STM32MP131DAE7, STM32MP131DAF7, STM32MP131DAG7, STM32MP131FAE7, STM32MP131FAF7, STM32MP131FAG7, STM32MP133AAE3, STM32MP133AAF3, STM32MP133AAG3, STM32MP133CAE3, STM32MP133CAF3, STM32MP133CAG3, STM32MP133DAE7, STM32MP133DAF7, STM32MP133DAG7, STM32MP133FAE7, STM32MP133FAF7, STM32MP133FAG7, STM32MP135AAE3, STM32MP135AAF3, STM32MP135AAG3, STM32MP135CAE3, STM32MP135CAF3, STM32MP135CAG3, STM32MP135DAE7, STM32MP135DAF7, STM32MP135DAG7, STM32MP135F-DK, STM32MP135FAE7, STM32MP135FAF7, STM32MP135FAF7T, STM32MP135FAF7U, STM32MP135FAG7, STM32U535CBT6, STM32U535CBT6Q, STM32U535CBU6, STM32U535CBU6Q, STM32U535CCT6, STM32U535CCT6Q, STM32U535CCU6, STM32U535CCU6Q, STM32U535CET6, STM32U535CET6Q, STM32U535CEU6, STM32U535CEU6Q, STM32U535JEY6QTR, STM32U535NCY6QTR, STM32U535NEY6QTR, STM32U535RBI6, STM32U535RBI6Q, STM32U535RBT6, STM32U535RBT6Q, STM32U535RCI6, STM32U535RCI6Q, STM32U535RCT6, STM32U535RCT6Q, STM32U535REI6, STM32U535REI6Q, STM32U535RET6, STM32U535RET6Q, STM32U535VCI6, STM32U535VCI6Q, STM32U535VCT6, STM32U535VCT6Q, STM32U535VEI6, STM32U535VEI6Q, STM32U535VET6, STM32U535VET6Q, STM32U545CET6, STM32U545CET6Q, STM32U545CEU6, STM32U545CEU6Q, STM32U545JEY6QTR, STM32U545NEY6QTR, STM32U545REI6, STM32U545REI6Q, STM32U545RET6, STM32U545RET6Q, STM32U545VEI6, STM32U545VEI6Q, STM32U545VET6, STM32U545VET6Q, STM32U595AIH6, STM32U595AIH6Q, STM32U595AJH6, STM32U595AJH6Q, STM32U595QII6, STM32U595QII6Q, STM32U595QJI6, STM32U595QJI6Q, STM32U595RIT6, STM32U595RIT6Q, STM32U595RJT6, STM32U595RJT6Q, STM32U595VIT6, STM32U595VIT6Q, STM32U595VJT6, STM32U595VJT6Q, STM32U595ZIT6, STM32U595ZIT6Q, STM32U595ZIY6QTR, STM32U595ZJT6, STM32U595ZJT6Q, STM32U595ZJY6QTR, STM32U599BJY6QTR, STM32U599NIH6Q, STM32U599NJH6Q, STM32U599VIT6Q, STM32U599VJT6, STM32U599VJT6Q, STM32U599ZIT6Q, STM32U599ZIY6QTR, STM32U599ZJT6Q, STM32U599ZJY6QTR, STM32U5A5AJH6, STM32U5A5AJH6Q, STM32U5A5QJI6, STM32U5A5QJI6Q, STM32U5A5RJT6, STM32U5A5RJT6Q, STM32U5A5VJT6, STM32U5A5VJT6Q, STM32U5A5ZJT6, STM32U5A5ZJT6Q, STM32U5A5ZJY6QTR, STM32U5A9BJY6QTR, STM32U5A9J-DK, STM32U5A9NJH6Q, STM32U5A9VJT6Q, STM32U5A9ZJT6Q, STM32U5A9ZJY6QTR, STM32U5F7VIT6, STM32U5F7VIT6Q, STM32U5F7VJT6, STM32U5F7VJT6Q, STM32U5F9BJY6QTR, STM32U5F9NJH6Q, STM32U5F9VIT6Q, STM32U5F9VJT6Q, STM32U5F9ZIJ6QTR, STM32U5F9ZIT6Q, STM32U5F9ZJJ6QTR, STM32U5F9ZJT6Q, STM32U5G7VJT6, STM32U5G7VJT6Q, STM32U5G9BJY6QTR, STM32U5G9J-DK1, STM32U5G9J-DK2, STM32U5G9NJH6Q, STM32U5G9VJT6Q, STM32U5G9ZJJ6QTR, STM32U5G9ZJT6Q, STM32WB1MMCH6, STM32WBA52CEU6, STM32WBA52CEU6T, STM32WBA52CGU6, STM32WBA52CGU6T, STM32WBA52KEU6, STM32WBA52KEU6T, STM32WBA52KGU6, STM32WBA52KGU6T, STM32WL5MOCH6, STM32WL5MOCH6TR]
2023-07-31 21:16:08,614 [INFO] DbMcus:217 - Found 3848 MCUs, 3848 are supported
2023-07-31 21:16:08,624 [INFO] ApiDb:423 - Load user favorites file C:\Users\yuhyun97/.stm32cubeide/favorites.mcus.txt: 1 item(s)
2023-07-31 21:16:08,624 [INFO] ApiDb:427 - User favorites MCUs=[STM32F103C8T6]
2023-07-31 21:16:08,625 [INFO] DbMcus:223 - Set 1 / 1 favorites MCUs
2023-07-31 21:16:09,151 [INFO] ApiDb:668 - CubeFinder database Data Model version=2.1
2023-07-31 21:16:09,152 [INFO] ApiDb:669 - CubeFinder database Configuration version=3.0.37
2023-07-31 21:16:09,152 [INFO] ApiDb:670 - CubeFinder database generation date=2023-06-26 (1687786131)
2023-07-31 21:16:09,152 [INFO] ApiDb:671 - CubeFinder database FW Pack versions=[FP-ATR-ASTRA1_V2.0.0, FP-SNS-FLIGHT1_V5.0.1, FP-SNS-MOTENV1_V4.3.1, STM32Cube_FW_C0_V1.1.0, STM32Cube_FW_F4_V1.27.1, STM32Cube_FW_F7_V1.17.0, STM32Cube_FW_G0_V1.6.1, STM32Cube_FW_G4_V1.5.1, STM32Cube_FW_H5_V0.5.1, STM32Cube_FW_H5_V1.1.0, STM32Cube_FW_H7_V1.11.0, STM32Cube_FW_L0_V1.12.2, STM32Cube_FW_L5_V1.5.0, STM32Cube_FW_U5_V1.3.0, STM32Cube_FW_U5_V1.3.0RC4, STM32Cube_FW_WBA_V1.0.0RC1, STM32Cube_FW_WBA_V1.1.0, STM32Cube_FW_WBA_V1.1.0RC1, STM32Cube_FW_WB_V1.15.0RC1, STM32Cube_FW_WB_V1.16.0, STM32Cube_FW_WB_V1.16.0RC2, STM32Cube_FW_WB_V1.17.0, STM32Cube_FW_WL_V1.3.0, X-CUBE-ALGOBUILD_V1.3.0, X-CUBE-ALS_V1.0.1, X-CUBE-AZRTOS-F4_V1.1.0, X-CUBE-AZRTOS-F7_V1.1.0, X-CUBE-AZRTOS-G0_V1.1.0, X-CUBE-AZRTOS-G4_V2.0.0, X-CUBE-AZRTOS-H7_V3.1.0, X-CUBE-AZRTOS-L4_V1.0.0, X-CUBE-AZRTOS-L4_V2.0.0, X-CUBE-AZRTOS-L5_V1.1.0, X-CUBE-AZRTOS-WB_V1.1.0, X-CUBE-AZRTOS-WL_V2.0.0, X-CUBE-BLE1_V6.2.4, X-CUBE-BLE2_V3.3.0, X-CUBE-BLEMGR_V2.0.0, X-CUBE-EEPRMA1_V4.1.0, X-CUBE-FREERTOS_V1.0.1, X-CUBE-GNSS1_V6.0.0, X-CUBE-MEMS1_V9.1.0, X-CUBE-MEMS1_V9.4.0, X-CUBE-MEMS1_V9.6.0, X-CUBE-NFC4_V3.0.0, X-CUBE-NFC7_V1.0.0, X-CUBE-SFXS2LP1_V4.0.0, X-CUBE-SUBG2_V5.0.0]
2023-07-31 21:16:09,329 [INFO] DbBoardsSqlite:226 - include board P-NUCLEO-WB55-NUCLEO as a kit item of type 'Nucleo-64'
2023-07-31 21:16:09,329 [INFO] DbBoardsSqlite:226 - include board P-NUCLEO-WB55-USBDONGLE as a kit item of type 'Nucleo USB Dongle'
2023-07-31 21:16:09,330 [INFO] DbBoardsSqlite:226 - include board STEVAL-IDP005V1 as a kit item of type 'Evaluation Board'
2023-07-31 21:16:09,330 [INFO] DbBoardsSqlite:226 - include board STEVAL-IDP005V2 as a kit item of type 'Evaluation Board'
2023-07-31 21:16:09,450 [INFO] ApiDb:240 - Found 323 in-development CPN: [B-G473E-ZEST1S, B-WB1M-WPAN1, B-WL5M-SUBG1, NUCLEO-C031C6, NUCLEO-H503RB, NUCLEO-H563ZI, NUCLEO-U545RE-Q, NUCLEO-U5A5ZJ-Q, NUCLEO-WBA52CG, STEVAL-PROTEUS1, STEVAL-SMARTAG2, STEVAL-STWINBX1, STM320518-EVAL, STM32C0116-DK, STM32C011D6Y3TR, STM32C011D6Y6TR, STM32C011F4P3, STM32C011F4P6, STM32C011F4U3, STM32C011F4U6TR, STM32C011F6P3, STM32C011F6P6, STM32C011F6U3, STM32C011F6U6TR, STM32C011J4M3, STM32C011J4M6, STM32C011J6M3, STM32C011J6M6, STM32C0316-DK, STM32C031C4T3, STM32C031C4T6, STM32C031C4U3, STM32C031C4U6, STM32C031C6T3, STM32C031C6T6, STM32C031C6U3, STM32C031C6U6, STM32C031F4P3, STM32C031F4P6, STM32C031F6P3, STM32C031F6P6, STM32C031G4U3, STM32C031G4U6, STM32C031G6U3, STM32C031G6U6, STM32C031K4T3, STM32C031K4T6, STM32C031K4U3, STM32C031K4U6, STM32C031K6T3, STM32C031K6T6, STM32C031K6U3, STM32C031K6U6, STM32G071K8TXN, STM32G071K8UXN, STM32G081GBU6N, STM32G081KBT6N, STM32G081KBUXN, STM32G0B1CCT6N, STM32G0B1KCT6, STM32G0B1NEY6TR, STM32G0B1RCT6N, STM32G0C1CCT6, STM32G0C1CCT6N, STM32G0C1CCU6N, STM32G0C1CET6N, STM32G0C1CEU6N, STM32G0C1KCT6, STM32G0C1NEY6TR, STM32G0C1RCI6N, STM32G0C1RCT6N, STM32G0C1REI6N, STM32G0C1RET6N, STM32G0C1VCI6, STM32G0C1VEI6, STM32G471CCT6, STM32G471CCU6, STM32G471CET3, STM32G471CET6, STM32G471CEU3, STM32G471CEU6, STM32G471MCT6, STM32G471MET3, STM32G471MET6, STM32G471MEY6TR, STM32G471QCT6, STM32G471QET3, STM32G471RCT6, STM32G471RET3, STM32G471RET6, STM32G471VCH6, STM32G471VCI6, STM32G471VCT6, STM32G471VEH3, STM32G471VEH6, STM32G471VEI3, STM32G471VEI6, STM32G471VET3, STM32G471VET6, STM32G474CCT6, STM32H503CBT6, STM32H503CBU6, STM32H503EBY6TR, STM32H503KBU6, STM32H503RBT6, STM32H562AGI6, STM32H562AII6, STM32H562IGK6, STM32H562IGT6, STM32H562IIK6, STM32H562IIT6, STM32H562RGT6, STM32H562RGV6, STM32H562RIT6, STM32H562RIV6, STM32H562VGT6, STM32H562VIT6, STM32H562ZGT6, STM32H562ZIT6, STM32H563AGI6, STM32H563AII3Q, STM32H563AII6, STM32H563IGK6, STM32H563IGT6, STM32H563IIK3Q, STM32H563IIK6, STM32H563IIT3Q, STM32H563IIT6, STM32H563MIY3QTR, STM32H563RGT6, STM32H563RGV6, STM32H563RIT6, STM32H563RIV6, STM32H563VGT6, STM32H563VIT3Q, STM32H563VIT6, STM32H563ZGT6, STM32H563ZIT3Q, STM32H563ZIT6, STM32H573AII3Q, STM32H573AII6, STM32H573I-DK, STM32H573IIK3Q, STM32H573IIK6, STM32H573IIT3Q, STM32H573IIT6, STM32H573MIY3QTR, STM32H573RIT6, STM32H573RIV6, STM32H573VIT3Q, STM32H573VIT6, STM32H573ZIT3Q, STM32H573ZIT6, STM32L4R5QGI6STR, STM32MP131AAE3, STM32MP131AAF3, STM32MP131AAG3, STM32MP131CAE3, STM32MP131CAF3, STM32MP131CAG3, STM32MP131DAE7, STM32MP131DAF7, STM32MP131DAG7, STM32MP131FAE7, STM32MP131FAF7, STM32MP131FAG7, STM32MP133AAE3, STM32MP133AAF3, STM32MP133AAG3, STM32MP133CAE3, STM32MP133CAF3, STM32MP133CAG3, STM32MP133DAE7, STM32MP133DAF7, STM32MP133DAG7, STM32MP133FAE7, STM32MP133FAF7, STM32MP133FAG7, STM32MP135AAE3, STM32MP135AAF3, STM32MP135AAG3, STM32MP135CAE3, STM32MP135CAF3, STM32MP135CAG3, STM32MP135DAE7, STM32MP135DAF7, STM32MP135DAG7, STM32MP135F-DK, STM32MP135FAE7, STM32MP135FAF7, STM32MP135FAF7T, STM32MP135FAF7U, STM32MP135FAG7, STM32U535CBT6, STM32U535CBT6Q, STM32U535CBU6, STM32U535CBU6Q, STM32U535CCT6, STM32U535CCT6Q, STM32U535CCU6, STM32U535CCU6Q, STM32U535CET6, STM32U535CET6Q, STM32U535CEU6, STM32U535CEU6Q, STM32U535JEY6QTR, STM32U535NCY6QTR, STM32U535NEY6QTR, STM32U535RBI6, STM32U535RBI6Q, STM32U535RBT6, STM32U535RBT6Q, STM32U535RCI6, STM32U535RCI6Q, STM32U535RCT6, STM32U535RCT6Q, STM32U535REI6, STM32U535REI6Q, STM32U535RET6, STM32U535RET6Q, STM32U535VCI6, STM32U535VCI6Q, STM32U535VCT6, STM32U535VCT6Q, STM32U535VEI6, STM32U535VEI6Q, STM32U535VET6, STM32U535VET6Q, STM32U545CET6, STM32U545CET6Q, STM32U545CEU6, STM32U545CEU6Q, STM32U545JEY6QTR, STM32U545NEY6QTR, STM32U545REI6, STM32U545REI6Q, STM32U545RET6, STM32U545RET6Q, STM32U545VEI6, STM32U545VEI6Q, STM32U545VET6, STM32U545VET6Q, STM32U595AIH6, STM32U595AIH6Q, STM32U595AJH6, STM32U595AJH6Q, STM32U595QII6, STM32U595QII6Q, STM32U595QJI6, STM32U595QJI6Q, STM32U595RIT6, STM32U595RIT6Q, STM32U595RJT6, STM32U595RJT6Q, STM32U595VIT6, STM32U595VIT6Q, STM32U595VJT6, STM32U595VJT6Q, STM32U595ZIT6, STM32U595ZIT6Q, STM32U595ZIY6QTR, STM32U595ZJT6, STM32U595ZJT6Q, STM32U595ZJY6QTR, STM32U599BJY6QTR, STM32U599NIH6Q, STM32U599NJH6Q, STM32U599VIT6Q, STM32U599VJT6, STM32U599VJT6Q, STM32U599ZIT6Q, STM32U599ZIY6QTR, STM32U599ZJT6Q, STM32U599ZJY6QTR, STM32U5A5AJH6, STM32U5A5AJH6Q, STM32U5A5QJI6, STM32U5A5QJI6Q, STM32U5A5RJT6, STM32U5A5RJT6Q, STM32U5A5VJT6, STM32U5A5VJT6Q, STM32U5A5ZJT6, STM32U5A5ZJT6Q, STM32U5A5ZJY6QTR, STM32U5A9BJY6QTR, STM32U5A9J-DK, STM32U5A9NJH6Q, STM32U5A9VJT6Q, STM32U5A9ZJT6Q, STM32U5A9ZJY6QTR, STM32U5F7VIT6, STM32U5F7VIT6Q, STM32U5F7VJT6, STM32U5F7VJT6Q, STM32U5F9BJY6QTR, STM32U5F9NJH6Q, STM32U5F9VIT6Q, STM32U5F9VJT6Q, STM32U5F9ZIJ6QTR, STM32U5F9ZIT6Q, STM32U5F9ZJJ6QTR, STM32U5F9ZJT6Q, STM32U5G7VJT6, STM32U5G7VJT6Q, STM32U5G9BJY6QTR, STM32U5G9J-DK1, STM32U5G9J-DK2, STM32U5G9NJH6Q, STM32U5G9VJT6Q, STM32U5G9ZJJ6QTR, STM32U5G9ZJT6Q, STM32WB1MMCH6, STM32WBA52CEU6, STM32WBA52CEU6T, STM32WBA52CGU6, STM32WBA52CGU6T, STM32WBA52KEU6, STM32WBA52KEU6T, STM32WBA52KGU6, STM32WBA52KGU6T, STM32WL5MOCH6, STM32WL5MOCH6TR]
2023-07-31 21:16:09,727 [INFO] BoardInfo:880 - No configuration file found for board P-NUCLEO-WB55
2023-07-31 21:16:09,727 [INFO] DbBoards:157 - Kit is not supported: P-NUCLEO-WB55
2023-07-31 21:16:09,736 [INFO] BoardInfo:880 - No configuration file found for board STEVAL-BFA001V1B
2023-07-31 21:16:09,737 [INFO] DbBoards:157 - Kit is not supported: STEVAL-BFA001V1B
2023-07-31 21:16:09,739 [INFO] BoardInfo:880 - No configuration file found for board STEVAL-BFA001V2B
2023-07-31 21:16:09,739 [INFO] DbBoards:157 - Kit is not supported: STEVAL-BFA001V2B
2023-07-31 21:16:09,983 [INFO] DbBoards:161 - Found 190 boards, 187 are supported
2023-07-31 21:16:09,985 [INFO] ApiDb:414 - User favorites file not found: C:\Users\yuhyun97/.stm32cubeide/favorites.boards.txt
2023-07-31 21:16:09,986 [INFO] DbBoards:190 - Set 0 / 0 favorites Boards
2023-07-31 21:16:09,992 [INFO] ApiDb:668 - CubeFinder database Data Model version=2.1
2023-07-31 21:16:09,992 [INFO] ApiDb:669 - CubeFinder database Configuration version=3.0.37
2023-07-31 21:16:09,992 [INFO] ApiDb:670 - CubeFinder database generation date=2023-06-26 (1687786131)
2023-07-31 21:16:09,992 [INFO] ApiDb:671 - CubeFinder database FW Pack versions=[FP-ATR-ASTRA1_V2.0.0, FP-SNS-FLIGHT1_V5.0.1, FP-SNS-MOTENV1_V4.3.1, STM32Cube_FW_C0_V1.1.0, STM32Cube_FW_F4_V1.27.1, STM32Cube_FW_F7_V1.17.0, STM32Cube_FW_G0_V1.6.1, STM32Cube_FW_G4_V1.5.1, STM32Cube_FW_H5_V0.5.1, STM32Cube_FW_H5_V1.1.0, STM32Cube_FW_H7_V1.11.0, STM32Cube_FW_L0_V1.12.2, STM32Cube_FW_L5_V1.5.0, STM32Cube_FW_U5_V1.3.0, STM32Cube_FW_U5_V1.3.0RC4, STM32Cube_FW_WBA_V1.0.0RC1, STM32Cube_FW_WBA_V1.1.0, STM32Cube_FW_WBA_V1.1.0RC1, STM32Cube_FW_WB_V1.15.0RC1, STM32Cube_FW_WB_V1.16.0, STM32Cube_FW_WB_V1.16.0RC2, STM32Cube_FW_WB_V1.17.0, STM32Cube_FW_WL_V1.3.0, X-CUBE-ALGOBUILD_V1.3.0, X-CUBE-ALS_V1.0.1, X-CUBE-AZRTOS-F4_V1.1.0, X-CUBE-AZRTOS-F7_V1.1.0, X-CUBE-AZRTOS-G0_V1.1.0, X-CUBE-AZRTOS-G4_V2.0.0, X-CUBE-AZRTOS-H7_V3.1.0, X-CUBE-AZRTOS-L4_V1.0.0, X-CUBE-AZRTOS-L4_V2.0.0, X-CUBE-AZRTOS-L5_V1.1.0, X-CUBE-AZRTOS-WB_V1.1.0, X-CUBE-AZRTOS-WL_V2.0.0, X-CUBE-BLE1_V6.2.4, X-CUBE-BLE2_V3.3.0, X-CUBE-BLEMGR_V2.0.0, X-CUBE-EEPRMA1_V4.1.0, X-CUBE-FREERTOS_V1.0.1, X-CUBE-GNSS1_V6.0.0, X-CUBE-MEMS1_V9.1.0, X-CUBE-MEMS1_V9.4.0, X-CUBE-MEMS1_V9.6.0, X-CUBE-NFC4_V3.0.0, X-CUBE-NFC7_V1.0.0, X-CUBE-SFXS2LP1_V4.0.0, X-CUBE-SUBG2_V5.0.0]
2023-07-31 21:16:11,846 [INFO] DbExamplesSqlite:395 - Ignored 27 examples not supported by CubeIDE
2023-07-31 21:16:11,847 [INFO] DbExamplesSqlite:396 - Found 7164 examples active
2023-07-31 21:16:11,847 [INFO] DbExamplesSqlite:397 - Found 677 examples obsolete
2023-07-31 21:16:11,847 [INFO] DbExamplesSqlite:398 - Found 0 examples under development
2023-07-31 21:16:11,847 [INFO] DbExamplesSqlite:399 - Found 74 examples not building
2023-07-31 21:16:11,850 [INFO] DbExamples:125 - Found 7211 examples
2023-07-31 21:16:11,867 [INFO] DbExamples:222 - Found 92 boards with related examples
2023-07-31 21:16:11,869 [INFO] DbExamples:235 - Found 78 MCUs with related examples
2023-07-31 21:16:11,896 [INFO] ApiDb:414 - User favorites file not found: C:\Users\yuhyun97/.stm32cubeide/favorites.examples.txt
2023-07-31 21:16:11,897 [INFO] DbExamples:250 - Set 0 / 0 favorites Examples
2023-07-31 21:16:12,770 [INFO] McuFinderGlobals:76 - Set McuFinderConnectedMode to true
2023-07-31 21:16:12,790 [INFO] MultiScanPanel:200 - Auto-refresh data requested => check proxy status ongoing
2023-07-31 21:16:12,797 [INFO] FinderPluginLoader:95 - Searching for filters in installed packs
2023-07-31 21:16:15,753 [INFO] LoadUrlFilesThread:185 - End of LoadServerUrlFiles without Thread
2023-07-31 21:16:15,768 [INFO] DetailPanel:341 - Set advertising image to C:/Users/yuhyun97/STM32Cube/Repository/\en.prom-stm32h5-mcu-finder.jpg
2023-07-31 21:16:38,674 [INFO] MainUpdater:2868 - connection check result : 10
2023-07-31 21:16:38,674 [INFO] MainUpdater:2868 - connection check result : 10
2023-07-31 21:16:38,730 [INFO] MicroXplorer:468 - Change Database Path : 
2023-07-31 21:16:38,730 [INFO] MicroXplorer:498 - Change Database Version : DB.6.0.90
2023-07-31 21:16:38,740 [WARN] ThirdParty:871 - waiting for thirdparty lock release [close project]
2023-07-31 21:16:38,740 [INFO] ThirdParty:873 - entering critical section [close project]
2023-07-31 21:16:38,741 [INFO] ThirdParty:883 - exiting critical section [close project]
2023-07-31 21:16:38,746 [INFO] PinOutPanel:1499 - setPackage(No Configuration,No Configuration)
2023-07-31 21:16:38,764 [INFO] UtilMem:75 - Begin LoadConfig() Used Memory: 365340680 Bytes (822083584)
2023-07-31 21:16:38,770 [INFO] MicroXplorer:468 - Change Database Path : 
2023-07-31 21:16:38,771 [INFO] MicroXplorer:498 - Change Database Version : DB.6.0.90
2023-07-31 21:16:38,771 [INFO] OpenFileManager:308 - Change cursor
2023-07-31 21:16:39,046 [INFO] Mcu:1946 - Initializing MCU STM32F103C8Tx STM32F103C8Tx STM32F103C8T6
2023-07-31 21:16:41,434 [INFO] Context:659 - Trying to add GPIOservice into a context  which must be forbidden
2023-07-31 21:16:41,899 [INFO] ImportTextPane:194 - (OptionalMessage_ERROR) Unable to find key (Mcu.ThirdPartyNb) in loaded IOC file
2023-07-31 21:16:41,900 [INFO] ImportTextPane:194 - (OptionalMessage_ERROR) Unable to find key (Mcu.PinsNb) in loaded IOC file
2023-07-31 21:16:41,900 [INFO] ImportTextPane:194 - (OptionalMessage_ERROR) Unable to find key (Mcu.IPNb) in loaded IOC file
2023-07-31 21:16:42,318 [INFO] RtosManager:555 - Registered RTOS mode: class=CMSIS, group=RTOS, mode=CMSIS_V1, owner=FREERTOS
2023-07-31 21:16:42,318 [INFO] RtosManager:555 - Registered RTOS mode: class=CMSIS, group=RTOS2, mode=CMSIS_V2, owner=FREERTOS
2023-07-31 21:16:42,318 [INFO] RtosManager:555 - Registered RTOS mode: class=RTOS, group=Core, mode=CMSIS_V1, owner=FREERTOS
2023-07-31 21:16:42,318 [INFO] RtosManager:555 - Registered RTOS mode: class=RTOS, group=Core, mode=CMSIS_V2, owner=FREERTOS
2023-07-31 21:16:42,319 [WARN] ModelIntegratedComponent:184 - Missing modes for component STMicroelectronics:FreeRTOS:0.0.1:STMicroelectronics:RTOS:FreeRTOS:Core:::10.2.0:
2023-07-31 21:16:42,344 [WARN] ModelIntegratedComponent:63 - No mode defined for component null
2023-07-31 21:16:42,345 [WARN] ModelIntegratedComponent:63 - No mode defined for component null
2023-07-31 21:16:42,345 [WARN] ModelIntegratedComponent:63 - No mode defined for component null
2023-07-31 21:16:42,345 [WARN] ModelIntegratedComponent:63 - No mode defined for component null
2023-07-31 21:16:42,345 [WARN] ModelIntegratedComponent:63 - No mode defined for component null
2023-07-31 21:16:42,346 [WARN] ModelIntegratedComponent:63 - No mode defined for component null
2023-07-31 21:16:42,346 [WARN] ModelIntegratedComponent:63 - No mode defined for component null
2023-07-31 21:16:42,346 [WARN] ModelIntegratedComponent:63 - No mode defined for component null
2023-07-31 21:16:42,346 [WARN] ModelIntegratedComponent:63 - No mode defined for component null
2023-07-31 21:16:42,346 [WARN] ModelIntegratedComponent:63 - No mode defined for component null
2023-07-31 21:16:42,347 [WARN] ModelIntegratedComponent:63 - No mode defined for component null
2023-07-31 21:16:42,347 [WARN] ModelIntegratedComponent:63 - No mode defined for component null
2023-07-31 21:16:42,347 [WARN] ModelIntegratedComponent:63 - No mode defined for component null
2023-07-31 21:16:42,347 [WARN] ModelIntegratedComponent:63 - No mode defined for component null
2023-07-31 21:16:42,347 [WARN] ModelIntegratedComponent:63 - No mode defined for component null
2023-07-31 21:16:42,347 [WARN] ModelIntegratedComponent:63 - No mode defined for component null
2023-07-31 21:16:42,348 [WARN] ModelIntegratedComponent:63 - No mode defined for component null
2023-07-31 21:16:42,348 [WARN] ModelIntegratedComponent:63 - No mode defined for component null
2023-07-31 21:16:42,348 [WARN] ModelIntegratedComponent:63 - No mode defined for component null
2023-07-31 21:16:42,348 [WARN] ModelIntegratedComponent:63 - No mode defined for component null
2023-07-31 21:16:42,348 [WARN] ModelIntegratedComponent:63 - No mode defined for component null
2023-07-31 21:16:42,349 [WARN] ModelIntegratedComponent:63 - No mode defined for component null
2023-07-31 21:16:42,349 [WARN] ModelIntegratedComponent:63 - No mode defined for component null
2023-07-31 21:16:42,349 [WARN] ModelIntegratedComponent:63 - No mode defined for component null
2023-07-31 21:16:42,349 [WARN] ModelIntegratedComponent:63 - No mode defined for component null
2023-07-31 21:16:42,349 [WARN] ModelIntegratedComponent:63 - No mode defined for component null
2023-07-31 21:16:42,349 [WARN] ModelIntegratedComponent:63 - No mode defined for component null
2023-07-31 21:16:42,349 [WARN] ModelIntegratedComponent:63 - No mode defined for component null
2023-07-31 21:16:42,349 [WARN] ModelIntegratedComponent:63 - No mode defined for component null
2023-07-31 21:16:42,349 [WARN] ModelIntegratedComponent:63 - No mode defined for component null
2023-07-31 21:16:42,349 [WARN] ModelIntegratedComponent:63 - No mode defined for component null
2023-07-31 21:16:42,350 [WARN] ModelIntegratedComponent:63 - No mode defined for component null
2023-07-31 21:16:42,350 [WARN] ModelIntegratedComponent:63 - No mode defined for component null
2023-07-31 21:16:42,386 [INFO] ThirdPartyModel:298 - Start build external matchings
2023-07-31 21:16:43,068 [INFO] ThirdPartyModel:316 - End build external matchings
2023-07-31 21:16:43,513 [INFO] UtilMem:75 - End LoadConfig() Used Memory: 359889272 Bytes (933232640)
2023-07-31 21:16:43,653 [WARN] ThirdParty:833 - waiting for thirdparty lock release [change project]
2023-07-31 21:16:43,653 [INFO] ThirdParty:835 - entering critical section [change project]
2023-07-31 21:16:43,653 [INFO] ThirdParty:1030 - CMSIS Pack Vendor :STMicroelectronics X-CUBE-ISPU 1.1.0
2023-07-31 21:16:43,654 [INFO] ThirdParty:1030 - CMSIS Pack Vendor :STMicroelectronics USBPD 4.1
2023-07-31 21:16:43,654 [INFO] ThirdParty:1030 - CMSIS Pack Vendor :STMicroelectronics X-CUBE-GNSS1 6.0.0
2023-07-31 21:16:43,654 [INFO] ThirdParty:1030 - CMSIS Pack Vendor :STMicroelectronics USB_HOST 2.0.0
2023-07-31 21:16:43,654 [INFO] ThirdParty:1030 - CMSIS Pack Vendor :STMicroelectronics X-CUBE-AZRTOS-F4 1.1.0
2023-07-31 21:16:43,655 [INFO] ThirdParty:1030 - CMSIS Pack Vendor :STMicroelectronics LIBJPEG 8.0.0
2023-07-31 21:16:43,655 [INFO] ThirdParty:1030 - CMSIS Pack Vendor :STMicroelectronics X-CUBE-SMBUS 2.1.0
2023-07-31 21:16:43,655 [INFO] ThirdParty:1030 - CMSIS Pack Vendor :STMicroelectronics USB_DEVICE 3.0.0
2023-07-31 21:16:43,655 [INFO] ThirdParty:1030 - CMSIS Pack Vendor :STMicroelectronics X-CUBE-FREERTOS 1.0.1
2023-07-31 21:16:43,655 [INFO] ThirdParty:1030 - CMSIS Pack Vendor :STMicroelectronics X-CUBE-AZRTOS-F7 1.1.0
2023-07-31 21:16:43,655 [INFO] ThirdParty:1030 - CMSIS Pack Vendor :STMicroelectronics USB_DEVICE 2.0.0
2023-07-31 21:16:43,655 [INFO] ThirdParty:1030 - CMSIS Pack Vendor :STMicroelectronics X-CUBE-MEMS1 9.6.0
2023-07-31 21:16:43,655 [INFO] ThirdParty:1030 - CMSIS Pack Vendor :STMicroelectronics FP-SNS-MOTENV1 4.3.2
2023-07-31 21:16:43,655 [INFO] ThirdParty:1030 - CMSIS Pack Vendor :STMicroelectronics FP-SNS-FLIGHT1 5.0.1
2023-07-31 21:16:43,656 [INFO] ThirdParty:1030 - CMSIS Pack Vendor :STMicroelectronics X-CUBE-ALGOBUILD 1.3.0
2023-07-31 21:16:43,656 [INFO] ThirdParty:1030 - CMSIS Pack Vendor :STMicroelectronics X-CUBE-BLE1 6.2.4
2023-07-31 21:16:43,657 [INFO] ThirdParty:1030 - CMSIS Pack Vendor :STMicroelectronics X-CUBE-AZRTOS-L5 1.1.0
2023-07-31 21:16:43,657 [INFO] ThirdParty:1030 - CMSIS Pack Vendor :STMicroelectronics FreeRTOS 0.0.1
2023-07-31 21:16:43,657 [INFO] ThirdParty:1030 - CMSIS Pack Vendor :STMicroelectronics X-CUBE-AZRTOS-G0 1.1.0
2023-07-31 21:16:43,657 [INFO] ThirdParty:1030 - CMSIS Pack Vendor :STMicroelectronics X-CUBE-BLEMGR 2.0.0
2023-07-31 21:16:43,657 [INFO] ThirdParty:1030 - CMSIS Pack Vendor :STMicroelectronics X-CUBE-AI 8.0.1
2023-07-31 21:16:43,657 [INFO] ThirdParty:1030 - CMSIS Pack Vendor :STMicroelectronics X-CUBE-SUBG2 5.0.0
2023-07-31 21:16:43,657 [INFO] ThirdParty:1030 - CMSIS Pack Vendor :STMicroelectronics X-CUBE-NFC4 3.0.0
2023-07-31 21:16:43,657 [INFO] ThirdParty:1030 - CMSIS Pack Vendor :STMicroelectronics STM32_WPAN 1.0.0
2023-07-31 21:16:43,657 [INFO] ThirdParty:1030 - CMSIS Pack Vendor :STMicroelectronics lwIP 2.0.3
2023-07-31 21:16:43,657 [INFO] ThirdParty:1030 - CMSIS Pack Vendor :STMicroelectronics FP-SNS-FLIGHT1 5.0.2
2023-07-31 21:16:43,657 [INFO] ThirdParty:1030 - CMSIS Pack Vendor :STMicroelectronics USB_HOST 1.0.0
2023-07-31 21:16:43,657 [INFO] ThirdParty:1030 - CMSIS Pack Vendor :STMicroelectronics X-CUBE-TOF1 3.3.1
2023-07-31 21:16:43,658 [INFO] ThirdParty:1030 - CMSIS Pack Vendor :STMicroelectronics X-CUBE-AZRTOS-G4 2.0.0
2023-07-31 21:16:43,658 [INFO] ThirdParty:1030 - CMSIS Pack Vendor :STMicroelectronics PDM2PCM 3.1.0
2023-07-31 21:16:43,658 [INFO] ThirdParty:1030 - CMSIS Pack Vendor :STMicroelectronics X-CUBE-AZRTOS-H7 3.1.0
2023-07-31 21:16:43,658 [INFO] ThirdParty:1030 - CMSIS Pack Vendor :STMicroelectronics PDM2PCM 3.3.0
2023-07-31 21:16:43,658 [INFO] ThirdParty:1030 - CMSIS Pack Vendor :STMicroelectronics X-CUBE-DISPLAY 3.0.0
2023-07-31 21:16:43,658 [INFO] ThirdParty:1030 - CMSIS Pack Vendor :STMicroelectronics FP-ATR-SIGFOX1 3.2.0
2023-07-31 21:16:43,658 [INFO] ThirdParty:1030 - CMSIS Pack Vendor :STMicroelectronics HAL Drivers 0.0.0
2023-07-31 21:16:43,658 [INFO] ThirdParty:1030 - CMSIS Pack Vendor :STMicroelectronics MBEDTLS 2.16.2
2023-07-31 21:16:43,659 [INFO] ThirdParty:1030 - CMSIS Pack Vendor :emotas I-CUBE-CANOPEN 1.3.0
2023-07-31 21:16:43,659 [INFO] ThirdParty:1030 - CMSIS Pack Vendor :STMicroelectronics X-CUBE-TOUCHGFX 4.22.0
2023-07-31 21:16:43,659 [INFO] ThirdParty:1030 - CMSIS Pack Vendor :STMicroelectronics X-CUBE-NFC7 1.0.1
2023-07-31 21:16:43,659 [INFO] ThirdParty:1030 - CMSIS Pack Vendor :STMicroelectronics MBEDTLS 2.14.1
2023-07-31 21:16:43,659 [INFO] ThirdParty:1030 - CMSIS Pack Vendor :STMicroelectronics X-CUBE-EEPRMA1 4.1.0
2023-07-31 21:16:43,659 [INFO] ThirdParty:1030 - CMSIS Pack Vendor :portGmbH I-Cube-SoM-uGOAL 1.1.0
2023-07-31 21:16:43,660 [INFO] ThirdParty:1030 - CMSIS Pack Vendor :STMicroelectronics X-CUBE-ALS 1.0.1
2023-07-31 21:16:43,660 [INFO] ThirdParty:1030 - CMSIS Pack Vendor :STMicroelectronics ThreadX 1.0.0
2023-07-31 21:16:43,660 [INFO] ThirdParty:1030 - CMSIS Pack Vendor :STMicroelectronics X-CUBE-AZRTOS-WB 1.1.0
2023-07-31 21:16:43,660 [INFO] ThirdParty:1030 - CMSIS Pack Vendor :STMicroelectronics X-CUBE-AZRTOS-WL 2.0.0
2023-07-31 21:16:43,660 [INFO] ThirdParty:1030 - CMSIS Pack Vendor :SEGGER I-CUBE-embOS 1.3.1
2023-07-31 21:16:43,660 [INFO] ThirdParty:1030 - CMSIS Pack Vendor :STMicroelectronics USB_DEVICE 1.0.0
2023-07-31 21:16:43,660 [INFO] ThirdParty:1030 - CMSIS Pack Vendor :STMicroelectronics X-CUBE-AZRTOS-L4 2.0.0
2023-07-31 21:16:43,661 [INFO] ThirdParty:1030 - CMSIS Pack Vendor :STMicroelectronics ThreadX 0.0.2
2023-07-31 21:16:43,661 [INFO] ThirdParty:1030 - CMSIS Pack Vendor :WES I-CUBE-Cesium 1.3.0
2023-07-31 21:16:43,661 [INFO] ThirdParty:1030 - CMSIS Pack Vendor :STMicroelectronics FP-ATR-ASTRA1 2.0.0
2023-07-31 21:16:43,661 [INFO] ThirdParty:1030 - CMSIS Pack Vendor :STMicroelectronics lwIP 2.1.2
2023-07-31 21:16:43,661 [INFO] ThirdParty:1030 - CMSIS Pack Vendor :STMicroelectronics X-CUBE-SFXS2LP1 4.0.0
2023-07-31 21:16:43,661 [INFO] ThirdParty:1030 - CMSIS Pack Vendor :STMicroelectronics X-CUBE-BLE2 3.3.0
2023-07-31 21:16:43,661 [INFO] ThirdParty:1030 - CMSIS Pack Vendor :STMicroelectronics PDM2PCM 3.2.0
2023-07-31 21:16:43,662 [INFO] ThirdParty:841 - exiting critical section [change project]
2023-07-31 21:16:44,153 [INFO] PinOutPanel:1499 - setPackage(No Configuration,No Configuration)
2023-07-31 21:16:44,155 [INFO] PinOutPanel:1499 - setPackage(STM32F103C8Tx,LQFP48)
2023-07-31 21:16:45,189 [INFO] UtilMem:75 - Before build in PCC Used Memory: 372514464 Bytes (933232640)
2023-07-31 21:16:46,985 [INFO] UtilMem:75 - After build in PCC Used Memory: 540018176 Bytes (933232640)
2023-07-31 21:16:47,037 [INFO] IPUIPlugin:80 - create IPUIPlugin
2023-07-31 21:16:47,038 [INFO] IPUIPlugin:80 - create IPUIPlugin
2023-07-31 21:16:47,038 [INFO] IPUIPlugin:80 - create IPUIPlugin
2023-07-31 21:16:47,038 [INFO] IPUIPlugin:80 - create IPUIPlugin
2023-07-31 21:16:47,039 [INFO] IPUIPlugin:80 - create IPUIPlugin
2023-07-31 21:16:47,039 [INFO] IPUIPlugin:80 - create IPUIPlugin
2023-07-31 21:16:47,040 [INFO] IPUIPlugin:80 - create IPUIPlugin
2023-07-31 21:16:47,040 [INFO] IPUIPlugin:80 - create IPUIPlugin
2023-07-31 21:16:47,040 [INFO] IPUIPlugin:80 - create IPUIPlugin
2023-07-31 21:16:47,041 [INFO] IPUIPlugin:80 - create IPUIPlugin
2023-07-31 21:16:47,041 [INFO] IPUIPlugin:80 - create IPUIPlugin
2023-07-31 21:16:47,041 [INFO] IPUIPlugin:80 - create IPUIPlugin
2023-07-31 21:16:47,042 [INFO] IPUIPlugin:80 - create IPUIPlugin
2023-07-31 21:16:47,043 [INFO] IPUIPlugin:80 - create IPUIPlugin
2023-07-31 21:16:47,043 [INFO] IPUIPlugin:80 - create IPUIPlugin
2023-07-31 21:16:47,044 [INFO] IPUIPlugin:80 - create IPUIPlugin
2023-07-31 21:16:47,044 [INFO] IPUIPlugin:80 - create IPUIPlugin
2023-07-31 21:16:47,045 [INFO] IPUIPlugin:80 - create IPUIPlugin
2023-07-31 21:16:47,046 [INFO] IPUIPlugin:80 - create IPUIPlugin
2023-07-31 21:16:47,046 [INFO] IPUIPlugin:80 - create IPUIPlugin
2023-07-31 21:16:47,047 [INFO] IPUIPlugin:80 - create IPUIPlugin
2023-07-31 21:16:47,048 [INFO] IPUIPlugin:80 - create IPUIPlugin
2023-07-31 21:16:47,048 [INFO] IPUIPlugin:80 - create IPUIPlugin
2023-07-31 21:16:47,050 [INFO] IPUIPlugin:80 - create IPUIPlugin
2023-07-31 21:16:47,051 [INFO] IPUIPlugin:80 - create IPUIPlugin
2023-07-31 21:16:47,051 [INFO] IPUIPlugin:80 - create IPUIPlugin
2023-07-31 21:16:47,052 [INFO] IPUIPlugin:80 - create IPUIPlugin
2023-07-31 21:16:47,444 [INFO] CADModel:165 - CPN selected for project levelSTM32F103C8T6
2023-07-31 21:16:47,444 [INFO] CADModel:114 - Register for checkConnection events
2023-07-31 21:16:47,517 [INFO] OpenFileManager:328 - Restore cursor
2023-07-31 21:16:48,591 [INFO] UtilMem:75 - End SaveConfig() Used Memory: 755778560 Bytes (933232640)
2023-07-31 21:16:48,759 [INFO] UtilMem:75 - End SaveConfig() Used Memory: 768081408 Bytes (933232640)
2023-07-31 21:16:49,917 [INFO] BlockDiagram:2759 - set Specific Code input for plugin: NVIC
2023-07-31 21:16:49,917 [INFO] BlockDiagram:2759 - set Specific Code input for plugin: RCC
2023-07-31 21:16:49,921 [INFO] CodeGenerator:799 - code generatio: config db path: C:\ST\STM32CubeIDE_1.13.0\STM32CubeIDE\plugins\com.st.stm32cube.common.mx_6.9.0.202307051724\\db\
2023-07-31 21:16:50,606 [INFO] CodeEngine:255 - oldGeneratedFile, C:\Users\yuhyun97\STM32CubeIDE\workspace_1.13.0\PWM_test\MXTmpFiles\license.tmp_save
2023-07-31 21:16:51,344 [INFO] CodeEngine:279 - Generated code: C:\Users\yuhyun97\STM32CubeIDE\workspace_1.13.0\PWM_test\MXTmpFiles\license.tmp
2023-07-31 21:16:51,399 [INFO] CodeEngine:255 - oldGeneratedFile, C:\Users\yuhyun97\STM32CubeIDE\workspace_1.13.0\PWM_test\Core\Src\stm32f1xx_it.c_save
2023-07-31 21:16:51,799 [INFO] CodeEngine:279 - Generated code: C:\Users\yuhyun97\STM32CubeIDE\workspace_1.13.0\PWM_test\Core\Src\stm32f1xx_it.c
2023-07-31 21:16:51,830 [INFO] CodeEngine:255 - oldGeneratedFile, C:\Users\yuhyun97\STM32CubeIDE\workspace_1.13.0\PWM_test\Core\Inc\stm32f1xx_it.h_save
2023-07-31 21:16:52,094 [INFO] CodeEngine:279 - Generated code: C:\Users\yuhyun97\STM32CubeIDE\workspace_1.13.0\PWM_test\Core\Inc\stm32f1xx_it.h
2023-07-31 21:16:52,383 [INFO] CodeEngine:255 - oldGeneratedFile, C:\Users\yuhyun97\STM32CubeIDE\workspace_1.13.0\PWM_test\Core\Src\stm32f1xx_hal_msp.c_save
2023-07-31 21:16:52,686 [INFO] CodeEngine:279 - Generated code: C:\Users\yuhyun97\STM32CubeIDE\workspace_1.13.0\PWM_test\Core\Src\stm32f1xx_hal_msp.c
2023-07-31 21:16:52,716 [INFO] CodeEngine:255 - oldGeneratedFile, C:\Users\yuhyun97\STM32CubeIDE\workspace_1.13.0\PWM_test\MXTmpFiles\system.tmp_save
2023-07-31 21:16:52,878 [INFO] CodeEngine:279 - Generated code: C:\Users\yuhyun97\STM32CubeIDE\workspace_1.13.0\PWM_test\MXTmpFiles\system.tmp
2023-07-31 21:16:52,920 [INFO] CodeEngine:311 - oldGeneratedFile, C:\Users\yuhyun97\STM32CubeIDE\workspace_1.13.0\PWM_test\Core\Inc\stm32f1xx_hal_conf.h_save
2023-07-31 21:16:53,152 [INFO] CodeEngine:335 - Generated code: C:\Users\yuhyun97\STM32CubeIDE\workspace_1.13.0\PWM_test\Core\Inc\stm32f1xx_hal_conf.h
2023-07-31 21:16:53,275 [INFO] CodeEngine:255 - oldGeneratedFile, C:\Users\yuhyun97\STM32CubeIDE\workspace_1.13.0\PWM_test\Core\Inc\main.h_save
2023-07-31 21:16:53,617 [INFO] CodeEngine:279 - Generated code: C:\Users\yuhyun97\STM32CubeIDE\workspace_1.13.0\PWM_test\Core\Inc\main.h
2023-07-31 21:16:53,648 [INFO] CodeEngine:255 - oldGeneratedFile, C:\Users\yuhyun97\STM32CubeIDE\workspace_1.13.0\PWM_test\Core\Src\main.c_save
2023-07-31 21:16:54,008 [INFO] CodeEngine:279 - Generated code: C:\Users\yuhyun97\STM32CubeIDE\workspace_1.13.0\PWM_test\Core\Src\main.c
2023-07-31 21:16:55,553 [INFO] ProjectBuilder:3064 - Time for Copy HAL[1] : 427mS.
2023-07-31 21:16:55,581 [INFO] ProjectBuilder:4404 - Project Generator version: 4.1.0
2023-07-31 21:16:56,125 [INFO] ConfigFileManager:1457 - The Die is : DIE410
2023-07-31 21:16:56,162 [INFO] ApiDbMcu:507 - Load IP Config File for FATFS
2023-07-31 21:16:56,204 [INFO] ApiDbMcu:507 - Load IP Config File for FREERTOS
2023-07-31 21:16:56,250 [INFO] ApiDbMcu:507 - Load IP Config File for USB_DEVICE
2023-07-31 21:16:58,722 [INFO] LogOutputStream:77 - [STDOUT_REDIRECT] 
2023-07-31 21:17:04,031 [INFO] ProjectBuilder:4626 - Time for Generating toolchain IDE Files: 8449mS.
2023-07-31 21:17:04,033 [INFO] ProjectBuilder:2935 - Time for Copy CMSIS : 2mS.
2023-07-31 21:17:04,042 [INFO] ProjectBuilder:2935 - Time for Copy CMSIS : 0mS.
2023-07-31 21:17:06,213 [INFO] McuFinderGlobals:76 - Set McuFinderConnectedMode to true
2023-07-31 21:17:06,220 [INFO] ApiDb:448 - Save user favorites file C:\Users\yuhyun97/.stm32cubeide/favorites.mcus.txt: 1 item(s)
2023-07-31 21:17:06,221 [INFO] ApiDb:452 - User favorites MCUs=[STM32F103C8T6]
2023-07-31 21:21:06,223 [INFO] NvicIntPanel:101 - NVIC parent = com.st.microxplorer.plugins.ip.nvic.MultiNvicIntPanel[,0,0,0x0,invalid,layout=javax.swing.BoxLayout,alignmentX=0.0,alignmentY=0.0,border=,flags=9,maximumSize=,minimumSize=,preferredSize=]
2023-07-31 21:21:15,082 [INFO] NvicIntPanel:101 - NVIC parent = com.st.microxplorer.plugins.ip.nvic.MultiNvicIntPanel[,0,0,0x0,invalid,layout=javax.swing.BoxLayout,alignmentX=0.0,alignmentY=0.0,border=,flags=9,maximumSize=,minimumSize=,preferredSize=]
2023-07-31 21:22:09,110 [INFO] NvicIntPanel:101 - NVIC parent = com.st.microxplorer.plugins.ip.nvic.MultiNvicIntPanel[,0,0,0x0,invalid,layout=javax.swing.BoxLayout,alignmentX=0.0,alignmentY=0.0,border=,flags=9,maximumSize=,minimumSize=,preferredSize=]
2023-07-31 21:23:54,254 [INFO] NvicIntPanel:101 - NVIC parent = com.st.microxplorer.plugins.ip.nvic.MultiNvicIntPanel[,0,0,0x0,invalid,layout=javax.swing.BoxLayout,alignmentX=0.0,alignmentY=0.0,border=,flags=9,maximumSize=,minimumSize=,preferredSize=]
2023-07-31 21:24:16,872 [INFO] UtilMem:75 - End SaveConfig() Used Memory: 939630472 Bytes (1073741824)
2023-07-31 21:24:18,356 [INFO] UtilMem:75 - End SaveConfig() Used Memory: 956501584 Bytes (1073741824)
2023-07-31 21:24:21,404 [INFO] UtilMem:75 - End SaveConfig() Used Memory: 527423496 Bytes (1073741824)
2023-07-31 21:24:22,023 [INFO] BlockDiagram:2759 - set Specific Code input for plugin: NVIC
2023-07-31 21:24:22,023 [INFO] BlockDiagram:2759 - set Specific Code input for plugin: TIM1_8F1
2023-07-31 21:24:22,023 [INFO] BlockDiagram:2759 - set Specific Code input for plugin: SYS
2023-07-31 21:24:22,024 [INFO] BlockDiagram:2759 - set Specific Code input for plugin: GPIO
2023-07-31 21:24:22,024 [INFO] BlockDiagram:2759 - set Specific Code input for plugin: RCC
2023-07-31 21:24:22,026 [INFO] CodeGenerator:799 - code generatio: config db path: C:\ST\STM32CubeIDE_1.13.0\STM32CubeIDE\plugins\com.st.stm32cube.common.mx_6.9.0.202307051724\\db\
2023-07-31 21:24:22,410 [INFO] CodeEngine:255 - oldGeneratedFile, C:\Users\yuhyun97\STM32CubeIDE\workspace_1.13.0\PWM_test\MXTmpFiles\license.tmp_save
2023-07-31 21:24:22,664 [INFO] CodeEngine:279 - Generated code: C:\Users\yuhyun97\STM32CubeIDE\workspace_1.13.0\PWM_test\MXTmpFiles\license.tmp
2023-07-31 21:24:22,811 [INFO] CodeEngine:255 - oldGeneratedFile, C:\Users\yuhyun97\STM32CubeIDE\workspace_1.13.0\PWM_test\MXTmpFiles\gpio.tmp_save
2023-07-31 21:24:23,114 [INFO] CodeEngine:279 - Generated code: C:\Users\yuhyun97\STM32CubeIDE\workspace_1.13.0\PWM_test\MXTmpFiles\gpio.tmp
2023-07-31 21:24:23,383 [INFO] CodeEngine:255 - oldGeneratedFile, C:\Users\yuhyun97\STM32CubeIDE\workspace_1.13.0\PWM_test\Core\Src\stm32f1xx_it.c_save
2023-07-31 21:24:23,595 [INFO] CodeEngine:279 - Generated code: C:\Users\yuhyun97\STM32CubeIDE\workspace_1.13.0\PWM_test\Core\Src\stm32f1xx_it.c
2023-07-31 21:24:23,625 [INFO] CodeEngine:255 - oldGeneratedFile, C:\Users\yuhyun97\STM32CubeIDE\workspace_1.13.0\PWM_test\Core\Inc\stm32f1xx_it.h_save
2023-07-31 21:24:23,780 [INFO] CodeEngine:279 - Generated code: C:\Users\yuhyun97\STM32CubeIDE\workspace_1.13.0\PWM_test\Core\Inc\stm32f1xx_it.h
2023-07-31 21:24:23,821 [INFO] CodeEngine:255 - oldGeneratedFile, C:\Users\yuhyun97\STM32CubeIDE\workspace_1.13.0\PWM_test\Core\Src\stm32f1xx_hal_msp.c_save
2023-07-31 21:24:24,051 [INFO] CodeEngine:279 - Generated code: C:\Users\yuhyun97\STM32CubeIDE\workspace_1.13.0\PWM_test\Core\Src\stm32f1xx_hal_msp.c
2023-07-31 21:24:24,062 [INFO] CodeEngine:255 - oldGeneratedFile, C:\Users\yuhyun97\STM32CubeIDE\workspace_1.13.0\PWM_test\MXTmpFiles\system.tmp_save
2023-07-31 21:24:24,274 [INFO] CodeEngine:279 - Generated code: C:\Users\yuhyun97\STM32CubeIDE\workspace_1.13.0\PWM_test\MXTmpFiles\system.tmp
2023-07-31 21:24:24,356 [INFO] CodeEngine:311 - oldGeneratedFile, C:\Users\yuhyun97\STM32CubeIDE\workspace_1.13.0\PWM_test\Core\Inc\stm32f1xx_hal_conf.h_save
2023-07-31 21:24:24,628 [INFO] CodeEngine:335 - Generated code: C:\Users\yuhyun97\STM32CubeIDE\workspace_1.13.0\PWM_test\Core\Inc\stm32f1xx_hal_conf.h
2023-07-31 21:24:24,698 [WARN] IPConfigManager:3431 - IP not found : TIM
2023-07-31 21:24:24,701 [WARN] CodeGenerator:3760 - IP not found : null
2023-07-31 21:24:24,757 [INFO] CodeEngine:255 - oldGeneratedFile, C:\Users\yuhyun97\STM32CubeIDE\workspace_1.13.0\PWM_test\Core\Inc\main.h_save
2023-07-31 21:24:24,985 [INFO] CodeEngine:279 - Generated code: C:\Users\yuhyun97\STM32CubeIDE\workspace_1.13.0\PWM_test\Core\Inc\main.h
2023-07-31 21:24:25,017 [INFO] CodeEngine:255 - oldGeneratedFile, C:\Users\yuhyun97\STM32CubeIDE\workspace_1.13.0\PWM_test\Core\Src\main.c_save
2023-07-31 21:24:25,325 [INFO] CodeEngine:279 - Generated code: C:\Users\yuhyun97\STM32CubeIDE\workspace_1.13.0\PWM_test\Core\Src\main.c
2023-07-31 21:24:26,641 [INFO] ProjectBuilder:3064 - Time for Copy HAL[1] : 367mS.
2023-07-31 21:24:26,649 [INFO] ProjectBuilder:4404 - Project Generator version: 4.1.0
2023-07-31 21:24:27,454 [INFO] ConfigFileManager:1457 - The Die is : DIE410
2023-07-31 21:24:33,454 [INFO] ProjectBuilder:4626 - Time for Generating toolchain IDE Files: 6804mS.
2023-07-31 21:24:33,458 [INFO] ProjectBuilder:2935 - Time for Copy CMSIS : 3mS.
2023-07-31 21:24:33,468 [INFO] ProjectBuilder:2935 - Time for Copy CMSIS : 0mS.
2023-07-31 21:35:10,012 [INFO] UtilMem:75 - End SaveConfig() Used Memory: 497161384 Bytes (909115392)
2023-07-31 21:35:11,639 [INFO] UtilMem:75 - End SaveConfig() Used Memory: 514989224 Bytes (909115392)
2023-07-31 21:35:13,477 [INFO] UtilMem:75 - End SaveConfig() Used Memory: 599399592 Bytes (909115392)
2023-07-31 21:35:13,942 [INFO] BlockDiagram:2759 - set Specific Code input for plugin: NVIC
2023-07-31 21:35:13,942 [INFO] BlockDiagram:2759 - set Specific Code input for plugin: TIM1_8F1
2023-07-31 21:35:13,942 [INFO] BlockDiagram:2759 - set Specific Code input for plugin: SYS
2023-07-31 21:35:13,943 [INFO] BlockDiagram:2759 - set Specific Code input for plugin: GPIO
2023-07-31 21:35:13,943 [INFO] BlockDiagram:2759 - set Specific Code input for plugin: RCC
2023-07-31 21:35:13,947 [INFO] CodeGenerator:799 - code generatio: config db path: C:\ST\STM32CubeIDE_1.13.0\STM32CubeIDE\plugins\com.st.stm32cube.common.mx_6.9.0.202307051724\\db\
2023-07-31 21:35:14,255 [INFO] CodeEngine:255 - oldGeneratedFile, C:\Users\yuhyun97\STM32CubeIDE\workspace_1.13.0\PWM_test\MXTmpFiles\license.tmp_save
2023-07-31 21:35:14,407 [INFO] CodeEngine:279 - Generated code: C:\Users\yuhyun97\STM32CubeIDE\workspace_1.13.0\PWM_test\MXTmpFiles\license.tmp
2023-07-31 21:35:14,444 [INFO] CodeEngine:255 - oldGeneratedFile, C:\Users\yuhyun97\STM32CubeIDE\workspace_1.13.0\PWM_test\MXTmpFiles\gpio.tmp_save
2023-07-31 21:35:14,618 [INFO] CodeEngine:279 - Generated code: C:\Users\yuhyun97\STM32CubeIDE\workspace_1.13.0\PWM_test\MXTmpFiles\gpio.tmp
2023-07-31 21:35:14,766 [INFO] CodeEngine:255 - oldGeneratedFile, C:\Users\yuhyun97\STM32CubeIDE\workspace_1.13.0\PWM_test\Core\Src\stm32f1xx_it.c_save
2023-07-31 21:35:14,930 [INFO] CodeEngine:279 - Generated code: C:\Users\yuhyun97\STM32CubeIDE\workspace_1.13.0\PWM_test\Core\Src\stm32f1xx_it.c
2023-07-31 21:35:14,967 [INFO] CodeEngine:255 - oldGeneratedFile, C:\Users\yuhyun97\STM32CubeIDE\workspace_1.13.0\PWM_test\Core\Inc\stm32f1xx_it.h_save
2023-07-31 21:35:15,182 [INFO] CodeEngine:279 - Generated code: C:\Users\yuhyun97\STM32CubeIDE\workspace_1.13.0\PWM_test\Core\Inc\stm32f1xx_it.h
2023-07-31 21:35:15,245 [INFO] CodeEngine:255 - oldGeneratedFile, C:\Users\yuhyun97\STM32CubeIDE\workspace_1.13.0\PWM_test\Core\Src\stm32f1xx_hal_msp.c_save
2023-07-31 21:35:15,430 [INFO] CodeEngine:279 - Generated code: C:\Users\yuhyun97\STM32CubeIDE\workspace_1.13.0\PWM_test\Core\Src\stm32f1xx_hal_msp.c
2023-07-31 21:35:15,440 [INFO] CodeEngine:255 - oldGeneratedFile, C:\Users\yuhyun97\STM32CubeIDE\workspace_1.13.0\PWM_test\MXTmpFiles\system.tmp_save
2023-07-31 21:35:15,562 [INFO] CodeEngine:279 - Generated code: C:\Users\yuhyun97\STM32CubeIDE\workspace_1.13.0\PWM_test\MXTmpFiles\system.tmp
2023-07-31 21:35:15,605 [INFO] CodeEngine:311 - oldGeneratedFile, C:\Users\yuhyun97\STM32CubeIDE\workspace_1.13.0\PWM_test\Core\Inc\stm32f1xx_hal_conf.h_save
2023-07-31 21:35:15,808 [INFO] CodeEngine:335 - Generated code: C:\Users\yuhyun97\STM32CubeIDE\workspace_1.13.0\PWM_test\Core\Inc\stm32f1xx_hal_conf.h
2023-07-31 21:35:15,859 [WARN] IPConfigManager:3431 - IP not found : TIM
2023-07-31 21:35:15,861 [WARN] CodeGenerator:3760 - IP not found : null
2023-07-31 21:35:15,906 [INFO] CodeEngine:255 - oldGeneratedFile, C:\Users\yuhyun97\STM32CubeIDE\workspace_1.13.0\PWM_test\Core\Inc\main.h_save
2023-07-31 21:35:16,081 [INFO] CodeEngine:279 - Generated code: C:\Users\yuhyun97\STM32CubeIDE\workspace_1.13.0\PWM_test\Core\Inc\main.h
2023-07-31 21:35:16,118 [INFO] CodeEngine:255 - oldGeneratedFile, C:\Users\yuhyun97\STM32CubeIDE\workspace_1.13.0\PWM_test\Core\Src\main.c_save
2023-07-31 21:35:16,399 [INFO] CodeEngine:279 - Generated code: C:\Users\yuhyun97\STM32CubeIDE\workspace_1.13.0\PWM_test\Core\Src\main.c
2023-07-31 21:35:17,285 [INFO] ProjectBuilder:3064 - Time for Copy HAL[1] : 363mS.
2023-07-31 21:35:17,291 [INFO] ProjectBuilder:4404 - Project Generator version: 4.1.0
2023-07-31 21:35:17,909 [INFO] ConfigFileManager:1457 - The Die is : DIE410
2023-07-31 21:35:20,761 [INFO] ProjectBuilder:4626 - Time for Generating toolchain IDE Files: 3470mS.
2023-07-31 21:35:20,763 [INFO] ProjectBuilder:2935 - Time for Copy CMSIS : 2mS.
2023-07-31 21:35:20,775 [INFO] ProjectBuilder:2935 - Time for Copy CMSIS : 0mS.
2023-07-31 21:55:23,305 [INFO] NvicIntPanel:101 - NVIC parent = com.st.microxplorer.plugins.ip.nvic.MultiNvicIntPanel[,0,0,0x0,invalid,layout=javax.swing.BoxLayout,alignmentX=0.0,alignmentY=0.0,border=,flags=9,maximumSize=,minimumSize=,preferredSize=]
2023-07-31 21:58:07,452 [INFO] UtilMem:75 - End SaveConfig() Used Memory: 262196528 Bytes (796917760)
2023-07-31 21:58:09,474 [INFO] UtilMem:75 - End SaveConfig() Used Memory: 277831968 Bytes (796917760)
2023-07-31 21:58:12,202 [INFO] UtilMem:75 - End SaveConfig() Used Memory: 338673504 Bytes (796917760)
2023-07-31 21:58:12,707 [INFO] BlockDiagram:2759 - set Specific Code input for plugin: NVIC
2023-07-31 21:58:12,707 [INFO] BlockDiagram:2759 - set Specific Code input for plugin: TIM1_8F1
2023-07-31 21:58:12,708 [INFO] BlockDiagram:2759 - set Specific Code input for plugin: SYS
2023-07-31 21:58:12,708 [INFO] BlockDiagram:2759 - set Specific Code input for plugin: GPIO
2023-07-31 21:58:12,709 [INFO] BlockDiagram:2759 - set Specific Code input for plugin: RCC
2023-07-31 21:58:12,712 [INFO] CodeGenerator:799 - code generatio: config db path: C:\ST\STM32CubeIDE_1.13.0\STM32CubeIDE\plugins\com.st.stm32cube.common.mx_6.9.0.202307051724\\db\
2023-07-31 21:58:12,955 [INFO] CodeEngine:255 - oldGeneratedFile, C:\Users\yuhyun97\STM32CubeIDE\workspace_1.13.0\PWM_test\MXTmpFiles\license.tmp_save
2023-07-31 21:58:13,132 [INFO] CodeEngine:279 - Generated code: C:\Users\yuhyun97\STM32CubeIDE\workspace_1.13.0\PWM_test\MXTmpFiles\license.tmp
2023-07-31 21:58:13,171 [INFO] CodeEngine:255 - oldGeneratedFile, C:\Users\yuhyun97\STM32CubeIDE\workspace_1.13.0\PWM_test\MXTmpFiles\gpio.tmp_save
2023-07-31 21:58:13,362 [INFO] CodeEngine:279 - Generated code: C:\Users\yuhyun97\STM32CubeIDE\workspace_1.13.0\PWM_test\MXTmpFiles\gpio.tmp
2023-07-31 21:58:13,489 [INFO] CodeEngine:255 - oldGeneratedFile, C:\Users\yuhyun97\STM32CubeIDE\workspace_1.13.0\PWM_test\Core\Src\stm32f1xx_it.c_save
2023-07-31 21:58:13,917 [INFO] CodeEngine:279 - Generated code: C:\Users\yuhyun97\STM32CubeIDE\workspace_1.13.0\PWM_test\Core\Src\stm32f1xx_it.c
2023-07-31 21:58:13,949 [INFO] CodeEngine:255 - oldGeneratedFile, C:\Users\yuhyun97\STM32CubeIDE\workspace_1.13.0\PWM_test\Core\Inc\stm32f1xx_it.h_save
2023-07-31 21:58:14,092 [INFO] CodeEngine:279 - Generated code: C:\Users\yuhyun97\STM32CubeIDE\workspace_1.13.0\PWM_test\Core\Inc\stm32f1xx_it.h
2023-07-31 21:58:14,138 [INFO] CodeEngine:255 - oldGeneratedFile, C:\Users\yuhyun97\STM32CubeIDE\workspace_1.13.0\PWM_test\Core\Src\stm32f1xx_hal_msp.c_save
2023-07-31 21:58:14,357 [INFO] CodeEngine:279 - Generated code: C:\Users\yuhyun97\STM32CubeIDE\workspace_1.13.0\PWM_test\Core\Src\stm32f1xx_hal_msp.c
2023-07-31 21:58:14,370 [INFO] CodeEngine:255 - oldGeneratedFile, C:\Users\yuhyun97\STM32CubeIDE\workspace_1.13.0\PWM_test\MXTmpFiles\system.tmp_save
2023-07-31 21:58:14,467 [INFO] CodeEngine:279 - Generated code: C:\Users\yuhyun97\STM32CubeIDE\workspace_1.13.0\PWM_test\MXTmpFiles\system.tmp
2023-07-31 21:58:14,516 [INFO] CodeEngine:311 - oldGeneratedFile, C:\Users\yuhyun97\STM32CubeIDE\workspace_1.13.0\PWM_test\Core\Inc\stm32f1xx_hal_conf.h_save
2023-07-31 21:58:14,710 [INFO] CodeEngine:335 - Generated code: C:\Users\yuhyun97\STM32CubeIDE\workspace_1.13.0\PWM_test\Core\Inc\stm32f1xx_hal_conf.h
2023-07-31 21:58:14,747 [WARN] IPConfigManager:3431 - IP not found : TIM
2023-07-31 21:58:14,748 [WARN] CodeGenerator:3760 - IP not found : null
2023-07-31 21:58:14,788 [INFO] CodeEngine:255 - oldGeneratedFile, C:\Users\yuhyun97\STM32CubeIDE\workspace_1.13.0\PWM_test\Core\Inc\main.h_save
2023-07-31 21:58:14,933 [INFO] CodeEngine:279 - Generated code: C:\Users\yuhyun97\STM32CubeIDE\workspace_1.13.0\PWM_test\Core\Inc\main.h
2023-07-31 21:58:14,965 [INFO] CodeEngine:255 - oldGeneratedFile, C:\Users\yuhyun97\STM32CubeIDE\workspace_1.13.0\PWM_test\Core\Src\main.c_save
2023-07-31 21:58:15,419 [INFO] CodeEngine:279 - Generated code: C:\Users\yuhyun97\STM32CubeIDE\workspace_1.13.0\PWM_test\Core\Src\main.c
2023-07-31 21:58:16,637 [INFO] ProjectBuilder:3064 - Time for Copy HAL[1] : 467mS.
2023-07-31 21:58:16,645 [INFO] ProjectBuilder:4404 - Project Generator version: 4.1.0
2023-07-31 21:58:16,958 [INFO] ConfigFileManager:1457 - The Die is : DIE410
2023-07-31 21:58:19,976 [INFO] ProjectBuilder:4626 - Time for Generating toolchain IDE Files: 3331mS.
2023-07-31 21:58:19,977 [INFO] ProjectBuilder:2935 - Time for Copy CMSIS : 1mS.
2023-07-31 21:58:19,986 [INFO] ProjectBuilder:2935 - Time for Copy CMSIS : 0mS.
2023-07-31 22:06:26,060 [INFO] NvicIntPanel:101 - NVIC parent = com.st.microxplorer.plugins.ip.nvic.MultiNvicIntPanel[,0,0,0x0,invalid,layout=javax.swing.BoxLayout,alignmentX=0.0,alignmentY=0.0,border=,flags=9,maximumSize=,minimumSize=,preferredSize=]
2023-07-31 22:06:53,521 [INFO] NvicIntPanel:101 - NVIC parent = com.st.microxplorer.plugins.ip.nvic.MultiNvicIntPanel[,0,0,0x0,invalid,layout=javax.swing.BoxLayout,alignmentX=0.0,alignmentY=0.0,border=,flags=9,maximumSize=,minimumSize=,preferredSize=]
2023-07-31 22:09:16,795 [INFO] UtilMem:75 - End SaveConfig() Used Memory: 339937312 Bytes (916455424)
2023-07-31 22:09:18,739 [INFO] UtilMem:75 - End SaveConfig() Used Memory: 355683848 Bytes (916455424)
2023-07-31 22:09:21,695 [INFO] UtilMem:75 - End SaveConfig() Used Memory: 419319320 Bytes (916455424)
2023-07-31 22:09:22,257 [INFO] BlockDiagram:2759 - set Specific Code input for plugin: NVIC
2023-07-31 22:09:22,258 [INFO] BlockDiagram:2759 - set Specific Code input for plugin: TIM1_8F1
2023-07-31 22:09:22,258 [INFO] BlockDiagram:2759 - set Specific Code input for plugin: SYS
2023-07-31 22:09:22,259 [INFO] BlockDiagram:2759 - set Specific Code input for plugin: GPIO
2023-07-31 22:09:22,259 [INFO] BlockDiagram:2759 - set Specific Code input for plugin: RCC
2023-07-31 22:09:22,263 [INFO] CodeGenerator:799 - code generatio: config db path: C:\ST\STM32CubeIDE_1.13.0\STM32CubeIDE\plugins\com.st.stm32cube.common.mx_6.9.0.202307051724\\db\
2023-07-31 22:09:22,507 [INFO] CodeEngine:255 - oldGeneratedFile, C:\Users\yuhyun97\STM32CubeIDE\workspace_1.13.0\PWM_test\MXTmpFiles\license.tmp_save
2023-07-31 22:09:22,676 [INFO] CodeEngine:279 - Generated code: C:\Users\yuhyun97\STM32CubeIDE\workspace_1.13.0\PWM_test\MXTmpFiles\license.tmp
2023-07-31 22:09:22,720 [INFO] CodeEngine:255 - oldGeneratedFile, C:\Users\yuhyun97\STM32CubeIDE\workspace_1.13.0\PWM_test\MXTmpFiles\gpio.tmp_save
2023-07-31 22:09:22,896 [INFO] CodeEngine:279 - Generated code: C:\Users\yuhyun97\STM32CubeIDE\workspace_1.13.0\PWM_test\MXTmpFiles\gpio.tmp
2023-07-31 22:09:23,029 [INFO] CodeEngine:255 - oldGeneratedFile, C:\Users\yuhyun97\STM32CubeIDE\workspace_1.13.0\PWM_test\Core\Src\stm32f1xx_it.c_save
2023-07-31 22:09:23,184 [INFO] CodeEngine:279 - Generated code: C:\Users\yuhyun97\STM32CubeIDE\workspace_1.13.0\PWM_test\Core\Src\stm32f1xx_it.c
2023-07-31 22:09:23,201 [INFO] CodeEngine:255 - oldGeneratedFile, C:\Users\yuhyun97\STM32CubeIDE\workspace_1.13.0\PWM_test\Core\Inc\stm32f1xx_it.h_save
2023-07-31 22:09:23,323 [INFO] CodeEngine:279 - Generated code: C:\Users\yuhyun97\STM32CubeIDE\workspace_1.13.0\PWM_test\Core\Inc\stm32f1xx_it.h
2023-07-31 22:09:23,381 [INFO] CodeEngine:255 - oldGeneratedFile, C:\Users\yuhyun97\STM32CubeIDE\workspace_1.13.0\PWM_test\Core\Src\stm32f1xx_hal_msp.c_save
2023-07-31 22:09:23,585 [INFO] CodeEngine:279 - Generated code: C:\Users\yuhyun97\STM32CubeIDE\workspace_1.13.0\PWM_test\Core\Src\stm32f1xx_hal_msp.c
2023-07-31 22:09:23,597 [INFO] CodeEngine:255 - oldGeneratedFile, C:\Users\yuhyun97\STM32CubeIDE\workspace_1.13.0\PWM_test\MXTmpFiles\system.tmp_save
2023-07-31 22:09:23,711 [INFO] CodeEngine:279 - Generated code: C:\Users\yuhyun97\STM32CubeIDE\workspace_1.13.0\PWM_test\MXTmpFiles\system.tmp
2023-07-31 22:09:23,756 [INFO] CodeEngine:311 - oldGeneratedFile, C:\Users\yuhyun97\STM32CubeIDE\workspace_1.13.0\PWM_test\Core\Inc\stm32f1xx_hal_conf.h_save
2023-07-31 22:09:23,962 [INFO] CodeEngine:335 - Generated code: C:\Users\yuhyun97\STM32CubeIDE\workspace_1.13.0\PWM_test\Core\Inc\stm32f1xx_hal_conf.h
2023-07-31 22:09:24,015 [WARN] IPConfigManager:3431 - IP not found : TIM
2023-07-31 22:09:24,016 [WARN] CodeGenerator:3760 - IP not found : null
2023-07-31 22:09:24,064 [INFO] CodeEngine:255 - oldGeneratedFile, C:\Users\yuhyun97\STM32CubeIDE\workspace_1.13.0\PWM_test\Core\Inc\main.h_save
2023-07-31 22:09:24,253 [INFO] CodeEngine:279 - Generated code: C:\Users\yuhyun97\STM32CubeIDE\workspace_1.13.0\PWM_test\Core\Inc\main.h
2023-07-31 22:09:24,291 [INFO] CodeEngine:255 - oldGeneratedFile, C:\Users\yuhyun97\STM32CubeIDE\workspace_1.13.0\PWM_test\Core\Src\main.c_save
2023-07-31 22:09:24,551 [INFO] CodeEngine:279 - Generated code: C:\Users\yuhyun97\STM32CubeIDE\workspace_1.13.0\PWM_test\Core\Src\main.c
2023-07-31 22:09:26,582 [INFO] ProjectBuilder:3064 - Time for Copy HAL[1] : 605mS.
2023-07-31 22:09:26,593 [INFO] ProjectBuilder:4404 - Project Generator version: 4.1.0
2023-07-31 22:09:27,177 [INFO] ConfigFileManager:1457 - The Die is : DIE410
2023-07-31 22:09:30,719 [INFO] ProjectBuilder:4626 - Time for Generating toolchain IDE Files: 4125mS.
2023-07-31 22:09:30,720 [INFO] ProjectBuilder:2935 - Time for Copy CMSIS : 1mS.
2023-07-31 22:09:30,736 [INFO] ProjectBuilder:2935 - Time for Copy CMSIS : 0mS.
2023-07-31 22:31:14,182 [ERROR] LogOutputStream:75 - [STDERR_REDIRECT] 
